2023-12-14 21:07:01,047 - INFO - Current relation: ['movement', 'located in the administrative territorial entity', 'head of government', 'member of', 'crosses', 'tributary', 'position held', 'developer', 'location of formation', 'country of origin']
2023-12-14 21:11:48,921 - INFO - Train Simple Finished!
2023-12-14 21:17:11,283 - INFO - 1000
2023-12-14 21:17:11,284 - INFO - 1620
2023-12-14 21:47:36,262 - INFO - Train First Finished!
2023-12-14 21:48:39,942 - INFO - Length seen relation: 10
2023-12-14 21:48:39,943 - INFO - Train data memory: 10
2023-12-14 21:49:22,995 - INFO - Train Memory Finished!
2023-12-14 21:49:22,995 - INFO - 1000
2023-12-14 21:49:22,995 - INFO - 1000
2023-12-14 21:49:22,995 - INFO - ------------------------------------------------------------Evaluating------------------------------------------------------------
2023-12-14 21:50:23,276 - INFO - Restart Num 1
2023-12-14 21:50:23,278 - INFO - Task--1:
2023-12-14 21:50:23,278 - INFO - Current test acc: 0.952
2023-12-14 21:50:23,278 - INFO - History test acc: 0.952
2023-12-14 21:50:23,278 - INFO - Accuracy_test_current: [0.952]
2023-12-14 21:50:23,278 - INFO - Accuracy_test_total: [0.952]
2023-12-14 21:50:53,639 - INFO - Accuracy_per_task_current_test: [0.952]
2023-12-14 21:50:53,883 - INFO - Current relation: ['spouse', 'record label', 'distributor', 'located in or next to body of water', 'subsidiary', 'country of citizenship', 'genre', 'mouth of the watercourse', 'position played on team / speciality', 'sports season of league or competition']
2023-12-14 21:51:54,175 - INFO - Train Simple Finished!
2023-12-14 21:52:15,586 - INFO - 50
2023-12-14 21:52:15,586 - INFO - 89
2023-12-14 21:53:26,897 - INFO - Train First Finished!
2023-12-14 21:53:42,209 - INFO - Length seen relation: 20
2023-12-14 21:53:42,210 - INFO - Train data memory: 20
2023-12-14 21:54:39,748 - INFO - Train Memory Finished!
2023-12-14 21:54:39,750 - INFO - 1000
2023-12-14 21:54:39,750 - INFO - 2000
2023-12-14 21:54:39,750 - INFO - ------------------------------------------------------------Evaluating------------------------------------------------------------
2023-12-14 21:56:14,681 - INFO - Restart Num 1
2023-12-14 21:56:14,682 - INFO - Task--2:
2023-12-14 21:56:14,682 - INFO - Current test acc: 0.772
2023-12-14 21:56:14,682 - INFO - History test acc: 0.8265
2023-12-14 21:56:14,683 - INFO - Accuracy_test_current: [0.952, 0.772]
2023-12-14 21:56:14,683 - INFO - Accuracy_test_total: [0.952, 0.8265]
2023-12-14 21:57:17,687 - INFO - Accuracy_per_task_current_test: [0.881, 0.772]
2023-12-14 21:57:17,985 - INFO - Current relation: ['main subject', 'participating team', 'has part', 'nominated for', 'instance of', 'mountain range', 'screenwriter', 'language of work or name', 'operator', 'religion']
2023-12-14 21:58:25,406 - INFO - Train Simple Finished!
2023-12-14 21:58:53,895 - INFO - 50
2023-12-14 21:58:53,896 - INFO - 52
2023-12-14 22:00:07,271 - INFO - Train First Finished!
2023-12-14 22:00:21,347 - INFO - Length seen relation: 30
2023-12-14 22:00:21,348 - INFO - Train data memory: 30
2023-12-14 22:01:42,990 - INFO - Train Memory Finished!
2023-12-14 22:01:43,001 - INFO - 1000
2023-12-14 22:01:43,001 - INFO - 3000
2023-12-14 22:01:43,001 - INFO - ------------------------------------------------------------Evaluating------------------------------------------------------------
2023-12-14 22:03:46,692 - INFO - Restart Num 1
2023-12-14 22:03:46,693 - INFO - Task--3:
2023-12-14 22:03:46,698 - INFO - Current test acc: 0.735
2023-12-14 22:03:46,698 - INFO - History test acc: 0.7856666666666666
2023-12-14 22:03:46,698 - INFO - Accuracy_test_current: [0.952, 0.772, 0.735]
2023-12-14 22:03:46,698 - INFO - Accuracy_test_total: [0.952, 0.8265, 0.7856666666666666]
2023-12-14 22:05:20,646 - INFO - Accuracy_per_task_current_test: [0.897, 0.725, 0.735]
2023-12-14 22:05:20,931 - INFO - Current relation: ['member of political party', 'after a work by', 'notable work', 'headquarters location', 'taxon rank', 'field of work', 'licensed to broadcast to', 'constellation', 'platform', 'place served by transport hub']
2023-12-14 22:06:32,743 - INFO - Train Simple Finished!
2023-12-14 22:07:08,829 - INFO - 50
2023-12-14 22:07:08,829 - INFO - 52
2023-12-14 22:08:30,359 - INFO - Train First Finished!
2023-12-14 22:08:46,095 - INFO - Length seen relation: 40
2023-12-14 22:08:46,096 - INFO - Train data memory: 40
2023-12-14 22:10:38,290 - INFO - Train Memory Finished!
2023-12-14 22:10:38,292 - INFO - 1000
2023-12-14 22:10:38,292 - INFO - 4000
2023-12-14 22:10:38,292 - INFO - ------------------------------------------------------------Evaluating------------------------------------------------------------
2023-12-14 22:13:16,024 - INFO - Restart Num 1
2023-12-14 22:13:16,026 - INFO - Task--4:
2023-12-14 22:13:16,026 - INFO - Current test acc: 0.876
2023-12-14 22:13:16,026 - INFO - History test acc: 0.7535
2023-12-14 22:13:16,026 - INFO - Accuracy_test_current: [0.952, 0.772, 0.735, 0.876]
2023-12-14 22:13:16,026 - INFO - Accuracy_test_total: [0.952, 0.8265, 0.7856666666666666, 0.7535]
2023-12-14 22:15:23,305 - INFO - Accuracy_per_task_current_test: [0.846, 0.713, 0.579, 0.876]
2023-12-14 22:15:23,592 - INFO - Current relation: ['contains administrative territorial entity', 'said to be the same as', 'winner', 'military rank', 'publisher', 'followed by', 'work location', 'occupation', 'heritage designation', 'voice type']
2023-12-14 22:16:42,615 - INFO - Train Simple Finished!
2023-12-14 22:17:25,433 - INFO - 50
2023-12-14 22:17:25,435 - INFO - 54
2023-12-14 22:18:52,634 - INFO - Train First Finished!
2023-12-14 22:19:08,644 - INFO - Length seen relation: 50
2023-12-14 22:19:08,645 - INFO - Train data memory: 50
2023-12-14 22:21:33,748 - INFO - Train Memory Finished!
2023-12-14 22:21:33,749 - INFO - 1000
2023-12-14 22:21:33,750 - INFO - 5000
2023-12-14 22:21:33,750 - INFO - ------------------------------------------------------------Evaluating------------------------------------------------------------
2023-12-14 22:24:40,887 - INFO - Restart Num 1
2023-12-14 22:24:40,889 - INFO - Task--5:
2023-12-14 22:24:40,889 - INFO - Current test acc: 0.689
2023-12-14 22:24:40,889 - INFO - History test acc: 0.7126
2023-12-14 22:24:40,889 - INFO - Accuracy_test_current: [0.952, 0.772, 0.735, 0.876, 0.689]
2023-12-14 22:24:40,889 - INFO - Accuracy_test_total: [0.952, 0.8265, 0.7856666666666666, 0.7535, 0.7126]
2023-12-14 22:27:18,257 - INFO - Accuracy_per_task_current_test: [0.812, 0.662, 0.553, 0.847, 0.689]
2023-12-14 22:27:18,478 - INFO - Current relation: ['follows', 'sport', 'father', 'original network', 'original language of work', 'league', 'mother', 'instrument', 'country', 'characters']
2023-12-14 22:28:31,618 - INFO - Train Simple Finished!
2023-12-14 22:29:17,606 - INFO - 50
2023-12-14 22:29:17,607 - INFO - 51
2023-12-14 22:30:44,211 - INFO - Train First Finished!
2023-12-14 22:31:01,665 - INFO - Length seen relation: 60
2023-12-14 22:31:01,666 - INFO - Train data memory: 60
2023-12-14 22:33:46,913 - INFO - Train Memory Finished!
2023-12-14 22:33:46,915 - INFO - 1000
2023-12-14 22:33:46,915 - INFO - 6000
2023-12-14 22:33:46,915 - INFO - ------------------------------------------------------------Evaluating------------------------------------------------------------
2023-12-14 22:37:17,925 - INFO - Restart Num 1
2023-12-14 22:37:17,926 - INFO - Task--6:
2023-12-14 22:37:17,926 - INFO - Current test acc: 0.794
2023-12-14 22:37:17,926 - INFO - History test acc: 0.6866666666666666
2023-12-14 22:37:17,926 - INFO - Accuracy_test_current: [0.952, 0.772, 0.735, 0.876, 0.689, 0.794]
2023-12-14 22:37:17,926 - INFO - Accuracy_test_total: [0.952, 0.8265, 0.7856666666666666, 0.7535, 0.7126, 0.6866666666666666]
2023-12-14 22:40:21,526 - INFO - Accuracy_per_task_current_test: [0.796, 0.564, 0.533, 0.826, 0.607, 0.794]
2023-12-14 22:40:21,778 - INFO - Current relation: ['located on terrain feature', 'participant of', 'director', 'owned by', 'part of', 'occupant', 'architect', 'residence', 'composer', 'location']
2023-12-14 22:41:50,251 - INFO - Train Simple Finished!
2023-12-14 22:42:46,919 - INFO - 50
2023-12-14 22:42:46,920 - INFO - 52
2023-12-14 22:44:19,486 - INFO - Train First Finished!
2023-12-14 22:44:32,600 - INFO - Length seen relation: 70
2023-12-14 22:44:32,601 - INFO - Train data memory: 70
2023-12-14 22:48:02,590 - INFO - Train Memory Finished!
2023-12-14 22:48:02,592 - INFO - 1000
2023-12-14 22:48:02,592 - INFO - 7000
2023-12-14 22:48:02,592 - INFO - ------------------------------------------------------------Evaluating------------------------------------------------------------
2023-12-14 22:52:11,272 - INFO - Restart Num 1
2023-12-14 22:52:11,273 - INFO - Task--7:
2023-12-14 22:52:11,273 - INFO - Current test acc: 0.624
2023-12-14 22:52:11,273 - INFO - History test acc: 0.6411428571428571
2023-12-14 22:52:11,273 - INFO - Accuracy_test_current: [0.952, 0.772, 0.735, 0.876, 0.689, 0.794, 0.624]
2023-12-14 22:52:11,273 - INFO - Accuracy_test_total: [0.952, 0.8265, 0.7856666666666666, 0.7535, 0.7126, 0.6866666666666666, 0.6411428571428571]
2023-12-14 22:55:39,039 - INFO - Accuracy_per_task_current_test: [0.788, 0.484, 0.47, 0.8, 0.563, 0.759, 0.624]
2023-12-14 22:55:39,287 - INFO - Current relation: ['applies to jurisdiction', 'performer', 'manufacturer', 'participant', 'operating system', 'competition class', 'successful candidate', 'sibling', 'military branch', 'child']
2023-12-14 22:57:12,971 - INFO - Train Simple Finished!
2023-12-14 22:58:13,379 - INFO - 50
2023-12-14 22:58:13,380 - INFO - 52
2023-12-14 22:59:53,291 - INFO - Train First Finished!
2023-12-14 23:00:09,728 - INFO - Length seen relation: 80
2023-12-14 23:00:09,729 - INFO - Train data memory: 80
2023-12-14 23:04:17,185 - INFO - Train Memory Finished!
2023-12-14 23:04:17,186 - INFO - 1000
2023-12-14 23:04:17,186 - INFO - 8000
2023-12-14 23:04:17,186 - INFO - ------------------------------------------------------------Evaluating------------------------------------------------------------
2023-12-14 23:08:47,840 - INFO - Restart Num 1
2023-12-14 23:08:47,843 - INFO - Task--8:
2023-12-14 23:08:47,843 - INFO - Current test acc: 0.796
2023-12-14 23:08:47,844 - INFO - History test acc: 0.635375
2023-12-14 23:08:47,845 - INFO - Accuracy_test_current: [0.952, 0.772, 0.735, 0.876, 0.689, 0.794, 0.624, 0.796]
2023-12-14 23:08:47,845 - INFO - Accuracy_test_total: [0.952, 0.8265, 0.7856666666666666, 0.7535, 0.7126, 0.6866666666666666, 0.6411428571428571, 0.635375]
2023-12-14 23:13:01,093 - INFO - Accuracy_per_task_current_test: [0.807, 0.513, 0.433, 0.769, 0.539, 0.654, 0.572, 0.796]
2023-12-14 23:13:01,350 - INFO - Result_whole_test: [array([95.2       , 82.65      , 78.56666667, 75.35      , 71.26      ,
       68.66666667, 64.11428571, 63.5375    ])]
2023-12-14 23:13:01,351 - INFO - Avg_result_cur_test: [0.952 0.772 0.735 0.876 0.689 0.794 0.624 0.796]
2023-12-14 23:13:01,351 - INFO - Avg_result_all_test: [95.2        82.65       78.56666667 75.35       71.26       68.66666667
 64.11428571 63.5375    ]
2023-12-14 23:13:01,351 - INFO - Std_result_all_test: [0. 0. 0. 0. 0. 0. 0. 0.]
2023-12-14 23:17:06,699 - INFO - Accuracy_result_all_test: [0.807, 0.513, 0.433, 0.769, 0.539, 0.654, 0.572, 0.796]
2023-12-14 23:17:06,701 - INFO - Bwt_whole: [-0.16499999999999998]
2023-12-14 23:17:06,701 - INFO - Fwt_whole: [0.020714285714285716]
2023-12-14 23:17:06,701 - INFO - Avg_bwt_whole: -0.16499999999999998
2023-12-14 23:17:06,701 - INFO - Avg_fwt_whole: 0.020714285714285716
2023-12-14 23:17:23,490 - INFO - Current relation: ['movement', 'located in the administrative territorial entity', 'head of government', 'member of', 'crosses', 'tributary', 'position held', 'developer', 'location of formation', 'country of origin']
2023-12-14 23:22:19,356 - INFO - Train Simple Finished!
2023-12-14 23:27:50,837 - INFO - 1000
2023-12-14 23:27:50,839 - INFO - 2042
2023-12-14 23:58:29,225 - INFO - Train First Finished!
2023-12-14 23:59:31,587 - INFO - Length seen relation: 10
2023-12-14 23:59:31,588 - INFO - Train data memory: 10
2023-12-15 00:00:14,516 - INFO - Train Memory Finished!
2023-12-15 00:00:14,559 - INFO - 1000
2023-12-15 00:00:14,560 - INFO - 1000
2023-12-15 00:00:14,561 - INFO - ------------------------------------------------------------Evaluating------------------------------------------------------------
2023-12-15 00:01:14,447 - INFO - Restart Num 2
2023-12-15 00:01:14,449 - INFO - Task--1:
2023-12-15 00:01:14,449 - INFO - Current test acc: 0.949
2023-12-15 00:01:14,449 - INFO - History test acc: 0.949
2023-12-15 00:01:14,449 - INFO - Accuracy_test_current: [0.949]
2023-12-15 00:01:14,449 - INFO - Accuracy_test_total: [0.949]
2023-12-15 00:01:39,473 - INFO - Accuracy_per_task_current_test: [0.949]
2023-12-15 00:01:39,709 - INFO - Current relation: ['located on terrain feature', 'participant of', 'director', 'owned by', 'part of', 'occupant', 'architect', 'residence', 'composer', 'location']
2023-12-15 00:02:36,185 - INFO - Train Simple Finished!
2023-12-15 00:02:57,282 - INFO - 50
2023-12-15 00:02:57,282 - INFO - 58
2023-12-15 00:04:08,982 - INFO - Train First Finished!
2023-12-15 00:04:24,933 - INFO - Length seen relation: 20
2023-12-15 00:04:24,933 - INFO - Train data memory: 20
2023-12-15 00:05:20,660 - INFO - Train Memory Finished!
2023-12-15 00:05:20,664 - INFO - 1000
2023-12-15 00:05:20,664 - INFO - 2000
2023-12-15 00:05:20,664 - INFO - ------------------------------------------------------------Evaluating------------------------------------------------------------
2023-12-15 00:06:50,690 - INFO - Restart Num 2
2023-12-15 00:06:50,691 - INFO - Task--2:
2023-12-15 00:06:50,691 - INFO - Current test acc: 0.661
2023-12-15 00:06:50,691 - INFO - History test acc: 0.7855
2023-12-15 00:06:50,691 - INFO - Accuracy_test_current: [0.949, 0.661]
2023-12-15 00:06:50,691 - INFO - Accuracy_test_total: [0.949, 0.7855]
2023-12-15 00:07:48,886 - INFO - Accuracy_per_task_current_test: [0.91, 0.661]
2023-12-15 00:07:49,127 - INFO - Current relation: ['spouse', 'record label', 'distributor', 'located in or next to body of water', 'subsidiary', 'country of citizenship', 'genre', 'mouth of the watercourse', 'position played on team / speciality', 'sports season of league or competition']
2023-12-15 00:08:51,392 - INFO - Train Simple Finished!
2023-12-15 00:09:21,028 - INFO - 50
2023-12-15 00:09:21,028 - INFO - 112
2023-12-15 00:10:37,130 - INFO - Train First Finished!
2023-12-15 00:10:53,500 - INFO - Length seen relation: 30
2023-12-15 00:10:53,501 - INFO - Train data memory: 30
2023-12-15 00:12:14,106 - INFO - Train Memory Finished!
2023-12-15 00:12:14,107 - INFO - 1000
2023-12-15 00:12:14,107 - INFO - 3000
2023-12-15 00:12:14,107 - INFO - ------------------------------------------------------------Evaluating------------------------------------------------------------
2023-12-15 00:14:14,140 - INFO - Restart Num 2
2023-12-15 00:14:14,140 - INFO - Task--3:
2023-12-15 00:14:14,141 - INFO - Current test acc: 0.82
2023-12-15 00:14:14,141 - INFO - History test acc: 0.749
2023-12-15 00:14:14,141 - INFO - Accuracy_test_current: [0.949, 0.661, 0.82]
2023-12-15 00:14:14,141 - INFO - Accuracy_test_total: [0.949, 0.7855, 0.749]
2023-12-15 00:15:38,866 - INFO - Accuracy_per_task_current_test: [0.824, 0.603, 0.82]
2023-12-15 00:15:39,094 - INFO - Current relation: ['applies to jurisdiction', 'performer', 'manufacturer', 'participant', 'operating system', 'competition class', 'successful candidate', 'sibling', 'military branch', 'child']
2023-12-15 00:16:48,912 - INFO - Train Simple Finished!
2023-12-15 00:17:24,576 - INFO - 50
2023-12-15 00:17:24,576 - INFO - 73
2023-12-15 00:18:45,039 - INFO - Train First Finished!
2023-12-15 00:19:01,047 - INFO - Length seen relation: 40
2023-12-15 00:19:01,048 - INFO - Train data memory: 40
2023-12-15 00:20:48,983 - INFO - Train Memory Finished!
2023-12-15 00:20:48,984 - INFO - 1000
2023-12-15 00:20:48,984 - INFO - 4000
2023-12-15 00:20:48,984 - INFO - ------------------------------------------------------------Evaluating------------------------------------------------------------
2023-12-15 00:23:22,927 - INFO - Restart Num 2
2023-12-15 00:23:22,928 - INFO - Task--4:
2023-12-15 00:23:22,928 - INFO - Current test acc: 0.819
2023-12-15 00:23:22,928 - INFO - History test acc: 0.73125
2023-12-15 00:23:22,928 - INFO - Accuracy_test_current: [0.949, 0.661, 0.82, 0.819]
2023-12-15 00:23:22,928 - INFO - Accuracy_test_total: [0.949, 0.7855, 0.749, 0.73125]
2023-12-15 00:25:20,429 - INFO - Accuracy_per_task_current_test: [0.853, 0.612, 0.641, 0.819]
2023-12-15 00:25:20,645 - INFO - Current relation: ['contains administrative territorial entity', 'said to be the same as', 'winner', 'military rank', 'publisher', 'followed by', 'work location', 'occupation', 'heritage designation', 'voice type']
2023-12-15 00:26:39,076 - INFO - Train Simple Finished!
2023-12-15 00:27:19,961 - INFO - 50
2023-12-15 00:27:19,963 - INFO - 54
2023-12-15 00:28:43,273 - INFO - Train First Finished!
2023-12-15 00:28:59,389 - INFO - Length seen relation: 50
2023-12-15 00:28:59,390 - INFO - Train data memory: 50
2023-12-15 00:31:21,693 - INFO - Train Memory Finished!
2023-12-15 00:31:21,695 - INFO - 1000
2023-12-15 00:31:21,696 - INFO - 5000
2023-12-15 00:31:21,696 - INFO - ------------------------------------------------------------Evaluating------------------------------------------------------------
2023-12-15 00:34:16,529 - INFO - Restart Num 2
2023-12-15 00:34:16,530 - INFO - Task--5:
2023-12-15 00:34:16,530 - INFO - Current test acc: 0.718
2023-12-15 00:34:16,530 - INFO - History test acc: 0.6998
2023-12-15 00:34:16,530 - INFO - Accuracy_test_current: [0.949, 0.661, 0.82, 0.819, 0.718]
2023-12-15 00:34:16,530 - INFO - Accuracy_test_total: [0.949, 0.7855, 0.749, 0.73125, 0.6998]
2023-12-15 00:36:46,887 - INFO - Accuracy_per_task_current_test: [0.822, 0.542, 0.672, 0.745, 0.718]
2023-12-15 00:36:47,137 - INFO - Current relation: ['main subject', 'participating team', 'has part', 'nominated for', 'instance of', 'mountain range', 'screenwriter', 'language of work or name', 'operator', 'religion']
2023-12-15 00:38:11,979 - INFO - Train Simple Finished!
2023-12-15 00:39:00,807 - INFO - 50
2023-12-15 00:39:00,808 - INFO - 54
2023-12-15 00:40:33,346 - INFO - Train First Finished!
2023-12-15 00:40:47,808 - INFO - Length seen relation: 60
2023-12-15 00:40:47,809 - INFO - Train data memory: 60
2023-12-15 00:43:46,743 - INFO - Train Memory Finished!
2023-12-15 00:43:46,746 - INFO - 1000
2023-12-15 00:43:46,746 - INFO - 6000
2023-12-15 00:43:46,746 - INFO - ------------------------------------------------------------Evaluating------------------------------------------------------------
2023-12-15 00:47:17,749 - INFO - Restart Num 2
2023-12-15 00:47:17,750 - INFO - Task--6:
2023-12-15 00:47:17,750 - INFO - Current test acc: 0.73
2023-12-15 00:47:17,750 - INFO - History test acc: 0.6651666666666667
2023-12-15 00:47:17,750 - INFO - Accuracy_test_current: [0.949, 0.661, 0.82, 0.819, 0.718, 0.73]
2023-12-15 00:47:17,750 - INFO - Accuracy_test_total: [0.949, 0.7855, 0.749, 0.73125, 0.6998, 0.6651666666666667]
2023-12-15 00:50:25,648 - INFO - Accuracy_per_task_current_test: [0.819, 0.444, 0.61, 0.726, 0.662, 0.73]
2023-12-15 00:50:25,920 - INFO - Current relation: ['member of political party', 'after a work by', 'notable work', 'headquarters location', 'taxon rank', 'field of work', 'licensed to broadcast to', 'constellation', 'platform', 'place served by transport hub']
2023-12-15 00:51:53,894 - INFO - Train Simple Finished!
2023-12-15 00:52:48,658 - INFO - 50
2023-12-15 00:52:48,659 - INFO - 52
2023-12-15 00:54:25,440 - INFO - Train First Finished!
2023-12-15 00:54:41,563 - INFO - Length seen relation: 70
2023-12-15 00:54:41,563 - INFO - Train data memory: 70
2023-12-15 00:58:16,245 - INFO - Train Memory Finished!
2023-12-15 00:58:16,247 - INFO - 1000
2023-12-15 00:58:16,247 - INFO - 7000
2023-12-15 00:58:16,247 - INFO - ------------------------------------------------------------Evaluating------------------------------------------------------------
2023-12-15 01:02:14,539 - INFO - Restart Num 2
2023-12-15 01:02:14,540 - INFO - Task--7:
2023-12-15 01:02:14,540 - INFO - Current test acc: 0.862
2023-12-15 01:02:14,540 - INFO - History test acc: 0.6615714285714286
2023-12-15 01:02:14,540 - INFO - Accuracy_test_current: [0.949, 0.661, 0.82, 0.819, 0.718, 0.73, 0.862]
2023-12-15 01:02:14,540 - INFO - Accuracy_test_total: [0.949, 0.7855, 0.749, 0.73125, 0.6998, 0.6651666666666667, 0.6615714285714286]
2023-12-15 01:05:46,785 - INFO - Accuracy_per_task_current_test: [0.808, 0.409, 0.609, 0.717, 0.631, 0.595, 0.862]
2023-12-15 01:05:47,003 - INFO - Current relation: ['follows', 'sport', 'father', 'original network', 'original language of work', 'league', 'mother', 'instrument', 'country', 'characters']
2023-12-15 01:07:16,135 - INFO - Train Simple Finished!
2023-12-15 01:08:14,907 - INFO - 50
2023-12-15 01:08:14,907 - INFO - 54
2023-12-15 01:09:38,915 - INFO - Train First Finished!
2023-12-15 01:09:54,666 - INFO - Length seen relation: 80
2023-12-15 01:09:54,667 - INFO - Train data memory: 80
2023-12-15 01:13:52,437 - INFO - Train Memory Finished!
2023-12-15 01:13:52,441 - INFO - 1000
2023-12-15 01:13:52,442 - INFO - 8000
2023-12-15 01:13:52,442 - INFO - ------------------------------------------------------------Evaluating------------------------------------------------------------
2023-12-15 01:18:27,796 - INFO - Restart Num 2
2023-12-15 01:18:27,797 - INFO - Task--8:
2023-12-15 01:18:27,797 - INFO - Current test acc: 0.766
2023-12-15 01:18:27,797 - INFO - History test acc: 0.644
2023-12-15 01:18:27,797 - INFO - Accuracy_test_current: [0.949, 0.661, 0.82, 0.819, 0.718, 0.73, 0.862, 0.766]
2023-12-15 01:18:27,797 - INFO - Accuracy_test_total: [0.949, 0.7855, 0.749, 0.73125, 0.6998, 0.6651666666666667, 0.6615714285714286, 0.644]
2023-12-15 01:22:31,557 - INFO - Accuracy_per_task_current_test: [0.772, 0.419, 0.565, 0.649, 0.58, 0.568, 0.833, 0.766]
2023-12-15 01:22:31,793 - INFO - Result_whole_test: [array([95.2       , 82.65      , 78.56666667, 75.35      , 71.26      ,
       68.66666667, 64.11428571, 63.5375    ]), array([94.9       , 78.55      , 74.9       , 73.125     , 69.98      ,
       66.51666667, 66.15714286, 64.4       ])]
2023-12-15 01:22:31,794 - INFO - Avg_result_cur_test: [0.9505 0.7165 0.7775 0.8475 0.7035 0.762  0.743  0.781 ]
2023-12-15 01:22:31,794 - INFO - Avg_result_all_test: [95.05       80.6        76.73333333 74.2375     70.62       67.59166667
 65.13571429 63.96875   ]
2023-12-15 01:22:31,794 - INFO - Std_result_all_test: [0.15       2.05       1.83333333 1.1125     0.64       1.075
 1.02142857 0.43125   ]
2023-12-15 01:26:21,621 - INFO - Accuracy_result_all_test: [0.772, 0.419, 0.565, 0.649, 0.58, 0.568, 0.833, 0.766]
2023-12-15 01:26:21,623 - INFO - Bwt_whole: [-0.16499999999999998, -0.16757142857142857]
2023-12-15 01:26:21,623 - INFO - Fwt_whole: [0.020714285714285716, 0.032999999999999995]
2023-12-15 01:26:21,623 - INFO - Avg_bwt_whole: -0.16628571428571426
2023-12-15 01:26:21,623 - INFO - Avg_fwt_whole: 0.026857142857142857
2023-12-15 01:26:34,721 - INFO - Current relation: ['movement', 'located in the administrative territorial entity', 'head of government', 'member of', 'crosses', 'tributary', 'position held', 'developer', 'location of formation', 'country of origin']
2023-12-15 01:30:56,166 - INFO - Train Simple Finished!
2023-12-15 01:35:22,144 - INFO - 1000
2023-12-15 01:35:22,144 - INFO - 1758
2023-12-15 01:58:40,933 - INFO - Train First Finished!
2023-12-15 01:59:32,833 - INFO - Length seen relation: 10
2023-12-15 01:59:32,833 - INFO - Train data memory: 10
2023-12-15 02:00:04,564 - INFO - Train Memory Finished!
2023-12-15 02:00:04,585 - INFO - 1000
2023-12-15 02:00:04,585 - INFO - 1000
2023-12-15 02:00:04,585 - INFO - ------------------------------------------------------------Evaluating------------------------------------------------------------
2023-12-15 02:00:54,884 - INFO - Restart Num 3
2023-12-15 02:00:54,884 - INFO - Task--1:
2023-12-15 02:00:54,884 - INFO - Current test acc: 0.948
2023-12-15 02:00:54,884 - INFO - History test acc: 0.948
2023-12-15 02:00:54,884 - INFO - Accuracy_test_current: [0.948]
2023-12-15 02:00:54,884 - INFO - Accuracy_test_total: [0.948]
2023-12-15 02:01:20,038 - INFO - Accuracy_per_task_current_test: [0.948]
2023-12-15 02:01:20,243 - INFO - Current relation: ['applies to jurisdiction', 'performer', 'manufacturer', 'participant', 'operating system', 'competition class', 'successful candidate', 'sibling', 'military branch', 'child']
2023-12-15 02:02:11,291 - INFO - Train Simple Finished!
2023-12-15 02:02:28,336 - INFO - 50
2023-12-15 02:02:28,337 - INFO - 125
2023-12-15 02:03:32,783 - INFO - Train First Finished!
2023-12-15 02:03:44,234 - INFO - Length seen relation: 20
2023-12-15 02:03:44,235 - INFO - Train data memory: 20
2023-12-15 02:04:31,712 - INFO - Train Memory Finished!
2023-12-15 02:04:31,713 - INFO - 1000
2023-12-15 02:04:31,713 - INFO - 2000
2023-12-15 02:04:31,713 - INFO - ------------------------------------------------------------Evaluating------------------------------------------------------------
2023-12-15 02:05:47,712 - INFO - Restart Num 3
2023-12-15 02:05:47,713 - INFO - Task--2:
2023-12-15 02:05:47,713 - INFO - Current test acc: 0.835
2023-12-15 02:05:47,713 - INFO - History test acc: 0.8595
2023-12-15 02:05:47,713 - INFO - Accuracy_test_current: [0.948, 0.835]
2023-12-15 02:05:47,713 - INFO - Accuracy_test_total: [0.948, 0.8595]
2023-12-15 02:06:37,875 - INFO - Accuracy_per_task_current_test: [0.884, 0.835]
2023-12-15 02:06:38,110 - INFO - Current relation: ['spouse', 'record label', 'distributor', 'located in or next to body of water', 'subsidiary', 'country of citizenship', 'genre', 'mouth of the watercourse', 'position played on team / speciality', 'sports season of league or competition']
2023-12-15 02:07:33,107 - INFO - Train Simple Finished!
2023-12-15 02:07:54,636 - INFO - 50
2023-12-15 02:07:54,636 - INFO - 74
2023-12-15 02:09:02,088 - INFO - Train First Finished!
2023-12-15 02:09:13,834 - INFO - Length seen relation: 30
2023-12-15 02:09:13,835 - INFO - Train data memory: 30
2023-12-15 02:10:21,498 - INFO - Train Memory Finished!
2023-12-15 02:10:21,499 - INFO - 1000
2023-12-15 02:10:21,499 - INFO - 3000
2023-12-15 02:10:21,499 - INFO - ------------------------------------------------------------Evaluating------------------------------------------------------------
2023-12-15 02:12:01,290 - INFO - Restart Num 3
2023-12-15 02:12:01,291 - INFO - Task--3:
2023-12-15 02:12:01,291 - INFO - Current test acc: 0.708
2023-12-15 02:12:01,291 - INFO - History test acc: 0.7733333333333333
2023-12-15 02:12:01,291 - INFO - Accuracy_test_current: [0.948, 0.835, 0.708]
2023-12-15 02:12:01,291 - INFO - Accuracy_test_total: [0.948, 0.8595, 0.7733333333333333]
2023-12-15 02:13:17,080 - INFO - Accuracy_per_task_current_test: [0.862, 0.75, 0.708]
2023-12-15 02:13:17,319 - INFO - Current relation: ['follows', 'sport', 'father', 'original network', 'original language of work', 'league', 'mother', 'instrument', 'country', 'characters']
2023-12-15 02:14:15,640 - INFO - Train Simple Finished!
2023-12-15 02:14:41,893 - INFO - 50
2023-12-15 02:14:41,893 - INFO - 57
2023-12-15 02:15:52,943 - INFO - Train First Finished!
2023-12-15 02:16:04,365 - INFO - Length seen relation: 40
2023-12-15 02:16:04,365 - INFO - Train data memory: 40
2023-12-15 02:17:36,095 - INFO - Train Memory Finished!
2023-12-15 02:17:36,096 - INFO - 1000
2023-12-15 02:17:36,096 - INFO - 4000
2023-12-15 02:17:36,096 - INFO - ------------------------------------------------------------Evaluating------------------------------------------------------------
2023-12-15 02:19:43,195 - INFO - Restart Num 3
2023-12-15 02:19:43,196 - INFO - Task--4:
2023-12-15 02:19:43,196 - INFO - Current test acc: 0.758
2023-12-15 02:19:43,196 - INFO - History test acc: 0.72225
2023-12-15 02:19:43,196 - INFO - Accuracy_test_current: [0.948, 0.835, 0.708, 0.758]
2023-12-15 02:19:43,196 - INFO - Accuracy_test_total: [0.948, 0.8595, 0.7733333333333333, 0.72225]
2023-12-15 02:21:24,996 - INFO - Accuracy_per_task_current_test: [0.847, 0.669, 0.615, 0.758]
2023-12-15 02:21:25,238 - INFO - Current relation: ['member of political party', 'after a work by', 'notable work', 'headquarters location', 'taxon rank', 'field of work', 'licensed to broadcast to', 'constellation', 'platform', 'place served by transport hub']
2023-12-15 02:22:28,660 - INFO - Train Simple Finished!
2023-12-15 02:23:00,161 - INFO - 50
2023-12-15 02:23:00,162 - INFO - 52
2023-12-15 02:24:10,803 - INFO - Train First Finished!
2023-12-15 02:24:22,613 - INFO - Length seen relation: 50
2023-12-15 02:24:22,614 - INFO - Train data memory: 50
2023-12-15 02:26:17,848 - INFO - Train Memory Finished!
2023-12-15 02:26:17,849 - INFO - 1000
2023-12-15 02:26:17,849 - INFO - 5000
2023-12-15 02:26:17,849 - INFO - ------------------------------------------------------------Evaluating------------------------------------------------------------
2023-12-15 02:28:48,249 - INFO - Restart Num 3
2023-12-15 02:28:48,250 - INFO - Task--5:
2023-12-15 02:28:48,250 - INFO - Current test acc: 0.872
2023-12-15 02:28:48,250 - INFO - History test acc: 0.7354
2023-12-15 02:28:48,251 - INFO - Accuracy_test_current: [0.948, 0.835, 0.708, 0.758, 0.872]
2023-12-15 02:28:48,251 - INFO - Accuracy_test_total: [0.948, 0.8595, 0.7733333333333333, 0.72225, 0.7354]
2023-12-15 02:30:57,902 - INFO - Accuracy_per_task_current_test: [0.81, 0.667, 0.618, 0.71, 0.872]
2023-12-15 02:30:58,127 - INFO - Current relation: ['located on terrain feature', 'participant of', 'director', 'owned by', 'part of', 'occupant', 'architect', 'residence', 'composer', 'location']
2023-12-15 02:32:05,213 - INFO - Train Simple Finished!
2023-12-15 02:32:40,928 - INFO - 50
2023-12-15 02:32:40,928 - INFO - 52
2023-12-15 02:33:56,872 - INFO - Train First Finished!
2023-12-15 02:34:08,087 - INFO - Length seen relation: 60
2023-12-15 02:34:08,089 - INFO - Train data memory: 60
2023-12-15 02:36:29,785 - INFO - Train Memory Finished!
2023-12-15 02:36:29,786 - INFO - 1000
2023-12-15 02:36:29,786 - INFO - 6000
2023-12-15 02:36:29,786 - INFO - ------------------------------------------------------------Evaluating------------------------------------------------------------
2023-12-15 02:39:25,049 - INFO - Restart Num 3
2023-12-15 02:39:25,049 - INFO - Task--6:
2023-12-15 02:39:25,049 - INFO - Current test acc: 0.657
2023-12-15 02:39:25,049 - INFO - History test acc: 0.6936666666666667
2023-12-15 02:39:25,049 - INFO - Accuracy_test_current: [0.948, 0.835, 0.708, 0.758, 0.872, 0.657]
2023-12-15 02:39:25,049 - INFO - Accuracy_test_total: [0.948, 0.8595, 0.7733333333333333, 0.72225, 0.7354, 0.6936666666666667]
2023-12-15 02:41:58,650 - INFO - Accuracy_per_task_current_test: [0.805, 0.655, 0.549, 0.667, 0.829, 0.657]
2023-12-15 02:41:58,878 - INFO - Current relation: ['main subject', 'participating team', 'has part', 'nominated for', 'instance of', 'mountain range', 'screenwriter', 'language of work or name', 'operator', 'religion']
2023-12-15 02:43:09,867 - INFO - Train Simple Finished!
2023-12-15 02:43:49,593 - INFO - 50
2023-12-15 02:43:49,594 - INFO - 50
2023-12-15 02:45:01,403 - INFO - Train First Finished!
2023-12-15 02:45:12,427 - INFO - Length seen relation: 70
2023-12-15 02:45:12,428 - INFO - Train data memory: 70
2023-12-15 02:48:02,039 - INFO - Train Memory Finished!
2023-12-15 02:48:02,040 - INFO - 1000
2023-12-15 02:48:02,040 - INFO - 7000
2023-12-15 02:48:02,040 - INFO - ------------------------------------------------------------Evaluating------------------------------------------------------------
2023-12-15 02:51:23,793 - INFO - Restart Num 3
2023-12-15 02:51:23,794 - INFO - Task--7:
2023-12-15 02:51:23,794 - INFO - Current test acc: 0.626
2023-12-15 02:51:23,794 - INFO - History test acc: 0.656
2023-12-15 02:51:23,794 - INFO - Accuracy_test_current: [0.948, 0.835, 0.708, 0.758, 0.872, 0.657, 0.626]
2023-12-15 02:51:23,794 - INFO - Accuracy_test_total: [0.948, 0.8595, 0.7733333333333333, 0.72225, 0.7354, 0.6936666666666667, 0.656]
2023-12-15 02:54:21,373 - INFO - Accuracy_per_task_current_test: [0.81, 0.572, 0.547, 0.621, 0.833, 0.583, 0.626]
2023-12-15 02:54:21,574 - INFO - Current relation: ['contains administrative territorial entity', 'said to be the same as', 'winner', 'military rank', 'publisher', 'followed by', 'work location', 'occupation', 'heritage designation', 'voice type']
2023-12-15 02:55:37,406 - INFO - Train Simple Finished!
2023-12-15 02:56:22,492 - INFO - 50
2023-12-15 02:56:22,493 - INFO - 56
2023-12-15 02:57:43,520 - INFO - Train First Finished!
2023-12-15 02:57:55,023 - INFO - Length seen relation: 80
2023-12-15 02:57:55,024 - INFO - Train data memory: 80
2023-12-15 03:01:12,797 - INFO - Train Memory Finished!
2023-12-15 03:01:12,799 - INFO - 1000
2023-12-15 03:01:12,799 - INFO - 8000
2023-12-15 03:01:12,799 - INFO - ------------------------------------------------------------Evaluating------------------------------------------------------------
2023-12-15 03:04:59,230 - INFO - Restart Num 3
2023-12-15 03:04:59,230 - INFO - Task--8:
2023-12-15 03:04:59,230 - INFO - Current test acc: 0.67
2023-12-15 03:04:59,230 - INFO - History test acc: 0.635125
2023-12-15 03:04:59,230 - INFO - Accuracy_test_current: [0.948, 0.835, 0.708, 0.758, 0.872, 0.657, 0.626, 0.67]
2023-12-15 03:04:59,231 - INFO - Accuracy_test_total: [0.948, 0.8595, 0.7733333333333333, 0.72225, 0.7354, 0.6936666666666667, 0.656, 0.635125]
2023-12-15 03:08:25,091 - INFO - Accuracy_per_task_current_test: [0.811, 0.542, 0.532, 0.621, 0.811, 0.557, 0.537, 0.67]
2023-12-15 03:08:25,319 - INFO - Result_whole_test: [array([95.2       , 82.65      , 78.56666667, 75.35      , 71.26      ,
       68.66666667, 64.11428571, 63.5375    ]), array([94.9       , 78.55      , 74.9       , 73.125     , 69.98      ,
       66.51666667, 66.15714286, 64.4       ]), array([94.8       , 85.95      , 77.33333333, 72.225     , 73.54      ,
       69.36666667, 65.6       , 63.5125    ])]
2023-12-15 03:08:25,319 - INFO - Avg_result_cur_test: [0.94966667 0.756      0.75433333 0.81766667 0.75966667 0.727
 0.704      0.744     ]
2023-12-15 03:08:25,320 - INFO - Avg_result_all_test: [94.96666667 82.38333333 76.93333333 73.56666667 71.59333333 68.18333333
 65.29047619 63.81666667]
2023-12-15 03:08:25,320 - INFO - Std_result_all_test: [0.16996732 3.02691629 1.52339776 1.31344543 1.47235261 1.21266465
 0.86223356 0.41260521]
2023-12-15 03:11:45,180 - INFO - Accuracy_result_all_test: [0.811, 0.542, 0.532, 0.621, 0.811, 0.557, 0.537, 0.67]
2023-12-15 03:11:45,181 - INFO - Bwt_whole: [-0.16499999999999998, -0.16757142857142857, -0.14185714285714282]
2023-12-15 03:11:45,186 - INFO - Fwt_whole: [0.020714285714285716, 0.032999999999999995, 0.023142857142857142]
2023-12-15 03:11:45,186 - INFO - Avg_bwt_whole: -0.1581428571428571
2023-12-15 03:11:45,186 - INFO - Avg_fwt_whole: 0.02561904761904762
2023-12-15 03:12:06,582 - INFO - Current relation: ['movement', 'located in the administrative territorial entity', 'head of government', 'member of', 'crosses', 'tributary', 'position held', 'developer', 'location of formation', 'country of origin']
2023-12-15 03:17:01,155 - INFO - Train Simple Finished!
2023-12-15 03:21:34,611 - INFO - 1000
2023-12-15 03:21:34,612 - INFO - 1602
2023-12-15 03:45:38,691 - INFO - Train First Finished!
2023-12-15 03:46:29,958 - INFO - Length seen relation: 10
2023-12-15 03:46:29,959 - INFO - Train data memory: 10
2023-12-15 03:47:01,508 - INFO - Train Memory Finished!
2023-12-15 03:47:01,528 - INFO - 1000
2023-12-15 03:47:01,528 - INFO - 1000
2023-12-15 03:47:01,528 - INFO - ------------------------------------------------------------Evaluating------------------------------------------------------------
2023-12-15 03:47:53,840 - INFO - Restart Num 4
2023-12-15 03:47:53,841 - INFO - Task--1:
2023-12-15 03:47:53,841 - INFO - Current test acc: 0.961
2023-12-15 03:47:53,841 - INFO - History test acc: 0.961
2023-12-15 03:47:53,841 - INFO - Accuracy_test_current: [0.961]
2023-12-15 03:47:53,841 - INFO - Accuracy_test_total: [0.961]
2023-12-15 03:48:19,977 - INFO - Accuracy_per_task_current_test: [0.961]
2023-12-15 03:48:20,190 - INFO - Current relation: ['main subject', 'participating team', 'has part', 'nominated for', 'instance of', 'mountain range', 'screenwriter', 'language of work or name', 'operator', 'religion']
2023-12-15 03:49:09,786 - INFO - Train Simple Finished!
2023-12-15 03:49:26,734 - INFO - 50
2023-12-15 03:49:26,735 - INFO - 92
2023-12-15 03:50:30,358 - INFO - Train First Finished!
2023-12-15 03:50:41,921 - INFO - Length seen relation: 20
2023-12-15 03:50:41,921 - INFO - Train data memory: 20
2023-12-15 03:51:29,934 - INFO - Train Memory Finished!
2023-12-15 03:51:29,935 - INFO - 1000
2023-12-15 03:51:29,935 - INFO - 2000
2023-12-15 03:51:29,935 - INFO - ------------------------------------------------------------Evaluating------------------------------------------------------------
2023-12-15 03:52:46,296 - INFO - Restart Num 4
2023-12-15 03:52:46,297 - INFO - Task--2:
2023-12-15 03:52:46,297 - INFO - Current test acc: 0.69
2023-12-15 03:52:46,297 - INFO - History test acc: 0.8055
2023-12-15 03:52:46,297 - INFO - Accuracy_test_current: [0.961, 0.69]
2023-12-15 03:52:46,297 - INFO - Accuracy_test_total: [0.961, 0.8055]
2023-12-15 03:53:37,744 - INFO - Accuracy_per_task_current_test: [0.921, 0.69]
2023-12-15 03:53:37,944 - INFO - Current relation: ['follows', 'sport', 'father', 'original network', 'original language of work', 'league', 'mother', 'instrument', 'country', 'characters']
2023-12-15 03:54:32,433 - INFO - Train Simple Finished!
2023-12-15 03:54:53,664 - INFO - 50
2023-12-15 03:54:53,665 - INFO - 58
2023-12-15 03:55:58,943 - INFO - Train First Finished!
2023-12-15 03:56:10,691 - INFO - Length seen relation: 30
2023-12-15 03:56:10,692 - INFO - Train data memory: 30
2023-12-15 03:57:18,119 - INFO - Train Memory Finished!
2023-12-15 03:57:18,120 - INFO - 1000
2023-12-15 03:57:18,120 - INFO - 3000
2023-12-15 03:57:18,120 - INFO - ------------------------------------------------------------Evaluating------------------------------------------------------------
2023-12-15 03:58:58,258 - INFO - Restart Num 4
2023-12-15 03:58:58,258 - INFO - Task--3:
2023-12-15 03:58:58,258 - INFO - Current test acc: 0.78
2023-12-15 03:58:58,258 - INFO - History test acc: 0.7666666666666667
2023-12-15 03:58:58,258 - INFO - Accuracy_test_current: [0.961, 0.69, 0.78]
2023-12-15 03:58:58,259 - INFO - Accuracy_test_total: [0.961, 0.8055, 0.7666666666666667]
2023-12-15 04:00:13,864 - INFO - Accuracy_per_task_current_test: [0.91, 0.61, 0.78]
2023-12-15 04:00:14,090 - INFO - Current relation: ['applies to jurisdiction', 'performer', 'manufacturer', 'participant', 'operating system', 'competition class', 'successful candidate', 'sibling', 'military branch', 'child']
2023-12-15 04:01:13,130 - INFO - Train Simple Finished!
2023-12-15 04:01:39,384 - INFO - 50
2023-12-15 04:01:39,385 - INFO - 55
2023-12-15 04:02:48,514 - INFO - Train First Finished!
2023-12-15 04:02:59,775 - INFO - Length seen relation: 40
2023-12-15 04:02:59,776 - INFO - Train data memory: 40
2023-12-15 04:04:29,110 - INFO - Train Memory Finished!
2023-12-15 04:04:29,111 - INFO - 1000
2023-12-15 04:04:29,111 - INFO - 4000
2023-12-15 04:04:29,111 - INFO - ------------------------------------------------------------Evaluating------------------------------------------------------------
2023-12-15 04:06:35,849 - INFO - Restart Num 4
2023-12-15 04:06:35,850 - INFO - Task--4:
2023-12-15 04:06:35,850 - INFO - Current test acc: 0.806
2023-12-15 04:06:35,850 - INFO - History test acc: 0.713
2023-12-15 04:06:35,850 - INFO - Accuracy_test_current: [0.961, 0.69, 0.78, 0.806]
2023-12-15 04:06:35,850 - INFO - Accuracy_test_total: [0.961, 0.8055, 0.7666666666666667, 0.713]
2023-12-15 04:08:17,751 - INFO - Accuracy_per_task_current_test: [0.863, 0.555, 0.628, 0.806]
2023-12-15 04:08:17,947 - INFO - Current relation: ['member of political party', 'after a work by', 'notable work', 'headquarters location', 'taxon rank', 'field of work', 'licensed to broadcast to', 'constellation', 'platform', 'place served by transport hub']
2023-12-15 04:09:20,556 - INFO - Train Simple Finished!
2023-12-15 04:09:51,511 - INFO - 50
2023-12-15 04:09:51,511 - INFO - 52
2023-12-15 04:11:03,238 - INFO - Train First Finished!
2023-12-15 04:11:14,982 - INFO - Length seen relation: 50
2023-12-15 04:11:14,983 - INFO - Train data memory: 50
2023-12-15 04:13:09,123 - INFO - Train Memory Finished!
2023-12-15 04:13:09,125 - INFO - 1000
2023-12-15 04:13:09,125 - INFO - 5000
2023-12-15 04:13:09,125 - INFO - ------------------------------------------------------------Evaluating------------------------------------------------------------
2023-12-15 04:15:38,212 - INFO - Restart Num 4
2023-12-15 04:15:38,213 - INFO - Task--5:
2023-12-15 04:15:38,213 - INFO - Current test acc: 0.868
2023-12-15 04:15:38,213 - INFO - History test acc: 0.7172
2023-12-15 04:15:38,213 - INFO - Accuracy_test_current: [0.961, 0.69, 0.78, 0.806, 0.868]
2023-12-15 04:15:38,213 - INFO - Accuracy_test_total: [0.961, 0.8055, 0.7666666666666667, 0.713, 0.7172]
2023-12-15 04:17:44,724 - INFO - Accuracy_per_task_current_test: [0.82, 0.495, 0.616, 0.787, 0.868]
2023-12-15 04:17:44,954 - INFO - Current relation: ['spouse', 'record label', 'distributor', 'located in or next to body of water', 'subsidiary', 'country of citizenship', 'genre', 'mouth of the watercourse', 'position played on team / speciality', 'sports season of league or competition']
2023-12-15 04:18:51,783 - INFO - Train Simple Finished!
2023-12-15 04:19:26,933 - INFO - 50
2023-12-15 04:19:26,933 - INFO - 60
2023-12-15 04:20:42,460 - INFO - Train First Finished!
2023-12-15 04:20:53,623 - INFO - Length seen relation: 60
2023-12-15 04:20:53,623 - INFO - Train data memory: 60
2023-12-15 04:23:00,149 - INFO - Train Memory Finished!
2023-12-15 04:23:00,150 - INFO - 1000
2023-12-15 04:23:00,154 - INFO - 6000
2023-12-15 04:23:00,154 - INFO - ------------------------------------------------------------Evaluating------------------------------------------------------------
2023-12-15 04:25:53,942 - INFO - Restart Num 4
2023-12-15 04:25:53,943 - INFO - Task--6:
2023-12-15 04:25:53,943 - INFO - Current test acc: 0.677
2023-12-15 04:25:53,943 - INFO - History test acc: 0.683
2023-12-15 04:25:53,943 - INFO - Accuracy_test_current: [0.961, 0.69, 0.78, 0.806, 0.868, 0.677]
2023-12-15 04:25:53,943 - INFO - Accuracy_test_total: [0.961, 0.8055, 0.7666666666666667, 0.713, 0.7172, 0.683]
2023-12-15 04:28:25,873 - INFO - Accuracy_per_task_current_test: [0.825, 0.505, 0.549, 0.723, 0.819, 0.677]
2023-12-15 04:28:26,061 - INFO - Current relation: ['contains administrative territorial entity', 'said to be the same as', 'winner', 'military rank', 'publisher', 'followed by', 'work location', 'occupation', 'heritage designation', 'voice type']
2023-12-15 04:29:36,675 - INFO - Train Simple Finished!
2023-12-15 04:30:16,689 - INFO - 50
2023-12-15 04:30:16,690 - INFO - 54
2023-12-15 04:31:34,234 - INFO - Train First Finished!
2023-12-15 04:31:45,598 - INFO - Length seen relation: 70
2023-12-15 04:31:45,598 - INFO - Train data memory: 70
2023-12-15 04:34:33,980 - INFO - Train Memory Finished!
2023-12-15 04:34:33,981 - INFO - 1000
2023-12-15 04:34:33,981 - INFO - 7000
2023-12-15 04:34:33,981 - INFO - ------------------------------------------------------------Evaluating------------------------------------------------------------
2023-12-15 04:37:55,957 - INFO - Restart Num 4
2023-12-15 04:37:55,958 - INFO - Task--7:
2023-12-15 04:37:55,958 - INFO - Current test acc: 0.73
2023-12-15 04:37:55,958 - INFO - History test acc: 0.6627142857142857
2023-12-15 04:37:55,958 - INFO - Accuracy_test_current: [0.961, 0.69, 0.78, 0.806, 0.868, 0.677, 0.73]
2023-12-15 04:37:55,958 - INFO - Accuracy_test_total: [0.961, 0.8055, 0.7666666666666667, 0.713, 0.7172, 0.683, 0.6627142857142857]
2023-12-15 04:40:55,824 - INFO - Accuracy_per_task_current_test: [0.81, 0.428, 0.563, 0.676, 0.787, 0.645, 0.73]
2023-12-15 04:40:56,032 - INFO - Current relation: ['located on terrain feature', 'participant of', 'director', 'owned by', 'part of', 'occupant', 'architect', 'residence', 'composer', 'location']
2023-12-15 04:42:11,090 - INFO - Train Simple Finished!
2023-12-15 04:42:55,546 - INFO - 50
2023-12-15 04:42:55,547 - INFO - 50
2023-12-15 04:44:16,228 - INFO - Train First Finished!
2023-12-15 04:44:27,477 - INFO - Length seen relation: 80
2023-12-15 04:44:27,477 - INFO - Train data memory: 80
2023-12-15 04:47:44,182 - INFO - Train Memory Finished!
2023-12-15 04:47:44,183 - INFO - 1000
2023-12-15 04:47:44,187 - INFO - 8000
2023-12-15 04:47:44,187 - INFO - ------------------------------------------------------------Evaluating------------------------------------------------------------
2023-12-15 04:51:26,749 - INFO - Restart Num 4
2023-12-15 04:51:26,750 - INFO - Task--8:
2023-12-15 04:51:26,750 - INFO - Current test acc: 0.621
2023-12-15 04:51:26,750 - INFO - History test acc: 0.616125
2023-12-15 04:51:26,750 - INFO - Accuracy_test_current: [0.961, 0.69, 0.78, 0.806, 0.868, 0.677, 0.73, 0.621]
2023-12-15 04:51:26,750 - INFO - Accuracy_test_total: [0.961, 0.8055, 0.7666666666666667, 0.713, 0.7172, 0.683, 0.6627142857142857, 0.616125]
2023-12-15 04:54:53,515 - INFO - Accuracy_per_task_current_test: [0.791, 0.336, 0.526, 0.63, 0.787, 0.566, 0.672, 0.621]
2023-12-15 04:54:53,735 - INFO - Result_whole_test: [array([95.2       , 82.65      , 78.56666667, 75.35      , 71.26      ,
       68.66666667, 64.11428571, 63.5375    ]), array([94.9       , 78.55      , 74.9       , 73.125     , 69.98      ,
       66.51666667, 66.15714286, 64.4       ]), array([94.8       , 85.95      , 77.33333333, 72.225     , 73.54      ,
       69.36666667, 65.6       , 63.5125    ]), array([96.1       , 80.55      , 76.66666667, 71.3       , 71.72      ,
       68.3       , 66.27142857, 61.6125    ])]
2023-12-15 04:54:53,735 - INFO - Avg_result_cur_test: [0.9525  0.7395  0.76075 0.81475 0.78675 0.7145  0.7105  0.71325]
2023-12-15 04:54:53,736 - INFO - Avg_result_all_test: [95.25       81.925      76.86666667 73.         71.625      68.2125
 65.53571429 63.265625  ]
2023-12-15 04:54:53,736 - INFO - Std_result_all_test: [0.51234754 2.73895509 1.3243447  1.50239392 1.27627387 1.05141274
 0.8590752  1.01912857]
2023-12-15 04:58:15,906 - INFO - Accuracy_result_all_test: [0.791, 0.336, 0.526, 0.63, 0.787, 0.566, 0.672, 0.621]
2023-12-15 04:58:15,907 - INFO - Bwt_whole: [-0.16499999999999998, -0.16757142857142857, -0.14185714285714282, -0.17199999999999996]
2023-12-15 04:58:15,907 - INFO - Fwt_whole: [0.020714285714285716, 0.032999999999999995, 0.023142857142857142, 0.03671428571428571]
2023-12-15 04:58:15,907 - INFO - Avg_bwt_whole: -0.1616071428571428
2023-12-15 04:58:15,907 - INFO - Avg_fwt_whole: 0.028392857142857143
2023-12-15 04:58:27,803 - INFO - Current relation: ['movement', 'located in the administrative territorial entity', 'head of government', 'member of', 'crosses', 'tributary', 'position held', 'developer', 'location of formation', 'country of origin']
2023-12-15 05:03:23,492 - INFO - Train Simple Finished!
2023-12-15 05:07:54,678 - INFO - 1000
2023-12-15 05:07:54,678 - INFO - 1500
2023-12-15 05:31:53,056 - INFO - Train First Finished!
2023-12-15 05:32:45,321 - INFO - Length seen relation: 10
2023-12-15 05:32:45,322 - INFO - Train data memory: 10
2023-12-15 05:33:16,874 - INFO - Train Memory Finished!
2023-12-15 05:33:16,894 - INFO - 1000
2023-12-15 05:33:16,895 - INFO - 1000
2023-12-15 05:33:16,895 - INFO - ------------------------------------------------------------Evaluating------------------------------------------------------------
2023-12-15 05:34:08,230 - INFO - Restart Num 5
2023-12-15 05:34:08,231 - INFO - Task--1:
2023-12-15 05:34:08,231 - INFO - Current test acc: 0.952
2023-12-15 05:34:08,231 - INFO - History test acc: 0.952
2023-12-15 05:34:08,231 - INFO - Accuracy_test_current: [0.952]
2023-12-15 05:34:08,231 - INFO - Accuracy_test_total: [0.952]
2023-12-15 05:34:33,753 - INFO - Accuracy_per_task_current_test: [0.952]
2023-12-15 05:34:33,969 - INFO - Current relation: ['member of political party', 'after a work by', 'notable work', 'headquarters location', 'taxon rank', 'field of work', 'licensed to broadcast to', 'constellation', 'platform', 'place served by transport hub']
2023-12-15 05:35:22,908 - INFO - Train Simple Finished!
2023-12-15 05:35:40,181 - INFO - 50
2023-12-15 05:35:40,181 - INFO - 87
2023-12-15 05:36:43,631 - INFO - Train First Finished!
2023-12-15 05:36:55,405 - INFO - Length seen relation: 20
2023-12-15 05:36:55,405 - INFO - Train data memory: 20
2023-12-15 05:37:43,751 - INFO - Train Memory Finished!
2023-12-15 05:37:43,752 - INFO - 1000
2023-12-15 05:37:43,752 - INFO - 2000
2023-12-15 05:37:43,752 - INFO - ------------------------------------------------------------Evaluating------------------------------------------------------------
2023-12-15 05:39:00,152 - INFO - Restart Num 5
2023-12-15 05:39:00,152 - INFO - Task--2:
2023-12-15 05:39:00,152 - INFO - Current test acc: 0.86
2023-12-15 05:39:00,153 - INFO - History test acc: 0.871
2023-12-15 05:39:00,153 - INFO - Accuracy_test_current: [0.952, 0.86]
2023-12-15 05:39:00,153 - INFO - Accuracy_test_total: [0.952, 0.871]
2023-12-15 05:39:51,434 - INFO - Accuracy_per_task_current_test: [0.882, 0.86]
2023-12-15 05:39:51,667 - INFO - Current relation: ['located on terrain feature', 'participant of', 'director', 'owned by', 'part of', 'occupant', 'architect', 'residence', 'composer', 'location']
2023-12-15 05:40:45,064 - INFO - Train Simple Finished!
2023-12-15 05:41:06,553 - INFO - 50
2023-12-15 05:41:06,553 - INFO - 54
2023-12-15 05:42:12,747 - INFO - Train First Finished!
2023-12-15 05:42:24,590 - INFO - Length seen relation: 30
2023-12-15 05:42:24,591 - INFO - Train data memory: 30
2023-12-15 05:43:32,820 - INFO - Train Memory Finished!
2023-12-15 05:43:32,822 - INFO - 1000
2023-12-15 05:43:32,822 - INFO - 3000
2023-12-15 05:43:32,822 - INFO - ------------------------------------------------------------Evaluating------------------------------------------------------------
2023-12-15 05:45:13,972 - INFO - Restart Num 5
2023-12-15 05:45:13,973 - INFO - Task--3:
2023-12-15 05:45:13,973 - INFO - Current test acc: 0.683
2023-12-15 05:45:13,973 - INFO - History test acc: 0.775
2023-12-15 05:45:13,973 - INFO - Accuracy_test_current: [0.952, 0.86, 0.683]
2023-12-15 05:45:13,973 - INFO - Accuracy_test_total: [0.952, 0.871, 0.775]
2023-12-15 05:46:30,075 - INFO - Accuracy_per_task_current_test: [0.861, 0.781, 0.683]
2023-12-15 05:46:30,303 - INFO - Current relation: ['contains administrative territorial entity', 'said to be the same as', 'winner', 'military rank', 'publisher', 'followed by', 'work location', 'occupation', 'heritage designation', 'voice type']
2023-12-15 05:47:28,550 - INFO - Train Simple Finished!
2023-12-15 05:47:54,564 - INFO - 50
2023-12-15 05:47:54,565 - INFO - 64
2023-12-15 05:49:02,254 - INFO - Train First Finished!
2023-12-15 05:49:13,549 - INFO - Length seen relation: 40
2023-12-15 05:49:13,550 - INFO - Train data memory: 40
2023-12-15 05:50:42,905 - INFO - Train Memory Finished!
2023-12-15 05:50:42,906 - INFO - 1000
2023-12-15 05:50:42,906 - INFO - 4000
2023-12-15 05:50:42,906 - INFO - ------------------------------------------------------------Evaluating------------------------------------------------------------
2023-12-15 05:52:48,425 - INFO - Restart Num 5
2023-12-15 05:52:48,426 - INFO - Task--4:
2023-12-15 05:52:48,426 - INFO - Current test acc: 0.683
2023-12-15 05:52:48,426 - INFO - History test acc: 0.7395
2023-12-15 05:52:48,426 - INFO - Accuracy_test_current: [0.952, 0.86, 0.683, 0.683]
2023-12-15 05:52:48,426 - INFO - Accuracy_test_total: [0.952, 0.871, 0.775, 0.7395]
2023-12-15 05:54:30,372 - INFO - Accuracy_per_task_current_test: [0.864, 0.796, 0.615, 0.683]
2023-12-15 05:54:30,597 - INFO - Current relation: ['applies to jurisdiction', 'performer', 'manufacturer', 'participant', 'operating system', 'competition class', 'successful candidate', 'sibling', 'military branch', 'child']
2023-12-15 05:55:32,565 - INFO - Train Simple Finished!
2023-12-15 05:56:03,670 - INFO - 50
2023-12-15 05:56:03,670 - INFO - 56
2023-12-15 05:57:14,324 - INFO - Train First Finished!
2023-12-15 05:57:26,075 - INFO - Length seen relation: 50
2023-12-15 05:57:26,076 - INFO - Train data memory: 50
2023-12-15 05:59:18,130 - INFO - Train Memory Finished!
2023-12-15 05:59:18,131 - INFO - 1000
2023-12-15 05:59:18,131 - INFO - 5000
2023-12-15 05:59:18,131 - INFO - ------------------------------------------------------------Evaluating------------------------------------------------------------
2023-12-15 06:00:59,154 - INFO - Restart Num 5
2023-12-15 06:00:59,155 - INFO - Task--5:
2023-12-15 06:00:59,155 - INFO - Current test acc: 0.833
2023-12-15 06:00:59,155 - INFO - History test acc: 0.7274
2023-12-15 06:00:59,155 - INFO - Accuracy_test_current: [0.952, 0.86, 0.683, 0.683, 0.833]
2023-12-15 06:00:59,155 - INFO - Accuracy_test_total: [0.952, 0.871, 0.775, 0.7395, 0.7274]
2023-12-15 06:03:06,825 - INFO - Accuracy_per_task_current_test: [0.837, 0.791, 0.572, 0.604, 0.833]
2023-12-15 06:03:07,052 - INFO - Current relation: ['follows', 'sport', 'father', 'original network', 'original language of work', 'league', 'mother', 'instrument', 'country', 'characters']
2023-12-15 06:04:13,922 - INFO - Train Simple Finished!
2023-12-15 06:04:49,381 - INFO - 50
2023-12-15 06:04:49,381 - INFO - 56
2023-12-15 06:06:03,988 - INFO - Train First Finished!
2023-12-15 06:06:15,777 - INFO - Length seen relation: 60
2023-12-15 06:06:15,778 - INFO - Train data memory: 60
2023-12-15 06:08:35,835 - INFO - Train Memory Finished!
2023-12-15 06:08:35,836 - INFO - 1000
2023-12-15 06:08:35,836 - INFO - 6000
2023-12-15 06:08:35,836 - INFO - ------------------------------------------------------------Evaluating------------------------------------------------------------
2023-12-15 06:11:30,723 - INFO - Restart Num 5
2023-12-15 06:11:30,724 - INFO - Task--6:
2023-12-15 06:11:30,724 - INFO - Current test acc: 0.742
2023-12-15 06:11:30,724 - INFO - History test acc: 0.7033333333333334
2023-12-15 06:11:30,724 - INFO - Accuracy_test_current: [0.952, 0.86, 0.683, 0.683, 0.833, 0.742]
2023-12-15 06:11:30,724 - INFO - Accuracy_test_total: [0.952, 0.871, 0.775, 0.7395, 0.7274, 0.7033333333333334]
2023-12-15 06:14:03,849 - INFO - Accuracy_per_task_current_test: [0.828, 0.782, 0.55, 0.595, 0.723, 0.742]
2023-12-15 06:14:04,046 - INFO - Current relation: ['spouse', 'record label', 'distributor', 'located in or next to body of water', 'subsidiary', 'country of citizenship', 'genre', 'mouth of the watercourse', 'position played on team / speciality', 'sports season of league or competition']
2023-12-15 06:15:15,148 - INFO - Train Simple Finished!
2023-12-15 06:15:55,652 - INFO - 50
2023-12-15 06:15:55,652 - INFO - 66
2023-12-15 06:17:14,416 - INFO - Train First Finished!
2023-12-15 06:17:25,745 - INFO - Length seen relation: 70
2023-12-15 06:17:25,745 - INFO - Train data memory: 70
2023-12-15 06:20:13,458 - INFO - Train Memory Finished!
2023-12-15 06:20:13,459 - INFO - 1000
2023-12-15 06:20:13,459 - INFO - 7000
2023-12-15 06:20:13,459 - INFO - ------------------------------------------------------------Evaluating------------------------------------------------------------
2023-12-15 06:23:31,047 - INFO - Restart Num 5
2023-12-15 06:23:31,048 - INFO - Task--7:
2023-12-15 06:23:31,048 - INFO - Current test acc: 0.632
2023-12-15 06:23:31,048 - INFO - History test acc: 0.6571428571428571
2023-12-15 06:23:31,048 - INFO - Accuracy_test_current: [0.952, 0.86, 0.683, 0.683, 0.833, 0.742, 0.632]
2023-12-15 06:23:31,048 - INFO - Accuracy_test_total: [0.952, 0.871, 0.775, 0.7395, 0.7274, 0.7033333333333334, 0.6571428571428571]
2023-12-15 06:26:28,050 - INFO - Accuracy_per_task_current_test: [0.798, 0.78, 0.521, 0.573, 0.671, 0.625, 0.632]
2023-12-15 06:26:28,270 - INFO - Current relation: ['main subject', 'participating team', 'has part', 'nominated for', 'instance of', 'mountain range', 'screenwriter', 'language of work or name', 'operator', 'religion']
2023-12-15 06:27:42,591 - INFO - Train Simple Finished!
2023-12-15 06:28:27,768 - INFO - 50
2023-12-15 06:28:27,768 - INFO - 54
2023-12-15 06:29:47,798 - INFO - Train First Finished!
2023-12-15 06:29:59,498 - INFO - Length seen relation: 80
2023-12-15 06:29:59,499 - INFO - Train data memory: 80
2023-12-15 06:33:16,449 - INFO - Train Memory Finished!
2023-12-15 06:33:16,450 - INFO - 1000
2023-12-15 06:33:16,450 - INFO - 8000
2023-12-15 06:33:16,450 - INFO - ------------------------------------------------------------Evaluating------------------------------------------------------------
2023-12-15 06:36:59,660 - INFO - Restart Num 5
2023-12-15 06:36:59,660 - INFO - Task--8:
2023-12-15 06:36:59,661 - INFO - Current test acc: 0.616
2023-12-15 06:36:59,661 - INFO - History test acc: 0.622
2023-12-15 06:36:59,661 - INFO - Accuracy_test_current: [0.952, 0.86, 0.683, 0.683, 0.833, 0.742, 0.632, 0.616]
2023-12-15 06:36:59,661 - INFO - Accuracy_test_total: [0.952, 0.871, 0.775, 0.7395, 0.7274, 0.7033333333333334, 0.6571428571428571, 0.622]
2023-12-15 06:40:22,103 - INFO - Accuracy_per_task_current_test: [0.796, 0.746, 0.472, 0.56, 0.62, 0.564, 0.602, 0.616]
2023-12-15 06:40:22,344 - INFO - Result_whole_test: [array([95.2       , 82.65      , 78.56666667, 75.35      , 71.26      ,
       68.66666667, 64.11428571, 63.5375    ]), array([94.9       , 78.55      , 74.9       , 73.125     , 69.98      ,
       66.51666667, 66.15714286, 64.4       ]), array([94.8       , 85.95      , 77.33333333, 72.225     , 73.54      ,
       69.36666667, 65.6       , 63.5125    ]), array([96.1       , 80.55      , 76.66666667, 71.3       , 71.72      ,
       68.3       , 66.27142857, 61.6125    ]), array([95.2       , 87.1       , 77.5       , 73.95      , 72.74      ,
       70.33333333, 65.71428571, 62.2       ])]
2023-12-15 06:40:22,345 - INFO - Avg_result_cur_test: [0.9524 0.7636 0.7452 0.7884 0.796  0.72   0.6948 0.6938]
2023-12-15 06:40:22,345 - INFO - Avg_result_all_test: [95.24       82.96       76.99333333 73.19       71.848      68.63666667
 65.57142857 63.0525    ]
2023-12-15 06:40:22,345 - INFO - Std_result_all_test: [0.4586938  3.20724181 1.21131701 1.39647771 1.22556762 1.26650876
 0.77169308 1.00627407]
2023-12-15 06:43:44,827 - INFO - Accuracy_result_all_test: [0.796, 0.746, 0.472, 0.56, 0.62, 0.564, 0.602, 0.616]
2023-12-15 06:43:44,828 - INFO - Bwt_whole: [-0.16499999999999998, -0.16757142857142857, -0.14185714285714282, -0.17199999999999996, -0.1464285714285714]
2023-12-15 06:43:44,828 - INFO - Fwt_whole: [0.020714285714285716, 0.032999999999999995, 0.023142857142857142, 0.03671428571428571, 0.024714285714285713]
2023-12-15 06:43:44,828 - INFO - Avg_bwt_whole: -0.15857142857142853
2023-12-15 06:43:44,828 - INFO - Avg_fwt_whole: 0.02765714285714286
2023-12-15 06:43:58,424 - INFO - Current relation: ['movement', 'located in the administrative territorial entity', 'head of government', 'member of', 'crosses', 'tributary', 'position held', 'developer', 'location of formation', 'country of origin']
2023-12-15 06:48:50,124 - INFO - Train Simple Finished!
2023-12-15 06:53:19,677 - INFO - 1000
2023-12-15 06:53:19,677 - INFO - 1842
2023-12-15 07:17:18,171 - INFO - Train First Finished!
2023-12-15 07:18:09,919 - INFO - Length seen relation: 10
2023-12-15 07:18:09,919 - INFO - Train data memory: 10
2023-12-15 07:18:41,263 - INFO - Train Memory Finished!
2023-12-15 07:18:41,283 - INFO - 1000
2023-12-15 07:18:41,283 - INFO - 1000
2023-12-15 07:18:41,283 - INFO - ------------------------------------------------------------Evaluating------------------------------------------------------------
2023-12-15 07:19:32,020 - INFO - Restart Num 6
2023-12-15 07:19:32,021 - INFO - Task--1:
2023-12-15 07:19:32,021 - INFO - Current test acc: 0.954
2023-12-15 07:19:32,021 - INFO - History test acc: 0.954
2023-12-15 07:19:32,021 - INFO - Accuracy_test_current: [0.954]
2023-12-15 07:19:32,021 - INFO - Accuracy_test_total: [0.954]
2023-12-15 07:19:58,003 - INFO - Accuracy_per_task_current_test: [0.954]
2023-12-15 07:19:58,194 - INFO - Current relation: ['applies to jurisdiction', 'performer', 'manufacturer', 'participant', 'operating system', 'competition class', 'successful candidate', 'sibling', 'military branch', 'child']
2023-12-15 07:20:48,412 - INFO - Train Simple Finished!
2023-12-15 07:21:05,706 - INFO - 50
2023-12-15 07:21:05,707 - INFO - 128
2023-12-15 07:22:09,499 - INFO - Train First Finished!
2023-12-15 07:22:21,230 - INFO - Length seen relation: 20
2023-12-15 07:22:21,230 - INFO - Train data memory: 20
2023-12-15 07:23:08,772 - INFO - Train Memory Finished!
2023-12-15 07:23:08,774 - INFO - 1000
2023-12-15 07:23:08,778 - INFO - 2000
2023-12-15 07:23:08,778 - INFO - ------------------------------------------------------------Evaluating------------------------------------------------------------
2023-12-15 07:24:24,579 - INFO - Restart Num 6
2023-12-15 07:24:24,580 - INFO - Task--2:
2023-12-15 07:24:24,580 - INFO - Current test acc: 0.824
2023-12-15 07:24:24,580 - INFO - History test acc: 0.8695
2023-12-15 07:24:24,580 - INFO - Accuracy_test_current: [0.954, 0.824]
2023-12-15 07:24:24,580 - INFO - Accuracy_test_total: [0.954, 0.8695]
2023-12-15 07:25:15,845 - INFO - Accuracy_per_task_current_test: [0.915, 0.824]
2023-12-15 07:25:16,069 - INFO - Current relation: ['main subject', 'participating team', 'has part', 'nominated for', 'instance of', 'mountain range', 'screenwriter', 'language of work or name', 'operator', 'religion']
2023-12-15 07:26:10,957 - INFO - Train Simple Finished!
2023-12-15 07:26:32,708 - INFO - 50
2023-12-15 07:26:32,709 - INFO - 58
2023-12-15 07:27:38,265 - INFO - Train First Finished!
2023-12-15 07:27:50,156 - INFO - Length seen relation: 30
2023-12-15 07:27:50,156 - INFO - Train data memory: 30
2023-12-15 07:28:57,445 - INFO - Train Memory Finished!
2023-12-15 07:28:57,446 - INFO - 1000
2023-12-15 07:28:57,450 - INFO - 3000
2023-12-15 07:28:57,450 - INFO - ------------------------------------------------------------Evaluating------------------------------------------------------------
2023-12-15 07:30:37,566 - INFO - Restart Num 6
2023-12-15 07:30:37,567 - INFO - Task--3:
2023-12-15 07:30:37,567 - INFO - Current test acc: 0.713
2023-12-15 07:30:37,567 - INFO - History test acc: 0.7816666666666666
2023-12-15 07:30:37,567 - INFO - Accuracy_test_current: [0.954, 0.824, 0.713]
2023-12-15 07:30:37,567 - INFO - Accuracy_test_total: [0.954, 0.8695, 0.7816666666666666]
2023-12-15 07:31:54,354 - INFO - Accuracy_per_task_current_test: [0.888, 0.744, 0.713]
2023-12-15 07:31:54,570 - INFO - Current relation: ['follows', 'sport', 'father', 'original network', 'original language of work', 'league', 'mother', 'instrument', 'country', 'characters']
2023-12-15 07:32:52,761 - INFO - Train Simple Finished!
2023-12-15 07:33:18,842 - INFO - 50
2023-12-15 07:33:18,843 - INFO - 54
2023-12-15 07:34:27,529 - INFO - Train First Finished!
2023-12-15 07:34:38,917 - INFO - Length seen relation: 40
2023-12-15 07:34:38,917 - INFO - Train data memory: 40
2023-12-15 07:36:04,829 - INFO - Train Memory Finished!
2023-12-15 07:36:04,830 - INFO - 1000
2023-12-15 07:36:04,830 - INFO - 4000
2023-12-15 07:36:04,830 - INFO - ------------------------------------------------------------Evaluating------------------------------------------------------------
2023-12-15 07:37:06,798 - INFO - Restart Num 6
2023-12-15 07:37:06,799 - INFO - Task--4:
2023-12-15 07:37:06,799 - INFO - Current test acc: 0.713
2023-12-15 07:37:06,799 - INFO - History test acc: 0.70925
2023-12-15 07:37:06,799 - INFO - Accuracy_test_current: [0.954, 0.824, 0.713, 0.713]
2023-12-15 07:37:06,799 - INFO - Accuracy_test_total: [0.954, 0.8695, 0.7816666666666666, 0.70925]
2023-12-15 07:37:44,107 - INFO - Accuracy_per_task_current_test: [0.828, 0.663, 0.633, 0.713]
2023-12-15 07:37:44,303 - INFO - Current relation: ['located on terrain feature', 'participant of', 'director', 'owned by', 'part of', 'occupant', 'architect', 'residence', 'composer', 'location']
2023-12-15 07:38:21,902 - INFO - Train Simple Finished!
2023-12-15 07:38:49,382 - INFO - 50
2023-12-15 07:38:49,382 - INFO - 54
2023-12-15 07:39:30,857 - INFO - Train First Finished!
2023-12-15 07:39:40,658 - INFO - Length seen relation: 50
2023-12-15 07:39:40,658 - INFO - Train data memory: 50
2023-12-15 07:40:56,805 - INFO - Train Memory Finished!
2023-12-15 07:40:56,807 - INFO - 1000
2023-12-15 07:40:56,807 - INFO - 5000
2023-12-15 07:40:56,807 - INFO - ------------------------------------------------------------Evaluating------------------------------------------------------------
2023-12-15 07:41:49,498 - INFO - Restart Num 6
2023-12-15 07:41:49,499 - INFO - Task--5:
2023-12-15 07:41:49,504 - INFO - Current test acc: 0.64
2023-12-15 07:41:49,504 - INFO - History test acc: 0.6596
2023-12-15 07:41:49,504 - INFO - Accuracy_test_current: [0.954, 0.824, 0.713, 0.713, 0.64]
2023-12-15 07:41:49,504 - INFO - Accuracy_test_total: [0.954, 0.8695, 0.7816666666666666, 0.70925, 0.6596]
2023-12-15 07:42:35,289 - INFO - Accuracy_per_task_current_test: [0.788, 0.621, 0.542, 0.707, 0.64]
2023-12-15 07:42:35,480 - INFO - Current relation: ['spouse', 'record label', 'distributor', 'located in or next to body of water', 'subsidiary', 'country of citizenship', 'genre', 'mouth of the watercourse', 'position played on team / speciality', 'sports season of league or competition']
2023-12-15 07:43:17,178 - INFO - Train Simple Finished!
2023-12-15 07:43:48,978 - INFO - 50
2023-12-15 07:43:48,978 - INFO - 65
2023-12-15 07:44:33,353 - INFO - Train First Finished!
2023-12-15 07:44:43,317 - INFO - Length seen relation: 60
2023-12-15 07:44:43,318 - INFO - Train data memory: 60
2023-12-15 07:46:14,495 - INFO - Train Memory Finished!
2023-12-15 07:46:14,496 - INFO - 1000
2023-12-15 07:46:14,496 - INFO - 6000
2023-12-15 07:46:14,496 - INFO - ------------------------------------------------------------Evaluating------------------------------------------------------------
2023-12-15 07:47:15,810 - INFO - Restart Num 6
2023-12-15 07:47:15,811 - INFO - Task--6:
2023-12-15 07:47:15,811 - INFO - Current test acc: 0.642
2023-12-15 07:47:15,811 - INFO - History test acc: 0.6281666666666667
2023-12-15 07:47:15,811 - INFO - Accuracy_test_current: [0.954, 0.824, 0.713, 0.713, 0.64, 0.642]
2023-12-15 07:47:15,811 - INFO - Accuracy_test_total: [0.954, 0.8695, 0.7816666666666666, 0.70925, 0.6596, 0.6281666666666667]
2023-12-15 07:48:10,986 - INFO - Accuracy_per_task_current_test: [0.8, 0.587, 0.533, 0.64, 0.567, 0.642]
2023-12-15 07:48:11,152 - INFO - Current relation: ['contains administrative territorial entity', 'said to be the same as', 'winner', 'military rank', 'publisher', 'followed by', 'work location', 'occupation', 'heritage designation', 'voice type']
2023-12-15 07:48:56,164 - INFO - Train Simple Finished!
2023-12-15 07:49:32,498 - INFO - 50
2023-12-15 07:49:32,499 - INFO - 58
2023-12-15 07:50:20,645 - INFO - Train First Finished!
2023-12-15 07:50:30,555 - INFO - Length seen relation: 70
2023-12-15 07:50:30,556 - INFO - Train data memory: 70
2023-12-15 07:52:23,147 - INFO - Train Memory Finished!
2023-12-15 07:52:23,148 - INFO - 1000
2023-12-15 07:52:23,148 - INFO - 7000
2023-12-15 07:52:23,148 - INFO - ------------------------------------------------------------Evaluating------------------------------------------------------------
2023-12-15 07:53:34,327 - INFO - Restart Num 6
2023-12-15 07:53:34,327 - INFO - Task--7:
2023-12-15 07:53:34,327 - INFO - Current test acc: 0.721
2023-12-15 07:53:34,327 - INFO - History test acc: 0.6255714285714286
2023-12-15 07:53:34,327 - INFO - Accuracy_test_current: [0.954, 0.824, 0.713, 0.713, 0.64, 0.642, 0.721]
2023-12-15 07:53:34,327 - INFO - Accuracy_test_total: [0.954, 0.8695, 0.7816666666666666, 0.70925, 0.6596, 0.6281666666666667, 0.6255714285714286]
2023-12-15 07:54:38,599 - INFO - Accuracy_per_task_current_test: [0.816, 0.572, 0.518, 0.595, 0.537, 0.62, 0.721]
2023-12-15 07:54:38,788 - INFO - Current relation: ['member of political party', 'after a work by', 'notable work', 'headquarters location', 'taxon rank', 'field of work', 'licensed to broadcast to', 'constellation', 'platform', 'place served by transport hub']
2023-12-15 07:55:28,150 - INFO - Train Simple Finished!
2023-12-15 07:56:08,874 - INFO - 50
2023-12-15 07:56:08,875 - INFO - 52
2023-12-15 07:57:00,444 - INFO - Train First Finished!
2023-12-15 07:57:10,225 - INFO - Length seen relation: 80
2023-12-15 07:57:10,225 - INFO - Train data memory: 80
2023-12-15 07:59:21,984 - INFO - Train Memory Finished!
2023-12-15 07:59:21,985 - INFO - 1000
2023-12-15 07:59:21,985 - INFO - 8000
2023-12-15 07:59:21,985 - INFO - ------------------------------------------------------------Evaluating------------------------------------------------------------
2023-12-15 08:00:41,446 - INFO - Restart Num 6
2023-12-15 08:00:41,446 - INFO - Task--8:
2023-12-15 08:00:41,446 - INFO - Current test acc: 0.876
2023-12-15 08:00:41,446 - INFO - History test acc: 0.635
2023-12-15 08:00:41,446 - INFO - Accuracy_test_current: [0.954, 0.824, 0.713, 0.713, 0.64, 0.642, 0.721, 0.876]
2023-12-15 08:00:41,446 - INFO - Accuracy_test_total: [0.954, 0.8695, 0.7816666666666666, 0.70925, 0.6596, 0.6281666666666667, 0.6255714285714286, 0.635]
2023-12-15 08:01:54,869 - INFO - Accuracy_per_task_current_test: [0.764, 0.615, 0.486, 0.567, 0.492, 0.603, 0.677, 0.876]
2023-12-15 08:01:55,054 - INFO - Result_whole_test: [array([95.2       , 82.65      , 78.56666667, 75.35      , 71.26      ,
       68.66666667, 64.11428571, 63.5375    ]), array([94.9       , 78.55      , 74.9       , 73.125     , 69.98      ,
       66.51666667, 66.15714286, 64.4       ]), array([94.8       , 85.95      , 77.33333333, 72.225     , 73.54      ,
       69.36666667, 65.6       , 63.5125    ]), array([96.1       , 80.55      , 76.66666667, 71.3       , 71.72      ,
       68.3       , 66.27142857, 61.6125    ]), array([95.2       , 87.1       , 77.5       , 73.95      , 72.74      ,
       70.33333333, 65.71428571, 62.2       ]), array([95.4       , 86.95      , 78.16666667, 70.925     , 65.96      ,
       62.81666667, 62.55714286, 63.5       ])]
2023-12-15 08:01:55,055 - INFO - Avg_result_cur_test: [0.95266667 0.77366667 0.73983333 0.77583333 0.77       0.707
 0.69916667 0.72416667]
2023-12-15 08:01:55,055 - INFO - Avg_result_all_test: [95.26666667 83.625      77.18888889 72.8125     70.86666667 67.66666667
 65.06904762 63.12708333]
2023-12-15 08:01:55,055 - INFO - Std_result_all_test: [0.42295258 3.28376689 1.18909656 1.52893958 2.46307847 2.45788602
 1.32596818 0.93361463]
2023-12-15 08:03:08,985 - INFO - Accuracy_result_all_test: [0.764, 0.615, 0.486, 0.567, 0.492, 0.603, 0.677, 0.876]
2023-12-15 08:03:08,986 - INFO - Bwt_whole: [-0.16499999999999998, -0.16757142857142857, -0.14185714285714282, -0.17199999999999996, -0.1464285714285714, -0.14328571428571427]
2023-12-15 08:03:08,986 - INFO - Fwt_whole: [0.020714285714285716, 0.032999999999999995, 0.023142857142857142, 0.03671428571428571, 0.024714285714285713, 0.02128571428571429]
2023-12-15 08:03:08,986 - INFO - Avg_bwt_whole: -0.15602380952380948
2023-12-15 08:03:08,986 - INFO - Avg_fwt_whole: 0.0265952380952381
