2023-12-14 21:05:45,832 - INFO - Current relation: ['person countries of residence', 'organization top members employees', 'organization member of', 'person origin', 'person title', 'organization country of headquarters']
2023-12-14 21:08:19,273 - INFO - Train Simple Finished!
2023-12-14 21:10:14,036 - INFO - 600
2023-12-14 21:10:14,037 - INFO - 642
2023-12-14 21:21:28,365 - INFO - Train First Finished!
2023-12-14 21:21:52,212 - INFO - Length seen relation: 6
2023-12-14 21:21:52,213 - INFO - Train data memory: 6
2023-12-14 21:22:11,391 - INFO - Train Memory Finished!
2023-12-14 21:22:11,392 - INFO - 518
2023-12-14 21:22:11,393 - INFO - 518
2023-12-14 21:22:11,393 - INFO - ------------------------------------------------------------Evaluating------------------------------------------------------------
2023-12-14 21:22:31,131 - INFO - Restart Num 1
2023-12-14 21:22:31,132 - INFO - Task--1:
2023-12-14 21:22:31,132 - INFO - Current test acc: 0.8803088803088803
2023-12-14 21:22:31,132 - INFO - History test acc: 0.8803088803088803
2023-12-14 21:22:31,132 - INFO - Accuracy_test_current: [0.8803088803088803]
2023-12-14 21:22:31,132 - INFO - Accuracy_test_total: [0.8803088803088803]
2023-12-14 21:22:41,265 - INFO - Accuracy_per_task_current_test: [0.8803088803088803]
2023-12-14 21:22:41,503 - INFO - Current relation: ['person date of birth', 'person stateorprovince of birth', 'person parents', 'person employee of', 'person stateorprovince of death']
2023-12-14 21:22:54,508 - INFO - Train Simple Finished!
2023-12-14 21:23:00,866 - INFO - 25
2023-12-14 21:23:00,868 - INFO - 150
2023-12-14 21:23:27,776 - INFO - Train First Finished!
2023-12-14 21:23:34,042 - INFO - Length seen relation: 11
2023-12-14 21:23:34,043 - INFO - Train data memory: 11
2023-12-14 21:23:58,123 - INFO - Train Memory Finished!
2023-12-14 21:23:58,125 - INFO - 219
2023-12-14 21:23:58,125 - INFO - 737
2023-12-14 21:23:58,125 - INFO - ------------------------------------------------------------Evaluating------------------------------------------------------------
2023-12-14 21:24:14,920 - INFO - Restart Num 1
2023-12-14 21:24:14,922 - INFO - Task--2:
2023-12-14 21:24:14,922 - INFO - Current test acc: 0.867579908675799
2023-12-14 21:24:14,922 - INFO - History test acc: 0.858887381275441
2023-12-14 21:24:14,923 - INFO - Accuracy_test_current: [0.8803088803088803, 0.867579908675799]
2023-12-14 21:24:14,923 - INFO - Accuracy_test_total: [0.8803088803088803, 0.858887381275441]
2023-12-14 21:24:28,320 - INFO - Accuracy_per_task_current_test: [0.8552123552123552, 0.867579908675799]
2023-12-14 21:24:28,582 - INFO - Current relation: ['person country of birth', 'organization website', 'organization shareholders', 'organization dissolved', 'organization founded by']
2023-12-14 21:24:44,083 - INFO - Train Simple Finished!
2023-12-14 21:24:53,756 - INFO - 25
2023-12-14 21:24:53,757 - INFO - 43
2023-12-14 21:25:22,090 - INFO - Train First Finished!
2023-12-14 21:25:27,797 - INFO - Length seen relation: 16
2023-12-14 21:25:27,797 - INFO - Train data memory: 16
2023-12-14 21:25:59,055 - INFO - Train Memory Finished!
2023-12-14 21:25:59,061 - INFO - 114
2023-12-14 21:25:59,061 - INFO - 851
2023-12-14 21:25:59,061 - INFO - ------------------------------------------------------------Evaluating------------------------------------------------------------
2023-12-14 21:26:17,451 - INFO - Restart Num 1
2023-12-14 21:26:17,451 - INFO - Task--3:
2023-12-14 21:26:17,451 - INFO - Current test acc: 0.34210526315789475
2023-12-14 21:26:17,451 - INFO - History test acc: 0.681551116333725
2023-12-14 21:26:17,452 - INFO - Accuracy_test_current: [0.8803088803088803, 0.867579908675799, 0.34210526315789475]
2023-12-14 21:26:17,452 - INFO - Accuracy_test_total: [0.8803088803088803, 0.858887381275441, 0.681551116333725]
2023-12-14 21:26:31,546 - INFO - Accuracy_per_task_current_test: [0.6776061776061776, 0.867579908675799, 0.34210526315789475]
2023-12-14 21:26:31,808 - INFO - Current relation: ['person cause of death', 'organization political religious affiliation', 'organization stateorprovince of headquarters', 'person other family', 'person city of death']
2023-12-14 21:26:52,009 - INFO - Train Simple Finished!
2023-12-14 21:27:04,333 - INFO - 25
2023-12-14 21:27:04,335 - INFO - 29
2023-12-14 21:27:33,666 - INFO - Train First Finished!
2023-12-14 21:27:39,070 - INFO - Length seen relation: 21
2023-12-14 21:27:39,071 - INFO - Train data memory: 21
2023-12-14 21:28:21,589 - INFO - Train Memory Finished!
2023-12-14 21:28:21,590 - INFO - 201
2023-12-14 21:28:21,590 - INFO - 1052
2023-12-14 21:28:21,590 - INFO - ------------------------------------------------------------Evaluating------------------------------------------------------------
2023-12-14 21:28:44,161 - INFO - Restart Num 1
2023-12-14 21:28:44,162 - INFO - Task--4:
2023-12-14 21:28:44,162 - INFO - Current test acc: 0.6218905472636815
2023-12-14 21:28:44,162 - INFO - History test acc: 0.6036121673003803
2023-12-14 21:28:44,162 - INFO - Accuracy_test_current: [0.8803088803088803, 0.867579908675799, 0.34210526315789475, 0.6218905472636815]
2023-12-14 21:28:44,162 - INFO - Accuracy_test_total: [0.8803088803088803, 0.858887381275441, 0.681551116333725, 0.6036121673003803]
2023-12-14 21:29:05,936 - INFO - Accuracy_per_task_current_test: [0.5752895752895753, 0.8036529680365296, 0.3157894736842105, 0.6218905472636815]
2023-12-14 21:29:06,226 - INFO - Current relation: ['organization subsidiaries', 'organization parents', 'organization alternate names', 'organization city of headquarters', 'person siblings']
2023-12-14 21:29:32,152 - INFO - Train Simple Finished!
2023-12-14 21:29:47,119 - INFO - 25
2023-12-14 21:29:47,119 - INFO - 25
2023-12-14 21:30:18,202 - INFO - Train First Finished!
2023-12-14 21:30:24,203 - INFO - Length seen relation: 26
2023-12-14 21:30:24,204 - INFO - Train data memory: 26
2023-12-14 21:31:17,008 - INFO - Train Memory Finished!
2023-12-14 21:31:17,011 - INFO - 343
2023-12-14 21:31:17,012 - INFO - 1395
2023-12-14 21:31:17,012 - INFO - ------------------------------------------------------------Evaluating------------------------------------------------------------
2023-12-14 21:31:49,950 - INFO - Restart Num 1
2023-12-14 21:31:49,952 - INFO - Task--5:
2023-12-14 21:31:49,952 - INFO - Current test acc: 0.5393586005830904
2023-12-14 21:31:49,952 - INFO - History test acc: 0.5412186379928315
2023-12-14 21:31:49,952 - INFO - Accuracy_test_current: [0.8803088803088803, 0.867579908675799, 0.34210526315789475, 0.6218905472636815, 0.5393586005830904]
2023-12-14 21:31:49,952 - INFO - Accuracy_test_total: [0.8803088803088803, 0.858887381275441, 0.681551116333725, 0.6036121673003803, 0.5412186379928315]
2023-12-14 21:32:19,125 - INFO - Accuracy_per_task_current_test: [0.5038610038610039, 0.5799086757990868, 0.40350877192982454, 0.6766169154228856, 0.5393586005830904]
2023-12-14 21:32:19,354 - INFO - Current relation: ['organization founded', 'person age', 'person city of birth', 'organization members', 'person religion']
2023-12-14 21:32:43,049 - INFO - Train Simple Finished!
2023-12-14 21:33:01,200 - INFO - 25
2023-12-14 21:33:01,200 - INFO - 27
2023-12-14 21:33:29,249 - INFO - Train First Finished!
2023-12-14 21:33:33,711 - INFO - Length seen relation: 31
2023-12-14 21:33:33,711 - INFO - Train data memory: 31
2023-12-14 21:34:29,808 - INFO - Train Memory Finished!
2023-12-14 21:34:29,809 - INFO - 220
2023-12-14 21:34:29,809 - INFO - 1615
2023-12-14 21:34:29,809 - INFO - ------------------------------------------------------------Evaluating------------------------------------------------------------
2023-12-14 21:35:01,003 - INFO - Restart Num 1
2023-12-14 21:35:01,004 - INFO - Task--6:
2023-12-14 21:35:01,005 - INFO - Current test acc: 0.7818181818181819
2023-12-14 21:35:01,005 - INFO - History test acc: 0.5702786377708978
2023-12-14 21:35:01,005 - INFO - Accuracy_test_current: [0.8803088803088803, 0.867579908675799, 0.34210526315789475, 0.6218905472636815, 0.5393586005830904, 0.7818181818181819]
2023-12-14 21:35:01,005 - INFO - Accuracy_test_total: [0.8803088803088803, 0.858887381275441, 0.681551116333725, 0.6036121673003803, 0.5412186379928315, 0.5702786377708978]
2023-12-14 21:35:29,155 - INFO - Accuracy_per_task_current_test: [0.5579150579150579, 0.634703196347032, 0.37719298245614036, 0.5970149253731343, 0.4606413994169096, 0.7818181818181819]
2023-12-14 21:35:29,397 - INFO - Current relation: ['person stateorprovinces of residence', 'person date of death', 'organization number of employees members', 'person alternate names', 'person spouse']
2023-12-14 21:35:54,823 - INFO - Train Simple Finished!
2023-12-14 21:36:14,857 - INFO - 25
2023-12-14 21:36:14,858 - INFO - 25
2023-12-14 21:36:45,280 - INFO - Train First Finished!
2023-12-14 21:36:51,623 - INFO - Length seen relation: 36
2023-12-14 21:36:51,624 - INFO - Train data memory: 36
2023-12-14 21:38:04,275 - INFO - Train Memory Finished!
2023-12-14 21:38:04,276 - INFO - 231
2023-12-14 21:38:04,276 - INFO - 1846
2023-12-14 21:38:04,276 - INFO - ------------------------------------------------------------Evaluating------------------------------------------------------------
2023-12-14 21:38:40,709 - INFO - Restart Num 1
2023-12-14 21:38:40,710 - INFO - Task--7:
2023-12-14 21:38:40,710 - INFO - Current test acc: 0.6363636363636364
2023-12-14 21:38:40,710 - INFO - History test acc: 0.5411700975081257
2023-12-14 21:38:40,710 - INFO - Accuracy_test_current: [0.8803088803088803, 0.867579908675799, 0.34210526315789475, 0.6218905472636815, 0.5393586005830904, 0.7818181818181819, 0.6363636363636364]
2023-12-14 21:38:40,710 - INFO - Accuracy_test_total: [0.8803088803088803, 0.858887381275441, 0.681551116333725, 0.6036121673003803, 0.5412186379928315, 0.5702786377708978, 0.5411700975081257]
2023-12-14 21:39:15,816 - INFO - Accuracy_per_task_current_test: [0.5694980694980695, 0.4429223744292237, 0.2631578947368421, 0.4626865671641791, 0.4752186588921283, 0.7909090909090909, 0.6363636363636364]
2023-12-14 21:39:16,100 - INFO - Current relation: ['person cities of residence', 'person schools attended', 'person country of death', 'person children', 'person charges']
2023-12-14 21:39:44,562 - INFO - Train Simple Finished!
2023-12-14 21:40:06,214 - INFO - 25
2023-12-14 21:40:06,216 - INFO - 25
2023-12-14 21:40:40,451 - INFO - Train First Finished!
2023-12-14 21:40:45,847 - INFO - Length seen relation: 41
2023-12-14 21:40:45,848 - INFO - Train data memory: 41
2023-12-14 21:42:07,734 - INFO - Train Memory Finished!
2023-12-14 21:42:07,736 - INFO - 276
2023-12-14 21:42:07,737 - INFO - 2122
2023-12-14 21:42:07,737 - INFO - ------------------------------------------------------------Evaluating------------------------------------------------------------
2023-12-14 21:42:52,455 - INFO - Restart Num 1
2023-12-14 21:42:52,456 - INFO - Task--8:
2023-12-14 21:42:52,456 - INFO - Current test acc: 0.8695652173913043
2023-12-14 21:42:52,456 - INFO - History test acc: 0.5301602262016966
2023-12-14 21:42:52,456 - INFO - Accuracy_test_current: [0.8803088803088803, 0.867579908675799, 0.34210526315789475, 0.6218905472636815, 0.5393586005830904, 0.7818181818181819, 0.6363636363636364, 0.8695652173913043]
2023-12-14 21:42:52,456 - INFO - Accuracy_test_total: [0.8803088803088803, 0.858887381275441, 0.681551116333725, 0.6036121673003803, 0.5412186379928315, 0.5702786377708978, 0.5411700975081257, 0.5301602262016966]
2023-12-14 21:43:35,194 - INFO - Accuracy_per_task_current_test: [0.6003861003861004, 0.2557077625570776, 0.2543859649122807, 0.31840796019900497, 0.40524781341107874, 0.7818181818181819, 0.4935064935064935, 0.8695652173913043]
2023-12-14 21:43:35,504 - INFO - Result_whole_test: [array([88.03088803, 85.88873813, 68.15511163, 60.36121673, 54.1218638 ,
       57.02786378, 54.11700975, 53.01602262])]
2023-12-14 21:43:35,504 - INFO - Avg_result_cur_test: [0.88030888 0.86757991 0.34210526 0.62189055 0.5393586  0.78181818
 0.63636364 0.86956522]
2023-12-14 21:43:35,505 - INFO - Avg_result_all_test: [88.03088803 85.88873813 68.15511163 60.36121673 54.1218638  57.02786378
 54.11700975 53.01602262]
2023-12-14 21:43:35,505 - INFO - Std_result_all_test: [0. 0. 0. 0. 0. 0. 0. 0.]
2023-12-14 21:44:19,748 - INFO - Accuracy_result_all_test: [0.6003861003861004, 0.2557077625570776, 0.2543859649122807, 0.31840796019900497, 0.40524781341107874, 0.7818181818181819, 0.4935064935064935, 0.8695652173913043]
2023-12-14 21:44:19,750 - INFO - Bwt_whole: [-0.22285210591156376]
2023-12-14 21:44:19,750 - INFO - Fwt_whole: [0.017836339941080425]
2023-12-14 21:44:19,750 - INFO - Avg_bwt_whole: -0.22285210591156376
2023-12-14 21:44:19,750 - INFO - Avg_fwt_whole: 0.017836339941080425
2023-12-14 21:44:28,522 - INFO - Current relation: ['person countries of residence', 'organization top members employees', 'organization member of', 'person origin', 'person title', 'organization country of headquarters']
2023-12-14 21:47:13,465 - INFO - Train Simple Finished!
2023-12-14 21:49:11,363 - INFO - 600
2023-12-14 21:49:11,364 - INFO - 638
2023-12-14 22:00:36,434 - INFO - Train First Finished!
2023-12-14 22:01:00,231 - INFO - Length seen relation: 6
2023-12-14 22:01:00,232 - INFO - Train data memory: 6
2023-12-14 22:01:20,520 - INFO - Train Memory Finished!
2023-12-14 22:01:20,529 - INFO - 518
2023-12-14 22:01:20,529 - INFO - 518
2023-12-14 22:01:20,529 - INFO - ------------------------------------------------------------Evaluating------------------------------------------------------------
2023-12-14 22:01:37,627 - INFO - Restart Num 2
2023-12-14 22:01:37,628 - INFO - Task--1:
2023-12-14 22:01:37,628 - INFO - Current test acc: 0.8764478764478765
2023-12-14 22:01:37,628 - INFO - History test acc: 0.8764478764478765
2023-12-14 22:01:37,628 - INFO - Accuracy_test_current: [0.8764478764478765]
2023-12-14 22:01:37,628 - INFO - Accuracy_test_total: [0.8764478764478765]
2023-12-14 22:01:47,719 - INFO - Accuracy_per_task_current_test: [0.8764478764478765]
2023-12-14 22:01:47,961 - INFO - Current relation: ['person stateorprovinces of residence', 'person date of death', 'organization number of employees members', 'person alternate names', 'person spouse']
2023-12-14 22:02:02,885 - INFO - Train Simple Finished!
2023-12-14 22:02:11,714 - INFO - 25
2023-12-14 22:02:11,715 - INFO - 68
2023-12-14 22:02:39,281 - INFO - Train First Finished!
2023-12-14 22:02:45,311 - INFO - Length seen relation: 11
2023-12-14 22:02:45,312 - INFO - Train data memory: 11
2023-12-14 22:03:08,387 - INFO - Train Memory Finished!
2023-12-14 22:03:08,391 - INFO - 231
2023-12-14 22:03:08,391 - INFO - 749
2023-12-14 22:03:08,391 - INFO - ------------------------------------------------------------Evaluating------------------------------------------------------------
2023-12-14 22:03:26,676 - INFO - Restart Num 2
2023-12-14 22:03:26,677 - INFO - Task--2:
2023-12-14 22:03:26,677 - INFO - Current test acc: 0.6233766233766234
2023-12-14 22:03:26,677 - INFO - History test acc: 0.7823765020026703
2023-12-14 22:03:26,677 - INFO - Accuracy_test_current: [0.8764478764478765, 0.6233766233766234]
2023-12-14 22:03:26,677 - INFO - Accuracy_test_total: [0.8764478764478765, 0.7823765020026703]
2023-12-14 22:03:41,672 - INFO - Accuracy_per_task_current_test: [0.8532818532818532, 0.6233766233766234]
2023-12-14 22:03:41,906 - INFO - Current relation: ['person date of birth', 'person stateorprovince of birth', 'person parents', 'person employee of', 'person stateorprovince of death']
2023-12-14 22:04:00,651 - INFO - Train Simple Finished!
2023-12-14 22:04:11,280 - INFO - 25
2023-12-14 22:04:11,282 - INFO - 27
2023-12-14 22:04:41,888 - INFO - Train First Finished!
2023-12-14 22:04:46,714 - INFO - Length seen relation: 16
2023-12-14 22:04:46,715 - INFO - Train data memory: 16
2023-12-14 22:05:18,687 - INFO - Train Memory Finished!
2023-12-14 22:05:18,689 - INFO - 219
2023-12-14 22:05:18,693 - INFO - 968
2023-12-14 22:05:18,693 - INFO - ------------------------------------------------------------Evaluating------------------------------------------------------------
2023-12-14 22:05:37,637 - INFO - Restart Num 2
2023-12-14 22:05:37,638 - INFO - Task--3:
2023-12-14 22:05:37,638 - INFO - Current test acc: 0.6940639269406392
2023-12-14 22:05:37,638 - INFO - History test acc: 0.7035123966942148
2023-12-14 22:05:37,638 - INFO - Accuracy_test_current: [0.8764478764478765, 0.6233766233766234, 0.6940639269406392]
2023-12-14 22:05:37,639 - INFO - Accuracy_test_total: [0.8764478764478765, 0.7823765020026703, 0.7035123966942148]
2023-12-14 22:05:56,760 - INFO - Accuracy_per_task_current_test: [0.8166023166023166, 0.4588744588744589, 0.6940639269406392]
2023-12-14 22:05:57,023 - INFO - Current relation: ['person cities of residence', 'person schools attended', 'person country of death', 'person children', 'person charges']
2023-12-14 22:06:18,228 - INFO - Train Simple Finished!
2023-12-14 22:06:29,742 - INFO - 25
2023-12-14 22:06:29,744 - INFO - 25
2023-12-14 22:06:59,937 - INFO - Train First Finished!
2023-12-14 22:07:05,728 - INFO - Length seen relation: 21
2023-12-14 22:07:05,729 - INFO - Train data memory: 21
2023-12-14 22:07:47,065 - INFO - Train Memory Finished!
2023-12-14 22:07:47,066 - INFO - 276
2023-12-14 22:07:47,066 - INFO - 1244
2023-12-14 22:07:47,066 - INFO - ------------------------------------------------------------Evaluating------------------------------------------------------------
2023-12-14 22:08:11,429 - INFO - Restart Num 2
2023-12-14 22:08:11,430 - INFO - Task--4:
2023-12-14 22:08:11,431 - INFO - Current test acc: 0.8840579710144928
2023-12-14 22:08:11,431 - INFO - History test acc: 0.6294212218649518
2023-12-14 22:08:11,431 - INFO - Accuracy_test_current: [0.8764478764478765, 0.6233766233766234, 0.6940639269406392, 0.8840579710144928]
2023-12-14 22:08:11,431 - INFO - Accuracy_test_total: [0.8764478764478765, 0.7823765020026703, 0.7035123966942148, 0.6294212218649518]
2023-12-14 22:08:36,178 - INFO - Accuracy_per_task_current_test: [0.7065637065637066, 0.2943722943722944, 0.4794520547945205, 0.8840579710144928]
2023-12-14 22:08:36,427 - INFO - Current relation: ['organization subsidiaries', 'organization parents', 'organization alternate names', 'organization city of headquarters', 'person siblings']
2023-12-14 22:08:58,261 - INFO - Train Simple Finished!
2023-12-14 22:09:13,782 - INFO - 25
2023-12-14 22:09:13,784 - INFO - 25
2023-12-14 22:09:44,188 - INFO - Train First Finished!
2023-12-14 22:09:49,835 - INFO - Length seen relation: 26
2023-12-14 22:09:49,836 - INFO - Train data memory: 26
2023-12-14 22:10:45,606 - INFO - Train Memory Finished!
2023-12-14 22:10:45,607 - INFO - 343
2023-12-14 22:10:45,608 - INFO - 1587
2023-12-14 22:10:45,608 - INFO - ------------------------------------------------------------Evaluating------------------------------------------------------------
2023-12-14 22:11:23,530 - INFO - Restart Num 2
2023-12-14 22:11:23,532 - INFO - Task--5:
2023-12-14 22:11:23,533 - INFO - Current test acc: 0.5364431486880467
2023-12-14 22:11:23,533 - INFO - History test acc: 0.6068052930056711
2023-12-14 22:11:23,533 - INFO - Accuracy_test_current: [0.8764478764478765, 0.6233766233766234, 0.6940639269406392, 0.8840579710144928, 0.5364431486880467]
2023-12-14 22:11:23,533 - INFO - Accuracy_test_total: [0.8764478764478765, 0.7823765020026703, 0.7035123966942148, 0.6294212218649518, 0.6068052930056711]
2023-12-14 22:11:55,483 - INFO - Accuracy_per_task_current_test: [0.7355212355212355, 0.27705627705627706, 0.410958904109589, 0.8840579710144928, 0.5364431486880467]
2023-12-14 22:11:55,742 - INFO - Current relation: ['person country of birth', 'organization website', 'organization shareholders', 'organization dissolved', 'organization founded by']
2023-12-14 22:12:19,848 - INFO - Train Simple Finished!
2023-12-14 22:12:37,936 - INFO - 25
2023-12-14 22:12:37,938 - INFO - 25
2023-12-14 22:13:09,219 - INFO - Train First Finished!
2023-12-14 22:13:14,964 - INFO - Length seen relation: 31
2023-12-14 22:13:14,966 - INFO - Train data memory: 31
2023-12-14 22:14:18,042 - INFO - Train Memory Finished!
2023-12-14 22:14:18,044 - INFO - 114
2023-12-14 22:14:18,044 - INFO - 1701
2023-12-14 22:14:18,044 - INFO - ------------------------------------------------------------Evaluating------------------------------------------------------------
2023-12-14 22:14:50,171 - INFO - Restart Num 2
2023-12-14 22:14:50,171 - INFO - Task--6:
2023-12-14 22:14:50,172 - INFO - Current test acc: 0.5263157894736842
2023-12-14 22:14:50,172 - INFO - History test acc: 0.5426219870664315
2023-12-14 22:14:50,172 - INFO - Accuracy_test_current: [0.8764478764478765, 0.6233766233766234, 0.6940639269406392, 0.8840579710144928, 0.5364431486880467, 0.5263157894736842]
2023-12-14 22:14:50,172 - INFO - Accuracy_test_total: [0.8764478764478765, 0.7823765020026703, 0.7035123966942148, 0.6294212218649518, 0.6068052930056711, 0.5426219870664315]
2023-12-14 22:15:23,586 - INFO - Accuracy_per_task_current_test: [0.6177606177606177, 0.31601731601731603, 0.365296803652968, 0.8333333333333334, 0.46647230320699706, 0.5263157894736842]
2023-12-14 22:15:23,836 - INFO - Current relation: ['person cause of death', 'organization political religious affiliation', 'organization stateorprovince of headquarters', 'person other family', 'person city of death']
2023-12-14 22:15:50,713 - INFO - Train Simple Finished!
2023-12-14 22:16:11,037 - INFO - 25
2023-12-14 22:16:11,039 - INFO - 25
2023-12-14 22:16:45,120 - INFO - Train First Finished!
2023-12-14 22:16:50,984 - INFO - Length seen relation: 36
2023-12-14 22:16:50,984 - INFO - Train data memory: 36
2023-12-14 22:18:05,054 - INFO - Train Memory Finished!
2023-12-14 22:18:05,057 - INFO - 201
2023-12-14 22:18:05,057 - INFO - 1902
2023-12-14 22:18:05,057 - INFO - ------------------------------------------------------------Evaluating------------------------------------------------------------
2023-12-14 22:18:44,749 - INFO - Restart Num 2
2023-12-14 22:18:44,750 - INFO - Task--7:
2023-12-14 22:18:44,750 - INFO - Current test acc: 0.7064676616915423
2023-12-14 22:18:44,750 - INFO - History test acc: 0.4773922187171398
2023-12-14 22:18:44,750 - INFO - Accuracy_test_current: [0.8764478764478765, 0.6233766233766234, 0.6940639269406392, 0.8840579710144928, 0.5364431486880467, 0.5263157894736842, 0.7064676616915423]
2023-12-14 22:18:44,750 - INFO - Accuracy_test_total: [0.8764478764478765, 0.7823765020026703, 0.7035123966942148, 0.6294212218649518, 0.6068052930056711, 0.5426219870664315, 0.4773922187171398]
2023-12-14 22:19:24,440 - INFO - Accuracy_per_task_current_test: [0.6042471042471043, 0.24242424242424243, 0.2694063926940639, 0.5362318840579711, 0.3760932944606414, 0.5350877192982456, 0.7064676616915423]
2023-12-14 22:19:24,682 - INFO - Current relation: ['organization founded', 'person age', 'person city of birth', 'organization members', 'person religion']
2023-12-14 22:19:53,669 - INFO - Train Simple Finished!
2023-12-14 22:20:14,091 - INFO - 25
2023-12-14 22:20:14,092 - INFO - 25
2023-12-14 22:20:47,362 - INFO - Train First Finished!
2023-12-14 22:20:53,197 - INFO - Length seen relation: 41
2023-12-14 22:20:53,198 - INFO - Train data memory: 41
2023-12-14 22:22:14,798 - INFO - Train Memory Finished!
2023-12-14 22:22:14,799 - INFO - 220
2023-12-14 22:22:14,800 - INFO - 2122
2023-12-14 22:22:14,800 - INFO - ------------------------------------------------------------Evaluating------------------------------------------------------------
2023-12-14 22:22:56,142 - INFO - Restart Num 2
2023-12-14 22:22:56,143 - INFO - Task--8:
2023-12-14 22:22:56,143 - INFO - Current test acc: 0.8818181818181818
2023-12-14 22:22:56,143 - INFO - History test acc: 0.49151743638077283
2023-12-14 22:22:56,143 - INFO - Accuracy_test_current: [0.8764478764478765, 0.6233766233766234, 0.6940639269406392, 0.8840579710144928, 0.5364431486880467, 0.5263157894736842, 0.7064676616915423, 0.8818181818181818]
2023-12-14 22:22:56,143 - INFO - Accuracy_test_total: [0.8764478764478765, 0.7823765020026703, 0.7035123966942148, 0.6294212218649518, 0.6068052930056711, 0.5426219870664315, 0.4773922187171398, 0.49151743638077283]
2023-12-14 22:23:34,729 - INFO - Accuracy_per_task_current_test: [0.581081081081081, 0.23376623376623376, 0.2420091324200913, 0.5507246376811594, 0.30612244897959184, 0.5789473684210527, 0.5870646766169154, 0.8818181818181818]
2023-12-14 22:23:35,000 - INFO - Result_whole_test: [array([88.03088803, 85.88873813, 68.15511163, 60.36121673, 54.1218638 ,
       57.02786378, 54.11700975, 53.01602262]), array([87.64478764, 78.2376502 , 70.35123967, 62.94212219, 60.6805293 ,
       54.26219871, 47.73922187, 49.15174364])]
2023-12-14 22:23:35,001 - INFO - Avg_result_cur_test: [0.87837838 0.74547827 0.5180846  0.75297426 0.53790087 0.65406699
 0.67141565 0.8756917 ]
2023-12-14 22:23:35,002 - INFO - Avg_result_all_test: [87.83783784 82.06319416 69.25317565 61.65166946 57.40119655 55.64503124
 50.92811581 51.08388313]
2023-12-14 22:23:35,004 - INFO - Std_result_all_test: [0.19305019 3.82554396 1.09806402 1.29045273 3.27933275 1.38283254
 3.18889394 1.93213949]
2023-12-14 22:24:15,646 - INFO - Accuracy_result_all_test: [0.581081081081081, 0.23376623376623376, 0.2420091324200913, 0.5507246376811594, 0.30612244897959184, 0.5789473684210527, 0.5870646766169154, 0.8818181818181818]
2023-12-14 22:24:15,647 - INFO - Bwt_whole: [-0.22285210591156376, -0.2524939169523971]
2023-12-14 22:24:15,647 - INFO - Fwt_whole: [0.017836339941080425, 0.06532215017474184]
2023-12-14 22:24:15,647 - INFO - Avg_bwt_whole: -0.23767301143198044
2023-12-14 22:24:15,647 - INFO - Avg_fwt_whole: 0.041579245057911135
2023-12-14 22:24:23,353 - INFO - Current relation: ['person countries of residence', 'organization top members employees', 'organization member of', 'person origin', 'person title', 'organization country of headquarters']
2023-12-14 22:27:06,922 - INFO - Train Simple Finished!
2023-12-14 22:28:52,262 - INFO - 600
2023-12-14 22:28:52,263 - INFO - 606
2023-12-14 22:39:59,783 - INFO - Train First Finished!
2023-12-14 22:40:22,507 - INFO - Length seen relation: 6
2023-12-14 22:40:22,508 - INFO - Train data memory: 6
2023-12-14 22:40:43,788 - INFO - Train Memory Finished!
2023-12-14 22:40:43,797 - INFO - 518
2023-12-14 22:40:43,797 - INFO - 518
2023-12-14 22:40:43,797 - INFO - ------------------------------------------------------------Evaluating------------------------------------------------------------
2023-12-14 22:41:02,204 - INFO - Restart Num 3
2023-12-14 22:41:02,205 - INFO - Task--1:
2023-12-14 22:41:02,205 - INFO - Current test acc: 0.8725868725868726
2023-12-14 22:41:02,205 - INFO - History test acc: 0.8725868725868726
2023-12-14 22:41:02,205 - INFO - Accuracy_test_current: [0.8725868725868726]
2023-12-14 22:41:02,205 - INFO - Accuracy_test_total: [0.8725868725868726]
2023-12-14 22:41:11,906 - INFO - Accuracy_per_task_current_test: [0.8725868725868726]
2023-12-14 22:41:12,128 - INFO - Current relation: ['person cities of residence', 'person schools attended', 'person country of death', 'person children', 'person charges']
2023-12-14 22:41:31,143 - INFO - Train Simple Finished!
2023-12-14 22:41:40,566 - INFO - 25
2023-12-14 22:41:40,567 - INFO - 35
2023-12-14 22:42:07,418 - INFO - Train First Finished!
2023-12-14 22:42:13,606 - INFO - Length seen relation: 11
2023-12-14 22:42:13,607 - INFO - Train data memory: 11
2023-12-14 22:42:38,325 - INFO - Train Memory Finished!
2023-12-14 22:42:38,329 - INFO - 276
2023-12-14 22:42:38,329 - INFO - 794
2023-12-14 22:42:38,330 - INFO - ------------------------------------------------------------Evaluating------------------------------------------------------------
2023-12-14 22:42:58,003 - INFO - Restart Num 3
2023-12-14 22:42:58,005 - INFO - Task--2:
2023-12-14 22:42:58,006 - INFO - Current test acc: 0.7934782608695652
2023-12-14 22:42:58,006 - INFO - History test acc: 0.8047858942065491
2023-12-14 22:42:58,006 - INFO - Accuracy_test_current: [0.8725868725868726, 0.7934782608695652]
2023-12-14 22:42:58,006 - INFO - Accuracy_test_total: [0.8725868725868726, 0.8047858942065491]
2023-12-14 22:43:11,729 - INFO - Accuracy_per_task_current_test: [0.8108108108108109, 0.7934782608695652]
2023-12-14 22:43:11,953 - INFO - Current relation: ['person date of birth', 'person stateorprovince of birth', 'person parents', 'person employee of', 'person stateorprovince of death']
2023-12-14 22:43:29,558 - INFO - Train Simple Finished!
2023-12-14 22:43:40,385 - INFO - 25
2023-12-14 22:43:40,387 - INFO - 27
2023-12-14 22:44:08,849 - INFO - Train First Finished!
2023-12-14 22:44:13,497 - INFO - Length seen relation: 16
2023-12-14 22:44:13,497 - INFO - Train data memory: 16
2023-12-14 22:44:43,425 - INFO - Train Memory Finished!
2023-12-14 22:44:43,427 - INFO - 219
2023-12-14 22:44:43,427 - INFO - 1013
2023-12-14 22:44:43,427 - INFO - ------------------------------------------------------------Evaluating------------------------------------------------------------
2023-12-14 22:45:05,001 - INFO - Restart Num 3
2023-12-14 22:45:05,002 - INFO - Task--3:
2023-12-14 22:45:05,002 - INFO - Current test acc: 0.5068493150684932
2023-12-14 22:45:05,003 - INFO - History test acc: 0.7137216189536032
2023-12-14 22:45:05,003 - INFO - Accuracy_test_current: [0.8725868725868726, 0.7934782608695652, 0.5068493150684932]
2023-12-14 22:45:05,003 - INFO - Accuracy_test_total: [0.8725868725868726, 0.8047858942065491, 0.7137216189536032]
2023-12-14 22:45:21,276 - INFO - Accuracy_per_task_current_test: [0.7915057915057915, 0.7318840579710145, 0.5068493150684932]
2023-12-14 22:45:21,540 - INFO - Current relation: ['organization founded', 'person age', 'person city of birth', 'organization members', 'person religion']
2023-12-14 22:45:41,004 - INFO - Train Simple Finished!
2023-12-14 22:45:53,372 - INFO - 25
2023-12-14 22:45:53,373 - INFO - 26
2023-12-14 22:46:20,932 - INFO - Train First Finished!
2023-12-14 22:46:27,396 - INFO - Length seen relation: 21
2023-12-14 22:46:27,397 - INFO - Train data memory: 21
2023-12-14 22:47:09,313 - INFO - Train Memory Finished!
2023-12-14 22:47:09,314 - INFO - 220
2023-12-14 22:47:09,314 - INFO - 1233
2023-12-14 22:47:09,314 - INFO - ------------------------------------------------------------Evaluating------------------------------------------------------------
2023-12-14 22:47:38,346 - INFO - Restart Num 3
2023-12-14 22:47:38,347 - INFO - Task--4:
2023-12-14 22:47:38,347 - INFO - Current test acc: 0.75
2023-12-14 22:47:38,347 - INFO - History test acc: 0.7177615571776156
2023-12-14 22:47:38,347 - INFO - Accuracy_test_current: [0.8725868725868726, 0.7934782608695652, 0.5068493150684932, 0.75]
2023-12-14 22:47:38,347 - INFO - Accuracy_test_total: [0.8725868725868726, 0.8047858942065491, 0.7137216189536032, 0.7177615571776156]
2023-12-14 22:48:00,193 - INFO - Accuracy_per_task_current_test: [0.7702702702702703, 0.5507246376811594, 0.771689497716895, 0.75]
2023-12-14 22:48:00,440 - INFO - Current relation: ['person cause of death', 'organization political religious affiliation', 'organization stateorprovince of headquarters', 'person other family', 'person city of death']
2023-12-14 22:48:23,587 - INFO - Train Simple Finished!
2023-12-14 22:48:38,740 - INFO - 25
2023-12-14 22:48:38,741 - INFO - 25
2023-12-14 22:49:11,097 - INFO - Train First Finished!
2023-12-14 22:49:16,027 - INFO - Length seen relation: 26
2023-12-14 22:49:16,028 - INFO - Train data memory: 26
2023-12-14 22:50:08,499 - INFO - Train Memory Finished!
2023-12-14 22:50:08,501 - INFO - 201
2023-12-14 22:50:08,501 - INFO - 1434
2023-12-14 22:50:08,502 - INFO - ------------------------------------------------------------Evaluating------------------------------------------------------------
2023-12-14 22:50:40,704 - INFO - Restart Num 3
2023-12-14 22:50:40,705 - INFO - Task--5:
2023-12-14 22:50:40,705 - INFO - Current test acc: 0.7860696517412935
2023-12-14 22:50:40,706 - INFO - History test acc: 0.6520223152022315
2023-12-14 22:50:40,706 - INFO - Accuracy_test_current: [0.8725868725868726, 0.7934782608695652, 0.5068493150684932, 0.75, 0.7860696517412935]
2023-12-14 22:50:40,706 - INFO - Accuracy_test_total: [0.8725868725868726, 0.8047858942065491, 0.7137216189536032, 0.7177615571776156, 0.6520223152022315]
2023-12-14 22:51:11,624 - INFO - Accuracy_per_task_current_test: [0.7702702702702703, 0.4855072463768116, 0.3607305936073059, 0.75, 0.7860696517412935]
2023-12-14 22:51:11,887 - INFO - Current relation: ['person stateorprovinces of residence', 'person date of death', 'organization number of employees members', 'person alternate names', 'person spouse']
2023-12-14 22:51:38,088 - INFO - Train Simple Finished!
2023-12-14 22:51:56,465 - INFO - 25
2023-12-14 22:51:56,467 - INFO - 25
2023-12-14 22:52:27,409 - INFO - Train First Finished!
2023-12-14 22:52:33,156 - INFO - Length seen relation: 31
2023-12-14 22:52:33,157 - INFO - Train data memory: 31
2023-12-14 22:53:30,663 - INFO - Train Memory Finished!
2023-12-14 22:53:30,664 - INFO - 231
2023-12-14 22:53:30,665 - INFO - 1665
2023-12-14 22:53:30,665 - INFO - ------------------------------------------------------------Evaluating------------------------------------------------------------
2023-12-14 22:54:00,109 - INFO - Restart Num 3
2023-12-14 22:54:00,110 - INFO - Task--6:
2023-12-14 22:54:00,110 - INFO - Current test acc: 0.6233766233766234
2023-12-14 22:54:00,110 - INFO - History test acc: 0.6342342342342342
2023-12-14 22:54:00,110 - INFO - Accuracy_test_current: [0.8725868725868726, 0.7934782608695652, 0.5068493150684932, 0.75, 0.7860696517412935, 0.6233766233766234]
2023-12-14 22:54:00,110 - INFO - Accuracy_test_total: [0.8725868725868726, 0.8047858942065491, 0.7137216189536032, 0.7177615571776156, 0.6520223152022315, 0.6342342342342342]
2023-12-14 22:54:30,421 - INFO - Accuracy_per_task_current_test: [0.7837837837837838, 0.4528985507246377, 0.3013698630136986, 0.759090909090909, 0.736318407960199, 0.6233766233766234]
2023-12-14 22:54:30,678 - INFO - Current relation: ['person country of birth', 'organization website', 'organization shareholders', 'organization dissolved', 'organization founded by']
2023-12-14 22:54:54,132 - INFO - Train Simple Finished!
2023-12-14 22:55:13,488 - INFO - 25
2023-12-14 22:55:13,489 - INFO - 25
2023-12-14 22:55:45,055 - INFO - Train First Finished!
2023-12-14 22:55:51,112 - INFO - Length seen relation: 36
2023-12-14 22:55:51,113 - INFO - Train data memory: 36
2023-12-14 22:57:03,643 - INFO - Train Memory Finished!
2023-12-14 22:57:03,647 - INFO - 114
2023-12-14 22:57:03,647 - INFO - 1779
2023-12-14 22:57:03,647 - INFO - ------------------------------------------------------------Evaluating------------------------------------------------------------
2023-12-14 22:57:35,836 - INFO - Restart Num 3
2023-12-14 22:57:35,839 - INFO - Task--7:
2023-12-14 22:57:35,839 - INFO - Current test acc: 0.42105263157894735
2023-12-14 22:57:35,840 - INFO - History test acc: 0.5997751545812254
2023-12-14 22:57:35,840 - INFO - Accuracy_test_current: [0.8725868725868726, 0.7934782608695652, 0.5068493150684932, 0.75, 0.7860696517412935, 0.6233766233766234, 0.42105263157894735]
2023-12-14 22:57:35,840 - INFO - Accuracy_test_total: [0.8725868725868726, 0.8047858942065491, 0.7137216189536032, 0.7177615571776156, 0.6520223152022315, 0.6342342342342342, 0.5997751545812254]
2023-12-14 22:58:12,431 - INFO - Accuracy_per_task_current_test: [0.6640926640926641, 0.5072463768115942, 0.3470319634703196, 0.740909090909091, 0.681592039800995, 0.6883116883116883, 0.42105263157894735]
2023-12-14 22:58:12,687 - INFO - Current relation: ['organization subsidiaries', 'organization parents', 'organization alternate names', 'organization city of headquarters', 'person siblings']
2023-12-14 22:58:43,377 - INFO - Train Simple Finished!
2023-12-14 22:59:06,371 - INFO - 25
2023-12-14 22:59:06,371 - INFO - 25
2023-12-14 22:59:39,014 - INFO - Train First Finished!
2023-12-14 22:59:45,235 - INFO - Length seen relation: 41
2023-12-14 22:59:45,235 - INFO - Train data memory: 41
2023-12-14 23:01:12,554 - INFO - Train Memory Finished!
2023-12-14 23:01:12,556 - INFO - 343
2023-12-14 23:01:12,556 - INFO - 2122
2023-12-14 23:01:12,556 - INFO - ------------------------------------------------------------Evaluating------------------------------------------------------------
2023-12-14 23:01:57,616 - INFO - Restart Num 3
2023-12-14 23:01:57,617 - INFO - Task--8:
2023-12-14 23:01:57,618 - INFO - Current test acc: 0.6355685131195336
2023-12-14 23:01:57,618 - INFO - History test acc: 0.5424128180961357
2023-12-14 23:01:57,618 - INFO - Accuracy_test_current: [0.8725868725868726, 0.7934782608695652, 0.5068493150684932, 0.75, 0.7860696517412935, 0.6233766233766234, 0.42105263157894735, 0.6355685131195336]
2023-12-14 23:01:57,618 - INFO - Accuracy_test_total: [0.8725868725868726, 0.8047858942065491, 0.7137216189536032, 0.7177615571776156, 0.6520223152022315, 0.6342342342342342, 0.5997751545812254, 0.5424128180961357]
2023-12-14 23:02:41,554 - INFO - Accuracy_per_task_current_test: [0.6544401544401545, 0.47101449275362317, 0.2146118721461187, 0.7454545454545455, 0.5124378109452736, 0.4935064935064935, 0.3157894736842105, 0.6355685131195336]
2023-12-14 23:02:41,765 - INFO - Result_whole_test: [array([88.03088803, 85.88873813, 68.15511163, 60.36121673, 54.1218638 ,
       57.02786378, 54.11700975, 53.01602262]), array([87.64478764, 78.2376502 , 70.35123967, 62.94212219, 60.6805293 ,
       54.26219871, 47.73922187, 49.15174364]), array([87.25868726, 80.47858942, 71.3721619 , 71.77615572, 65.20223152,
       63.42342342, 59.97751546, 54.24128181])]
2023-12-14 23:02:41,766 - INFO - Avg_result_cur_test: [0.87644788 0.76147826 0.5143395  0.75198284 0.6206238  0.64383686
 0.58796131 0.79565064]
2023-12-14 23:02:41,766 - INFO - Avg_result_all_test: [87.64478764 81.53499258 69.9595044  65.02649821 60.00154154 58.23782864
 53.94458236 52.13634936]
2023-12-14 23:02:41,767 - INFO - Std_result_all_test: [0.31524965 3.21162237 1.34224824 4.88764944 4.548949   3.83666703
 4.99774989 2.16890425]
2023-12-14 23:03:22,812 - INFO - Accuracy_result_all_test: [0.6544401544401545, 0.47101449275362317, 0.2146118721461187, 0.7454545454545455, 0.5124378109452736, 0.4935064935064935, 0.3157894736842105, 0.6355685131195336]
2023-12-14 23:03:22,814 - INFO - Bwt_whole: [-0.22285210591156376, -0.2524939169523971, -0.192308358898768]
2023-12-14 23:03:22,814 - INFO - Fwt_whole: [0.017836339941080425, 0.06532215017474184, 0.028318957378494068]
2023-12-14 23:03:22,814 - INFO - Avg_bwt_whole: -0.22255146058757627
2023-12-14 23:03:22,814 - INFO - Avg_fwt_whole: 0.037159149164772115
2023-12-14 23:03:30,855 - INFO - Current relation: ['person countries of residence', 'organization top members employees', 'organization member of', 'person origin', 'person title', 'organization country of headquarters']
2023-12-14 23:06:09,199 - INFO - Train Simple Finished!
2023-12-14 23:08:09,013 - INFO - 600
2023-12-14 23:08:09,014 - INFO - 612
2023-12-14 23:19:27,538 - INFO - Train First Finished!
2023-12-14 23:19:50,711 - INFO - Length seen relation: 6
2023-12-14 23:19:50,712 - INFO - Train data memory: 6
2023-12-14 23:20:12,377 - INFO - Train Memory Finished!
2023-12-14 23:20:12,385 - INFO - 518
2023-12-14 23:20:12,385 - INFO - 518
2023-12-14 23:20:12,385 - INFO - ------------------------------------------------------------Evaluating------------------------------------------------------------
2023-12-14 23:20:32,632 - INFO - Restart Num 4
2023-12-14 23:20:32,632 - INFO - Task--1:
2023-12-14 23:20:32,632 - INFO - Current test acc: 0.8822393822393823
2023-12-14 23:20:32,632 - INFO - History test acc: 0.8822393822393823
2023-12-14 23:20:32,632 - INFO - Accuracy_test_current: [0.8822393822393823]
2023-12-14 23:20:32,632 - INFO - Accuracy_test_total: [0.8822393822393823]
2023-12-14 23:20:39,944 - INFO - Accuracy_per_task_current_test: [0.8822393822393823]
2023-12-14 23:20:40,187 - INFO - Current relation: ['person country of birth', 'organization website', 'organization shareholders', 'organization dissolved', 'organization founded by']
2023-12-14 23:20:57,054 - INFO - Train Simple Finished!
2023-12-14 23:21:06,523 - INFO - 25
2023-12-14 23:21:06,525 - INFO - 95
2023-12-14 23:21:35,459 - INFO - Train First Finished!
2023-12-14 23:21:41,513 - INFO - Length seen relation: 11
2023-12-14 23:21:41,514 - INFO - Train data memory: 11
2023-12-14 23:22:06,619 - INFO - Train Memory Finished!
2023-12-14 23:22:06,620 - INFO - 114
2023-12-14 23:22:06,620 - INFO - 632
2023-12-14 23:22:06,620 - INFO - ------------------------------------------------------------Evaluating------------------------------------------------------------
2023-12-14 23:22:20,924 - INFO - Restart Num 4
2023-12-14 23:22:20,926 - INFO - Task--2:
2023-12-14 23:22:20,926 - INFO - Current test acc: 0.868421052631579
2023-12-14 23:22:20,926 - INFO - History test acc: 0.6487341772151899
2023-12-14 23:22:20,926 - INFO - Accuracy_test_current: [0.8822393822393823, 0.868421052631579]
2023-12-14 23:22:20,926 - INFO - Accuracy_test_total: [0.8822393822393823, 0.6487341772151899]
2023-12-14 23:22:33,953 - INFO - Accuracy_per_task_current_test: [0.6003861003861004, 0.868421052631579]
2023-12-14 23:22:34,212 - INFO - Current relation: ['organization founded', 'person age', 'person city of birth', 'organization members', 'person religion']
2023-12-14 23:22:53,889 - INFO - Train Simple Finished!
2023-12-14 23:23:05,419 - INFO - 25
2023-12-14 23:23:05,421 - INFO - 27
2023-12-14 23:23:33,951 - INFO - Train First Finished!
2023-12-14 23:23:41,165 - INFO - Length seen relation: 16
2023-12-14 23:23:41,170 - INFO - Train data memory: 16
2023-12-14 23:24:13,384 - INFO - Train Memory Finished!
2023-12-14 23:24:13,386 - INFO - 220
2023-12-14 23:24:13,386 - INFO - 852
2023-12-14 23:24:13,386 - INFO - ------------------------------------------------------------Evaluating------------------------------------------------------------
2023-12-14 23:24:34,939 - INFO - Restart Num 4
2023-12-14 23:24:34,942 - INFO - Task--3:
2023-12-14 23:24:34,942 - INFO - Current test acc: 0.7681818181818182
2023-12-14 23:24:34,942 - INFO - History test acc: 0.6654929577464789
2023-12-14 23:24:34,942 - INFO - Accuracy_test_current: [0.8822393822393823, 0.868421052631579, 0.7681818181818182]
2023-12-14 23:24:34,942 - INFO - Accuracy_test_total: [0.8822393822393823, 0.6487341772151899, 0.6654929577464789]
2023-12-14 23:24:51,924 - INFO - Accuracy_per_task_current_test: [0.5868725868725869, 0.8245614035087719, 0.7681818181818182]
2023-12-14 23:24:52,173 - INFO - Current relation: ['person cities of residence', 'person schools attended', 'person country of death', 'person children', 'person charges']
2023-12-14 23:25:14,815 - INFO - Train Simple Finished!
2023-12-14 23:25:29,166 - INFO - 25
2023-12-14 23:25:29,167 - INFO - 25
2023-12-14 23:25:57,745 - INFO - Train First Finished!
2023-12-14 23:26:03,948 - INFO - Length seen relation: 21
2023-12-14 23:26:03,949 - INFO - Train data memory: 21
2023-12-14 23:26:49,700 - INFO - Train Memory Finished!
2023-12-14 23:26:49,702 - INFO - 276
2023-12-14 23:26:49,702 - INFO - 1128
2023-12-14 23:26:49,703 - INFO - ------------------------------------------------------------Evaluating------------------------------------------------------------
2023-12-14 23:27:16,493 - INFO - Restart Num 4
2023-12-14 23:27:16,493 - INFO - Task--4:
2023-12-14 23:27:16,493 - INFO - Current test acc: 0.8659420289855072
2023-12-14 23:27:16,493 - INFO - History test acc: 0.7154255319148937
2023-12-14 23:27:16,493 - INFO - Accuracy_test_current: [0.8822393822393823, 0.868421052631579, 0.7681818181818182, 0.8659420289855072]
2023-12-14 23:27:16,494 - INFO - Accuracy_test_total: [0.8822393822393823, 0.6487341772151899, 0.6654929577464789, 0.7154255319148937]
2023-12-14 23:27:40,085 - INFO - Accuracy_per_task_current_test: [0.5945945945945946, 0.7543859649122807, 0.7909090909090909, 0.8659420289855072]
2023-12-14 23:27:40,329 - INFO - Current relation: ['person cause of death', 'organization political religious affiliation', 'organization stateorprovince of headquarters', 'person other family', 'person city of death']
2023-12-14 23:28:04,661 - INFO - Train Simple Finished!
2023-12-14 23:28:21,025 - INFO - 25
2023-12-14 23:28:21,027 - INFO - 27
2023-12-14 23:28:50,558 - INFO - Train First Finished!
2023-12-14 23:28:55,231 - INFO - Length seen relation: 26
2023-12-14 23:28:55,231 - INFO - Train data memory: 26
2023-12-14 23:29:45,742 - INFO - Train Memory Finished!
2023-12-14 23:29:45,744 - INFO - 201
2023-12-14 23:29:45,745 - INFO - 1329
2023-12-14 23:29:45,745 - INFO - ------------------------------------------------------------Evaluating------------------------------------------------------------
2023-12-14 23:30:05,960 - INFO - Restart Num 4
2023-12-14 23:30:05,961 - INFO - Task--5:
2023-12-14 23:30:05,961 - INFO - Current test acc: 0.7014925373134329
2023-12-14 23:30:05,961 - INFO - History test acc: 0.671933784800602
2023-12-14 23:30:05,961 - INFO - Accuracy_test_current: [0.8822393822393823, 0.868421052631579, 0.7681818181818182, 0.8659420289855072, 0.7014925373134329]
2023-12-14 23:30:05,961 - INFO - Accuracy_test_total: [0.8822393822393823, 0.6487341772151899, 0.6654929577464789, 0.7154255319148937, 0.671933784800602]
2023-12-14 23:30:23,306 - INFO - Accuracy_per_task_current_test: [0.5135135135135135, 0.8070175438596491, 0.8136363636363636, 0.7789855072463768, 0.7014925373134329]
2023-12-14 23:30:23,519 - INFO - Current relation: ['person date of birth', 'person stateorprovince of birth', 'person parents', 'person employee of', 'person stateorprovince of death']
2023-12-14 23:30:46,134 - INFO - Train Simple Finished!
2023-12-14 23:31:04,773 - INFO - 25
2023-12-14 23:31:04,774 - INFO - 25
2023-12-14 23:31:36,583 - INFO - Train First Finished!
2023-12-14 23:31:42,038 - INFO - Length seen relation: 31
2023-12-14 23:31:42,039 - INFO - Train data memory: 31
2023-12-14 23:32:42,707 - INFO - Train Memory Finished!
2023-12-14 23:32:42,709 - INFO - 219
2023-12-14 23:32:42,709 - INFO - 1548
2023-12-14 23:32:42,709 - INFO - ------------------------------------------------------------Evaluating------------------------------------------------------------
2023-12-14 23:33:15,509 - INFO - Restart Num 4
2023-12-14 23:33:15,510 - INFO - Task--6:
2023-12-14 23:33:15,510 - INFO - Current test acc: 0.8310502283105022
2023-12-14 23:33:15,510 - INFO - History test acc: 0.6414728682170543
2023-12-14 23:33:15,510 - INFO - Accuracy_test_current: [0.8822393822393823, 0.868421052631579, 0.7681818181818182, 0.8659420289855072, 0.7014925373134329, 0.8310502283105022]
2023-12-14 23:33:15,510 - INFO - Accuracy_test_total: [0.8822393822393823, 0.6487341772151899, 0.6654929577464789, 0.7154255319148937, 0.671933784800602, 0.6414728682170543]
2023-12-14 23:33:45,262 - INFO - Accuracy_per_task_current_test: [0.5193050193050193, 0.8508771929824561, 0.7727272727272727, 0.6195652173913043, 0.5174129353233831, 0.8310502283105022]
2023-12-14 23:33:45,502 - INFO - Current relation: ['organization subsidiaries', 'organization parents', 'organization alternate names', 'organization city of headquarters', 'person siblings']
2023-12-14 23:34:15,385 - INFO - Train Simple Finished!
2023-12-14 23:34:36,459 - INFO - 25
2023-12-14 23:34:36,461 - INFO - 25
2023-12-14 23:35:07,676 - INFO - Train First Finished!
2023-12-14 23:35:13,664 - INFO - Length seen relation: 36
2023-12-14 23:35:13,666 - INFO - Train data memory: 36
2023-12-14 23:36:28,631 - INFO - Train Memory Finished!
2023-12-14 23:36:28,632 - INFO - 343
2023-12-14 23:36:28,632 - INFO - 1891
2023-12-14 23:36:28,632 - INFO - ------------------------------------------------------------Evaluating------------------------------------------------------------
2023-12-14 23:37:09,720 - INFO - Restart Num 4
2023-12-14 23:37:09,722 - INFO - Task--7:
2023-12-14 23:37:09,722 - INFO - Current test acc: 0.5131195335276968
2023-12-14 23:37:09,723 - INFO - History test acc: 0.5869910100475939
2023-12-14 23:37:09,723 - INFO - Accuracy_test_current: [0.8822393822393823, 0.868421052631579, 0.7681818181818182, 0.8659420289855072, 0.7014925373134329, 0.8310502283105022, 0.5131195335276968]
2023-12-14 23:37:09,723 - INFO - Accuracy_test_total: [0.8822393822393823, 0.6487341772151899, 0.6654929577464789, 0.7154255319148937, 0.671933784800602, 0.6414728682170543, 0.5869910100475939]
2023-12-14 23:37:44,472 - INFO - Accuracy_per_task_current_test: [0.5154440154440154, 0.7368421052631579, 0.7636363636363637, 0.6485507246376812, 0.40298507462686567, 0.7077625570776256, 0.5131195335276968]
2023-12-14 23:37:44,689 - INFO - Current relation: ['person stateorprovinces of residence', 'person date of death', 'organization number of employees members', 'person alternate names', 'person spouse']
2023-12-14 23:38:12,718 - INFO - Train Simple Finished!
2023-12-14 23:38:36,543 - INFO - 25
2023-12-14 23:38:36,545 - INFO - 25
2023-12-14 23:39:09,532 - INFO - Train First Finished!
2023-12-14 23:39:15,682 - INFO - Length seen relation: 41
2023-12-14 23:39:15,683 - INFO - Train data memory: 41
2023-12-14 23:40:41,829 - INFO - Train Memory Finished!
2023-12-14 23:40:41,831 - INFO - 231
2023-12-14 23:40:41,831 - INFO - 2122
2023-12-14 23:40:41,831 - INFO - ------------------------------------------------------------Evaluating------------------------------------------------------------
2023-12-14 23:41:25,248 - INFO - Restart Num 4
2023-12-14 23:41:25,249 - INFO - Task--8:
2023-12-14 23:41:25,249 - INFO - Current test acc: 0.6883116883116883
2023-12-14 23:41:25,249 - INFO - History test acc: 0.5796418473138548
2023-12-14 23:41:25,249 - INFO - Accuracy_test_current: [0.8822393822393823, 0.868421052631579, 0.7681818181818182, 0.8659420289855072, 0.7014925373134329, 0.8310502283105022, 0.5131195335276968, 0.6883116883116883]
2023-12-14 23:41:25,249 - INFO - Accuracy_test_total: [0.8822393822393823, 0.6487341772151899, 0.6654929577464789, 0.7154255319148937, 0.671933784800602, 0.6414728682170543, 0.5869910100475939, 0.5796418473138548]
2023-12-14 23:42:09,311 - INFO - Accuracy_per_task_current_test: [0.5521235521235521, 0.6842105263157895, 0.7772727272727272, 0.5942028985507246, 0.3681592039800995, 0.589041095890411, 0.49271137026239065, 0.6883116883116883]
2023-12-14 23:42:09,564 - INFO - Result_whole_test: [array([88.03088803, 85.88873813, 68.15511163, 60.36121673, 54.1218638 ,
       57.02786378, 54.11700975, 53.01602262]), array([87.64478764, 78.2376502 , 70.35123967, 62.94212219, 60.6805293 ,
       54.26219871, 47.73922187, 49.15174364]), array([87.25868726, 80.47858942, 71.3721619 , 71.77615572, 65.20223152,
       63.42342342, 59.97751546, 54.24128181]), array([88.22393822, 64.87341772, 66.54929577, 71.54255319, 67.19337848,
       64.14728682, 58.699101  , 57.96418473])]
2023-12-14 23:42:09,565 - INFO - Avg_result_cur_test: [0.87789575 0.78821396 0.57780008 0.78047264 0.64084098 0.69064021
 0.56925087 0.7688159 ]
2023-12-14 23:42:09,565 - INFO - Avg_result_all_test: [87.78957529 77.36959887 69.10695224 66.65551196 61.79950078 59.71519318
 55.13321202 53.5933082 ]
2023-12-14 23:42:09,565 - INFO - Std_result_all_test: [0.37071167 7.73223144 1.87929728 5.08703206 5.02172032 4.1937845
 4.79287485 3.14583796]
2023-12-14 23:42:54,143 - INFO - Accuracy_result_all_test: [0.5521235521235521, 0.6842105263157895, 0.7772727272727272, 0.5942028985507246, 0.3681592039800995, 0.589041095890411, 0.49271137026239065, 0.6883116883116883]
2023-12-14 23:42:54,145 - INFO - Bwt_whole: [-0.22285210591156376, -0.2524939169523971, -0.192308358898768, -0.19610360097060342]
2023-12-14 23:42:54,145 - INFO - Fwt_whole: [0.017836339941080425, 0.06532215017474184, 0.028318957378494068, 0.04071031577388452]
2023-12-14 23:42:54,145 - INFO - Avg_bwt_whole: -0.21593949568333307
2023-12-14 23:42:54,146 - INFO - Avg_fwt_whole: 0.03804694081705022
2023-12-14 23:43:02,124 - INFO - Current relation: ['person countries of residence', 'organization top members employees', 'organization member of', 'person origin', 'person title', 'organization country of headquarters']
2023-12-14 23:45:42,847 - INFO - Train Simple Finished!
2023-12-14 23:47:46,338 - INFO - 600
2023-12-14 23:47:46,339 - INFO - 616
2023-12-14 23:58:50,328 - INFO - Train First Finished!
2023-12-14 23:59:15,410 - INFO - Length seen relation: 6
2023-12-14 23:59:15,413 - INFO - Train data memory: 6
2023-12-14 23:59:36,979 - INFO - Train Memory Finished!
2023-12-14 23:59:36,986 - INFO - 518
2023-12-14 23:59:36,986 - INFO - 518
2023-12-14 23:59:36,986 - INFO - ------------------------------------------------------------Evaluating------------------------------------------------------------
2023-12-14 23:59:54,988 - INFO - Restart Num 5
2023-12-14 23:59:54,990 - INFO - Task--1:
2023-12-14 23:59:54,991 - INFO - Current test acc: 0.8803088803088803
2023-12-14 23:59:54,991 - INFO - History test acc: 0.8803088803088803
2023-12-14 23:59:54,991 - INFO - Accuracy_test_current: [0.8803088803088803]
2023-12-14 23:59:54,991 - INFO - Accuracy_test_total: [0.8803088803088803]
2023-12-15 00:00:05,642 - INFO - Accuracy_per_task_current_test: [0.8803088803088803]
2023-12-15 00:00:05,834 - INFO - Current relation: ['person cause of death', 'organization political religious affiliation', 'organization stateorprovince of headquarters', 'person other family', 'person city of death']
2023-12-15 00:00:22,634 - INFO - Train Simple Finished!
2023-12-15 00:00:30,195 - INFO - 25
2023-12-15 00:00:30,196 - INFO - 63
2023-12-15 00:00:57,215 - INFO - Train First Finished!
2023-12-15 00:01:03,220 - INFO - Length seen relation: 11
2023-12-15 00:01:03,221 - INFO - Train data memory: 11
2023-12-15 00:01:26,276 - INFO - Train Memory Finished!
2023-12-15 00:01:26,279 - INFO - 201
2023-12-15 00:01:26,279 - INFO - 719
2023-12-15 00:01:26,280 - INFO - ------------------------------------------------------------Evaluating------------------------------------------------------------
2023-12-15 00:01:36,239 - INFO - Restart Num 5
2023-12-15 00:01:36,240 - INFO - Task--2:
2023-12-15 00:01:36,240 - INFO - Current test acc: 0.6965174129353234
2023-12-15 00:01:36,240 - INFO - History test acc: 0.8219749652294854
2023-12-15 00:01:36,240 - INFO - Accuracy_test_current: [0.8803088803088803, 0.6965174129353234]
2023-12-15 00:01:36,240 - INFO - Accuracy_test_total: [0.8803088803088803, 0.8219749652294854]
2023-12-15 00:01:46,341 - INFO - Accuracy_per_task_current_test: [0.8706563706563707, 0.6965174129353234]
2023-12-15 00:01:46,525 - INFO - Current relation: ['person stateorprovinces of residence', 'person date of death', 'organization number of employees members', 'person alternate names', 'person spouse']
2023-12-15 00:02:03,846 - INFO - Train Simple Finished!
2023-12-15 00:02:15,207 - INFO - 25
2023-12-15 00:02:15,209 - INFO - 34
2023-12-15 00:02:43,118 - INFO - Train First Finished!
2023-12-15 00:02:48,694 - INFO - Length seen relation: 16
2023-12-15 00:02:48,699 - INFO - Train data memory: 16
2023-12-15 00:03:20,360 - INFO - Train Memory Finished!
2023-12-15 00:03:20,363 - INFO - 231
2023-12-15 00:03:20,364 - INFO - 950
2023-12-15 00:03:20,364 - INFO - ------------------------------------------------------------Evaluating------------------------------------------------------------
2023-12-15 00:03:42,607 - INFO - Restart Num 5
2023-12-15 00:03:42,608 - INFO - Task--3:
2023-12-15 00:03:42,608 - INFO - Current test acc: 0.4935064935064935
2023-12-15 00:03:42,608 - INFO - History test acc: 0.751578947368421
2023-12-15 00:03:42,608 - INFO - Accuracy_test_current: [0.8803088803088803, 0.6965174129353234, 0.4935064935064935]
2023-12-15 00:03:42,608 - INFO - Accuracy_test_total: [0.8803088803088803, 0.8219749652294854, 0.751578947368421]
2023-12-15 00:03:59,452 - INFO - Accuracy_per_task_current_test: [0.8783783783783784, 0.7213930348258707, 0.4935064935064935]
2023-12-15 00:03:59,687 - INFO - Current relation: ['organization subsidiaries', 'organization parents', 'organization alternate names', 'organization city of headquarters', 'person siblings']
2023-12-15 00:04:23,389 - INFO - Train Simple Finished!
2023-12-15 00:04:36,788 - INFO - 25
2023-12-15 00:04:36,790 - INFO - 25
2023-12-15 00:05:07,641 - INFO - Train First Finished!
2023-12-15 00:05:13,902 - INFO - Length seen relation: 21
2023-12-15 00:05:13,902 - INFO - Train data memory: 21
2023-12-15 00:05:59,403 - INFO - Train Memory Finished!
2023-12-15 00:05:59,406 - INFO - 343
2023-12-15 00:05:59,406 - INFO - 1293
2023-12-15 00:05:59,406 - INFO - ------------------------------------------------------------Evaluating------------------------------------------------------------
2023-12-15 00:06:24,439 - INFO - Restart Num 5
2023-12-15 00:06:24,440 - INFO - Task--4:
2023-12-15 00:06:24,440 - INFO - Current test acc: 0.4577259475218659
2023-12-15 00:06:24,440 - INFO - History test acc: 0.665893271461717
2023-12-15 00:06:24,440 - INFO - Accuracy_test_current: [0.8803088803088803, 0.6965174129353234, 0.4935064935064935, 0.4577259475218659]
2023-12-15 00:06:24,440 - INFO - Accuracy_test_total: [0.8803088803088803, 0.8219749652294854, 0.751578947368421, 0.665893271461717]
2023-12-15 00:06:50,132 - INFO - Accuracy_per_task_current_test: [0.8378378378378378, 0.7213930348258707, 0.5411255411255411, 0.4577259475218659]
2023-12-15 00:06:50,330 - INFO - Current relation: ['person cities of residence', 'person schools attended', 'person country of death', 'person children', 'person charges']
2023-12-15 00:07:11,189 - INFO - Train Simple Finished!
2023-12-15 00:07:23,481 - INFO - 25
2023-12-15 00:07:23,483 - INFO - 25
2023-12-15 00:07:52,947 - INFO - Train First Finished!
2023-12-15 00:07:58,843 - INFO - Length seen relation: 26
2023-12-15 00:07:58,844 - INFO - Train data memory: 26
2023-12-15 00:08:46,353 - INFO - Train Memory Finished!
2023-12-15 00:08:46,355 - INFO - 276
2023-12-15 00:08:46,356 - INFO - 1569
2023-12-15 00:08:46,356 - INFO - ------------------------------------------------------------Evaluating------------------------------------------------------------
2023-12-15 00:09:21,016 - INFO - Restart Num 5
2023-12-15 00:09:21,017 - INFO - Task--5:
2023-12-15 00:09:21,017 - INFO - Current test acc: 0.855072463768116
2023-12-15 00:09:21,017 - INFO - History test acc: 0.5717017208413002
2023-12-15 00:09:21,017 - INFO - Accuracy_test_current: [0.8803088803088803, 0.6965174129353234, 0.4935064935064935, 0.4577259475218659, 0.855072463768116]
2023-12-15 00:09:21,017 - INFO - Accuracy_test_total: [0.8803088803088803, 0.8219749652294854, 0.751578947368421, 0.665893271461717, 0.5717017208413002]
2023-12-15 00:09:51,849 - INFO - Accuracy_per_task_current_test: [0.7142857142857143, 0.39303482587064675, 0.341991341991342, 0.3877551020408163, 0.855072463768116]
2023-12-15 00:09:52,100 - INFO - Current relation: ['organization founded', 'person age', 'person city of birth', 'organization members', 'person religion']
2023-12-15 00:10:17,141 - INFO - Train Simple Finished!
2023-12-15 00:10:34,062 - INFO - 25
2023-12-15 00:10:34,064 - INFO - 25
2023-12-15 00:11:06,158 - INFO - Train First Finished!
2023-12-15 00:11:10,862 - INFO - Length seen relation: 31
2023-12-15 00:11:10,862 - INFO - Train data memory: 31
2023-12-15 00:12:13,418 - INFO - Train Memory Finished!
2023-12-15 00:12:13,422 - INFO - 220
2023-12-15 00:12:13,422 - INFO - 1789
2023-12-15 00:12:13,422 - INFO - ------------------------------------------------------------Evaluating------------------------------------------------------------
2023-12-15 00:12:52,547 - INFO - Restart Num 5
2023-12-15 00:12:52,549 - INFO - Task--6:
2023-12-15 00:12:52,549 - INFO - Current test acc: 0.8136363636363636
2023-12-15 00:12:52,549 - INFO - History test acc: 0.5477920626048072
2023-12-15 00:12:52,549 - INFO - Accuracy_test_current: [0.8803088803088803, 0.6965174129353234, 0.4935064935064935, 0.4577259475218659, 0.855072463768116, 0.8136363636363636]
2023-12-15 00:12:52,549 - INFO - Accuracy_test_total: [0.8803088803088803, 0.8219749652294854, 0.751578947368421, 0.665893271461717, 0.5717017208413002, 0.5477920626048072]
2023-12-15 00:13:24,477 - INFO - Accuracy_per_task_current_test: [0.6814671814671814, 0.40298507462686567, 0.36363636363636365, 0.29737609329446063, 0.6557971014492754, 0.8136363636363636]
2023-12-15 00:13:24,673 - INFO - Current relation: ['person date of birth', 'person stateorprovince of birth', 'person parents', 'person employee of', 'person stateorprovince of death']
2023-12-15 00:13:50,589 - INFO - Train Simple Finished!
2023-12-15 00:14:10,883 - INFO - 25
2023-12-15 00:14:10,883 - INFO - 25
2023-12-15 00:14:35,827 - INFO - Train First Finished!
2023-12-15 00:14:40,407 - INFO - Length seen relation: 36
2023-12-15 00:14:40,408 - INFO - Train data memory: 36
2023-12-15 00:15:50,183 - INFO - Train Memory Finished!
2023-12-15 00:15:50,185 - INFO - 219
2023-12-15 00:15:50,185 - INFO - 2008
2023-12-15 00:15:50,185 - INFO - ------------------------------------------------------------Evaluating------------------------------------------------------------
2023-12-15 00:16:29,221 - INFO - Restart Num 5
2023-12-15 00:16:29,223 - INFO - Task--7:
2023-12-15 00:16:29,223 - INFO - Current test acc: 0.684931506849315
2023-12-15 00:16:29,223 - INFO - History test acc: 0.5393426294820717
2023-12-15 00:16:29,223 - INFO - Accuracy_test_current: [0.8803088803088803, 0.6965174129353234, 0.4935064935064935, 0.4577259475218659, 0.855072463768116, 0.8136363636363636, 0.684931506849315]
2023-12-15 00:16:29,224 - INFO - Accuracy_test_total: [0.8803088803088803, 0.8219749652294854, 0.751578947368421, 0.665893271461717, 0.5717017208413002, 0.5477920626048072, 0.5393426294820717]
2023-12-15 00:17:08,148 - INFO - Accuracy_per_task_current_test: [0.693050193050193, 0.3283582089552239, 0.22943722943722944, 0.33819241982507287, 0.5942028985507246, 0.7954545454545454, 0.684931506849315]
2023-12-15 00:17:08,379 - INFO - Current relation: ['person country of birth', 'organization website', 'organization shareholders', 'organization dissolved', 'organization founded by']
2023-12-15 00:17:37,458 - INFO - Train Simple Finished!
2023-12-15 00:17:59,613 - INFO - 25
2023-12-15 00:17:59,614 - INFO - 25
2023-12-15 00:18:31,653 - INFO - Train First Finished!
2023-12-15 00:18:36,729 - INFO - Length seen relation: 41
2023-12-15 00:18:36,735 - INFO - Train data memory: 41
2023-12-15 00:20:01,064 - INFO - Train Memory Finished!
2023-12-15 00:20:01,066 - INFO - 114
2023-12-15 00:20:01,066 - INFO - 2122
2023-12-15 00:20:01,066 - INFO - ------------------------------------------------------------Evaluating------------------------------------------------------------
2023-12-15 00:20:41,217 - INFO - Restart Num 5
2023-12-15 00:20:41,218 - INFO - Task--8:
2023-12-15 00:20:41,218 - INFO - Current test acc: 0.3684210526315789
2023-12-15 00:20:41,218 - INFO - History test acc: 0.4783223374175306
2023-12-15 00:20:41,218 - INFO - Accuracy_test_current: [0.8803088803088803, 0.6965174129353234, 0.4935064935064935, 0.4577259475218659, 0.855072463768116, 0.8136363636363636, 0.684931506849315, 0.3684210526315789]
2023-12-15 00:20:41,218 - INFO - Accuracy_test_total: [0.8803088803088803, 0.8219749652294854, 0.751578947368421, 0.665893271461717, 0.5717017208413002, 0.5477920626048072, 0.5393426294820717, 0.4783223374175306]
2023-12-15 00:21:25,067 - INFO - Accuracy_per_task_current_test: [0.6138996138996139, 0.2935323383084577, 0.24242424242424243, 0.3119533527696793, 0.6123188405797102, 0.6545454545454545, 0.547945205479452, 0.3684210526315789]
2023-12-15 00:21:25,284 - INFO - Result_whole_test: [array([88.03088803, 85.88873813, 68.15511163, 60.36121673, 54.1218638 ,
       57.02786378, 54.11700975, 53.01602262]), array([87.64478764, 78.2376502 , 70.35123967, 62.94212219, 60.6805293 ,
       54.26219871, 47.73922187, 49.15174364]), array([87.25868726, 80.47858942, 71.3721619 , 71.77615572, 65.20223152,
       63.42342342, 59.97751546, 54.24128181]), array([88.22393822, 64.87341772, 66.54929577, 71.54255319, 67.19337848,
       64.14728682, 58.699101  , 57.96418473]), array([88.03088803, 82.19749652, 75.15789474, 66.58932715, 57.17017208,
       54.77920626, 53.93426295, 47.83223374])]
2023-12-15 00:21:25,285 - INFO - Avg_result_cur_test: [0.87837838 0.76987465 0.56094136 0.7159233  0.68368728 0.71523944
 0.59238699 0.68873693]
2023-12-15 00:21:25,285 - INFO - Avg_result_all_test: [87.83783784 78.3351784  70.31714074 66.64227499 60.87363504 58.7279958
 54.89342221 52.44109331]
2023-12-15 00:21:25,285 - INFO - Std_result_all_test: [0.34533868 7.18048033 2.9468002  4.55005681 4.85829697 4.23892645
 4.31361984 3.63695392]
2023-12-15 00:22:09,971 - INFO - Accuracy_result_all_test: [0.6138996138996139, 0.2935323383084577, 0.24242424242424243, 0.3119533527696793, 0.6123188405797102, 0.6545454545454545, 0.547945205479452, 0.3684210526315789]
2023-12-15 00:22:09,974 - INFO - Bwt_whole: [-0.22285210591156376, -0.2524939169523971, -0.192308358898768, -0.19610360097060342, -0.22929714578853538]
2023-12-15 00:22:09,974 - INFO - Fwt_whole: [0.017836339941080425, 0.06532215017474184, 0.028318957378494068, 0.04071031577388452, 0.01710223691238851]
2023-12-15 00:22:09,974 - INFO - Avg_bwt_whole: -0.21861102570437355
2023-12-15 00:22:09,974 - INFO - Avg_fwt_whole: 0.03385800003611788
2023-12-15 00:22:16,901 - INFO - Current relation: ['person countries of residence', 'organization top members employees', 'organization member of', 'person origin', 'person title', 'organization country of headquarters']
2023-12-15 00:24:53,120 - INFO - Train Simple Finished!
2023-12-15 00:26:48,278 - INFO - 600
2023-12-15 00:26:48,279 - INFO - 2426
2023-12-15 00:37:46,254 - INFO - Train First Finished!
2023-12-15 00:38:12,178 - INFO - Length seen relation: 6
2023-12-15 00:38:12,179 - INFO - Train data memory: 6
2023-12-15 00:38:31,785 - INFO - Train Memory Finished!
2023-12-15 00:38:31,801 - INFO - 518
2023-12-15 00:38:31,801 - INFO - 518
2023-12-15 00:38:31,801 - INFO - ------------------------------------------------------------Evaluating------------------------------------------------------------
2023-12-15 00:38:51,919 - INFO - Restart Num 6
2023-12-15 00:38:51,919 - INFO - Task--1:
2023-12-15 00:38:51,920 - INFO - Current test acc: 0.8841698841698842
2023-12-15 00:38:51,920 - INFO - History test acc: 0.8841698841698842
2023-12-15 00:38:51,920 - INFO - Accuracy_test_current: [0.8841698841698842]
2023-12-15 00:38:51,920 - INFO - Accuracy_test_total: [0.8841698841698842]
2023-12-15 00:39:01,283 - INFO - Accuracy_per_task_current_test: [0.8841698841698842]
2023-12-15 00:39:01,497 - INFO - Current relation: ['person cities of residence', 'person schools attended', 'person country of death', 'person children', 'person charges']
2023-12-15 00:39:17,914 - INFO - Train Simple Finished!
2023-12-15 00:39:27,525 - INFO - 25
2023-12-15 00:39:27,527 - INFO - 34
2023-12-15 00:39:55,646 - INFO - Train First Finished!
2023-12-15 00:40:00,935 - INFO - Length seen relation: 11
2023-12-15 00:40:00,935 - INFO - Train data memory: 11
2023-12-15 00:40:26,879 - INFO - Train Memory Finished!
2023-12-15 00:40:26,884 - INFO - 276
2023-12-15 00:40:26,885 - INFO - 794
2023-12-15 00:40:26,885 - INFO - ------------------------------------------------------------Evaluating------------------------------------------------------------
2023-12-15 00:40:46,779 - INFO - Restart Num 6
2023-12-15 00:40:46,780 - INFO - Task--2:
2023-12-15 00:40:46,780 - INFO - Current test acc: 0.7065217391304348
2023-12-15 00:40:46,780 - INFO - History test acc: 0.7443324937027708
2023-12-15 00:40:46,780 - INFO - Accuracy_test_current: [0.8841698841698842, 0.7065217391304348]
2023-12-15 00:40:46,780 - INFO - Accuracy_test_total: [0.8841698841698842, 0.7443324937027708]
2023-12-15 00:41:00,139 - INFO - Accuracy_per_task_current_test: [0.7644787644787645, 0.7065217391304348]
2023-12-15 00:41:00,351 - INFO - Current relation: ['person country of birth', 'organization website', 'organization shareholders', 'organization dissolved', 'organization founded by']
2023-12-15 00:41:17,314 - INFO - Train Simple Finished!
2023-12-15 00:41:29,362 - INFO - 25
2023-12-15 00:41:29,364 - INFO - 29
2023-12-15 00:41:57,691 - INFO - Train First Finished!
2023-12-15 00:42:03,662 - INFO - Length seen relation: 16
2023-12-15 00:42:03,664 - INFO - Train data memory: 16
2023-12-15 00:42:38,915 - INFO - Train Memory Finished!
2023-12-15 00:42:38,918 - INFO - 114
2023-12-15 00:42:38,918 - INFO - 908
2023-12-15 00:42:38,918 - INFO - ------------------------------------------------------------Evaluating------------------------------------------------------------
2023-12-15 00:42:58,371 - INFO - Restart Num 6
2023-12-15 00:42:58,372 - INFO - Task--3:
2023-12-15 00:42:58,373 - INFO - Current test acc: 0.21052631578947367
2023-12-15 00:42:58,373 - INFO - History test acc: 0.6629955947136564
2023-12-15 00:42:58,373 - INFO - Accuracy_test_current: [0.8841698841698842, 0.7065217391304348, 0.21052631578947367]
2023-12-15 00:42:58,373 - INFO - Accuracy_test_total: [0.8841698841698842, 0.7443324937027708, 0.6629955947136564]
2023-12-15 00:43:17,054 - INFO - Accuracy_per_task_current_test: [0.6988416988416989, 0.782608695652174, 0.21052631578947367]
2023-12-15 00:43:17,294 - INFO - Current relation: ['organization founded', 'person age', 'person city of birth', 'organization members', 'person religion']
2023-12-15 00:43:39,353 - INFO - Train Simple Finished!
2023-12-15 00:43:52,776 - INFO - 25
2023-12-15 00:43:52,778 - INFO - 27
2023-12-15 00:44:22,139 - INFO - Train First Finished!
2023-12-15 00:44:27,968 - INFO - Length seen relation: 21
2023-12-15 00:44:27,969 - INFO - Train data memory: 21
2023-12-15 00:45:10,707 - INFO - Train Memory Finished!
2023-12-15 00:45:10,708 - INFO - 220
2023-12-15 00:45:10,708 - INFO - 1128
2023-12-15 00:45:10,708 - INFO - ------------------------------------------------------------Evaluating------------------------------------------------------------
2023-12-15 00:45:33,971 - INFO - Restart Num 6
2023-12-15 00:45:33,972 - INFO - Task--4:
2023-12-15 00:45:33,972 - INFO - Current test acc: 0.6909090909090909
2023-12-15 00:45:33,972 - INFO - History test acc: 0.6303191489361702
2023-12-15 00:45:33,972 - INFO - Accuracy_test_current: [0.8841698841698842, 0.7065217391304348, 0.21052631578947367, 0.6909090909090909]
2023-12-15 00:45:33,972 - INFO - Accuracy_test_total: [0.8841698841698842, 0.7443324937027708, 0.6629955947136564, 0.6303191489361702]
2023-12-15 00:45:58,762 - INFO - Accuracy_per_task_current_test: [0.6737451737451737, 0.5833333333333334, 0.4298245614035088, 0.6909090909090909]
2023-12-15 00:45:58,972 - INFO - Current relation: ['person stateorprovinces of residence', 'person date of death', 'organization number of employees members', 'person alternate names', 'person spouse']
2023-12-15 00:46:17,183 - INFO - Train Simple Finished!
2023-12-15 00:46:29,532 - INFO - 25
2023-12-15 00:46:29,532 - INFO - 25
2023-12-15 00:46:58,733 - INFO - Train First Finished!
2023-12-15 00:47:05,084 - INFO - Length seen relation: 26
2023-12-15 00:47:05,085 - INFO - Train data memory: 26
2023-12-15 00:47:54,292 - INFO - Train Memory Finished!
2023-12-15 00:47:54,293 - INFO - 231
2023-12-15 00:47:54,293 - INFO - 1359
2023-12-15 00:47:54,293 - INFO - ------------------------------------------------------------Evaluating------------------------------------------------------------
2023-12-15 00:48:22,030 - INFO - Restart Num 6
2023-12-15 00:48:22,031 - INFO - Task--5:
2023-12-15 00:48:22,031 - INFO - Current test acc: 0.5238095238095238
2023-12-15 00:48:22,031 - INFO - History test acc: 0.6004415011037527
2023-12-15 00:48:22,031 - INFO - Accuracy_test_current: [0.8841698841698842, 0.7065217391304348, 0.21052631578947367, 0.6909090909090909, 0.5238095238095238]
2023-12-15 00:48:22,031 - INFO - Accuracy_test_total: [0.8841698841698842, 0.7443324937027708, 0.6629955947136564, 0.6303191489361702, 0.6004415011037527]
2023-12-15 00:48:46,375 - INFO - Accuracy_per_task_current_test: [0.6563706563706564, 0.532608695652174, 0.4473684210526316, 0.7136363636363636, 0.5238095238095238]
2023-12-15 00:48:46,633 - INFO - Current relation: ['person date of birth', 'person stateorprovince of birth', 'person parents', 'person employee of', 'person stateorprovince of death']
2023-12-15 00:49:12,955 - INFO - Train Simple Finished!
2023-12-15 00:49:30,102 - INFO - 25
2023-12-15 00:49:30,104 - INFO - 25
2023-12-15 00:50:01,595 - INFO - Train First Finished!
2023-12-15 00:50:06,510 - INFO - Length seen relation: 31
2023-12-15 00:50:06,516 - INFO - Train data memory: 31
2023-12-15 00:51:07,705 - INFO - Train Memory Finished!
2023-12-15 00:51:07,706 - INFO - 219
2023-12-15 00:51:07,706 - INFO - 1578
2023-12-15 00:51:07,706 - INFO - ------------------------------------------------------------Evaluating------------------------------------------------------------
2023-12-15 00:51:38,827 - INFO - Restart Num 6
2023-12-15 00:51:38,828 - INFO - Task--6:
2023-12-15 00:51:38,828 - INFO - Current test acc: 0.5981735159817352
2023-12-15 00:51:38,828 - INFO - History test acc: 0.5925221799746515
2023-12-15 00:51:38,828 - INFO - Accuracy_test_current: [0.8841698841698842, 0.7065217391304348, 0.21052631578947367, 0.6909090909090909, 0.5238095238095238, 0.5981735159817352]
2023-12-15 00:51:38,828 - INFO - Accuracy_test_total: [0.8841698841698842, 0.7443324937027708, 0.6629955947136564, 0.6303191489361702, 0.6004415011037527, 0.5925221799746515]
2023-12-15 00:52:09,650 - INFO - Accuracy_per_task_current_test: [0.6756756756756757, 0.5978260869565217, 0.41228070175438597, 0.740909090909091, 0.341991341991342, 0.5981735159817352]
2023-12-15 00:52:09,927 - INFO - Current relation: ['organization subsidiaries', 'organization parents', 'organization alternate names', 'organization city of headquarters', 'person siblings']
2023-12-15 00:52:37,868 - INFO - Train Simple Finished!
2023-12-15 00:52:58,481 - INFO - 25
2023-12-15 00:52:58,484 - INFO - 25
2023-12-15 00:53:29,524 - INFO - Train First Finished!
2023-12-15 00:53:35,892 - INFO - Length seen relation: 36
2023-12-15 00:53:35,893 - INFO - Train data memory: 36
2023-12-15 00:54:48,873 - INFO - Train Memory Finished!
2023-12-15 00:54:48,879 - INFO - 343
2023-12-15 00:54:48,879 - INFO - 1921
2023-12-15 00:54:48,879 - INFO - ------------------------------------------------------------Evaluating------------------------------------------------------------
2023-12-15 00:55:30,923 - INFO - Restart Num 6
2023-12-15 00:55:30,924 - INFO - Task--7:
2023-12-15 00:55:30,924 - INFO - Current test acc: 0.5685131195335277
2023-12-15 00:55:30,924 - INFO - History test acc: 0.5205622071837585
2023-12-15 00:55:30,924 - INFO - Accuracy_test_current: [0.8841698841698842, 0.7065217391304348, 0.21052631578947367, 0.6909090909090909, 0.5238095238095238, 0.5981735159817352, 0.5685131195335277]
2023-12-15 00:55:30,924 - INFO - Accuracy_test_total: [0.8841698841698842, 0.7443324937027708, 0.6629955947136564, 0.6303191489361702, 0.6004415011037527, 0.5925221799746515, 0.5205622071837585]
2023-12-15 00:56:09,477 - INFO - Accuracy_per_task_current_test: [0.5945945945945946, 0.5108695652173914, 0.32456140350877194, 0.7363636363636363, 0.2683982683982684, 0.4337899543378995, 0.5685131195335277]
2023-12-15 00:56:09,718 - INFO - Current relation: ['person cause of death', 'organization political religious affiliation', 'organization stateorprovince of headquarters', 'person other family', 'person city of death']
2023-12-15 00:56:39,691 - INFO - Train Simple Finished!
2023-12-15 00:57:03,745 - INFO - 25
2023-12-15 00:57:03,746 - INFO - 25
2023-12-15 00:57:36,845 - INFO - Train First Finished!
2023-12-15 00:57:42,991 - INFO - Length seen relation: 41
2023-12-15 00:57:42,991 - INFO - Train data memory: 41
2023-12-15 00:59:05,260 - INFO - Train Memory Finished!
2023-12-15 00:59:05,263 - INFO - 201
2023-12-15 00:59:05,264 - INFO - 2122
2023-12-15 00:59:05,264 - INFO - ------------------------------------------------------------Evaluating------------------------------------------------------------
2023-12-15 00:59:44,511 - INFO - Restart Num 6
2023-12-15 00:59:44,513 - INFO - Task--8:
2023-12-15 00:59:44,513 - INFO - Current test acc: 0.6268656716417911
2023-12-15 00:59:44,513 - INFO - History test acc: 0.49858623939679547
2023-12-15 00:59:44,513 - INFO - Accuracy_test_current: [0.8841698841698842, 0.7065217391304348, 0.21052631578947367, 0.6909090909090909, 0.5238095238095238, 0.5981735159817352, 0.5685131195335277, 0.6268656716417911]
2023-12-15 00:59:44,513 - INFO - Accuracy_test_total: [0.8841698841698842, 0.7443324937027708, 0.6629955947136564, 0.6303191489361702, 0.6004415011037527, 0.5925221799746515, 0.5205622071837585, 0.49858623939679547]
2023-12-15 01:00:17,787 - INFO - Accuracy_per_task_current_test: [0.5772200772200772, 0.5, 0.38596491228070173, 0.6636363636363637, 0.26406926406926406, 0.3744292237442922, 0.47230320699708456, 0.6268656716417911]
2023-12-15 01:00:17,989 - INFO - Result_whole_test: [array([88.03088803, 85.88873813, 68.15511163, 60.36121673, 54.1218638 ,
       57.02786378, 54.11700975, 53.01602262]), array([87.64478764, 78.2376502 , 70.35123967, 62.94212219, 60.6805293 ,
       54.26219871, 47.73922187, 49.15174364]), array([87.25868726, 80.47858942, 71.3721619 , 71.77615572, 65.20223152,
       63.42342342, 59.97751546, 54.24128181]), array([88.22393822, 64.87341772, 66.54929577, 71.54255319, 67.19337848,
       64.14728682, 58.699101  , 57.96418473]), array([88.03088803, 82.19749652, 75.15789474, 66.58932715, 57.17017208,
       54.77920626, 53.93426295, 47.83223374]), array([88.41698842, 74.43324937, 66.29955947, 63.03191489, 60.04415011,
       59.252218  , 52.05622072, 49.85862394])]
2023-12-15 01:00:17,990 - INFO - Avg_result_cur_test: [0.87934363 0.75931583 0.50253886 0.71175426 0.65704099 0.69572845
 0.58840801 0.67842505]
2023-12-15 01:00:17,990 - INFO - Avg_result_all_test: [87.93436293 77.68485689 69.64754386 66.04054831 60.73538755 58.81536616
 54.42055529 52.01068175]
2023-12-15 01:00:17,991 - INFO - Std_result_all_test: [0.38205734 6.71421416 3.07866195 4.36610686 4.44575862 3.87452136
 4.07726776 3.45675166]
2023-12-15 01:00:51,996 - INFO - Accuracy_result_all_test: [0.5772200772200772, 0.5, 0.38596491228070173, 0.6636363636363637, 0.26406926406926406, 0.3744292237442922, 0.47230320699708456, 0.6268656716417911]
2023-12-15 01:00:51,997 - INFO - Bwt_whole: [-0.22285210591156376, -0.2524939169523971, -0.192308358898768, -0.19610360097060342, -0.22929714578853538, -0.13500002019655527]
2023-12-15 01:00:51,997 - INFO - Fwt_whole: [0.017836339941080425, 0.06532215017474184, 0.028318957378494068, 0.04071031577388452, 0.01710223691238851, 0.05079984632885222]
2023-12-15 01:00:51,997 - INFO - Avg_bwt_whole: -0.20467585811973718
2023-12-15 01:00:51,997 - INFO - Avg_fwt_whole: 0.03668164108490694
