2023-12-16 15:37:31,039 - INFO - Train Simple Finished!
2023-12-16 15:38:52,401 - INFO - Adding head 'default' with config {'head_type': 'masked_lm', 'vocab_size': 30522, 'embedding_size': 768, 'layers': 2, 'activation_function': 'gelu', 'layer_norm': True, 'bias': True, 'shift_labels': False, 'label2id': None}.
2023-12-16 15:38:53,100 - INFO - Current relation: ['person countries of residence', 'organization top members employees', 'organization member of', 'person origin', 'person title', 'organization country of headquarters']
2023-12-16 15:40:06,371 - INFO - Train Simple Finished!
2023-12-16 15:41:37,217 - INFO - 600
2023-12-16 15:41:37,217 - INFO - 754
2023-12-16 15:49:29,404 - INFO - Train First Finished!
2023-12-16 15:49:46,987 - INFO - Length seen relation: 6
2023-12-16 15:49:46,988 - INFO - Train data memory: 6
2023-12-16 15:49:56,896 - INFO - Train Memory Finished!
2023-12-16 15:49:56,897 - INFO - 518
2023-12-16 15:49:56,897 - INFO - 518
2023-12-16 15:49:56,897 - INFO - ------------------------------------------------------------Evaluating------------------------------------------------------------
2023-12-16 15:50:11,538 - INFO - Restart Num 1
2023-12-16 15:50:11,539 - INFO - Task--1:
2023-12-16 15:50:11,539 - INFO - Current test acc: 0.8725868725868726
2023-12-16 15:50:11,539 - INFO - History test acc: 0.8725868725868726
2023-12-16 15:50:11,539 - INFO - Accuracy_test_current: [0.8725868725868726]
2023-12-16 15:50:11,539 - INFO - Accuracy_test_total: [0.8725868725868726]
2023-12-16 15:50:18,673 - INFO - Accuracy_per_task_current_test: [0.8725868725868726]
2023-12-16 15:50:18,784 - INFO - Current relation: ['person date of birth', 'person stateorprovince of birth', 'person parents', 'person employee of', 'person stateorprovince of death']
2023-12-16 15:50:27,975 - INFO - Train Simple Finished!
2023-12-16 15:50:32,900 - INFO - 25
2023-12-16 15:50:32,900 - INFO - 27
2023-12-16 15:50:44,986 - INFO - Train First Finished!
2023-12-16 15:50:48,402 - INFO - Length seen relation: 11
2023-12-16 15:50:48,402 - INFO - Train data memory: 11
2023-12-16 15:51:00,207 - INFO - Train Memory Finished!
2023-12-16 15:51:00,207 - INFO - 219
2023-12-16 15:51:00,207 - INFO - 737
2023-12-16 15:51:00,207 - INFO - ------------------------------------------------------------Evaluating------------------------------------------------------------
2023-12-16 15:51:13,596 - INFO - Restart Num 1
2023-12-16 15:51:13,596 - INFO - Task--2:
2023-12-16 15:51:13,596 - INFO - Current test acc: 0.4977168949771689
2023-12-16 15:51:13,596 - INFO - History test acc: 0.7557666214382632
2023-12-16 15:51:13,596 - INFO - Accuracy_test_current: [0.8725868725868726, 0.4977168949771689]
2023-12-16 15:51:13,596 - INFO - Accuracy_test_total: [0.8725868725868726, 0.7557666214382632]
2023-12-16 15:51:23,884 - INFO - Accuracy_per_task_current_test: [0.8648648648648649, 0.4977168949771689]
2023-12-16 15:51:24,042 - INFO - Current relation: ['person country of birth', 'organization website', 'organization shareholders', 'organization dissolved', 'organization founded by']
2023-12-16 15:51:31,928 - INFO - Train Simple Finished!
2023-12-16 15:51:37,879 - INFO - 25
2023-12-16 15:51:37,879 - INFO - 25
2023-12-16 15:51:50,353 - INFO - Train First Finished!
2023-12-16 15:51:53,432 - INFO - Length seen relation: 16
2023-12-16 15:51:53,433 - INFO - Train data memory: 16
2023-12-16 15:52:08,838 - INFO - Train Memory Finished!
2023-12-16 15:52:08,838 - INFO - 114
2023-12-16 15:52:08,839 - INFO - 851
2023-12-16 15:52:08,839 - INFO - ------------------------------------------------------------Evaluating------------------------------------------------------------
2023-12-16 15:52:22,262 - INFO - Restart Num 1
2023-12-16 15:52:22,263 - INFO - Task--3:
2023-12-16 15:52:22,263 - INFO - Current test acc: 0.23684210526315788
2023-12-16 15:52:22,263 - INFO - History test acc: 0.7238542890716804
2023-12-16 15:52:22,263 - INFO - Accuracy_test_current: [0.8725868725868726, 0.4977168949771689, 0.23684210526315788]
2023-12-16 15:52:22,263 - INFO - Accuracy_test_total: [0.8725868725868726, 0.7557666214382632, 0.7238542890716804]
2023-12-16 15:52:34,229 - INFO - Accuracy_per_task_current_test: [0.8667953667953668, 0.639269406392694, 0.23684210526315788]
2023-12-16 15:52:34,397 - INFO - Current relation: ['person cause of death', 'organization political religious affiliation', 'organization stateorprovince of headquarters', 'person other family', 'person city of death']
2023-12-16 15:52:44,917 - INFO - Train Simple Finished!
2023-12-16 15:52:51,912 - INFO - 25
2023-12-16 15:52:51,912 - INFO - 27
2023-12-16 15:53:05,070 - INFO - Train First Finished!
2023-12-16 15:53:08,353 - INFO - Length seen relation: 21
2023-12-16 15:53:08,354 - INFO - Train data memory: 21
2023-12-16 15:53:27,958 - INFO - Train Memory Finished!
2023-12-16 15:53:27,959 - INFO - 201
2023-12-16 15:53:27,959 - INFO - 1052
2023-12-16 15:53:27,959 - INFO - ------------------------------------------------------------Evaluating------------------------------------------------------------
2023-12-16 15:53:45,099 - INFO - Restart Num 1
2023-12-16 15:53:45,100 - INFO - Task--4:
2023-12-16 15:53:45,100 - INFO - Current test acc: 0.6019900497512438
2023-12-16 15:53:45,100 - INFO - History test acc: 0.6045627376425855
2023-12-16 15:53:45,100 - INFO - Accuracy_test_current: [0.8725868725868726, 0.4977168949771689, 0.23684210526315788, 0.6019900497512438]
2023-12-16 15:53:45,100 - INFO - Accuracy_test_total: [0.8725868725868726, 0.7557666214382632, 0.7238542890716804, 0.6045627376425855]
2023-12-16 15:54:00,072 - INFO - Accuracy_per_task_current_test: [0.7413127413127413, 0.4155251141552511, 0.3508771929824561, 0.6019900497512438]
2023-12-16 15:54:00,244 - INFO - Current relation: ['organization subsidiaries', 'organization parents', 'organization alternate names', 'organization city of headquarters', 'person siblings']
2023-12-16 15:54:13,654 - INFO - Train Simple Finished!
2023-12-16 15:54:21,880 - INFO - 25
2023-12-16 15:54:21,881 - INFO - 25
2023-12-16 15:54:35,450 - INFO - Train First Finished!
2023-12-16 15:54:38,652 - INFO - Length seen relation: 26
2023-12-16 15:54:38,652 - INFO - Train data memory: 26
2023-12-16 15:55:02,325 - INFO - Train Memory Finished!
2023-12-16 15:55:02,325 - INFO - 343
2023-12-16 15:55:02,325 - INFO - 1395
2023-12-16 15:55:02,325 - INFO - ------------------------------------------------------------Evaluating------------------------------------------------------------
2023-12-16 15:55:26,083 - INFO - Restart Num 1
2023-12-16 15:55:26,084 - INFO - Task--5:
2023-12-16 15:55:26,084 - INFO - Current test acc: 0.30903790087463556
2023-12-16 15:55:26,084 - INFO - History test acc: 0.5025089605734767
2023-12-16 15:55:26,084 - INFO - Accuracy_test_current: [0.8725868725868726, 0.4977168949771689, 0.23684210526315788, 0.6019900497512438, 0.30903790087463556]
2023-12-16 15:55:26,084 - INFO - Accuracy_test_total: [0.8725868725868726, 0.7557666214382632, 0.7238542890716804, 0.6045627376425855, 0.5025089605734767]
2023-12-16 15:55:45,724 - INFO - Accuracy_per_task_current_test: [0.7027027027027027, 0.3150684931506849, 0.35964912280701755, 0.6019900497512438, 0.30903790087463556]
2023-12-16 15:55:45,885 - INFO - Current relation: ['organization founded', 'person age', 'person city of birth', 'organization members', 'person religion']
2023-12-16 15:55:58,067 - INFO - Train Simple Finished!
2023-12-16 15:56:07,365 - INFO - 25
2023-12-16 15:56:07,366 - INFO - 25
2023-12-16 15:56:21,676 - INFO - Train First Finished!
2023-12-16 15:56:24,998 - INFO - Length seen relation: 31
2023-12-16 15:56:24,998 - INFO - Train data memory: 31
2023-12-16 15:56:53,056 - INFO - Train Memory Finished!
2023-12-16 15:56:53,056 - INFO - 220
2023-12-16 15:56:53,056 - INFO - 1615
2023-12-16 15:56:53,056 - INFO - ------------------------------------------------------------Evaluating------------------------------------------------------------
2023-12-16 15:57:18,107 - INFO - Restart Num 1
2023-12-16 15:57:18,107 - INFO - Task--6:
2023-12-16 15:57:18,107 - INFO - Current test acc: 0.740909090909091
2023-12-16 15:57:18,108 - INFO - History test acc: 0.5009287925696595
2023-12-16 15:57:18,108 - INFO - Accuracy_test_current: [0.8725868725868726, 0.4977168949771689, 0.23684210526315788, 0.6019900497512438, 0.30903790087463556, 0.740909090909091]
2023-12-16 15:57:18,108 - INFO - Accuracy_test_total: [0.8725868725868726, 0.7557666214382632, 0.7238542890716804, 0.6045627376425855, 0.5025089605734767, 0.5009287925696595]
2023-12-16 15:57:41,237 - INFO - Accuracy_per_task_current_test: [0.6486486486486487, 0.1917808219178082, 0.3684210526315789, 0.5970149253731343, 0.30903790087463556, 0.740909090909091]
2023-12-16 15:57:41,393 - INFO - Current relation: ['person stateorprovinces of residence', 'person date of death', 'organization number of employees members', 'person alternate names', 'person spouse']
2023-12-16 15:57:54,890 - INFO - Train Simple Finished!
2023-12-16 15:58:05,431 - INFO - 25
2023-12-16 15:58:05,431 - INFO - 25
2023-12-16 15:58:20,217 - INFO - Train First Finished!
2023-12-16 15:58:23,565 - INFO - Length seen relation: 36
2023-12-16 15:58:23,565 - INFO - Train data memory: 36
2023-12-16 15:58:57,512 - INFO - Train Memory Finished!
2023-12-16 15:58:57,513 - INFO - 231
2023-12-16 15:58:57,513 - INFO - 1846
2023-12-16 15:58:57,513 - INFO - ------------------------------------------------------------Evaluating------------------------------------------------------------
2023-12-16 15:59:26,058 - INFO - Restart Num 1
2023-12-16 15:59:26,059 - INFO - Task--7:
2023-12-16 15:59:26,059 - INFO - Current test acc: 0.46320346320346323
2023-12-16 15:59:26,059 - INFO - History test acc: 0.4599133261105092
2023-12-16 15:59:26,059 - INFO - Accuracy_test_current: [0.8725868725868726, 0.4977168949771689, 0.23684210526315788, 0.6019900497512438, 0.30903790087463556, 0.740909090909091, 0.46320346320346323]
2023-12-16 15:59:26,059 - INFO - Accuracy_test_total: [0.8725868725868726, 0.7557666214382632, 0.7238542890716804, 0.6045627376425855, 0.5025089605734767, 0.5009287925696595, 0.4599133261105092]
2023-12-16 15:59:52,479 - INFO - Accuracy_per_task_current_test: [0.6061776061776062, 0.1780821917808219, 0.2982456140350877, 0.39303482587064675, 0.33819241982507287, 0.7272727272727273, 0.46320346320346323]
2023-12-16 15:59:52,634 - INFO - Current relation: ['person cities of residence', 'person schools attended', 'person country of death', 'person children', 'person charges']
2023-12-16 16:00:07,707 - INFO - Train Simple Finished!
2023-12-16 16:00:19,335 - INFO - 25
2023-12-16 16:00:19,336 - INFO - 25
2023-12-16 16:00:34,633 - INFO - Train First Finished!
2023-12-16 16:00:37,896 - INFO - Length seen relation: 41
2023-12-16 16:00:37,897 - INFO - Train data memory: 41
2023-12-16 16:01:16,439 - INFO - Train Memory Finished!
2023-12-16 16:01:16,439 - INFO - 276
2023-12-16 16:01:16,439 - INFO - 2122
2023-12-16 16:01:16,440 - INFO - ------------------------------------------------------------Evaluating------------------------------------------------------------
2023-12-16 16:01:48,883 - INFO - Restart Num 1
2023-12-16 16:01:48,884 - INFO - Task--8:
2023-12-16 16:01:48,884 - INFO - Current test acc: 0.7028985507246377
2023-12-16 16:01:48,884 - INFO - History test acc: 0.4481621112158341
2023-12-16 16:01:48,884 - INFO - Accuracy_test_current: [0.8725868725868726, 0.4977168949771689, 0.23684210526315788, 0.6019900497512438, 0.30903790087463556, 0.740909090909091, 0.46320346320346323, 0.7028985507246377]
2023-12-16 16:01:48,884 - INFO - Accuracy_test_total: [0.8725868725868726, 0.7557666214382632, 0.7238542890716804, 0.6045627376425855, 0.5025089605734767, 0.5009287925696595, 0.4599133261105092, 0.4481621112158341]
2023-12-16 16:02:18,956 - INFO - Accuracy_per_task_current_test: [0.528957528957529, 0.1689497716894977, 0.3157894736842105, 0.3482587064676617, 0.30612244897959184, 0.75, 0.30303030303030304, 0.7028985507246377]
2023-12-16 16:02:19,346 - INFO - Result_whole_test: [array([87.25868726, 75.57666214, 72.38542891, 60.45627376, 50.25089606,
       50.09287926, 45.99133261, 44.81621112])]
2023-12-16 16:02:19,346 - INFO - Avg_result_cur_test: [0.87258687 0.49771689 0.23684211 0.60199005 0.3090379  0.74090909
 0.46320346 0.70289855]
2023-12-16 16:02:19,346 - INFO - Avg_result_all_test: [87.25868726 75.57666214 72.38542891 60.45627376 50.25089606 50.09287926
 45.99133261 44.81621112]
2023-12-16 16:02:19,347 - INFO - Std_result_all_test: [0. 0. 0. 0. 0. 0. 0. 0.]
2023-12-16 16:02:49,371 - INFO - Accuracy_result_all_test: [0.528957528957529, 0.1689497716894977, 0.3157894736842105, 0.3482587064676617, 0.30612244897959184, 0.75, 0.30303030303030304, 0.7028985507246377]
2023-12-16 16:02:49,371 - INFO - Bwt_whole: [-0.14302544925097704]
2023-12-16 16:02:49,371 - INFO - Fwt_whole: [0.1499597143146165]
2023-12-16 16:02:49,371 - INFO - Avg_bwt_whole: -0.14302544925097704
2023-12-16 16:02:49,371 - INFO - Avg_fwt_whole: 0.1499597143146165
2023-12-16 16:02:57,048 - INFO - Adding head 'default' with config {'head_type': 'masked_lm', 'vocab_size': 30522, 'embedding_size': 768, 'layers': 2, 'activation_function': 'gelu', 'layer_norm': True, 'bias': True, 'shift_labels': False, 'label2id': None}.
2023-12-16 16:02:57,685 - INFO - Current relation: ['person countries of residence', 'organization top members employees', 'organization member of', 'person origin', 'person title', 'organization country of headquarters']
2023-12-16 16:03:55,707 - INFO - Train Simple Finished!
2023-12-16 16:05:21,618 - INFO - 600
2023-12-16 16:05:21,618 - INFO - 602
2023-12-16 16:10:23,575 - INFO - Train First Finished!
2023-12-16 16:10:40,856 - INFO - Length seen relation: 6
2023-12-16 16:10:40,856 - INFO - Train data memory: 6
2023-12-16 16:10:50,657 - INFO - Train Memory Finished!
2023-12-16 16:10:50,660 - INFO - 518
2023-12-16 16:10:50,661 - INFO - 518
2023-12-16 16:10:50,661 - INFO - ------------------------------------------------------------Evaluating------------------------------------------------------------
2023-12-16 16:11:05,084 - INFO - Restart Num 2
2023-12-16 16:11:05,084 - INFO - Task--1:
2023-12-16 16:11:05,084 - INFO - Current test acc: 0.8822393822393823
2023-12-16 16:11:05,084 - INFO - History test acc: 0.8822393822393823
2023-12-16 16:11:05,084 - INFO - Accuracy_test_current: [0.8822393822393823]
2023-12-16 16:11:05,085 - INFO - Accuracy_test_total: [0.8822393822393823]
2023-12-16 16:11:12,231 - INFO - Accuracy_per_task_current_test: [0.8822393822393823]
2023-12-16 16:11:12,343 - INFO - Current relation: ['person stateorprovinces of residence', 'person date of death', 'organization number of employees members', 'person alternate names', 'person spouse']
2023-12-16 16:11:20,795 - INFO - Train Simple Finished!
2023-12-16 16:11:25,737 - INFO - 25
2023-12-16 16:11:25,737 - INFO - 25
2023-12-16 16:11:37,715 - INFO - Train First Finished!
2023-12-16 16:11:40,984 - INFO - Length seen relation: 11
2023-12-16 16:11:40,984 - INFO - Train data memory: 11
2023-12-16 16:11:52,742 - INFO - Train Memory Finished!
2023-12-16 16:11:52,743 - INFO - 231
2023-12-16 16:11:52,743 - INFO - 749
2023-12-16 16:11:52,743 - INFO - ------------------------------------------------------------Evaluating------------------------------------------------------------
2023-12-16 16:12:06,368 - INFO - Restart Num 2
2023-12-16 16:12:06,368 - INFO - Task--2:
2023-12-16 16:12:06,368 - INFO - Current test acc: 0.47186147186147187
2023-12-16 16:12:06,368 - INFO - History test acc: 0.7463284379172229
2023-12-16 16:12:06,368 - INFO - Accuracy_test_current: [0.8822393822393823, 0.47186147186147187]
2023-12-16 16:12:06,368 - INFO - Accuracy_test_total: [0.8822393822393823, 0.7463284379172229]
2023-12-16 16:12:16,829 - INFO - Accuracy_per_task_current_test: [0.8687258687258688, 0.47186147186147187]
2023-12-16 16:12:16,983 - INFO - Current relation: ['person date of birth', 'person stateorprovince of birth', 'person parents', 'person employee of', 'person stateorprovince of death']
2023-12-16 16:12:26,398 - INFO - Train Simple Finished!
2023-12-16 16:12:32,439 - INFO - 25
2023-12-16 16:12:32,440 - INFO - 25
2023-12-16 16:12:45,144 - INFO - Train First Finished!
2023-12-16 16:12:48,423 - INFO - Length seen relation: 16
2023-12-16 16:12:48,423 - INFO - Train data memory: 16
2023-12-16 16:13:03,867 - INFO - Train Memory Finished!
2023-12-16 16:13:03,867 - INFO - 219
2023-12-16 16:13:03,867 - INFO - 968
2023-12-16 16:13:03,867 - INFO - ------------------------------------------------------------Evaluating------------------------------------------------------------
2023-12-16 16:13:20,497 - INFO - Restart Num 2
2023-12-16 16:13:20,498 - INFO - Task--3:
2023-12-16 16:13:20,498 - INFO - Current test acc: 0.3378995433789954
2023-12-16 16:13:20,498 - INFO - History test acc: 0.6570247933884298
2023-12-16 16:13:20,498 - INFO - Accuracy_test_current: [0.8822393822393823, 0.47186147186147187, 0.3378995433789954]
2023-12-16 16:13:20,498 - INFO - Accuracy_test_total: [0.8822393822393823, 0.7463284379172229, 0.6570247933884298]
2023-12-16 16:13:34,348 - INFO - Accuracy_per_task_current_test: [0.8648648648648649, 0.4935064935064935, 0.3378995433789954]
2023-12-16 16:13:34,508 - INFO - Current relation: ['person cities of residence', 'person schools attended', 'person country of death', 'person children', 'person charges']
2023-12-16 16:13:45,727 - INFO - Train Simple Finished!
2023-12-16 16:13:52,826 - INFO - 25
2023-12-16 16:13:52,827 - INFO - 25
2023-12-16 16:14:06,015 - INFO - Train First Finished!
2023-12-16 16:14:09,186 - INFO - Length seen relation: 21
2023-12-16 16:14:09,186 - INFO - Train data memory: 21
2023-12-16 16:14:29,065 - INFO - Train Memory Finished!
2023-12-16 16:14:29,065 - INFO - 276
2023-12-16 16:14:29,065 - INFO - 1244
2023-12-16 16:14:29,065 - INFO - ------------------------------------------------------------Evaluating------------------------------------------------------------
2023-12-16 16:14:50,087 - INFO - Restart Num 2
2023-12-16 16:14:50,088 - INFO - Task--4:
2023-12-16 16:14:50,088 - INFO - Current test acc: 0.7644927536231884
2023-12-16 16:14:50,088 - INFO - History test acc: 0.6559485530546624
2023-12-16 16:14:50,088 - INFO - Accuracy_test_current: [0.8822393822393823, 0.47186147186147187, 0.3378995433789954, 0.7644927536231884]
2023-12-16 16:14:50,088 - INFO - Accuracy_test_total: [0.8822393822393823, 0.7463284379172229, 0.6570247933884298, 0.6559485530546624]
2023-12-16 16:15:08,022 - INFO - Accuracy_per_task_current_test: [0.8281853281853282, 0.36796536796536794, 0.4155251141552511, 0.7644927536231884]
2023-12-16 16:15:08,178 - INFO - Current relation: ['organization subsidiaries', 'organization parents', 'organization alternate names', 'organization city of headquarters', 'person siblings']
2023-12-16 16:15:21,313 - INFO - Train Simple Finished!
2023-12-16 16:15:29,486 - INFO - 25
2023-12-16 16:15:29,486 - INFO - 25
2023-12-16 16:15:43,129 - INFO - Train First Finished!
2023-12-16 16:15:46,337 - INFO - Length seen relation: 26
2023-12-16 16:15:46,337 - INFO - Train data memory: 26
2023-12-16 16:16:10,240 - INFO - Train Memory Finished!
2023-12-16 16:16:10,240 - INFO - 343
2023-12-16 16:16:10,240 - INFO - 1587
2023-12-16 16:16:10,240 - INFO - ------------------------------------------------------------Evaluating------------------------------------------------------------
2023-12-16 16:16:36,957 - INFO - Restart Num 2
2023-12-16 16:16:36,957 - INFO - Task--5:
2023-12-16 16:16:36,957 - INFO - Current test acc: 0.4868804664723032
2023-12-16 16:16:36,957 - INFO - History test acc: 0.5954631379962193
2023-12-16 16:16:36,957 - INFO - Accuracy_test_current: [0.8822393822393823, 0.47186147186147187, 0.3378995433789954, 0.7644927536231884, 0.4868804664723032]
2023-12-16 16:16:36,958 - INFO - Accuracy_test_total: [0.8822393822393823, 0.7463284379172229, 0.6570247933884298, 0.6559485530546624, 0.5954631379962193]
2023-12-16 16:16:59,371 - INFO - Accuracy_per_task_current_test: [0.7799227799227799, 0.3116883116883117, 0.4018264840182648, 0.7753623188405797, 0.4868804664723032]
2023-12-16 16:16:59,534 - INFO - Current relation: ['person country of birth', 'organization website', 'organization shareholders', 'organization dissolved', 'organization founded by']
2023-12-16 16:17:10,527 - INFO - Train Simple Finished!
2023-12-16 16:17:19,851 - INFO - 25
2023-12-16 16:17:19,852 - INFO - 25
2023-12-16 16:17:33,991 - INFO - Train First Finished!
2023-12-16 16:17:37,244 - INFO - Length seen relation: 31
2023-12-16 16:17:37,245 - INFO - Train data memory: 31
2023-12-16 16:18:05,363 - INFO - Train Memory Finished!
2023-12-16 16:18:05,364 - INFO - 114
2023-12-16 16:18:05,364 - INFO - 1701
2023-12-16 16:18:05,364 - INFO - ------------------------------------------------------------Evaluating------------------------------------------------------------
2023-12-16 16:18:30,186 - INFO - Restart Num 2
2023-12-16 16:18:30,186 - INFO - Task--6:
2023-12-16 16:18:30,186 - INFO - Current test acc: 0.2894736842105263
2023-12-16 16:18:30,186 - INFO - History test acc: 0.5067607289829512
2023-12-16 16:18:30,186 - INFO - Accuracy_test_current: [0.8822393822393823, 0.47186147186147187, 0.3378995433789954, 0.7644927536231884, 0.4868804664723032, 0.2894736842105263]
2023-12-16 16:18:30,186 - INFO - Accuracy_test_total: [0.8822393822393823, 0.7463284379172229, 0.6570247933884298, 0.6559485530546624, 0.5954631379962193, 0.5067607289829512]
2023-12-16 16:18:54,492 - INFO - Accuracy_per_task_current_test: [0.6621621621621622, 0.30735930735930733, 0.3607305936073059, 0.7137681159420289, 0.40524781341107874, 0.2894736842105263]
2023-12-16 16:18:54,853 - INFO - Current relation: ['person cause of death', 'organization political religious affiliation', 'organization stateorprovince of headquarters', 'person other family', 'person city of death']
2023-12-16 16:19:07,960 - INFO - Train Simple Finished!
2023-12-16 16:19:18,392 - INFO - 25
2023-12-16 16:19:18,393 - INFO - 25
2023-12-16 16:19:33,114 - INFO - Train First Finished!
2023-12-16 16:19:36,293 - INFO - Length seen relation: 36
2023-12-16 16:19:36,294 - INFO - Train data memory: 36
2023-12-16 16:20:10,033 - INFO - Train Memory Finished!
2023-12-16 16:20:10,033 - INFO - 201
2023-12-16 16:20:10,033 - INFO - 1902
2023-12-16 16:20:10,033 - INFO - ------------------------------------------------------------Evaluating------------------------------------------------------------
2023-12-16 16:20:38,722 - INFO - Restart Num 2
2023-12-16 16:20:38,723 - INFO - Task--7:
2023-12-16 16:20:38,723 - INFO - Current test acc: 0.5074626865671642
2023-12-16 16:20:38,723 - INFO - History test acc: 0.4374342797055731
2023-12-16 16:20:38,723 - INFO - Accuracy_test_current: [0.8822393822393823, 0.47186147186147187, 0.3378995433789954, 0.7644927536231884, 0.4868804664723032, 0.2894736842105263, 0.5074626865671642]
2023-12-16 16:20:38,723 - INFO - Accuracy_test_total: [0.8822393822393823, 0.7463284379172229, 0.6570247933884298, 0.6559485530546624, 0.5954631379962193, 0.5067607289829512, 0.4374342797055731]
2023-12-16 16:21:05,790 - INFO - Accuracy_per_task_current_test: [0.5772200772200772, 0.2727272727272727, 0.3105022831050228, 0.5833333333333334, 0.2886297376093295, 0.3508771929824561, 0.5074626865671642]
2023-12-16 16:21:05,948 - INFO - Current relation: ['organization founded', 'person age', 'person city of birth', 'organization members', 'person religion']
2023-12-16 16:21:20,363 - INFO - Train Simple Finished!
2023-12-16 16:21:32,045 - INFO - 25
2023-12-16 16:21:32,045 - INFO - 25
2023-12-16 16:21:47,295 - INFO - Train First Finished!
2023-12-16 16:21:50,316 - INFO - Length seen relation: 41
2023-12-16 16:21:50,316 - INFO - Train data memory: 41
2023-12-16 16:22:29,323 - INFO - Train Memory Finished!
2023-12-16 16:22:29,323 - INFO - 220
2023-12-16 16:22:29,323 - INFO - 2122
2023-12-16 16:22:29,323 - INFO - ------------------------------------------------------------Evaluating------------------------------------------------------------
2023-12-16 16:23:01,366 - INFO - Restart Num 2
2023-12-16 16:23:01,366 - INFO - Task--8:
2023-12-16 16:23:01,366 - INFO - Current test acc: 0.7772727272727272
2023-12-16 16:23:01,366 - INFO - History test acc: 0.4354382657869934
2023-12-16 16:23:01,366 - INFO - Accuracy_test_current: [0.8822393822393823, 0.47186147186147187, 0.3378995433789954, 0.7644927536231884, 0.4868804664723032, 0.2894736842105263, 0.5074626865671642, 0.7772727272727272]
2023-12-16 16:23:01,366 - INFO - Accuracy_test_total: [0.8822393822393823, 0.7463284379172229, 0.6570247933884298, 0.6559485530546624, 0.5954631379962193, 0.5067607289829512, 0.4374342797055731, 0.4354382657869934]
2023-12-16 16:23:32,004 - INFO - Accuracy_per_task_current_test: [0.48841698841698844, 0.24675324675324675, 0.3470319634703196, 0.5688405797101449, 0.27113702623906705, 0.35964912280701755, 0.3781094527363184, 0.7772727272727272]
2023-12-16 16:23:32,163 - INFO - Result_whole_test: [array([87.25868726, 75.57666214, 72.38542891, 60.45627376, 50.25089606,
       50.09287926, 45.99133261, 44.81621112]), array([88.22393822, 74.63284379, 65.70247934, 65.59485531, 59.5463138 ,
       50.6760729 , 43.74342797, 43.54382658])]
2023-12-16 16:23:32,163 - INFO - Avg_result_cur_test: [0.87741313 0.48478918 0.28737082 0.6832414  0.39795918 0.51519139
 0.48533307 0.74008564]
2023-12-16 16:23:32,163 - INFO - Avg_result_all_test: [87.74131274 75.10475297 69.04395412 63.02556453 54.89860493 50.38447608
 44.86738029 44.18001885]
2023-12-16 16:23:32,163 - INFO - Std_result_all_test: [0.48262548 0.47190918 3.34147478 2.56929077 4.64770887 0.29159682
 1.12395232 0.63619227]
2023-12-16 16:24:02,603 - INFO - Accuracy_result_all_test: [0.48841698841698844, 0.24675324675324675, 0.3470319634703196, 0.5688405797101449, 0.27113702623906705, 0.35964912280701755, 0.3781094527363184, 0.7772727272727272]
2023-12-16 16:24:02,603 - INFO - Bwt_whole: [-0.14302544925097704, -0.1543388011742756]
2023-12-16 16:24:02,603 - INFO - Fwt_whole: [0.1499597143146165, 0.05876563781509535]
2023-12-16 16:24:02,603 - INFO - Avg_bwt_whole: -0.1486821252126263
2023-12-16 16:24:02,603 - INFO - Avg_fwt_whole: 0.10436267606485591
2023-12-16 16:24:10,095 - INFO - Adding head 'default' with config {'head_type': 'masked_lm', 'vocab_size': 30522, 'embedding_size': 768, 'layers': 2, 'activation_function': 'gelu', 'layer_norm': True, 'bias': True, 'shift_labels': False, 'label2id': None}.
2023-12-16 16:24:10,734 - INFO - Current relation: ['person countries of residence', 'organization top members employees', 'organization member of', 'person origin', 'person title', 'organization country of headquarters']
2023-12-16 16:25:08,488 - INFO - Train Simple Finished!
2023-12-16 16:26:35,006 - INFO - 600
2023-12-16 16:26:35,006 - INFO - 652
2023-12-16 16:31:36,512 - INFO - Train First Finished!
2023-12-16 16:31:53,950 - INFO - Length seen relation: 6
2023-12-16 16:31:53,951 - INFO - Train data memory: 6
2023-12-16 16:32:03,753 - INFO - Train Memory Finished!
2023-12-16 16:32:03,758 - INFO - 518
2023-12-16 16:32:03,758 - INFO - 518
2023-12-16 16:32:03,758 - INFO - ------------------------------------------------------------Evaluating------------------------------------------------------------
2023-12-16 16:32:18,489 - INFO - Restart Num 3
2023-12-16 16:32:18,490 - INFO - Task--1:
2023-12-16 16:32:18,490 - INFO - Current test acc: 0.8764478764478765
2023-12-16 16:32:18,490 - INFO - History test acc: 0.8764478764478765
2023-12-16 16:32:18,490 - INFO - Accuracy_test_current: [0.8764478764478765]
2023-12-16 16:32:18,490 - INFO - Accuracy_test_total: [0.8764478764478765]
2023-12-16 16:32:25,810 - INFO - Accuracy_per_task_current_test: [0.8764478764478765]
2023-12-16 16:32:25,921 - INFO - Current relation: ['person cities of residence', 'person schools attended', 'person country of death', 'person children', 'person charges']
2023-12-16 16:32:35,070 - INFO - Train Simple Finished!
2023-12-16 16:32:40,520 - INFO - 25
2023-12-16 16:32:40,521 - INFO - 27
2023-12-16 16:32:52,561 - INFO - Train First Finished!
2023-12-16 16:32:55,917 - INFO - Length seen relation: 11
2023-12-16 16:32:55,918 - INFO - Train data memory: 11
2023-12-16 16:33:07,691 - INFO - Train Memory Finished!
2023-12-16 16:33:07,691 - INFO - 276
2023-12-16 16:33:07,691 - INFO - 794
2023-12-16 16:33:07,691 - INFO - ------------------------------------------------------------Evaluating------------------------------------------------------------
2023-12-16 16:33:22,845 - INFO - Restart Num 3
2023-12-16 16:33:22,845 - INFO - Task--2:
2023-12-16 16:33:22,845 - INFO - Current test acc: 0.5688405797101449
2023-12-16 16:33:22,846 - INFO - History test acc: 0.7468513853904282
2023-12-16 16:33:22,846 - INFO - Accuracy_test_current: [0.8764478764478765, 0.5688405797101449]
2023-12-16 16:33:22,846 - INFO - Accuracy_test_total: [0.8764478764478765, 0.7468513853904282]
2023-12-16 16:33:34,390 - INFO - Accuracy_per_task_current_test: [0.8416988416988417, 0.5688405797101449]
2023-12-16 16:33:34,552 - INFO - Current relation: ['person date of birth', 'person stateorprovince of birth', 'person parents', 'person employee of', 'person stateorprovince of death']
2023-12-16 16:33:43,927 - INFO - Train Simple Finished!
2023-12-16 16:33:49,959 - INFO - 25
2023-12-16 16:33:49,960 - INFO - 31
2023-12-16 16:34:02,557 - INFO - Train First Finished!
2023-12-16 16:34:05,833 - INFO - Length seen relation: 16
2023-12-16 16:34:05,834 - INFO - Train data memory: 16
2023-12-16 16:34:21,284 - INFO - Train Memory Finished!
2023-12-16 16:34:21,285 - INFO - 219
2023-12-16 16:34:21,285 - INFO - 1013
2023-12-16 16:34:21,285 - INFO - ------------------------------------------------------------Evaluating------------------------------------------------------------
2023-12-16 16:34:38,242 - INFO - Restart Num 3
2023-12-16 16:34:38,242 - INFO - Task--3:
2023-12-16 16:34:38,242 - INFO - Current test acc: 0.2009132420091324
2023-12-16 16:34:38,242 - INFO - History test acc: 0.6475814412635735
2023-12-16 16:34:38,242 - INFO - Accuracy_test_current: [0.8764478764478765, 0.5688405797101449, 0.2009132420091324]
2023-12-16 16:34:38,242 - INFO - Accuracy_test_total: [0.8764478764478765, 0.7468513853904282, 0.6475814412635735]
2023-12-16 16:34:52,674 - INFO - Accuracy_per_task_current_test: [0.8223938223938224, 0.6739130434782609, 0.2009132420091324]
2023-12-16 16:34:52,834 - INFO - Current relation: ['organization founded', 'person age', 'person city of birth', 'organization members', 'person religion']
2023-12-16 16:35:03,228 - INFO - Train Simple Finished!
2023-12-16 16:35:10,715 - INFO - 25
2023-12-16 16:35:10,716 - INFO - 25
2023-12-16 16:35:23,910 - INFO - Train First Finished!
2023-12-16 16:35:27,184 - INFO - Length seen relation: 21
2023-12-16 16:35:27,185 - INFO - Train data memory: 21
2023-12-16 16:35:47,012 - INFO - Train Memory Finished!
2023-12-16 16:35:47,012 - INFO - 220
2023-12-16 16:35:47,012 - INFO - 1233
2023-12-16 16:35:47,012 - INFO - ------------------------------------------------------------Evaluating------------------------------------------------------------
2023-12-16 16:36:07,231 - INFO - Restart Num 3
2023-12-16 16:36:07,232 - INFO - Task--4:
2023-12-16 16:36:07,232 - INFO - Current test acc: 0.7045454545454546
2023-12-16 16:36:07,232 - INFO - History test acc: 0.6399026763990268
2023-12-16 16:36:07,232 - INFO - Accuracy_test_current: [0.8764478764478765, 0.5688405797101449, 0.2009132420091324, 0.7045454545454546]
2023-12-16 16:36:07,232 - INFO - Accuracy_test_total: [0.8764478764478765, 0.7468513853904282, 0.6475814412635735, 0.6399026763990268]
2023-12-16 16:36:24,682 - INFO - Accuracy_per_task_current_test: [0.7664092664092664, 0.5869565217391305, 0.3424657534246575, 0.7045454545454546]
2023-12-16 16:36:24,838 - INFO - Current relation: ['person cause of death', 'organization political religious affiliation', 'organization stateorprovince of headquarters', 'person other family', 'person city of death']
2023-12-16 16:36:35,951 - INFO - Train Simple Finished!
2023-12-16 16:36:44,179 - INFO - 25
2023-12-16 16:36:44,180 - INFO - 25
2023-12-16 16:36:57,876 - INFO - Train First Finished!
2023-12-16 16:37:01,161 - INFO - Length seen relation: 26
2023-12-16 16:37:01,161 - INFO - Train data memory: 26
2023-12-16 16:37:25,086 - INFO - Train Memory Finished!
2023-12-16 16:37:25,087 - INFO - 201
2023-12-16 16:37:25,087 - INFO - 1434
2023-12-16 16:37:25,087 - INFO - ------------------------------------------------------------Evaluating------------------------------------------------------------
2023-12-16 16:37:47,402 - INFO - Restart Num 3
2023-12-16 16:37:47,403 - INFO - Task--5:
2023-12-16 16:37:47,403 - INFO - Current test acc: 0.472636815920398
2023-12-16 16:37:47,403 - INFO - History test acc: 0.5885634588563459
2023-12-16 16:37:47,403 - INFO - Accuracy_test_current: [0.8764478764478765, 0.5688405797101449, 0.2009132420091324, 0.7045454545454546, 0.472636815920398]
2023-12-16 16:37:47,403 - INFO - Accuracy_test_total: [0.8764478764478765, 0.7468513853904282, 0.6475814412635735, 0.6399026763990268, 0.5885634588563459]
2023-12-16 16:38:07,849 - INFO - Accuracy_per_task_current_test: [0.6756756756756757, 0.5760869565217391, 0.3926940639269406, 0.7, 0.472636815920398]
2023-12-16 16:38:08,006 - INFO - Current relation: ['person stateorprovinces of residence', 'person date of death', 'organization number of employees members', 'person alternate names', 'person spouse']
2023-12-16 16:38:20,503 - INFO - Train Simple Finished!
2023-12-16 16:38:29,868 - INFO - 25
2023-12-16 16:38:29,869 - INFO - 25
2023-12-16 16:38:44,310 - INFO - Train First Finished!
2023-12-16 16:38:47,582 - INFO - Length seen relation: 31
2023-12-16 16:38:47,582 - INFO - Train data memory: 31
2023-12-16 16:39:15,528 - INFO - Train Memory Finished!
2023-12-16 16:39:15,529 - INFO - 231
2023-12-16 16:39:15,529 - INFO - 1665
2023-12-16 16:39:15,529 - INFO - ------------------------------------------------------------Evaluating------------------------------------------------------------
2023-12-16 16:39:41,363 - INFO - Restart Num 3
2023-12-16 16:39:41,363 - INFO - Task--6:
2023-12-16 16:39:41,363 - INFO - Current test acc: 0.27705627705627706
2023-12-16 16:39:41,363 - INFO - History test acc: 0.5237237237237238
2023-12-16 16:39:41,363 - INFO - Accuracy_test_current: [0.8764478764478765, 0.5688405797101449, 0.2009132420091324, 0.7045454545454546, 0.472636815920398, 0.27705627705627706]
2023-12-16 16:39:41,364 - INFO - Accuracy_test_total: [0.8764478764478765, 0.7468513853904282, 0.6475814412635735, 0.6399026763990268, 0.5885634588563459, 0.5237237237237238]
2023-12-16 16:40:05,059 - INFO - Accuracy_per_task_current_test: [0.6776061776061776, 0.5108695652173914, 0.3424657534246575, 0.740909090909091, 0.3880597014925373, 0.27705627705627706]
2023-12-16 16:40:05,220 - INFO - Current relation: ['person country of birth', 'organization website', 'organization shareholders', 'organization dissolved', 'organization founded by']
2023-12-16 16:40:17,241 - INFO - Train Simple Finished!
2023-12-16 16:40:27,845 - INFO - 25
2023-12-16 16:40:27,845 - INFO - 25
2023-12-16 16:40:42,594 - INFO - Train First Finished!
2023-12-16 16:40:45,938 - INFO - Length seen relation: 36
2023-12-16 16:40:45,938 - INFO - Train data memory: 36
2023-12-16 16:41:19,778 - INFO - Train Memory Finished!
2023-12-16 16:41:19,778 - INFO - 114
2023-12-16 16:41:19,778 - INFO - 1779
2023-12-16 16:41:19,779 - INFO - ------------------------------------------------------------Evaluating------------------------------------------------------------
2023-12-16 16:41:45,618 - INFO - Restart Num 3
2023-12-16 16:41:45,618 - INFO - Task--7:
2023-12-16 16:41:45,618 - INFO - Current test acc: 0.7368421052631579
2023-12-16 16:41:45,618 - INFO - History test acc: 0.4924114671163575
2023-12-16 16:41:45,618 - INFO - Accuracy_test_current: [0.8764478764478765, 0.5688405797101449, 0.2009132420091324, 0.7045454545454546, 0.472636815920398, 0.27705627705627706, 0.7368421052631579]
2023-12-16 16:41:45,619 - INFO - Accuracy_test_total: [0.8764478764478765, 0.7468513853904282, 0.6475814412635735, 0.6399026763990268, 0.5885634588563459, 0.5237237237237238, 0.4924114671163575]
2023-12-16 16:42:10,928 - INFO - Accuracy_per_task_current_test: [0.5212355212355212, 0.5652173913043478, 0.2831050228310502, 0.6590909090909091, 0.472636815920398, 0.27705627705627706, 0.7368421052631579]
2023-12-16 16:42:11,082 - INFO - Current relation: ['organization subsidiaries', 'organization parents', 'organization alternate names', 'organization city of headquarters', 'person siblings']
2023-12-16 16:42:27,003 - INFO - Train Simple Finished!
2023-12-16 16:42:38,702 - INFO - 25
2023-12-16 16:42:38,702 - INFO - 25
2023-12-16 16:42:54,027 - INFO - Train First Finished!
2023-12-16 16:42:57,358 - INFO - Length seen relation: 41
2023-12-16 16:42:57,358 - INFO - Train data memory: 41
2023-12-16 16:43:36,446 - INFO - Train Memory Finished!
2023-12-16 16:43:36,446 - INFO - 343
2023-12-16 16:43:36,446 - INFO - 2122
2023-12-16 16:43:36,446 - INFO - ------------------------------------------------------------Evaluating------------------------------------------------------------
2023-12-16 16:44:10,304 - INFO - Restart Num 3
2023-12-16 16:44:10,305 - INFO - Task--8:
2023-12-16 16:44:10,305 - INFO - Current test acc: 0.3760932944606414
2023-12-16 16:44:10,305 - INFO - History test acc: 0.44863336475023563
2023-12-16 16:44:10,305 - INFO - Accuracy_test_current: [0.8764478764478765, 0.5688405797101449, 0.2009132420091324, 0.7045454545454546, 0.472636815920398, 0.27705627705627706, 0.7368421052631579, 0.3760932944606414]
2023-12-16 16:44:10,305 - INFO - Accuracy_test_total: [0.8764478764478765, 0.7468513853904282, 0.6475814412635735, 0.6399026763990268, 0.5885634588563459, 0.5237237237237238, 0.4924114671163575, 0.44863336475023563]
2023-12-16 16:44:40,979 - INFO - Accuracy_per_task_current_test: [0.5791505791505791, 0.5507246376811594, 0.3105022831050228, 0.65, 0.25870646766169153, 0.2554112554112554, 0.4298245614035088, 0.3760932944606414]
2023-12-16 16:44:41,139 - INFO - Result_whole_test: [array([87.25868726, 75.57666214, 72.38542891, 60.45627376, 50.25089606,
       50.09287926, 45.99133261, 44.81621112]), array([88.22393822, 74.63284379, 65.70247934, 65.59485531, 59.5463138 ,
       50.6760729 , 43.74342797, 43.54382658]), array([87.64478764, 74.68513854, 64.75814413, 63.99026764, 58.85634589,
       52.37237237, 49.24114671, 44.86333648])]
2023-12-16 16:44:41,139 - INFO - Avg_result_cur_test: [0.87709138 0.51280632 0.25855163 0.69034275 0.42285173 0.43581302
 0.56916942 0.61875486]
2023-12-16 16:44:41,139 - INFO - Avg_result_all_test: [87.70913771 74.96488149 67.61535079 63.34713224 56.21785191 51.04710818
 46.32530243 44.40779139]
2023-12-16 16:44:41,139 - INFO - Std_result_all_test: [0.39668044 0.43312074 3.39491543 2.14654333 4.2286669  0.96687559
 2.25682369 0.61121824]
2023-12-16 16:45:26,578 - INFO - Accuracy_result_all_test: [0.5791505791505791, 0.5507246376811594, 0.3105022831050228, 0.65, 0.25870646766169153, 0.2554112554112554, 0.4298245614035088, 0.3760932944606414]
2023-12-16 16:45:26,579 - INFO - Bwt_whole: [-0.14302544925097704, -0.1543388011742756, -0.11470893807703202]
2023-12-16 16:45:26,579 - INFO - Fwt_whole: [0.1499597143146165, 0.05876563781509535, 0.11388909057479636]
2023-12-16 16:45:26,579 - INFO - Avg_bwt_whole: -0.13735772950076156
2023-12-16 16:45:26,579 - INFO - Avg_fwt_whole: 0.10753814756816939
2023-12-16 16:45:34,483 - INFO - Adding head 'default' with config {'head_type': 'masked_lm', 'vocab_size': 30522, 'embedding_size': 768, 'layers': 2, 'activation_function': 'gelu', 'layer_norm': True, 'bias': True, 'shift_labels': False, 'label2id': None}.
2023-12-16 16:45:35,326 - INFO - Current relation: ['person countries of residence', 'organization top members employees', 'organization member of', 'person origin', 'person title', 'organization country of headquarters']
2023-12-16 16:47:23,312 - INFO - Train Simple Finished!
2023-12-16 16:48:57,109 - INFO - 600
2023-12-16 16:48:57,109 - INFO - 606
2023-12-16 16:56:26,669 - INFO - Train First Finished!
2023-12-16 16:56:52,550 - INFO - Length seen relation: 6
2023-12-16 16:56:52,551 - INFO - Train data memory: 6
2023-12-16 16:57:03,446 - INFO - Train Memory Finished!
2023-12-16 16:57:03,449 - INFO - 518
2023-12-16 16:57:03,449 - INFO - 518
2023-12-16 16:57:03,449 - INFO - ------------------------------------------------------------Evaluating------------------------------------------------------------
2023-12-16 16:57:25,472 - INFO - Restart Num 4
2023-12-16 16:57:25,472 - INFO - Task--1:
2023-12-16 16:57:25,472 - INFO - Current test acc: 0.88996138996139
2023-12-16 16:57:25,473 - INFO - History test acc: 0.88996138996139
2023-12-16 16:57:25,473 - INFO - Accuracy_test_current: [0.88996138996139]
2023-12-16 16:57:25,473 - INFO - Accuracy_test_total: [0.88996138996139]
2023-12-16 16:57:36,853 - INFO - Accuracy_per_task_current_test: [0.88996138996139]
2023-12-16 16:57:36,967 - INFO - Current relation: ['person country of birth', 'organization website', 'organization shareholders', 'organization dissolved', 'organization founded by']
2023-12-16 16:57:46,223 - INFO - Train Simple Finished!
2023-12-16 16:57:51,738 - INFO - 25
2023-12-16 16:57:51,739 - INFO - 25
2023-12-16 16:58:09,229 - INFO - Train First Finished!
2023-12-16 16:58:12,878 - INFO - Length seen relation: 11
2023-12-16 16:58:12,879 - INFO - Train data memory: 11
2023-12-16 16:58:27,836 - INFO - Train Memory Finished!
2023-12-16 16:58:27,836 - INFO - 114
2023-12-16 16:58:27,836 - INFO - 632
2023-12-16 16:58:27,836 - INFO - ------------------------------------------------------------Evaluating------------------------------------------------------------
2023-12-16 16:58:41,758 - INFO - Restart Num 4
2023-12-16 16:58:41,758 - INFO - Task--2:
2023-12-16 16:58:41,758 - INFO - Current test acc: 0.2543859649122807
2023-12-16 16:58:41,758 - INFO - History test acc: 0.7262658227848101
2023-12-16 16:58:41,758 - INFO - Accuracy_test_current: [0.88996138996139, 0.2543859649122807]
2023-12-16 16:58:41,759 - INFO - Accuracy_test_total: [0.88996138996139, 0.7262658227848101]
2023-12-16 16:58:54,854 - INFO - Accuracy_per_task_current_test: [0.8301158301158301, 0.2543859649122807]
2023-12-16 16:58:55,038 - INFO - Current relation: ['organization founded', 'person age', 'person city of birth', 'organization members', 'person religion']
2023-12-16 16:59:07,046 - INFO - Train Simple Finished!
2023-12-16 16:59:13,401 - INFO - 25
2023-12-16 16:59:13,402 - INFO - 30
2023-12-16 16:59:31,371 - INFO - Train First Finished!
2023-12-16 16:59:34,948 - INFO - Length seen relation: 16
2023-12-16 16:59:34,949 - INFO - Train data memory: 16
2023-12-16 16:59:54,656 - INFO - Train Memory Finished!
2023-12-16 16:59:54,657 - INFO - 220
2023-12-16 16:59:54,657 - INFO - 852
2023-12-16 16:59:54,657 - INFO - ------------------------------------------------------------Evaluating------------------------------------------------------------
2023-12-16 17:00:15,171 - INFO - Restart Num 4
2023-12-16 17:00:15,172 - INFO - Task--3:
2023-12-16 17:00:15,172 - INFO - Current test acc: 0.5318181818181819
2023-12-16 17:00:15,172 - INFO - History test acc: 0.6161971830985915
2023-12-16 17:00:15,172 - INFO - Accuracy_test_current: [0.88996138996139, 0.2543859649122807, 0.5318181818181819]
2023-12-16 17:00:15,172 - INFO - Accuracy_test_total: [0.88996138996139, 0.7262658227848101, 0.6161971830985915]
2023-12-16 17:00:31,661 - INFO - Accuracy_per_task_current_test: [0.7316602316602316, 0.2543859649122807, 0.5318181818181819]
2023-12-16 17:00:31,838 - INFO - Current relation: ['person cities of residence', 'person schools attended', 'person country of death', 'person children', 'person charges']
2023-12-16 17:00:46,154 - INFO - Train Simple Finished!
2023-12-16 17:00:53,657 - INFO - 25
2023-12-16 17:00:53,658 - INFO - 25
2023-12-16 17:01:12,936 - INFO - Train First Finished!
2023-12-16 17:01:16,566 - INFO - Length seen relation: 21
2023-12-16 17:01:16,567 - INFO - Train data memory: 21
2023-12-16 17:01:42,885 - INFO - Train Memory Finished!
2023-12-16 17:01:42,885 - INFO - 276
2023-12-16 17:01:42,885 - INFO - 1128
2023-12-16 17:01:42,885 - INFO - ------------------------------------------------------------Evaluating------------------------------------------------------------
2023-12-16 17:02:09,000 - INFO - Restart Num 4
2023-12-16 17:02:09,000 - INFO - Task--4:
2023-12-16 17:02:09,000 - INFO - Current test acc: 0.7318840579710145
2023-12-16 17:02:09,000 - INFO - History test acc: 0.6604609929078015
2023-12-16 17:02:09,000 - INFO - Accuracy_test_current: [0.88996138996139, 0.2543859649122807, 0.5318181818181819, 0.7318840579710145]
2023-12-16 17:02:09,000 - INFO - Accuracy_test_total: [0.88996138996139, 0.7262658227848101, 0.6161971830985915, 0.6604609929078015]
2023-12-16 17:02:31,107 - INFO - Accuracy_per_task_current_test: [0.5926640926640927, 0.6842105263157895, 0.7181818181818181, 0.7318840579710145]
2023-12-16 17:02:31,299 - INFO - Current relation: ['person cause of death', 'organization political religious affiliation', 'organization stateorprovince of headquarters', 'person other family', 'person city of death']
2023-12-16 17:02:45,363 - INFO - Train Simple Finished!
2023-12-16 17:02:54,561 - INFO - 25
2023-12-16 17:02:54,561 - INFO - 27
2023-12-16 17:03:12,907 - INFO - Train First Finished!
2023-12-16 17:03:16,510 - INFO - Length seen relation: 26
2023-12-16 17:03:16,510 - INFO - Train data memory: 26
2023-12-16 17:03:48,355 - INFO - Train Memory Finished!
2023-12-16 17:03:48,356 - INFO - 201
2023-12-16 17:03:48,356 - INFO - 1329
2023-12-16 17:03:48,356 - INFO - ------------------------------------------------------------Evaluating------------------------------------------------------------
2023-12-16 17:04:19,611 - INFO - Restart Num 4
2023-12-16 17:04:19,612 - INFO - Task--5:
2023-12-16 17:04:19,612 - INFO - Current test acc: 0.43781094527363185
2023-12-16 17:04:19,612 - INFO - History test acc: 0.5748683220466516
2023-12-16 17:04:19,612 - INFO - Accuracy_test_current: [0.88996138996139, 0.2543859649122807, 0.5318181818181819, 0.7318840579710145, 0.43781094527363185]
2023-12-16 17:04:19,612 - INFO - Accuracy_test_total: [0.88996138996139, 0.7262658227848101, 0.6161971830985915, 0.6604609929078015, 0.5748683220466516]
2023-12-16 17:04:43,289 - INFO - Accuracy_per_task_current_test: [0.5598455598455598, 0.47368421052631576, 0.7318181818181818, 0.6195652173913043, 0.43781094527363185]
2023-12-16 17:04:43,440 - INFO - Current relation: ['person date of birth', 'person stateorprovince of birth', 'person parents', 'person employee of', 'person stateorprovince of death']
2023-12-16 17:04:59,141 - INFO - Train Simple Finished!
2023-12-16 17:05:09,531 - INFO - 25
2023-12-16 17:05:09,532 - INFO - 25
2023-12-16 17:05:27,611 - INFO - Train First Finished!
2023-12-16 17:05:31,230 - INFO - Length seen relation: 31
2023-12-16 17:05:31,230 - INFO - Train data memory: 31
2023-12-16 17:06:09,161 - INFO - Train Memory Finished!
2023-12-16 17:06:09,162 - INFO - 219
2023-12-16 17:06:09,162 - INFO - 1548
2023-12-16 17:06:09,162 - INFO - ------------------------------------------------------------Evaluating------------------------------------------------------------
2023-12-16 17:06:45,183 - INFO - Restart Num 4
2023-12-16 17:06:45,184 - INFO - Task--6:
2023-12-16 17:06:45,184 - INFO - Current test acc: 0.3150684931506849
2023-12-16 17:06:45,184 - INFO - History test acc: 0.5400516795865633
2023-12-16 17:06:45,184 - INFO - Accuracy_test_current: [0.88996138996139, 0.2543859649122807, 0.5318181818181819, 0.7318840579710145, 0.43781094527363185, 0.3150684931506849]
2023-12-16 17:06:45,184 - INFO - Accuracy_test_total: [0.88996138996139, 0.7262658227848101, 0.6161971830985915, 0.6604609929078015, 0.5748683220466516, 0.5400516795865633]
2023-12-16 17:07:14,857 - INFO - Accuracy_per_task_current_test: [0.5868725868725869, 0.41228070175438597, 0.7045454545454546, 0.6086956521739131, 0.4626865671641791, 0.3150684931506849]
2023-12-16 17:07:15,036 - INFO - Current relation: ['organization subsidiaries', 'organization parents', 'organization alternate names', 'organization city of headquarters', 'person siblings']
2023-12-16 17:07:32,882 - INFO - Train Simple Finished!
2023-12-16 17:07:44,162 - INFO - 25
2023-12-16 17:07:44,162 - INFO - 25
2023-12-16 17:08:03,356 - INFO - Train First Finished!
2023-12-16 17:08:07,077 - INFO - Length seen relation: 36
2023-12-16 17:08:07,077 - INFO - Train data memory: 36
2023-12-16 17:08:52,792 - INFO - Train Memory Finished!
2023-12-16 17:08:52,793 - INFO - 343
2023-12-16 17:08:52,793 - INFO - 1891
2023-12-16 17:08:52,793 - INFO - ------------------------------------------------------------Evaluating------------------------------------------------------------
2023-12-16 17:09:38,425 - INFO - Restart Num 4
2023-12-16 17:09:38,426 - INFO - Task--7:
2023-12-16 17:09:38,426 - INFO - Current test acc: 0.43731778425655976
2023-12-16 17:09:38,426 - INFO - History test acc: 0.49338974087784243
2023-12-16 17:09:38,426 - INFO - Accuracy_test_current: [0.88996138996139, 0.2543859649122807, 0.5318181818181819, 0.7318840579710145, 0.43781094527363185, 0.3150684931506849, 0.43731778425655976]
2023-12-16 17:09:38,426 - INFO - Accuracy_test_total: [0.88996138996139, 0.7262658227848101, 0.6161971830985915, 0.6604609929078015, 0.5748683220466516, 0.5400516795865633, 0.49338974087784243]
2023-12-16 17:10:14,948 - INFO - Accuracy_per_task_current_test: [0.5444015444015444, 0.37719298245614036, 0.6863636363636364, 0.5362318840579711, 0.34328358208955223, 0.410958904109589, 0.43731778425655976]
2023-12-16 17:10:15,129 - INFO - Current relation: ['person stateorprovinces of residence', 'person date of death', 'organization number of employees members', 'person alternate names', 'person spouse']
2023-12-16 17:10:31,663 - INFO - Train Simple Finished!
2023-12-16 17:10:44,372 - INFO - 25
2023-12-16 17:10:44,372 - INFO - 25
2023-12-16 17:11:03,280 - INFO - Train First Finished!
2023-12-16 17:11:06,772 - INFO - Length seen relation: 41
2023-12-16 17:11:06,773 - INFO - Train data memory: 41
2023-12-16 17:11:58,078 - INFO - Train Memory Finished!
2023-12-16 17:11:58,079 - INFO - 231
2023-12-16 17:11:58,079 - INFO - 2122
2023-12-16 17:11:58,079 - INFO - ------------------------------------------------------------Evaluating------------------------------------------------------------
2023-12-16 17:12:46,085 - INFO - Restart Num 4
2023-12-16 17:12:46,085 - INFO - Task--8:
2023-12-16 17:12:46,085 - INFO - Current test acc: 0.33766233766233766
2023-12-16 17:12:46,086 - INFO - History test acc: 0.44344957587181905
2023-12-16 17:12:46,086 - INFO - Accuracy_test_current: [0.88996138996139, 0.2543859649122807, 0.5318181818181819, 0.7318840579710145, 0.43781094527363185, 0.3150684931506849, 0.43731778425655976, 0.33766233766233766]
2023-12-16 17:12:46,086 - INFO - Accuracy_test_total: [0.88996138996139, 0.7262658227848101, 0.6161971830985915, 0.6604609929078015, 0.5748683220466516, 0.5400516795865633, 0.49338974087784243, 0.44344957587181905]
2023-12-16 17:13:30,071 - INFO - Accuracy_per_task_current_test: [0.5308880308880309, 0.2807017543859649, 0.6909090909090909, 0.5289855072463768, 0.3582089552238806, 0.2146118721461187, 0.40524781341107874, 0.33766233766233766]
2023-12-16 17:13:30,242 - INFO - Result_whole_test: [array([87.25868726, 75.57666214, 72.38542891, 60.45627376, 50.25089606,
       50.09287926, 45.99133261, 44.81621112]), array([88.22393822, 74.63284379, 65.70247934, 65.59485531, 59.5463138 ,
       50.6760729 , 43.74342797, 43.54382658]), array([87.64478764, 74.68513854, 64.75814413, 63.99026764, 58.85634589,
       52.37237237, 49.24114671, 44.86333648]), array([88.996139  , 72.62658228, 61.61971831, 66.04609929, 57.4868322 ,
       54.00516796, 49.33897409, 44.34495759])]
2023-12-16 17:13:30,242 - INFO - Avg_result_cur_test: [0.88030888 0.44820123 0.32686827 0.70072808 0.42659153 0.40562689
 0.53620651 0.54848173]
2023-12-16 17:13:30,247 - INFO - Avg_result_all_test: [88.03088803 74.38030669 66.11644267 64.021874   56.53509699 51.78662312
 47.07872035 44.39208294]
2023-12-16 17:13:30,247 - INFO - Std_result_all_test: [0.65466506 1.07975844 3.922278   2.19580636 3.70312721 1.53028865
 2.35007564 0.53002931]
2023-12-16 17:14:10,599 - INFO - Accuracy_result_all_test: [0.5308880308880309, 0.2807017543859649, 0.6909090909090909, 0.5289855072463768, 0.3582089552238806, 0.2146118721461187, 0.40524781341107874, 0.33766233766233766]
2023-12-16 17:14:10,600 - INFO - Bwt_whole: [-0.14302544925097704, -0.1543388011742756, -0.11470893807703202, -0.08409911330474314]
2023-12-16 17:14:10,604 - INFO - Fwt_whole: [0.1499597143146165, 0.05876563781509535, 0.11388909057479636, 0.08052848852482096]
2023-12-16 17:14:10,604 - INFO - Avg_bwt_whole: -0.12404307545175694
2023-12-16 17:14:10,604 - INFO - Avg_fwt_whole: 0.10078573280733229
2023-12-16 17:14:18,307 - INFO - Adding head 'default' with config {'head_type': 'masked_lm', 'vocab_size': 30522, 'embedding_size': 768, 'layers': 2, 'activation_function': 'gelu', 'layer_norm': True, 'bias': True, 'shift_labels': False, 'label2id': None}.
2023-12-16 17:14:19,165 - INFO - Current relation: ['person countries of residence', 'organization top members employees', 'organization member of', 'person origin', 'person title', 'organization country of headquarters']
2023-12-16 17:16:19,840 - INFO - Train Simple Finished!
2023-12-16 17:17:56,626 - INFO - 600
2023-12-16 17:17:56,627 - INFO - 604
2023-12-16 17:25:31,429 - INFO - Train First Finished!
2023-12-16 17:25:53,925 - INFO - Length seen relation: 6
2023-12-16 17:25:53,925 - INFO - Train data memory: 6
2023-12-16 17:26:05,185 - INFO - Train Memory Finished!
2023-12-16 17:26:05,188 - INFO - 518
2023-12-16 17:26:05,188 - INFO - 518
2023-12-16 17:26:05,188 - INFO - ------------------------------------------------------------Evaluating------------------------------------------------------------
2023-12-16 17:26:25,366 - INFO - Restart Num 5
2023-12-16 17:26:25,367 - INFO - Task--1:
2023-12-16 17:26:25,367 - INFO - Current test acc: 0.8783783783783784
2023-12-16 17:26:25,367 - INFO - History test acc: 0.8783783783783784
2023-12-16 17:26:25,367 - INFO - Accuracy_test_current: [0.8783783783783784]
2023-12-16 17:26:25,367 - INFO - Accuracy_test_total: [0.8783783783783784]
2023-12-16 17:26:36,323 - INFO - Accuracy_per_task_current_test: [0.8783783783783784]
2023-12-16 17:26:36,435 - INFO - Current relation: ['person cause of death', 'organization political religious affiliation', 'organization stateorprovince of headquarters', 'person other family', 'person city of death']
2023-12-16 17:26:47,947 - INFO - Train Simple Finished!
2023-12-16 17:26:53,496 - INFO - 25
2023-12-16 17:26:53,496 - INFO - 27
2023-12-16 17:27:10,253 - INFO - Train First Finished!
2023-12-16 17:27:14,016 - INFO - Length seen relation: 11
2023-12-16 17:27:14,016 - INFO - Train data memory: 11
2023-12-16 17:27:29,142 - INFO - Train Memory Finished!
2023-12-16 17:27:29,142 - INFO - 201
2023-12-16 17:27:29,142 - INFO - 719
2023-12-16 17:27:29,142 - INFO - ------------------------------------------------------------Evaluating------------------------------------------------------------
2023-12-16 17:27:48,143 - INFO - Restart Num 5
2023-12-16 17:27:48,143 - INFO - Task--2:
2023-12-16 17:27:48,143 - INFO - Current test acc: 0.582089552238806
2023-12-16 17:27:48,143 - INFO - History test acc: 0.7746870653685675
2023-12-16 17:27:48,144 - INFO - Accuracy_test_current: [0.8783783783783784, 0.582089552238806]
2023-12-16 17:27:48,144 - INFO - Accuracy_test_total: [0.8783783783783784, 0.7746870653685675]
2023-12-16 17:28:01,588 - INFO - Accuracy_per_task_current_test: [0.8494208494208494, 0.582089552238806]
2023-12-16 17:28:01,759 - INFO - Current relation: ['person stateorprovinces of residence', 'person date of death', 'organization number of employees members', 'person alternate names', 'person spouse']
2023-12-16 17:28:12,407 - INFO - Train Simple Finished!
2023-12-16 17:28:20,012 - INFO - 25
2023-12-16 17:28:20,012 - INFO - 25
2023-12-16 17:28:37,010 - INFO - Train First Finished!
2023-12-16 17:28:40,561 - INFO - Length seen relation: 16
2023-12-16 17:28:40,561 - INFO - Train data memory: 16
2023-12-16 17:29:00,836 - INFO - Train Memory Finished!
2023-12-16 17:29:00,836 - INFO - 231
2023-12-16 17:29:00,837 - INFO - 950
2023-12-16 17:29:00,837 - INFO - ------------------------------------------------------------Evaluating------------------------------------------------------------
2023-12-16 17:29:25,151 - INFO - Restart Num 5
2023-12-16 17:29:25,152 - INFO - Task--3:
2023-12-16 17:29:25,152 - INFO - Current test acc: 0.27705627705627706
2023-12-16 17:29:25,152 - INFO - History test acc: 0.6736842105263158
2023-12-16 17:29:25,152 - INFO - Accuracy_test_current: [0.8783783783783784, 0.582089552238806, 0.27705627705627706]
2023-12-16 17:29:25,152 - INFO - Accuracy_test_total: [0.8783783783783784, 0.7746870653685675, 0.6736842105263158]
2023-12-16 17:29:43,589 - INFO - Accuracy_per_task_current_test: [0.8416988416988417, 0.6965174129353234, 0.27705627705627706]
2023-12-16 17:29:43,745 - INFO - Current relation: ['organization subsidiaries', 'organization parents', 'organization alternate names', 'organization city of headquarters', 'person siblings']
2023-12-16 17:29:58,666 - INFO - Train Simple Finished!
2023-12-16 17:30:06,298 - INFO - 25
2023-12-16 17:30:06,298 - INFO - 25
2023-12-16 17:30:25,849 - INFO - Train First Finished!
2023-12-16 17:30:29,072 - INFO - Length seen relation: 21
2023-12-16 17:30:29,073 - INFO - Train data memory: 21
2023-12-16 17:30:58,013 - INFO - Train Memory Finished!
2023-12-16 17:30:58,014 - INFO - 343
2023-12-16 17:30:58,014 - INFO - 1293
2023-12-16 17:30:58,014 - INFO - ------------------------------------------------------------Evaluating------------------------------------------------------------
2023-12-16 17:31:31,522 - INFO - Restart Num 5
2023-12-16 17:31:31,523 - INFO - Task--4:
2023-12-16 17:31:31,523 - INFO - Current test acc: 0.27696793002915454
2023-12-16 17:31:31,523 - INFO - History test acc: 0.5622583139984532
2023-12-16 17:31:31,523 - INFO - Accuracy_test_current: [0.8783783783783784, 0.582089552238806, 0.27705627705627706, 0.27696793002915454]
2023-12-16 17:31:31,523 - INFO - Accuracy_test_total: [0.8783783783783784, 0.7746870653685675, 0.6736842105263158, 0.5622583139984532]
2023-12-16 17:31:56,668 - INFO - Accuracy_per_task_current_test: [0.8185328185328186, 0.5373134328358209, 0.4329004329004329, 0.27696793002915454]
2023-12-16 17:31:56,828 - INFO - Current relation: ['person cities of residence', 'person schools attended', 'person country of death', 'person children', 'person charges']
2023-12-16 17:32:11,864 - INFO - Train Simple Finished!
2023-12-16 17:32:20,431 - INFO - 25
2023-12-16 17:32:20,431 - INFO - 25
2023-12-16 17:32:39,444 - INFO - Train First Finished!
2023-12-16 17:32:42,855 - INFO - Length seen relation: 26
2023-12-16 17:32:42,855 - INFO - Train data memory: 26
2023-12-16 17:33:13,899 - INFO - Train Memory Finished!
2023-12-16 17:33:13,899 - INFO - 276
2023-12-16 17:33:13,899 - INFO - 1569
2023-12-16 17:33:13,900 - INFO - ------------------------------------------------------------Evaluating------------------------------------------------------------
2023-12-16 17:33:51,835 - INFO - Restart Num 5
2023-12-16 17:33:51,836 - INFO - Task--5:
2023-12-16 17:33:51,836 - INFO - Current test acc: 0.6847826086956522
2023-12-16 17:33:51,836 - INFO - History test acc: 0.5723390694710007
2023-12-16 17:33:51,836 - INFO - Accuracy_test_current: [0.8783783783783784, 0.582089552238806, 0.27705627705627706, 0.27696793002915454, 0.6847826086956522]
2023-12-16 17:33:51,836 - INFO - Accuracy_test_total: [0.8783783783783784, 0.7746870653685675, 0.6736842105263158, 0.5622583139984532, 0.5723390694710007]
2023-12-16 17:34:24,500 - INFO - Accuracy_per_task_current_test: [0.7837837837837838, 0.3582089552238806, 0.44155844155844154, 0.3760932944606414, 0.6847826086956522]
2023-12-16 17:34:24,672 - INFO - Current relation: ['organization founded', 'person age', 'person city of birth', 'organization members', 'person religion']
2023-12-16 17:34:39,314 - INFO - Train Simple Finished!
2023-12-16 17:34:48,909 - INFO - 25
2023-12-16 17:34:48,909 - INFO - 25
2023-12-16 17:35:08,527 - INFO - Train First Finished!
2023-12-16 17:35:12,441 - INFO - Length seen relation: 31
2023-12-16 17:35:12,441 - INFO - Train data memory: 31
2023-12-16 17:35:47,694 - INFO - Train Memory Finished!
2023-12-16 17:35:47,695 - INFO - 220
2023-12-16 17:35:47,695 - INFO - 1789
2023-12-16 17:35:47,695 - INFO - ------------------------------------------------------------Evaluating------------------------------------------------------------
2023-12-16 17:36:29,313 - INFO - Restart Num 5
2023-12-16 17:36:29,314 - INFO - Task--6:
2023-12-16 17:36:29,314 - INFO - Current test acc: 0.740909090909091
2023-12-16 17:36:29,314 - INFO - History test acc: 0.5858021240916713
2023-12-16 17:36:29,314 - INFO - Accuracy_test_current: [0.8783783783783784, 0.582089552238806, 0.27705627705627706, 0.27696793002915454, 0.6847826086956522, 0.740909090909091]
2023-12-16 17:36:29,314 - INFO - Accuracy_test_total: [0.8783783783783784, 0.7746870653685675, 0.6736842105263158, 0.5622583139984532, 0.5723390694710007, 0.5858021240916713]
2023-12-16 17:37:05,625 - INFO - Accuracy_per_task_current_test: [0.7644787644787645, 0.34328358208955223, 0.4155844155844156, 0.3760932944606414, 0.7065217391304348, 0.740909090909091]
2023-12-16 17:37:05,788 - INFO - Current relation: ['person date of birth', 'person stateorprovince of birth', 'person parents', 'person employee of', 'person stateorprovince of death']
2023-12-16 17:37:21,942 - INFO - Train Simple Finished!
2023-12-16 17:37:32,754 - INFO - 25
2023-12-16 17:37:32,754 - INFO - 25
2023-12-16 17:37:52,266 - INFO - Train First Finished!
2023-12-16 17:37:55,837 - INFO - Length seen relation: 36
2023-12-16 17:37:55,837 - INFO - Train data memory: 36
2023-12-16 17:38:41,975 - INFO - Train Memory Finished!
2023-12-16 17:38:41,976 - INFO - 219
2023-12-16 17:38:41,976 - INFO - 2008
2023-12-16 17:38:41,976 - INFO - ------------------------------------------------------------Evaluating------------------------------------------------------------
2023-12-16 17:39:27,610 - INFO - Restart Num 5
2023-12-16 17:39:27,611 - INFO - Task--7:
2023-12-16 17:39:27,611 - INFO - Current test acc: 0.502283105022831
2023-12-16 17:39:27,611 - INFO - History test acc: 0.5353585657370518
2023-12-16 17:39:27,611 - INFO - Accuracy_test_current: [0.8783783783783784, 0.582089552238806, 0.27705627705627706, 0.27696793002915454, 0.6847826086956522, 0.740909090909091, 0.502283105022831]
2023-12-16 17:39:27,611 - INFO - Accuracy_test_total: [0.8783783783783784, 0.7746870653685675, 0.6736842105263158, 0.5622583139984532, 0.5723390694710007, 0.5858021240916713, 0.5353585657370518]
2023-12-16 17:40:08,341 - INFO - Accuracy_per_task_current_test: [0.750965250965251, 0.3582089552238806, 0.2943722943722944, 0.3236151603498542, 0.6268115942028986, 0.6909090909090909, 0.502283105022831]
2023-12-16 17:40:08,503 - INFO - Current relation: ['person country of birth', 'organization website', 'organization shareholders', 'organization dissolved', 'organization founded by']
2023-12-16 17:40:23,645 - INFO - Train Simple Finished!
2023-12-16 17:40:35,728 - INFO - 25
2023-12-16 17:40:35,728 - INFO - 25
2023-12-16 17:40:51,425 - INFO - Train First Finished!
2023-12-16 17:40:54,792 - INFO - Length seen relation: 41
2023-12-16 17:40:54,793 - INFO - Train data memory: 41
2023-12-16 17:41:33,777 - INFO - Train Memory Finished!
2023-12-16 17:41:33,778 - INFO - 114
2023-12-16 17:41:33,778 - INFO - 2122
2023-12-16 17:41:33,778 - INFO - ------------------------------------------------------------Evaluating------------------------------------------------------------
2023-12-16 17:42:04,582 - INFO - Restart Num 5
2023-12-16 17:42:04,582 - INFO - Task--8:
2023-12-16 17:42:04,582 - INFO - Current test acc: 0.3157894736842105
2023-12-16 17:42:04,582 - INFO - History test acc: 0.45428840716305374
2023-12-16 17:42:04,583 - INFO - Accuracy_test_current: [0.8783783783783784, 0.582089552238806, 0.27705627705627706, 0.27696793002915454, 0.6847826086956522, 0.740909090909091, 0.502283105022831, 0.3157894736842105]
2023-12-16 17:42:04,583 - INFO - Accuracy_test_total: [0.8783783783783784, 0.7746870653685675, 0.6736842105263158, 0.5622583139984532, 0.5723390694710007, 0.5858021240916713, 0.5353585657370518, 0.45428840716305374]
2023-12-16 17:42:35,102 - INFO - Accuracy_per_task_current_test: [0.6061776061776062, 0.31840796019900497, 0.24242424242424243, 0.282798833819242, 0.6123188405797102, 0.6818181818181818, 0.3561643835616438, 0.3157894736842105]
2023-12-16 17:42:35,498 - INFO - Result_whole_test: [array([87.25868726, 75.57666214, 72.38542891, 60.45627376, 50.25089606,
       50.09287926, 45.99133261, 44.81621112]), array([88.22393822, 74.63284379, 65.70247934, 65.59485531, 59.5463138 ,
       50.6760729 , 43.74342797, 43.54382658]), array([87.64478764, 74.68513854, 64.75814413, 63.99026764, 58.85634589,
       52.37237237, 49.24114671, 44.86333648]), array([88.996139  , 72.62658228, 61.61971831, 66.04609929, 57.4868322 ,
       54.00516796, 49.33897409, 44.34495759]), array([87.83783784, 77.46870654, 67.36842105, 56.2258314 , 57.23390695,
       58.58021241, 53.53585657, 45.42884072])]
2023-12-16 17:42:35,499 - INFO - Avg_result_cur_test: [0.87992278 0.47497889 0.31690587 0.61597605 0.47822975 0.47268333
 0.52942183 0.50194328]
2023-12-16 17:42:35,499 - INFO - Avg_result_all_test: [87.99227799 74.99798666 66.36683835 62.46266548 56.67485898 53.14534098
 48.37014759 44.5994345 ]
2023-12-16 17:42:35,499 - INFO - Std_result_all_test: [0.59062002 1.56806148 3.5437556  3.68534629 3.32395164 3.04267704
 3.33007834 0.62985992]
2023-12-16 17:43:06,359 - INFO - Accuracy_result_all_test: [0.6061776061776062, 0.31840796019900497, 0.24242424242424243, 0.282798833819242, 0.6123188405797102, 0.6818181818181818, 0.3561643835616438, 0.3157894736842105]
2023-12-16 17:43:06,360 - INFO - Bwt_whole: [-0.14302544925097704, -0.1543388011742756, -0.11470893807703202, -0.08409911330474314, -0.12033669910722268]
2023-12-16 17:43:06,360 - INFO - Fwt_whole: [0.1499597143146165, 0.05876563781509535, 0.11388909057479636, 0.08052848852482096, 0.012398731120241983]
2023-12-16 17:43:06,360 - INFO - Avg_bwt_whole: -0.12330180018285009
2023-12-16 17:43:06,360 - INFO - Avg_fwt_whole: 0.08310833246991423
2023-12-16 17:43:13,840 - INFO - Adding head 'default' with config {'head_type': 'masked_lm', 'vocab_size': 30522, 'embedding_size': 768, 'layers': 2, 'activation_function': 'gelu', 'layer_norm': True, 'bias': True, 'shift_labels': False, 'label2id': None}.
2023-12-16 17:43:14,486 - INFO - Current relation: ['person countries of residence', 'organization top members employees', 'organization member of', 'person origin', 'person title', 'organization country of headquarters']
2023-12-16 17:44:12,092 - INFO - Train Simple Finished!
2023-12-16 17:45:39,456 - INFO - 600
2023-12-16 17:45:39,457 - INFO - 602
2023-12-16 17:50:42,444 - INFO - Train First Finished!
2023-12-16 17:51:00,076 - INFO - Length seen relation: 6
2023-12-16 17:51:00,077 - INFO - Train data memory: 6
2023-12-16 17:51:10,474 - INFO - Train Memory Finished!
2023-12-16 17:51:10,478 - INFO - 518
2023-12-16 17:51:10,478 - INFO - 518
2023-12-16 17:51:10,478 - INFO - ------------------------------------------------------------Evaluating------------------------------------------------------------
2023-12-16 17:51:25,051 - INFO - Restart Num 6
2023-12-16 17:51:25,051 - INFO - Task--1:
2023-12-16 17:51:25,052 - INFO - Current test acc: 0.8764478764478765
2023-12-16 17:51:25,052 - INFO - History test acc: 0.8764478764478765
2023-12-16 17:51:25,052 - INFO - Accuracy_test_current: [0.8764478764478765]
2023-12-16 17:51:25,052 - INFO - Accuracy_test_total: [0.8764478764478765]
2023-12-16 17:51:32,280 - INFO - Accuracy_per_task_current_test: [0.8764478764478765]
2023-12-16 17:51:32,403 - INFO - Current relation: ['person cities of residence', 'person schools attended', 'person country of death', 'person children', 'person charges']
2023-12-16 17:51:41,877 - INFO - Train Simple Finished!
2023-12-16 17:51:47,147 - INFO - 25
2023-12-16 17:51:47,147 - INFO - 25
2023-12-16 17:51:59,510 - INFO - Train First Finished!
2023-12-16 17:52:03,105 - INFO - Length seen relation: 11
2023-12-16 17:52:03,105 - INFO - Train data memory: 11
2023-12-16 17:52:15,624 - INFO - Train Memory Finished!
2023-12-16 17:52:15,625 - INFO - 276
2023-12-16 17:52:15,625 - INFO - 794
2023-12-16 17:52:15,625 - INFO - ------------------------------------------------------------Evaluating------------------------------------------------------------
2023-12-16 17:52:30,822 - INFO - Restart Num 6
2023-12-16 17:52:30,822 - INFO - Task--2:
2023-12-16 17:52:30,822 - INFO - Current test acc: 0.7644927536231884
2023-12-16 17:52:30,822 - INFO - History test acc: 0.8287153652392947
2023-12-16 17:52:30,822 - INFO - Accuracy_test_current: [0.8764478764478765, 0.7644927536231884]
2023-12-16 17:52:30,822 - INFO - Accuracy_test_total: [0.8764478764478765, 0.8287153652392947]
2023-12-16 17:52:41,927 - INFO - Accuracy_per_task_current_test: [0.862934362934363, 0.7644927536231884]
2023-12-16 17:52:42,087 - INFO - Current relation: ['person country of birth', 'organization website', 'organization shareholders', 'organization dissolved', 'organization founded by']
2023-12-16 17:52:50,574 - INFO - Train Simple Finished!
2023-12-16 17:52:57,037 - INFO - 25
2023-12-16 17:52:57,038 - INFO - 25
2023-12-16 17:53:10,028 - INFO - Train First Finished!
2023-12-16 17:53:13,547 - INFO - Length seen relation: 16
2023-12-16 17:53:13,547 - INFO - Train data memory: 16
2023-12-16 17:53:29,778 - INFO - Train Memory Finished!
2023-12-16 17:53:29,779 - INFO - 114
2023-12-16 17:53:29,779 - INFO - 908
2023-12-16 17:53:29,779 - INFO - ------------------------------------------------------------Evaluating------------------------------------------------------------
2023-12-16 17:53:44,138 - INFO - Restart Num 6
2023-12-16 17:53:44,138 - INFO - Task--3:
2023-12-16 17:53:44,138 - INFO - Current test acc: 0.2807017543859649
2023-12-16 17:53:44,138 - INFO - History test acc: 0.7147577092511013
2023-12-16 17:53:44,138 - INFO - Accuracy_test_current: [0.8764478764478765, 0.7644927536231884, 0.2807017543859649]
2023-12-16 17:53:44,138 - INFO - Accuracy_test_total: [0.8764478764478765, 0.8287153652392947, 0.7147577092511013]
2023-12-16 17:53:57,099 - INFO - Accuracy_per_task_current_test: [0.7374517374517374, 0.8514492753623188, 0.2807017543859649]
2023-12-16 17:53:57,257 - INFO - Current relation: ['organization founded', 'person age', 'person city of birth', 'organization members', 'person religion']
2023-12-16 17:54:08,209 - INFO - Train Simple Finished!
2023-12-16 17:54:15,922 - INFO - 25
2023-12-16 17:54:15,922 - INFO - 25
2023-12-16 17:54:29,368 - INFO - Train First Finished!
2023-12-16 17:54:32,908 - INFO - Length seen relation: 21
2023-12-16 17:54:32,908 - INFO - Train data memory: 21
2023-12-16 17:54:53,801 - INFO - Train Memory Finished!
2023-12-16 17:54:53,801 - INFO - 220
2023-12-16 17:54:53,801 - INFO - 1128
2023-12-16 17:54:53,801 - INFO - ------------------------------------------------------------Evaluating------------------------------------------------------------
2023-12-16 17:55:12,484 - INFO - Restart Num 6
2023-12-16 17:55:12,485 - INFO - Task--4:
2023-12-16 17:55:12,485 - INFO - Current test acc: 0.6909090909090909
2023-12-16 17:55:12,485 - INFO - History test acc: 0.6374113475177305
2023-12-16 17:55:12,485 - INFO - Accuracy_test_current: [0.8764478764478765, 0.7644927536231884, 0.2807017543859649, 0.6909090909090909]
2023-12-16 17:55:12,485 - INFO - Accuracy_test_total: [0.8764478764478765, 0.8287153652392947, 0.7147577092511013, 0.6374113475177305]
2023-12-16 17:55:28,548 - INFO - Accuracy_per_task_current_test: [0.666023166023166, 0.6847826086956522, 0.2894736842105263, 0.6909090909090909]
2023-12-16 17:55:28,719 - INFO - Current relation: ['person stateorprovinces of residence', 'person date of death', 'organization number of employees members', 'person alternate names', 'person spouse']
2023-12-16 17:55:41,071 - INFO - Train Simple Finished!
2023-12-16 17:55:50,014 - INFO - 25
2023-12-16 17:55:50,014 - INFO - 25
2023-12-16 17:56:04,063 - INFO - Train First Finished!
2023-12-16 17:56:07,594 - INFO - Length seen relation: 26
2023-12-16 17:56:07,594 - INFO - Train data memory: 26
2023-12-16 17:56:32,497 - INFO - Train Memory Finished!
2023-12-16 17:56:32,498 - INFO - 231
2023-12-16 17:56:32,498 - INFO - 1359
2023-12-16 17:56:32,498 - INFO - ------------------------------------------------------------Evaluating------------------------------------------------------------
2023-12-16 17:56:54,589 - INFO - Restart Num 6
2023-12-16 17:56:54,590 - INFO - Task--5:
2023-12-16 17:56:54,590 - INFO - Current test acc: 0.4199134199134199
2023-12-16 17:56:54,590 - INFO - History test acc: 0.5401030169242089
2023-12-16 17:56:54,590 - INFO - Accuracy_test_current: [0.8764478764478765, 0.7644927536231884, 0.2807017543859649, 0.6909090909090909, 0.4199134199134199]
2023-12-16 17:56:54,590 - INFO - Accuracy_test_total: [0.8764478764478765, 0.8287153652392947, 0.7147577092511013, 0.6374113475177305, 0.5401030169242089]
2023-12-16 17:57:14,037 - INFO - Accuracy_per_task_current_test: [0.5579150579150579, 0.5543478260869565, 0.3508771929824561, 0.7045454545454546, 0.4199134199134199]
2023-12-16 17:57:14,193 - INFO - Current relation: ['person date of birth', 'person stateorprovince of birth', 'person parents', 'person employee of', 'person stateorprovince of death']
2023-12-16 17:57:27,317 - INFO - Train Simple Finished!
2023-12-16 17:57:37,510 - INFO - 25
2023-12-16 17:57:37,511 - INFO - 25
2023-12-16 17:57:52,100 - INFO - Train First Finished!
2023-12-16 17:57:55,539 - INFO - Length seen relation: 31
2023-12-16 17:57:55,539 - INFO - Train data memory: 31
2023-12-16 17:58:24,847 - INFO - Train Memory Finished!
2023-12-16 17:58:24,848 - INFO - 219
2023-12-16 17:58:24,848 - INFO - 1578
2023-12-16 17:58:24,848 - INFO - ------------------------------------------------------------Evaluating------------------------------------------------------------
2023-12-16 17:58:49,363 - INFO - Restart Num 6
2023-12-16 17:58:49,364 - INFO - Task--6:
2023-12-16 17:58:49,364 - INFO - Current test acc: 0.3242009132420091
2023-12-16 17:58:49,364 - INFO - History test acc: 0.5126742712294043
2023-12-16 17:58:49,364 - INFO - Accuracy_test_current: [0.8764478764478765, 0.7644927536231884, 0.2807017543859649, 0.6909090909090909, 0.4199134199134199, 0.3242009132420091]
2023-12-16 17:58:49,364 - INFO - Accuracy_test_total: [0.8764478764478765, 0.8287153652392947, 0.7147577092511013, 0.6374113475177305, 0.5401030169242089, 0.5126742712294043]
2023-12-16 17:59:11,976 - INFO - Accuracy_per_task_current_test: [0.5714285714285714, 0.5978260869565217, 0.30701754385964913, 0.6681818181818182, 0.41125541125541126, 0.3242009132420091]
2023-12-16 17:59:12,133 - INFO - Current relation: ['organization subsidiaries', 'organization parents', 'organization alternate names', 'organization city of headquarters', 'person siblings']
2023-12-16 17:59:28,125 - INFO - Train Simple Finished!
2023-12-16 17:59:39,590 - INFO - 25
2023-12-16 17:59:39,591 - INFO - 25
2023-12-16 17:59:54,942 - INFO - Train First Finished!
2023-12-16 17:59:58,449 - INFO - Length seen relation: 36
2023-12-16 17:59:58,450 - INFO - Train data memory: 36
2023-12-16 18:00:33,805 - INFO - Train Memory Finished!
2023-12-16 18:00:33,805 - INFO - 343
2023-12-16 18:00:33,805 - INFO - 1921
2023-12-16 18:00:33,805 - INFO - ------------------------------------------------------------Evaluating------------------------------------------------------------
2023-12-16 18:01:04,982 - INFO - Restart Num 6
2023-12-16 18:01:04,982 - INFO - Task--7:
2023-12-16 18:01:04,982 - INFO - Current test acc: 0.47230320699708456
2023-12-16 18:01:04,982 - INFO - History test acc: 0.4596564289432587
2023-12-16 18:01:04,982 - INFO - Accuracy_test_current: [0.8764478764478765, 0.7644927536231884, 0.2807017543859649, 0.6909090909090909, 0.4199134199134199, 0.3242009132420091, 0.47230320699708456]
2023-12-16 18:01:04,982 - INFO - Accuracy_test_total: [0.8764478764478765, 0.8287153652392947, 0.7147577092511013, 0.6374113475177305, 0.5401030169242089, 0.5126742712294043, 0.4596564289432587]
2023-12-16 18:01:32,620 - INFO - Accuracy_per_task_current_test: [0.444015444015444, 0.5760869565217391, 0.3333333333333333, 0.6136363636363636, 0.329004329004329, 0.3789954337899543, 0.47230320699708456]
2023-12-16 18:01:32,841 - INFO - Current relation: ['person cause of death', 'organization political religious affiliation', 'organization stateorprovince of headquarters', 'person other family', 'person city of death']
2023-12-16 18:01:48,091 - INFO - Train Simple Finished!
2023-12-16 18:02:00,904 - INFO - 25
2023-12-16 18:02:00,905 - INFO - 25
2023-12-16 18:02:16,607 - INFO - Train First Finished!
2023-12-16 18:02:20,185 - INFO - Length seen relation: 41
2023-12-16 18:02:20,186 - INFO - Train data memory: 41
2023-12-16 18:03:00,729 - INFO - Train Memory Finished!
2023-12-16 18:03:00,730 - INFO - 201
2023-12-16 18:03:00,730 - INFO - 2122
2023-12-16 18:03:00,730 - INFO - ------------------------------------------------------------Evaluating------------------------------------------------------------
2023-12-16 18:03:32,944 - INFO - Restart Num 6
2023-12-16 18:03:32,944 - INFO - Task--8:
2023-12-16 18:03:32,945 - INFO - Current test acc: 0.47761194029850745
2023-12-16 18:03:32,945 - INFO - History test acc: 0.4255419415645617
2023-12-16 18:03:32,945 - INFO - Accuracy_test_current: [0.8764478764478765, 0.7644927536231884, 0.2807017543859649, 0.6909090909090909, 0.4199134199134199, 0.3242009132420091, 0.47230320699708456, 0.47761194029850745]
2023-12-16 18:03:32,945 - INFO - Accuracy_test_total: [0.8764478764478765, 0.8287153652392947, 0.7147577092511013, 0.6374113475177305, 0.5401030169242089, 0.5126742712294043, 0.4596564289432587, 0.4255419415645617]
2023-12-16 18:04:03,746 - INFO - Accuracy_per_task_current_test: [0.42084942084942084, 0.5108695652173914, 0.32456140350877194, 0.5863636363636363, 0.2727272727272727, 0.4429223744292237, 0.3556851311953353, 0.47761194029850745]
2023-12-16 18:04:03,912 - INFO - Result_whole_test: [array([87.25868726, 75.57666214, 72.38542891, 60.45627376, 50.25089606,
       50.09287926, 45.99133261, 44.81621112]), array([88.22393822, 74.63284379, 65.70247934, 65.59485531, 59.5463138 ,
       50.6760729 , 43.74342797, 43.54382658]), array([87.64478764, 74.68513854, 64.75814413, 63.99026764, 58.85634589,
       52.37237237, 49.24114671, 44.86333648]), array([88.996139  , 72.62658228, 61.61971831, 66.04609929, 57.4868322 ,
       54.00516796, 49.33897409, 44.34495759]), array([87.83783784, 77.46870654, 67.36842105, 56.2258314 , 57.23390695,
       58.58021241, 53.53585657, 45.42884072]), array([87.64478764, 82.87153652, 71.47577093, 63.74113475, 54.01030169,
       51.26742712, 45.96564289, 42.55419416])]
2023-12-16 18:04:03,912 - INFO - Avg_result_cur_test: [0.87934363 0.5232312  0.31087185 0.62846489 0.46851036 0.44793626
 0.51990206 0.49788805]
2023-12-16 18:04:03,913 - INFO - Avg_result_all_test: [87.93436293 76.31024497 67.21832711 62.67574369 56.2307661  52.83235534
 47.96939681 44.25856111]
2023-12-16 18:04:03,913 - INFO - Std_result_all_test: [0.55449446 3.26483129 3.75370955 3.39781685 3.1926955  2.86438528
 3.16925713 0.95476504]
2023-12-16 18:04:34,968 - INFO - Accuracy_result_all_test: [0.42084942084942084, 0.5108695652173914, 0.32456140350877194, 0.5863636363636363, 0.2727272727272727, 0.4429223744292237, 0.3556851311953353, 0.47761194029850745]
2023-12-16 18:04:34,969 - INFO - Bwt_whole: [-0.14302544925097704, -0.1543388011742756, -0.11470893807703202, -0.08409911330474314, -0.12033669910722268, -0.130712887318226]
2023-12-16 18:04:34,969 - INFO - Fwt_whole: [0.1499597143146165, 0.05876563781509535, 0.11388909057479636, 0.08052848852482096, 0.012398731120241983, 0.0608769802324703]
2023-12-16 18:04:34,969 - INFO - Avg_bwt_whole: -0.1245369813720794
2023-12-16 18:04:34,969 - INFO - Avg_fwt_whole: 0.0794031070970069
