2023-12-16 20:47:30,228 - INFO - Adding head 'default' with config {'head_type': 'masked_lm', 'vocab_size': 30522, 'embedding_size': 768, 'layers': 2, 'activation_function': 'gelu', 'layer_norm': True, 'bias': True, 'shift_labels': False, 'label2id': None}.
2023-12-16 20:47:30,992 - INFO - Current relation: ['person countries of residence', 'organization top members employees', 'organization member of', 'person origin', 'person title', 'organization country of headquarters']
2023-12-16 20:48:33,500 - INFO - Train Simple Finished!
2023-12-16 20:49:59,899 - INFO - 600
2023-12-16 20:49:59,899 - INFO - 606
2023-12-16 20:55:29,397 - INFO - Train First Finished!
2023-12-16 20:55:47,160 - INFO - Length seen relation: 6
2023-12-16 20:55:47,160 - INFO - Train data memory: 6
2023-12-16 20:55:57,197 - INFO - Train Memory Finished!
2023-12-16 20:55:57,197 - INFO - 518
2023-12-16 20:55:57,197 - INFO - 518
2023-12-16 20:55:57,197 - INFO - ------------------------------------------------------------Evaluating------------------------------------------------------------
2023-12-16 20:56:11,569 - INFO - Restart Num 1
2023-12-16 20:56:11,569 - INFO - Task--1:
2023-12-16 20:56:11,569 - INFO - Current test acc: 0.8783783783783784
2023-12-16 20:56:11,569 - INFO - History test acc: 0.8783783783783784
2023-12-16 20:56:11,569 - INFO - Accuracy_test_current: [0.8783783783783784]
2023-12-16 20:56:11,569 - INFO - Accuracy_test_total: [0.8783783783783784]
2023-12-16 20:56:18,703 - INFO - Accuracy_per_task_current_test: [0.8783783783783784]
2023-12-16 20:56:18,810 - INFO - Current relation: ['person date of birth', 'person stateorprovince of birth', 'person parents', 'person employee of', 'person stateorprovince of death']
2023-12-16 20:56:27,507 - INFO - Train Simple Finished!
2023-12-16 20:56:32,474 - INFO - 25
2023-12-16 20:56:32,474 - INFO - 119
2023-12-16 20:56:47,831 - INFO - Train First Finished!
2023-12-16 20:56:51,255 - INFO - Length seen relation: 11
2023-12-16 20:56:51,255 - INFO - Train data memory: 11
2023-12-16 20:57:03,950 - INFO - Train Memory Finished!
2023-12-16 20:57:03,950 - INFO - 219
2023-12-16 20:57:03,950 - INFO - 737
2023-12-16 20:57:03,950 - INFO - ------------------------------------------------------------Evaluating------------------------------------------------------------
2023-12-16 20:57:17,329 - INFO - Restart Num 1
2023-12-16 20:57:17,329 - INFO - Task--2:
2023-12-16 20:57:17,329 - INFO - Current test acc: 0.771689497716895
2023-12-16 20:57:17,329 - INFO - History test acc: 0.8493894165535957
2023-12-16 20:57:17,329 - INFO - Accuracy_test_current: [0.8783783783783784, 0.771689497716895]
2023-12-16 20:57:17,329 - INFO - Accuracy_test_total: [0.8783783783783784, 0.8493894165535957]
2023-12-16 20:57:27,755 - INFO - Accuracy_per_task_current_test: [0.8822393822393823, 0.771689497716895]
2023-12-16 20:57:27,913 - INFO - Current relation: ['person country of birth', 'organization website', 'organization shareholders', 'organization dissolved', 'organization founded by']
2023-12-16 20:57:36,368 - INFO - Train Simple Finished!
2023-12-16 20:57:42,392 - INFO - 25
2023-12-16 20:57:42,392 - INFO - 26
2023-12-16 20:57:56,762 - INFO - Train First Finished!
2023-12-16 20:58:00,013 - INFO - Length seen relation: 16
2023-12-16 20:58:00,013 - INFO - Train data memory: 16
2023-12-16 20:58:18,905 - INFO - Train Memory Finished!
2023-12-16 20:58:18,905 - INFO - 114
2023-12-16 20:58:18,906 - INFO - 851
2023-12-16 20:58:18,906 - INFO - ------------------------------------------------------------Evaluating------------------------------------------------------------
2023-12-16 20:58:32,523 - INFO - Restart Num 1
2023-12-16 20:58:32,524 - INFO - Task--3:
2023-12-16 20:58:32,524 - INFO - Current test acc: 0.24561403508771928
2023-12-16 20:58:32,524 - INFO - History test acc: 0.7732079905992949
2023-12-16 20:58:32,524 - INFO - Accuracy_test_current: [0.8783783783783784, 0.771689497716895, 0.24561403508771928]
2023-12-16 20:58:32,524 - INFO - Accuracy_test_total: [0.8783783783783784, 0.8493894165535957, 0.7732079905992949]
2023-12-16 20:58:44,801 - INFO - Accuracy_per_task_current_test: [0.8706563706563707, 0.817351598173516, 0.24561403508771928]
2023-12-16 20:58:44,955 - INFO - Current relation: ['person cause of death', 'organization political religious affiliation', 'organization stateorprovince of headquarters', 'person other family', 'person city of death']
2023-12-16 20:58:55,462 - INFO - Train Simple Finished!
2023-12-16 20:59:02,592 - INFO - 25
2023-12-16 20:59:02,593 - INFO - 26
2023-12-16 20:59:17,533 - INFO - Train First Finished!
2023-12-16 20:59:20,778 - INFO - Length seen relation: 21
2023-12-16 20:59:20,778 - INFO - Train data memory: 21
2023-12-16 20:59:42,275 - INFO - Train Memory Finished!
2023-12-16 20:59:42,275 - INFO - 201
2023-12-16 20:59:42,275 - INFO - 1052
2023-12-16 20:59:42,275 - INFO - ------------------------------------------------------------Evaluating------------------------------------------------------------
2023-12-16 20:59:59,542 - INFO - Restart Num 1
2023-12-16 20:59:59,543 - INFO - Task--4:
2023-12-16 20:59:59,543 - INFO - Current test acc: 0.5174129353233831
2023-12-16 20:59:59,543 - INFO - History test acc: 0.6787072243346007
2023-12-16 20:59:59,543 - INFO - Accuracy_test_current: [0.8783783783783784, 0.771689497716895, 0.24561403508771928, 0.5174129353233831]
2023-12-16 20:59:59,543 - INFO - Accuracy_test_total: [0.8783783783783784, 0.8493894165535957, 0.7732079905992949, 0.6787072243346007]
2023-12-16 21:00:14,646 - INFO - Accuracy_per_task_current_test: [0.750965250965251, 0.8036529680365296, 0.39473684210526316, 0.5174129353233831]
2023-12-16 21:00:14,800 - INFO - Current relation: ['organization subsidiaries', 'organization parents', 'organization alternate names', 'organization city of headquarters', 'person siblings']
2023-12-16 21:00:28,156 - INFO - Train Simple Finished!
2023-12-16 21:00:36,532 - INFO - 25
2023-12-16 21:00:36,532 - INFO - 25
2023-12-16 21:00:51,579 - INFO - Train First Finished!
2023-12-16 21:00:54,770 - INFO - Length seen relation: 26
2023-12-16 21:00:54,770 - INFO - Train data memory: 26
2023-12-16 21:01:23,328 - INFO - Train Memory Finished!
2023-12-16 21:01:23,328 - INFO - 343
2023-12-16 21:01:23,328 - INFO - 1395
2023-12-16 21:01:23,328 - INFO - ------------------------------------------------------------Evaluating------------------------------------------------------------
2023-12-16 21:01:47,412 - INFO - Restart Num 1
2023-12-16 21:01:47,413 - INFO - Task--5:
2023-12-16 21:01:47,413 - INFO - Current test acc: 0.4227405247813411
2023-12-16 21:01:47,413 - INFO - History test acc: 0.5913978494623656
2023-12-16 21:01:47,413 - INFO - Accuracy_test_current: [0.8783783783783784, 0.771689497716895, 0.24561403508771928, 0.5174129353233831, 0.4227405247813411]
2023-12-16 21:01:47,413 - INFO - Accuracy_test_total: [0.8783783783783784, 0.8493894165535957, 0.7732079905992949, 0.6787072243346007, 0.5913978494623656]
2023-12-16 21:02:07,432 - INFO - Accuracy_per_task_current_test: [0.7239382239382239, 0.7214611872146118, 0.38596491228070173, 0.5124378109452736, 0.4227405247813411]
2023-12-16 21:02:07,593 - INFO - Current relation: ['organization founded', 'person age', 'person city of birth', 'organization members', 'person religion']
2023-12-16 21:02:20,645 - INFO - Train Simple Finished!
2023-12-16 21:02:30,190 - INFO - 25
2023-12-16 21:02:30,190 - INFO - 29
2023-12-16 21:02:45,849 - INFO - Train First Finished!
2023-12-16 21:02:48,971 - INFO - Length seen relation: 31
2023-12-16 21:02:48,971 - INFO - Train data memory: 31
2023-12-16 21:03:20,610 - INFO - Train Memory Finished!
2023-12-16 21:03:20,610 - INFO - 220
2023-12-16 21:03:20,610 - INFO - 1615
2023-12-16 21:03:20,611 - INFO - ------------------------------------------------------------Evaluating------------------------------------------------------------
2023-12-16 21:03:46,289 - INFO - Restart Num 1
2023-12-16 21:03:46,290 - INFO - Task--6:
2023-12-16 21:03:46,290 - INFO - Current test acc: 0.8227272727272728
2023-12-16 21:03:46,290 - INFO - History test acc: 0.6179566563467492
2023-12-16 21:03:46,290 - INFO - Accuracy_test_current: [0.8783783783783784, 0.771689497716895, 0.24561403508771928, 0.5174129353233831, 0.4227405247813411, 0.8227272727272728]
2023-12-16 21:03:46,290 - INFO - Accuracy_test_total: [0.8783783783783784, 0.8493894165535957, 0.7732079905992949, 0.6787072243346007, 0.5913978494623656, 0.6179566563467492]
2023-12-16 21:04:09,803 - INFO - Accuracy_per_task_current_test: [0.7374517374517374, 0.634703196347032, 0.4824561403508772, 0.43781094527363185, 0.446064139941691, 0.8227272727272728]
2023-12-16 21:04:09,968 - INFO - Current relation: ['person stateorprovinces of residence', 'person date of death', 'organization number of employees members', 'person alternate names', 'person spouse']
2023-12-16 21:04:24,089 - INFO - Train Simple Finished!
2023-12-16 21:04:34,824 - INFO - 25
2023-12-16 21:04:34,825 - INFO - 25
2023-12-16 21:04:52,430 - INFO - Train First Finished!
2023-12-16 21:04:55,699 - INFO - Length seen relation: 36
2023-12-16 21:04:55,699 - INFO - Train data memory: 36
2023-12-16 21:05:31,783 - INFO - Train Memory Finished!
2023-12-16 21:05:31,783 - INFO - 231
2023-12-16 21:05:31,783 - INFO - 1846
2023-12-16 21:05:31,783 - INFO - ------------------------------------------------------------Evaluating------------------------------------------------------------
2023-12-16 21:06:00,530 - INFO - Restart Num 1
2023-12-16 21:06:00,531 - INFO - Task--7:
2023-12-16 21:06:00,531 - INFO - Current test acc: 0.42424242424242425
2023-12-16 21:06:00,531 - INFO - History test acc: 0.5482123510292525
2023-12-16 21:06:00,531 - INFO - Accuracy_test_current: [0.8783783783783784, 0.771689497716895, 0.24561403508771928, 0.5174129353233831, 0.4227405247813411, 0.8227272727272728, 0.42424242424242425]
2023-12-16 21:06:00,531 - INFO - Accuracy_test_total: [0.8783783783783784, 0.8493894165535957, 0.7732079905992949, 0.6787072243346007, 0.5913978494623656, 0.6179566563467492, 0.5482123510292525]
2023-12-16 21:06:27,165 - INFO - Accuracy_per_task_current_test: [0.7316602316602316, 0.4337899543378995, 0.40350877192982454, 0.4427860696517413, 0.3760932944606414, 0.8, 0.42424242424242425]
2023-12-16 21:06:27,330 - INFO - Current relation: ['person cities of residence', 'person schools attended', 'person country of death', 'person children', 'person charges']
2023-12-16 21:06:42,946 - INFO - Train Simple Finished!
2023-12-16 21:06:54,714 - INFO - 25
2023-12-16 21:06:54,714 - INFO - 25
2023-12-16 21:07:12,093 - INFO - Train First Finished!
2023-12-16 21:07:15,270 - INFO - Length seen relation: 41
2023-12-16 21:07:15,270 - INFO - Train data memory: 41
2023-12-16 21:08:02,269 - INFO - Train Memory Finished!
2023-12-16 21:08:02,269 - INFO - 276
2023-12-16 21:08:02,269 - INFO - 2122
2023-12-16 21:08:02,269 - INFO - ------------------------------------------------------------Evaluating------------------------------------------------------------
2023-12-16 21:08:35,154 - INFO - Restart Num 1
2023-12-16 21:08:35,155 - INFO - Task--8:
2023-12-16 21:08:35,155 - INFO - Current test acc: 0.6413043478260869
2023-12-16 21:08:35,155 - INFO - History test acc: 0.5160226201696513
2023-12-16 21:08:35,155 - INFO - Accuracy_test_current: [0.8783783783783784, 0.771689497716895, 0.24561403508771928, 0.5174129353233831, 0.4227405247813411, 0.8227272727272728, 0.42424242424242425, 0.6413043478260869]
2023-12-16 21:08:35,155 - INFO - Accuracy_test_total: [0.8783783783783784, 0.8493894165535957, 0.7732079905992949, 0.6787072243346007, 0.5913978494623656, 0.6179566563467492, 0.5482123510292525, 0.5160226201696513]
2023-12-16 21:09:05,618 - INFO - Accuracy_per_task_current_test: [0.6891891891891891, 0.3972602739726027, 0.40350877192982454, 0.34328358208955223, 0.36151603498542273, 0.7545454545454545, 0.2987012987012987, 0.6413043478260869]
2023-12-16 21:09:05,793 - INFO - Result_whole_test: [array([87.83783784, 84.93894166, 77.32079906, 67.87072243, 59.13978495,
       61.79566563, 54.8212351 , 51.60226202])]
2023-12-16 21:09:05,793 - INFO - Avg_result_cur_test: [0.87837838 0.7716895  0.24561404 0.51741294 0.42274052 0.82272727
 0.42424242 0.64130435]
2023-12-16 21:09:05,793 - INFO - Avg_result_all_test: [87.83783784 84.93894166 77.32079906 67.87072243 59.13978495 61.79566563
 54.8212351  51.60226202]
2023-12-16 21:09:05,793 - INFO - Std_result_all_test: [0. 0. 0. 0. 0. 0. 0. 0.]
2023-12-16 21:09:36,148 - INFO - Accuracy_result_all_test: [0.6891891891891891, 0.3972602739726027, 0.40350877192982454, 0.34328358208955223, 0.36151603498542273, 0.7545454545454545, 0.2987012987012987, 0.6413043478260869]
2023-12-16 21:09:36,148 - INFO - Bwt_whole: [-0.11925720897772418]
2023-12-16 21:09:36,148 - INFO - Fwt_whole: [0.02979757243915567]
2023-12-16 21:09:36,148 - INFO - Avg_bwt_whole: -0.11925720897772418
2023-12-16 21:09:36,148 - INFO - Avg_fwt_whole: 0.02979757243915567
2023-12-16 21:09:43,949 - INFO - Adding head 'default' with config {'head_type': 'masked_lm', 'vocab_size': 30522, 'embedding_size': 768, 'layers': 2, 'activation_function': 'gelu', 'layer_norm': True, 'bias': True, 'shift_labels': False, 'label2id': None}.
2023-12-16 21:09:44,723 - INFO - Current relation: ['person countries of residence', 'organization top members employees', 'organization member of', 'person origin', 'person title', 'organization country of headquarters']
2023-12-16 21:10:59,262 - INFO - Train Simple Finished!
2023-12-16 21:12:25,543 - INFO - 600
2023-12-16 21:12:25,543 - INFO - 602
2023-12-16 21:17:50,979 - INFO - Train First Finished!
2023-12-16 21:18:08,791 - INFO - Length seen relation: 6
2023-12-16 21:18:08,792 - INFO - Train data memory: 6
2023-12-16 21:18:18,908 - INFO - Train Memory Finished!
2023-12-16 21:18:18,912 - INFO - 518
2023-12-16 21:18:18,912 - INFO - 518
2023-12-16 21:18:18,912 - INFO - ------------------------------------------------------------Evaluating------------------------------------------------------------
2023-12-16 21:18:33,177 - INFO - Restart Num 2
2023-12-16 21:18:33,178 - INFO - Task--1:
2023-12-16 21:18:33,178 - INFO - Current test acc: 0.8861003861003861
2023-12-16 21:18:33,178 - INFO - History test acc: 0.8861003861003861
2023-12-16 21:18:33,178 - INFO - Accuracy_test_current: [0.8861003861003861]
2023-12-16 21:18:33,178 - INFO - Accuracy_test_total: [0.8861003861003861]
2023-12-16 21:18:40,354 - INFO - Accuracy_per_task_current_test: [0.8861003861003861]
2023-12-16 21:18:40,461 - INFO - Current relation: ['person stateorprovinces of residence', 'person date of death', 'organization number of employees members', 'person alternate names', 'person spouse']
2023-12-16 21:18:49,475 - INFO - Train Simple Finished!
2023-12-16 21:18:54,473 - INFO - 25
2023-12-16 21:18:54,474 - INFO - 83
2023-12-16 21:19:10,349 - INFO - Train First Finished!
2023-12-16 21:19:13,821 - INFO - Length seen relation: 11
2023-12-16 21:19:13,821 - INFO - Train data memory: 11
2023-12-16 21:19:26,392 - INFO - Train Memory Finished!
2023-12-16 21:19:26,393 - INFO - 231
2023-12-16 21:19:26,393 - INFO - 749
2023-12-16 21:19:26,393 - INFO - ------------------------------------------------------------Evaluating------------------------------------------------------------
2023-12-16 21:19:40,117 - INFO - Restart Num 2
2023-12-16 21:19:40,117 - INFO - Task--2:
2023-12-16 21:19:40,117 - INFO - Current test acc: 0.5194805194805194
2023-12-16 21:19:40,117 - INFO - History test acc: 0.7690253671562083
2023-12-16 21:19:40,117 - INFO - Accuracy_test_current: [0.8861003861003861, 0.5194805194805194]
2023-12-16 21:19:40,117 - INFO - Accuracy_test_total: [0.8861003861003861, 0.7690253671562083]
2023-12-16 21:19:50,652 - INFO - Accuracy_per_task_current_test: [0.8803088803088803, 0.5194805194805194]
2023-12-16 21:19:50,813 - INFO - Current relation: ['person date of birth', 'person stateorprovince of birth', 'person parents', 'person employee of', 'person stateorprovince of death']
2023-12-16 21:20:00,621 - INFO - Train Simple Finished!
2023-12-16 21:20:06,674 - INFO - 25
2023-12-16 21:20:06,674 - INFO - 29
2023-12-16 21:20:22,843 - INFO - Train First Finished!
2023-12-16 21:20:26,189 - INFO - Length seen relation: 16
2023-12-16 21:20:26,189 - INFO - Train data memory: 16
2023-12-16 21:20:42,358 - INFO - Train Memory Finished!
2023-12-16 21:20:42,359 - INFO - 219
2023-12-16 21:20:42,359 - INFO - 968
2023-12-16 21:20:42,359 - INFO - ------------------------------------------------------------Evaluating------------------------------------------------------------
2023-12-16 21:20:58,789 - INFO - Restart Num 2
2023-12-16 21:20:58,789 - INFO - Task--3:
2023-12-16 21:20:58,789 - INFO - Current test acc: 0.6255707762557078
2023-12-16 21:20:58,789 - INFO - History test acc: 0.6942148760330579
2023-12-16 21:20:58,789 - INFO - Accuracy_test_current: [0.8861003861003861, 0.5194805194805194, 0.6255707762557078]
2023-12-16 21:20:58,789 - INFO - Accuracy_test_total: [0.8861003861003861, 0.7690253671562083, 0.6942148760330579]
2023-12-16 21:21:12,443 - INFO - Accuracy_per_task_current_test: [0.8803088803088803, 0.341991341991342, 0.6255707762557078]
2023-12-16 21:21:12,602 - INFO - Current relation: ['person cities of residence', 'person schools attended', 'person country of death', 'person children', 'person charges']
2023-12-16 21:21:24,178 - INFO - Train Simple Finished!
2023-12-16 21:21:31,405 - INFO - 25
2023-12-16 21:21:31,406 - INFO - 25
2023-12-16 21:21:48,340 - INFO - Train First Finished!
2023-12-16 21:21:51,604 - INFO - Length seen relation: 21
2023-12-16 21:21:51,604 - INFO - Train data memory: 21
2023-12-16 21:22:15,580 - INFO - Train Memory Finished!
2023-12-16 21:22:15,580 - INFO - 276
2023-12-16 21:22:15,580 - INFO - 1244
2023-12-16 21:22:15,580 - INFO - ------------------------------------------------------------Evaluating------------------------------------------------------------
2023-12-16 21:22:36,838 - INFO - Restart Num 2
2023-12-16 21:22:36,838 - INFO - Task--4:
2023-12-16 21:22:36,838 - INFO - Current test acc: 0.7681159420289855
2023-12-16 21:22:36,838 - INFO - History test acc: 0.6519292604501608
2023-12-16 21:22:36,838 - INFO - Accuracy_test_current: [0.8861003861003861, 0.5194805194805194, 0.6255707762557078, 0.7681159420289855]
2023-12-16 21:22:36,838 - INFO - Accuracy_test_total: [0.8861003861003861, 0.7690253671562083, 0.6942148760330579, 0.6519292604501608]
2023-12-16 21:22:54,833 - INFO - Accuracy_per_task_current_test: [0.8648648648648649, 0.2943722943722944, 0.3789954337899543, 0.7681159420289855]
2023-12-16 21:22:54,993 - INFO - Current relation: ['organization subsidiaries', 'organization parents', 'organization alternate names', 'organization city of headquarters', 'person siblings']
2023-12-16 21:23:08,540 - INFO - Train Simple Finished!
2023-12-16 21:23:17,005 - INFO - 25
2023-12-16 21:23:17,006 - INFO - 25
2023-12-16 21:23:33,500 - INFO - Train First Finished!
2023-12-16 21:23:36,826 - INFO - Length seen relation: 26
2023-12-16 21:23:36,827 - INFO - Train data memory: 26
2023-12-16 21:24:02,318 - INFO - Train Memory Finished!
2023-12-16 21:24:02,319 - INFO - 343
2023-12-16 21:24:02,319 - INFO - 1587
2023-12-16 21:24:02,319 - INFO - ------------------------------------------------------------Evaluating------------------------------------------------------------
2023-12-16 21:24:29,305 - INFO - Restart Num 2
2023-12-16 21:24:29,305 - INFO - Task--5:
2023-12-16 21:24:29,305 - INFO - Current test acc: 0.5189504373177842
2023-12-16 21:24:29,305 - INFO - History test acc: 0.5809703843730308
2023-12-16 21:24:29,305 - INFO - Accuracy_test_current: [0.8861003861003861, 0.5194805194805194, 0.6255707762557078, 0.7681159420289855, 0.5189504373177842]
2023-12-16 21:24:29,305 - INFO - Accuracy_test_total: [0.8861003861003861, 0.7690253671562083, 0.6942148760330579, 0.6519292604501608, 0.5809703843730308]
2023-12-16 21:24:52,169 - INFO - Accuracy_per_task_current_test: [0.8088803088803089, 0.2554112554112554, 0.3013698630136986, 0.7246376811594203, 0.5189504373177842]
2023-12-16 21:24:52,327 - INFO - Current relation: ['person country of birth', 'organization website', 'organization shareholders', 'organization dissolved', 'organization founded by']
2023-12-16 21:25:03,934 - INFO - Train Simple Finished!
2023-12-16 21:25:13,654 - INFO - 25
2023-12-16 21:25:13,654 - INFO - 25
2023-12-16 21:25:29,637 - INFO - Train First Finished!
2023-12-16 21:25:32,874 - INFO - Length seen relation: 31
2023-12-16 21:25:32,874 - INFO - Train data memory: 31
2023-12-16 21:26:02,997 - INFO - Train Memory Finished!
2023-12-16 21:26:02,998 - INFO - 114
2023-12-16 21:26:02,998 - INFO - 1701
2023-12-16 21:26:02,998 - INFO - ------------------------------------------------------------Evaluating------------------------------------------------------------
2023-12-16 21:26:28,104 - INFO - Restart Num 2
2023-12-16 21:26:28,105 - INFO - Task--6:
2023-12-16 21:26:28,105 - INFO - Current test acc: 0.34210526315789475
2023-12-16 21:26:28,105 - INFO - History test acc: 0.5238095238095238
2023-12-16 21:26:28,105 - INFO - Accuracy_test_current: [0.8861003861003861, 0.5194805194805194, 0.6255707762557078, 0.7681159420289855, 0.5189504373177842, 0.34210526315789475]
2023-12-16 21:26:28,105 - INFO - Accuracy_test_total: [0.8861003861003861, 0.7690253671562083, 0.6942148760330579, 0.6519292604501608, 0.5809703843730308, 0.5238095238095238]
2023-12-16 21:26:52,511 - INFO - Accuracy_per_task_current_test: [0.7007722007722008, 0.22943722943722944, 0.2191780821917808, 0.7355072463768116, 0.5393586005830904, 0.34210526315789475]
2023-12-16 21:26:52,668 - INFO - Current relation: ['person cause of death', 'organization political religious affiliation', 'organization stateorprovince of headquarters', 'person other family', 'person city of death']
2023-12-16 21:27:06,333 - INFO - Train Simple Finished!
2023-12-16 21:27:16,984 - INFO - 25
2023-12-16 21:27:16,984 - INFO - 25
2023-12-16 21:27:33,321 - INFO - Train First Finished!
2023-12-16 21:27:36,532 - INFO - Length seen relation: 36
2023-12-16 21:27:36,533 - INFO - Train data memory: 36
2023-12-16 21:28:12,394 - INFO - Train Memory Finished!
2023-12-16 21:28:12,394 - INFO - 201
2023-12-16 21:28:12,394 - INFO - 1902
2023-12-16 21:28:12,394 - INFO - ------------------------------------------------------------Evaluating------------------------------------------------------------
2023-12-16 21:28:41,487 - INFO - Restart Num 2
2023-12-16 21:28:41,488 - INFO - Task--7:
2023-12-16 21:28:41,488 - INFO - Current test acc: 0.6318407960199005
2023-12-16 21:28:41,488 - INFO - History test acc: 0.4374342797055731
2023-12-16 21:28:41,488 - INFO - Accuracy_test_current: [0.8861003861003861, 0.5194805194805194, 0.6255707762557078, 0.7681159420289855, 0.5189504373177842, 0.34210526315789475, 0.6318407960199005]
2023-12-16 21:28:41,488 - INFO - Accuracy_test_total: [0.8861003861003861, 0.7690253671562083, 0.6942148760330579, 0.6519292604501608, 0.5809703843730308, 0.5238095238095238, 0.4374342797055731]
2023-12-16 21:29:08,898 - INFO - Accuracy_per_task_current_test: [0.5888030888030888, 0.19913419913419914, 0.2876712328767123, 0.5144927536231884, 0.3206997084548105, 0.34210526315789475, 0.6318407960199005]
2023-12-16 21:29:09,057 - INFO - Current relation: ['organization founded', 'person age', 'person city of birth', 'organization members', 'person religion']
2023-12-16 21:29:24,005 - INFO - Train Simple Finished!
2023-12-16 21:29:35,939 - INFO - 25
2023-12-16 21:29:35,939 - INFO - 25
2023-12-16 21:29:55,130 - INFO - Train First Finished!
2023-12-16 21:29:58,286 - INFO - Length seen relation: 41
2023-12-16 21:29:58,290 - INFO - Train data memory: 41
2023-12-16 21:30:41,243 - INFO - Train Memory Finished!
2023-12-16 21:30:41,243 - INFO - 220
2023-12-16 21:30:41,243 - INFO - 2122
2023-12-16 21:30:41,243 - INFO - ------------------------------------------------------------Evaluating------------------------------------------------------------
2023-12-16 21:31:14,061 - INFO - Restart Num 2
2023-12-16 21:31:14,061 - INFO - Task--8:
2023-12-16 21:31:14,062 - INFO - Current test acc: 0.8227272727272728
2023-12-16 21:31:14,062 - INFO - History test acc: 0.4538171536286522
2023-12-16 21:31:14,062 - INFO - Accuracy_test_current: [0.8861003861003861, 0.5194805194805194, 0.6255707762557078, 0.7681159420289855, 0.5189504373177842, 0.34210526315789475, 0.6318407960199005, 0.8227272727272728]
2023-12-16 21:31:14,062 - INFO - Accuracy_test_total: [0.8861003861003861, 0.7690253671562083, 0.6942148760330579, 0.6519292604501608, 0.5809703843730308, 0.5238095238095238, 0.4374342797055731, 0.4538171536286522]
2023-12-16 21:31:44,725 - INFO - Accuracy_per_task_current_test: [0.5598455598455598, 0.24675324675324675, 0.1963470319634703, 0.5036231884057971, 0.3236151603498542, 0.3684210526315789, 0.4975124378109453, 0.8227272727272728]
2023-12-16 21:31:44,901 - INFO - Result_whole_test: [array([87.83783784, 84.93894166, 77.32079906, 67.87072243, 59.13978495,
       61.79566563, 54.8212351 , 51.60226202]), array([88.61003861, 76.90253672, 69.4214876 , 65.19292605, 58.09703844,
       52.38095238, 43.74342797, 45.38171536])]
2023-12-16 21:31:44,901 - INFO - Avg_result_cur_test: [0.88223938 0.64558501 0.43559241 0.64276444 0.47084548 0.58241627
 0.52804161 0.73201581]
2023-12-16 21:31:44,902 - INFO - Avg_result_all_test: [88.22393822 80.92073919 73.37114333 66.53182424 58.61841169 57.08830901
 49.28233154 48.49198869]
2023-12-16 21:31:44,902 - INFO - Std_result_all_test: [0.38610039 4.01820247 3.94965573 1.33889819 0.52137325 4.70735663
 5.53890357 3.11027333]
2023-12-16 21:32:15,445 - INFO - Accuracy_result_all_test: [0.5598455598455598, 0.24675324675324675, 0.1963470319634703, 0.5036231884057971, 0.3236151603498542, 0.3684210526315789, 0.4975124378109453, 0.8227272727272728]
2023-12-16 21:32:15,446 - INFO - Bwt_whole: [-0.11925720897772418, -0.22800663465724655]
2023-12-16 21:32:15,446 - INFO - Fwt_whole: [0.02979757243915567, 0.03924130428189547]
2023-12-16 21:32:15,446 - INFO - Avg_bwt_whole: -0.17363192181748538
2023-12-16 21:32:15,446 - INFO - Avg_fwt_whole: 0.03451943836052557
2023-12-16 21:32:23,478 - INFO - Adding head 'default' with config {'head_type': 'masked_lm', 'vocab_size': 30522, 'embedding_size': 768, 'layers': 2, 'activation_function': 'gelu', 'layer_norm': True, 'bias': True, 'shift_labels': False, 'label2id': None}.
2023-12-16 21:32:24,241 - INFO - Current relation: ['person countries of residence', 'organization top members employees', 'organization member of', 'person origin', 'person title', 'organization country of headquarters']
2023-12-16 21:33:38,654 - INFO - Train Simple Finished!
2023-12-16 21:35:05,214 - INFO - 600
2023-12-16 21:35:05,215 - INFO - 602
2023-12-16 21:40:34,629 - INFO - Train First Finished!
2023-12-16 21:40:52,530 - INFO - Length seen relation: 6
2023-12-16 21:40:52,530 - INFO - Train data memory: 6
2023-12-16 21:41:03,415 - INFO - Train Memory Finished!
2023-12-16 21:41:03,419 - INFO - 518
2023-12-16 21:41:03,419 - INFO - 518
2023-12-16 21:41:03,419 - INFO - ------------------------------------------------------------Evaluating------------------------------------------------------------
2023-12-16 21:41:17,981 - INFO - Restart Num 3
2023-12-16 21:41:17,982 - INFO - Task--1:
2023-12-16 21:41:17,982 - INFO - Current test acc: 0.8822393822393823
2023-12-16 21:41:17,982 - INFO - History test acc: 0.8822393822393823
2023-12-16 21:41:17,982 - INFO - Accuracy_test_current: [0.8822393822393823]
2023-12-16 21:41:17,982 - INFO - Accuracy_test_total: [0.8822393822393823]
2023-12-16 21:41:25,262 - INFO - Accuracy_per_task_current_test: [0.8822393822393823]
2023-12-16 21:41:25,382 - INFO - Current relation: ['person cities of residence', 'person schools attended', 'person country of death', 'person children', 'person charges']
2023-12-16 21:41:36,578 - INFO - Train Simple Finished!
2023-12-16 21:41:41,933 - INFO - 25
2023-12-16 21:41:41,933 - INFO - 109
2023-12-16 21:41:55,720 - INFO - Train First Finished!
2023-12-16 21:41:59,137 - INFO - Length seen relation: 11
2023-12-16 21:41:59,137 - INFO - Train data memory: 11
2023-12-16 21:42:12,728 - INFO - Train Memory Finished!
2023-12-16 21:42:12,728 - INFO - 276
2023-12-16 21:42:12,728 - INFO - 794
2023-12-16 21:42:12,728 - INFO - ------------------------------------------------------------Evaluating------------------------------------------------------------
2023-12-16 21:42:27,849 - INFO - Restart Num 3
2023-12-16 21:42:27,849 - INFO - Task--2:
2023-12-16 21:42:27,849 - INFO - Current test acc: 0.8152173913043478
2023-12-16 21:42:27,849 - INFO - History test acc: 0.853904282115869
2023-12-16 21:42:27,849 - INFO - Accuracy_test_current: [0.8822393822393823, 0.8152173913043478]
2023-12-16 21:42:27,849 - INFO - Accuracy_test_total: [0.8822393822393823, 0.853904282115869]
2023-12-16 21:42:39,181 - INFO - Accuracy_per_task_current_test: [0.8745173745173745, 0.8152173913043478]
2023-12-16 21:42:39,343 - INFO - Current relation: ['person date of birth', 'person stateorprovince of birth', 'person parents', 'person employee of', 'person stateorprovince of death']
2023-12-16 21:42:49,649 - INFO - Train Simple Finished!
2023-12-16 21:42:56,185 - INFO - 25
2023-12-16 21:42:56,185 - INFO - 34
2023-12-16 21:43:10,409 - INFO - Train First Finished!
2023-12-16 21:43:13,830 - INFO - Length seen relation: 16
2023-12-16 21:43:13,830 - INFO - Train data memory: 16
2023-12-16 21:43:30,972 - INFO - Train Memory Finished!
2023-12-16 21:43:30,972 - INFO - 219
2023-12-16 21:43:30,972 - INFO - 1013
2023-12-16 21:43:30,972 - INFO - ------------------------------------------------------------Evaluating------------------------------------------------------------
2023-12-16 21:43:48,385 - INFO - Restart Num 3
2023-12-16 21:43:48,385 - INFO - Task--3:
2023-12-16 21:43:48,385 - INFO - Current test acc: 0.2511415525114155
2023-12-16 21:43:48,385 - INFO - History test acc: 0.7147087857847977
2023-12-16 21:43:48,385 - INFO - Accuracy_test_current: [0.8822393822393823, 0.8152173913043478, 0.2511415525114155]
2023-12-16 21:43:48,385 - INFO - Accuracy_test_total: [0.8822393822393823, 0.853904282115869, 0.7147087857847977]
2023-12-16 21:44:03,211 - INFO - Accuracy_per_task_current_test: [0.8667953667953668, 0.7971014492753623, 0.2511415525114155]
2023-12-16 21:44:03,383 - INFO - Current relation: ['organization founded', 'person age', 'person city of birth', 'organization members', 'person religion']
2023-12-16 21:44:14,839 - INFO - Train Simple Finished!
2023-12-16 21:44:22,621 - INFO - 25
2023-12-16 21:44:22,621 - INFO - 26
2023-12-16 21:44:37,436 - INFO - Train First Finished!
2023-12-16 21:44:40,993 - INFO - Length seen relation: 21
2023-12-16 21:44:40,993 - INFO - Train data memory: 21
2023-12-16 21:45:05,700 - INFO - Train Memory Finished!
2023-12-16 21:45:05,700 - INFO - 220
2023-12-16 21:45:05,700 - INFO - 1233
2023-12-16 21:45:05,701 - INFO - ------------------------------------------------------------Evaluating------------------------------------------------------------
2023-12-16 21:45:25,873 - INFO - Restart Num 3
2023-12-16 21:45:25,874 - INFO - Task--4:
2023-12-16 21:45:25,874 - INFO - Current test acc: 0.7545454545454545
2023-12-16 21:45:25,874 - INFO - History test acc: 0.7145174371451744
2023-12-16 21:45:25,874 - INFO - Accuracy_test_current: [0.8822393822393823, 0.8152173913043478, 0.2511415525114155, 0.7545454545454545]
2023-12-16 21:45:25,874 - INFO - Accuracy_test_total: [0.8822393822393823, 0.853904282115869, 0.7147087857847977, 0.7145174371451744]
2023-12-16 21:45:43,555 - INFO - Accuracy_per_task_current_test: [0.8474903474903475, 0.7427536231884058, 0.3242009132420091, 0.7545454545454545]
2023-12-16 21:45:43,722 - INFO - Current relation: ['person cause of death', 'organization political religious affiliation', 'organization stateorprovince of headquarters', 'person other family', 'person city of death']
2023-12-16 21:45:55,928 - INFO - Train Simple Finished!
2023-12-16 21:46:04,955 - INFO - 25
2023-12-16 21:46:04,955 - INFO - 34
2023-12-16 21:46:21,714 - INFO - Train First Finished!
2023-12-16 21:46:25,127 - INFO - Length seen relation: 26
2023-12-16 21:46:25,128 - INFO - Train data memory: 26
2023-12-16 21:46:53,116 - INFO - Train Memory Finished!
2023-12-16 21:46:53,117 - INFO - 201
2023-12-16 21:46:53,117 - INFO - 1434
2023-12-16 21:46:53,117 - INFO - ------------------------------------------------------------Evaluating------------------------------------------------------------
2023-12-16 21:47:15,811 - INFO - Restart Num 3
2023-12-16 21:47:15,811 - INFO - Task--5:
2023-12-16 21:47:15,811 - INFO - Current test acc: 0.5223880597014925
2023-12-16 21:47:15,811 - INFO - History test acc: 0.6324965132496513
2023-12-16 21:47:15,811 - INFO - Accuracy_test_current: [0.8822393822393823, 0.8152173913043478, 0.2511415525114155, 0.7545454545454545, 0.5223880597014925]
2023-12-16 21:47:15,811 - INFO - Accuracy_test_total: [0.8822393822393823, 0.853904282115869, 0.7147087857847977, 0.7145174371451744, 0.6324965132496513]
2023-12-16 21:47:36,453 - INFO - Accuracy_per_task_current_test: [0.8108108108108109, 0.5471014492753623, 0.2876712328767123, 0.7636363636363637, 0.5223880597014925]
2023-12-16 21:47:36,616 - INFO - Current relation: ['person stateorprovinces of residence', 'person date of death', 'organization number of employees members', 'person alternate names', 'person spouse']
2023-12-16 21:47:50,333 - INFO - Train Simple Finished!
2023-12-16 21:48:00,613 - INFO - 25
2023-12-16 21:48:00,613 - INFO - 25
2023-12-16 21:48:17,479 - INFO - Train First Finished!
2023-12-16 21:48:20,837 - INFO - Length seen relation: 31
2023-12-16 21:48:20,837 - INFO - Train data memory: 31
2023-12-16 21:48:52,217 - INFO - Train Memory Finished!
2023-12-16 21:48:52,218 - INFO - 231
2023-12-16 21:48:52,218 - INFO - 1665
2023-12-16 21:48:52,218 - INFO - ------------------------------------------------------------Evaluating------------------------------------------------------------
2023-12-16 21:49:18,338 - INFO - Restart Num 3
2023-12-16 21:49:18,338 - INFO - Task--6:
2023-12-16 21:49:18,338 - INFO - Current test acc: 0.38095238095238093
2023-12-16 21:49:18,338 - INFO - History test acc: 0.5435435435435435
2023-12-16 21:49:18,339 - INFO - Accuracy_test_current: [0.8822393822393823, 0.8152173913043478, 0.2511415525114155, 0.7545454545454545, 0.5223880597014925, 0.38095238095238093]
2023-12-16 21:49:18,339 - INFO - Accuracy_test_total: [0.8822393822393823, 0.853904282115869, 0.7147087857847977, 0.7145174371451744, 0.6324965132496513, 0.5435435435435435]
2023-12-16 21:49:42,399 - INFO - Accuracy_per_task_current_test: [0.7722007722007722, 0.4746376811594203, 0.1689497716894977, 0.7545454545454545, 0.4129353233830846, 0.38095238095238093]
2023-12-16 21:49:42,573 - INFO - Current relation: ['person country of birth', 'organization website', 'organization shareholders', 'organization dissolved', 'organization founded by']
2023-12-16 21:49:55,773 - INFO - Train Simple Finished!
2023-12-16 21:50:07,284 - INFO - 25
2023-12-16 21:50:07,284 - INFO - 25
2023-12-16 21:50:23,406 - INFO - Train First Finished!
2023-12-16 21:50:26,781 - INFO - Length seen relation: 36
2023-12-16 21:50:26,788 - INFO - Train data memory: 36
2023-12-16 21:51:05,498 - INFO - Train Memory Finished!
2023-12-16 21:51:05,499 - INFO - 114
2023-12-16 21:51:05,499 - INFO - 1779
2023-12-16 21:51:05,499 - INFO - ------------------------------------------------------------Evaluating------------------------------------------------------------
2023-12-16 21:51:31,611 - INFO - Restart Num 3
2023-12-16 21:51:31,612 - INFO - Task--7:
2023-12-16 21:51:31,612 - INFO - Current test acc: 0.8333333333333334
2023-12-16 21:51:31,612 - INFO - History test acc: 0.5098369870713885
2023-12-16 21:51:31,612 - INFO - Accuracy_test_current: [0.8822393822393823, 0.8152173913043478, 0.2511415525114155, 0.7545454545454545, 0.5223880597014925, 0.38095238095238093, 0.8333333333333334]
2023-12-16 21:51:31,612 - INFO - Accuracy_test_total: [0.8822393822393823, 0.853904282115869, 0.7147087857847977, 0.7145174371451744, 0.6324965132496513, 0.5435435435435435, 0.5098369870713885]
2023-12-16 21:51:57,503 - INFO - Accuracy_per_task_current_test: [0.5965250965250966, 0.5144927536231884, 0.1461187214611872, 0.6772727272727272, 0.4079601990049751, 0.42424242424242425, 0.8333333333333334]
2023-12-16 21:51:57,901 - INFO - Current relation: ['organization subsidiaries', 'organization parents', 'organization alternate names', 'organization city of headquarters', 'person siblings']
2023-12-16 21:52:15,520 - INFO - Train Simple Finished!
2023-12-16 21:52:28,412 - INFO - 25
2023-12-16 21:52:28,413 - INFO - 25
2023-12-16 21:52:45,007 - INFO - Train First Finished!
2023-12-16 21:52:48,463 - INFO - Length seen relation: 41
2023-12-16 21:52:48,463 - INFO - Train data memory: 41
2023-12-16 21:53:33,751 - INFO - Train Memory Finished!
2023-12-16 21:53:33,751 - INFO - 343
2023-12-16 21:53:33,751 - INFO - 2122
2023-12-16 21:53:33,751 - INFO - ------------------------------------------------------------Evaluating------------------------------------------------------------
2023-12-16 21:54:08,783 - INFO - Restart Num 3
2023-12-16 21:54:08,784 - INFO - Task--8:
2023-12-16 21:54:08,784 - INFO - Current test acc: 0.4198250728862974
2023-12-16 21:54:08,784 - INFO - History test acc: 0.470311027332705
2023-12-16 21:54:08,784 - INFO - Accuracy_test_current: [0.8822393822393823, 0.8152173913043478, 0.2511415525114155, 0.7545454545454545, 0.5223880597014925, 0.38095238095238093, 0.8333333333333334, 0.4198250728862974]
2023-12-16 21:54:08,784 - INFO - Accuracy_test_total: [0.8822393822393823, 0.853904282115869, 0.7147087857847977, 0.7145174371451744, 0.6324965132496513, 0.5435435435435435, 0.5098369870713885, 0.470311027332705]
2023-12-16 21:54:40,319 - INFO - Accuracy_per_task_current_test: [0.5366795366795367, 0.4855072463768116, 0.1552511415525114, 0.7, 0.36318407960199006, 0.37662337662337664, 0.8245614035087719, 0.4198250728862974]
2023-12-16 21:54:40,483 - INFO - Result_whole_test: [array([87.83783784, 84.93894166, 77.32079906, 67.87072243, 59.13978495,
       61.79566563, 54.8212351 , 51.60226202]), array([88.61003861, 76.90253672, 69.4214876 , 65.19292605, 58.09703844,
       52.38095238, 43.74342797, 45.38171536]), array([88.22393822, 85.39042821, 71.47087858, 71.45174371, 63.24965132,
       54.35435435, 50.98369871, 47.03110273])]
2023-12-16 21:54:40,484 - INFO - Avg_result_cur_test: [0.88223938 0.70212914 0.37410879 0.68002478 0.48802634 0.51526164
 0.62980552 0.62795223]
2023-12-16 21:54:40,484 - INFO - Avg_result_all_test: [88.22393822 82.41063553 72.73772175 68.1717974  60.16215824 56.17699079
 49.84945393 48.0050267 ]
2023-12-16 21:54:40,484 - INFO - Std_result_all_test: [0.31524965 3.89917294 3.34698363 2.56400523 2.22430367 4.0538631
 4.5930626  2.63124762]
2023-12-16 21:55:11,713 - INFO - Accuracy_result_all_test: [0.5366795366795367, 0.4855072463768116, 0.1552511415525114, 0.7, 0.36318407960199006, 0.37662337662337664, 0.8245614035087719, 0.4198250728862974]
2023-12-16 21:55:11,714 - INFO - Bwt_whole: [-0.11925720897772418, -0.22800663465724655, -0.1425729671778298]
2023-12-16 21:55:11,714 - INFO - Fwt_whole: [0.02979757243915567, 0.03924130428189547, 0.0487770771653498]
2023-12-16 21:55:11,714 - INFO - Avg_bwt_whole: -0.16327893693760018
2023-12-16 21:55:11,715 - INFO - Avg_fwt_whole: 0.039271984628800306
2023-12-16 21:55:19,222 - INFO - Adding head 'default' with config {'head_type': 'masked_lm', 'vocab_size': 30522, 'embedding_size': 768, 'layers': 2, 'activation_function': 'gelu', 'layer_norm': True, 'bias': True, 'shift_labels': False, 'label2id': None}.
2023-12-16 21:55:19,938 - INFO - Current relation: ['person countries of residence', 'organization top members employees', 'organization member of', 'person origin', 'person title', 'organization country of headquarters']
2023-12-16 21:56:34,481 - INFO - Train Simple Finished!
2023-12-16 21:58:02,177 - INFO - 600
2023-12-16 21:58:02,178 - INFO - 602
2023-12-16 22:03:26,740 - INFO - Train First Finished!
2023-12-16 22:03:44,766 - INFO - Length seen relation: 6
2023-12-16 22:03:44,766 - INFO - Train data memory: 6
2023-12-16 22:03:55,625 - INFO - Train Memory Finished!
2023-12-16 22:03:55,629 - INFO - 518
2023-12-16 22:03:55,629 - INFO - 518
2023-12-16 22:03:55,629 - INFO - ------------------------------------------------------------Evaluating------------------------------------------------------------
2023-12-16 22:04:10,262 - INFO - Restart Num 4
2023-12-16 22:04:10,263 - INFO - Task--1:
2023-12-16 22:04:10,263 - INFO - Current test acc: 0.888030888030888
2023-12-16 22:04:10,263 - INFO - History test acc: 0.888030888030888
2023-12-16 22:04:10,263 - INFO - Accuracy_test_current: [0.888030888030888]
2023-12-16 22:04:10,263 - INFO - Accuracy_test_total: [0.888030888030888]
2023-12-16 22:04:17,523 - INFO - Accuracy_per_task_current_test: [0.888030888030888]
2023-12-16 22:04:17,638 - INFO - Current relation: ['person country of birth', 'organization website', 'organization shareholders', 'organization dissolved', 'organization founded by']
2023-12-16 22:04:25,487 - INFO - Train Simple Finished!
2023-12-16 22:04:30,950 - INFO - 25
2023-12-16 22:04:30,950 - INFO - 78
2023-12-16 22:04:45,196 - INFO - Train First Finished!
2023-12-16 22:04:48,771 - INFO - Length seen relation: 11
2023-12-16 22:04:48,771 - INFO - Train data memory: 11
2023-12-16 22:05:01,865 - INFO - Train Memory Finished!
2023-12-16 22:05:01,865 - INFO - 114
2023-12-16 22:05:01,865 - INFO - 632
2023-12-16 22:05:01,865 - INFO - ------------------------------------------------------------Evaluating------------------------------------------------------------
2023-12-16 22:05:12,614 - INFO - Restart Num 4
2023-12-16 22:05:12,615 - INFO - Task--2:
2023-12-16 22:05:12,615 - INFO - Current test acc: 0.7280701754385965
2023-12-16 22:05:12,615 - INFO - History test acc: 0.7563291139240507
2023-12-16 22:05:12,615 - INFO - Accuracy_test_current: [0.888030888030888, 0.7280701754385965]
2023-12-16 22:05:12,615 - INFO - Accuracy_test_total: [0.888030888030888, 0.7563291139240507]
2023-12-16 22:05:21,741 - INFO - Accuracy_per_task_current_test: [0.7625482625482626, 0.7280701754385965]
2023-12-16 22:05:21,899 - INFO - Current relation: ['organization founded', 'person age', 'person city of birth', 'organization members', 'person religion']
2023-12-16 22:05:32,508 - INFO - Train Simple Finished!
2023-12-16 22:05:39,197 - INFO - 25
2023-12-16 22:05:39,198 - INFO - 27
2023-12-16 22:05:53,635 - INFO - Train First Finished!
2023-12-16 22:05:57,105 - INFO - Length seen relation: 16
2023-12-16 22:05:57,105 - INFO - Train data memory: 16
2023-12-16 22:06:14,637 - INFO - Train Memory Finished!
2023-12-16 22:06:14,637 - INFO - 220
2023-12-16 22:06:14,637 - INFO - 852
2023-12-16 22:06:14,637 - INFO - ------------------------------------------------------------Evaluating------------------------------------------------------------
2023-12-16 22:06:29,731 - INFO - Restart Num 4
2023-12-16 22:06:29,732 - INFO - Task--3:
2023-12-16 22:06:29,732 - INFO - Current test acc: 0.6090909090909091
2023-12-16 22:06:29,732 - INFO - History test acc: 0.6983568075117371
2023-12-16 22:06:29,732 - INFO - Accuracy_test_current: [0.888030888030888, 0.7280701754385965, 0.6090909090909091]
2023-12-16 22:06:29,732 - INFO - Accuracy_test_total: [0.888030888030888, 0.7563291139240507, 0.6983568075117371]
2023-12-16 22:06:41,933 - INFO - Accuracy_per_task_current_test: [0.7799227799227799, 0.5, 0.6090909090909091]
2023-12-16 22:06:42,092 - INFO - Current relation: ['person cities of residence', 'person schools attended', 'person country of death', 'person children', 'person charges']
2023-12-16 22:06:54,417 - INFO - Train Simple Finished!
2023-12-16 22:07:02,400 - INFO - 25
2023-12-16 22:07:02,401 - INFO - 25
2023-12-16 22:07:18,247 - INFO - Train First Finished!
2023-12-16 22:07:21,834 - INFO - Length seen relation: 21
2023-12-16 22:07:21,834 - INFO - Train data memory: 21
2023-12-16 22:07:44,321 - INFO - Train Memory Finished!
2023-12-16 22:07:44,322 - INFO - 276
2023-12-16 22:07:44,322 - INFO - 1128
2023-12-16 22:07:44,322 - INFO - ------------------------------------------------------------Evaluating------------------------------------------------------------
2023-12-16 22:08:03,996 - INFO - Restart Num 4
2023-12-16 22:08:03,997 - INFO - Task--4:
2023-12-16 22:08:03,997 - INFO - Current test acc: 0.8405797101449275
2023-12-16 22:08:03,997 - INFO - History test acc: 0.7570921985815603
2023-12-16 22:08:03,997 - INFO - Accuracy_test_current: [0.888030888030888, 0.7280701754385965, 0.6090909090909091, 0.8405797101449275]
2023-12-16 22:08:03,997 - INFO - Accuracy_test_total: [0.888030888030888, 0.7563291139240507, 0.6983568075117371, 0.7570921985815603]
2023-12-16 22:08:20,408 - INFO - Accuracy_per_task_current_test: [0.7258687258687259, 0.7192982456140351, 0.7454545454545455, 0.8405797101449275]
2023-12-16 22:08:20,572 - INFO - Current relation: ['person cause of death', 'organization political religious affiliation', 'organization stateorprovince of headquarters', 'person other family', 'person city of death']
2023-12-16 22:08:32,979 - INFO - Train Simple Finished!
2023-12-16 22:08:42,192 - INFO - 25
2023-12-16 22:08:42,193 - INFO - 25
2023-12-16 22:08:57,349 - INFO - Train First Finished!
2023-12-16 22:09:00,809 - INFO - Length seen relation: 26
2023-12-16 22:09:00,810 - INFO - Train data memory: 26
2023-12-16 22:09:28,945 - INFO - Train Memory Finished!
2023-12-16 22:09:28,946 - INFO - 201
2023-12-16 22:09:28,946 - INFO - 1329
2023-12-16 22:09:28,946 - INFO - ------------------------------------------------------------Evaluating------------------------------------------------------------
2023-12-16 22:09:50,110 - INFO - Restart Num 4
2023-12-16 22:09:50,111 - INFO - Task--5:
2023-12-16 22:09:50,111 - INFO - Current test acc: 0.5223880597014925
2023-12-16 22:09:50,111 - INFO - History test acc: 0.6877351392024078
2023-12-16 22:09:50,111 - INFO - Accuracy_test_current: [0.888030888030888, 0.7280701754385965, 0.6090909090909091, 0.8405797101449275, 0.5223880597014925]
2023-12-16 22:09:50,111 - INFO - Accuracy_test_total: [0.888030888030888, 0.7563291139240507, 0.6983568075117371, 0.7570921985815603, 0.6877351392024078]
2023-12-16 22:10:09,413 - INFO - Accuracy_per_task_current_test: [0.6795366795366795, 0.6666666666666666, 0.7818181818181819, 0.7572463768115942, 0.5223880597014925]
2023-12-16 22:10:09,575 - INFO - Current relation: ['person date of birth', 'person stateorprovince of birth', 'person parents', 'person employee of', 'person stateorprovince of death']
2023-12-16 22:10:23,435 - INFO - Train Simple Finished!
2023-12-16 22:10:33,926 - INFO - 25
2023-12-16 22:10:33,926 - INFO - 25
2023-12-16 22:10:49,667 - INFO - Train First Finished!
2023-12-16 22:10:53,346 - INFO - Length seen relation: 31
2023-12-16 22:10:53,346 - INFO - Train data memory: 31
2023-12-16 22:11:24,597 - INFO - Train Memory Finished!
2023-12-16 22:11:24,597 - INFO - 219
2023-12-16 22:11:24,598 - INFO - 1548
2023-12-16 22:11:24,598 - INFO - ------------------------------------------------------------Evaluating------------------------------------------------------------
2023-12-16 22:11:49,521 - INFO - Restart Num 4
2023-12-16 22:11:49,521 - INFO - Task--6:
2023-12-16 22:11:49,522 - INFO - Current test acc: 0.547945205479452
2023-12-16 22:11:49,522 - INFO - History test acc: 0.625968992248062
2023-12-16 22:11:49,522 - INFO - Accuracy_test_current: [0.888030888030888, 0.7280701754385965, 0.6090909090909091, 0.8405797101449275, 0.5223880597014925, 0.547945205479452]
2023-12-16 22:11:49,522 - INFO - Accuracy_test_total: [0.888030888030888, 0.7563291139240507, 0.6983568075117371, 0.7570921985815603, 0.6877351392024078, 0.625968992248062]
2023-12-16 22:12:12,289 - INFO - Accuracy_per_task_current_test: [0.6505791505791506, 0.5350877192982456, 0.740909090909091, 0.6956521739130435, 0.47761194029850745, 0.547945205479452]
2023-12-16 22:12:12,462 - INFO - Current relation: ['organization subsidiaries', 'organization parents', 'organization alternate names', 'organization city of headquarters', 'person siblings']
2023-12-16 22:12:29,277 - INFO - Train Simple Finished!
2023-12-16 22:12:41,078 - INFO - 25
2023-12-16 22:12:41,078 - INFO - 25
2023-12-16 22:12:57,018 - INFO - Train First Finished!
2023-12-16 22:13:00,576 - INFO - Length seen relation: 36
2023-12-16 22:13:00,576 - INFO - Train data memory: 36
2023-12-16 22:13:39,483 - INFO - Train Memory Finished!
2023-12-16 22:13:39,484 - INFO - 343
2023-12-16 22:13:39,484 - INFO - 1891
2023-12-16 22:13:39,484 - INFO - ------------------------------------------------------------Evaluating------------------------------------------------------------
2023-12-16 22:14:10,402 - INFO - Restart Num 4
2023-12-16 22:14:10,403 - INFO - Task--7:
2023-12-16 22:14:10,403 - INFO - Current test acc: 0.49854227405247814
2023-12-16 22:14:10,403 - INFO - History test acc: 0.5520888418826018
2023-12-16 22:14:10,403 - INFO - Accuracy_test_current: [0.888030888030888, 0.7280701754385965, 0.6090909090909091, 0.8405797101449275, 0.5223880597014925, 0.547945205479452, 0.49854227405247814]
2023-12-16 22:14:10,403 - INFO - Accuracy_test_total: [0.888030888030888, 0.7563291139240507, 0.6983568075117371, 0.7570921985815603, 0.6877351392024078, 0.625968992248062, 0.5520888418826018]
2023-12-16 22:14:37,814 - INFO - Accuracy_per_task_current_test: [0.6254826254826255, 0.42105263157894735, 0.7318181818181818, 0.6268115942028986, 0.3582089552238806, 0.4337899543378995, 0.49854227405247814]
2023-12-16 22:14:37,976 - INFO - Current relation: ['person stateorprovinces of residence', 'person date of death', 'organization number of employees members', 'person alternate names', 'person spouse']
2023-12-16 22:14:54,076 - INFO - Train Simple Finished!
2023-12-16 22:15:07,277 - INFO - 25
2023-12-16 22:15:07,278 - INFO - 25
2023-12-16 22:15:25,097 - INFO - Train First Finished!
2023-12-16 22:15:28,637 - INFO - Length seen relation: 41
2023-12-16 22:15:28,637 - INFO - Train data memory: 41
2023-12-16 22:16:11,332 - INFO - Train Memory Finished!
2023-12-16 22:16:11,333 - INFO - 231
2023-12-16 22:16:11,333 - INFO - 2122
2023-12-16 22:16:11,333 - INFO - ------------------------------------------------------------Evaluating------------------------------------------------------------
2023-12-16 22:16:43,857 - INFO - Restart Num 4
2023-12-16 22:16:43,857 - INFO - Task--8:
2023-12-16 22:16:43,858 - INFO - Current test acc: 0.4025974025974026
2023-12-16 22:16:43,858 - INFO - History test acc: 0.5108388312912346
2023-12-16 22:16:43,858 - INFO - Accuracy_test_current: [0.888030888030888, 0.7280701754385965, 0.6090909090909091, 0.8405797101449275, 0.5223880597014925, 0.547945205479452, 0.49854227405247814, 0.4025974025974026]
2023-12-16 22:16:43,858 - INFO - Accuracy_test_total: [0.888030888030888, 0.7563291139240507, 0.6983568075117371, 0.7570921985815603, 0.6877351392024078, 0.625968992248062, 0.5520888418826018, 0.5108388312912346]
2023-12-16 22:17:14,774 - INFO - Accuracy_per_task_current_test: [0.61003861003861, 0.4473684210526316, 0.6590909090909091, 0.6014492753623188, 0.38308457711442784, 0.4474885844748858, 0.40233236151603496, 0.4025974025974026]
2023-12-16 22:17:14,937 - INFO - Result_whole_test: [array([87.83783784, 84.93894166, 77.32079906, 67.87072243, 59.13978495,
       61.79566563, 54.8212351 , 51.60226202]), array([88.61003861, 76.90253672, 69.4214876 , 65.19292605, 58.09703844,
       52.38095238, 43.74342797, 45.38171536]), array([88.22393822, 85.39042821, 71.47087858, 71.45174371, 63.24965132,
       54.35435435, 50.98369871, 47.03110273]), array([88.8030888 , 75.63291139, 69.83568075, 75.70921986, 68.77351392,
       62.59689922, 55.20888419, 51.08388313])]
2023-12-16 22:17:14,937 - INFO - Avg_result_cur_test: [0.88368726 0.7086144  0.43285432 0.72016351 0.49661677 0.52343253
 0.59698971 0.57161352]
2023-12-16 22:17:14,937 - INFO - Avg_result_all_test: [88.36872587 80.71620449 72.0122115  70.05615301 62.31499716 57.7819679
 51.18931149 48.77474081]
2023-12-16 22:17:14,937 - INFO - Std_result_all_test: [0.37071167 4.47391906 3.15924357 3.94752839 4.1969979  4.47808096
 4.60519521 2.64007149]
2023-12-16 22:17:45,853 - INFO - Accuracy_result_all_test: [0.61003861003861, 0.4473684210526316, 0.6590909090909091, 0.6014492753623188, 0.38308457711442784, 0.4474885844748858, 0.40233236151603496, 0.4025974025974026]
2023-12-16 22:17:45,854 - INFO - Bwt_whole: [-0.11925720897772418, -0.22800663465724655, -0.1425729671778298, -0.15482778332698938]
2023-12-16 22:17:45,854 - INFO - Fwt_whole: [0.02979757243915567, 0.03924130428189547, 0.0487770771653498, 0.024793584235453574]
2023-12-16 22:17:45,854 - INFO - Avg_bwt_whole: -0.16116614853494748
2023-12-16 22:17:45,854 - INFO - Avg_fwt_whole: 0.03565238453046363
2023-12-16 22:17:53,516 - INFO - Adding head 'default' with config {'head_type': 'masked_lm', 'vocab_size': 30522, 'embedding_size': 768, 'layers': 2, 'activation_function': 'gelu', 'layer_norm': True, 'bias': True, 'shift_labels': False, 'label2id': None}.
2023-12-16 22:17:54,237 - INFO - Current relation: ['person countries of residence', 'organization top members employees', 'organization member of', 'person origin', 'person title', 'organization country of headquarters']
2023-12-16 22:19:07,665 - INFO - Train Simple Finished!
2023-12-16 22:20:36,169 - INFO - 600
2023-12-16 22:20:36,169 - INFO - 600
2023-12-16 22:26:02,029 - INFO - Train First Finished!
2023-12-16 22:26:20,015 - INFO - Length seen relation: 6
2023-12-16 22:26:20,015 - INFO - Train data memory: 6
2023-12-16 22:26:30,864 - INFO - Train Memory Finished!
2023-12-16 22:26:30,867 - INFO - 518
2023-12-16 22:26:30,868 - INFO - 518
2023-12-16 22:26:30,868 - INFO - ------------------------------------------------------------Evaluating------------------------------------------------------------
2023-12-16 22:26:45,811 - INFO - Restart Num 5
2023-12-16 22:26:45,811 - INFO - Task--1:
2023-12-16 22:26:45,811 - INFO - Current test acc: 0.8918918918918919
2023-12-16 22:26:45,811 - INFO - History test acc: 0.8918918918918919
2023-12-16 22:26:45,811 - INFO - Accuracy_test_current: [0.8918918918918919]
2023-12-16 22:26:45,811 - INFO - Accuracy_test_total: [0.8918918918918919]
2023-12-16 22:26:53,222 - INFO - Accuracy_per_task_current_test: [0.8918918918918919]
2023-12-16 22:26:53,334 - INFO - Current relation: ['person cause of death', 'organization political religious affiliation', 'organization stateorprovince of headquarters', 'person other family', 'person city of death']
2023-12-16 22:27:02,390 - INFO - Train Simple Finished!
2023-12-16 22:27:07,753 - INFO - 25
2023-12-16 22:27:07,754 - INFO - 62
2023-12-16 22:27:21,586 - INFO - Train First Finished!
2023-12-16 22:27:25,131 - INFO - Length seen relation: 11
2023-12-16 22:27:25,131 - INFO - Train data memory: 11
2023-12-16 22:27:39,347 - INFO - Train Memory Finished!
2023-12-16 22:27:39,348 - INFO - 201
2023-12-16 22:27:39,348 - INFO - 719
2023-12-16 22:27:39,348 - INFO - ------------------------------------------------------------Evaluating------------------------------------------------------------
2023-12-16 22:27:52,239 - INFO - Restart Num 5
2023-12-16 22:27:52,239 - INFO - Task--2:
2023-12-16 22:27:52,240 - INFO - Current test acc: 0.5373134328358209
2023-12-16 22:27:52,240 - INFO - History test acc: 0.7872044506258693
2023-12-16 22:27:52,240 - INFO - Accuracy_test_current: [0.8918918918918919, 0.5373134328358209]
2023-12-16 22:27:52,240 - INFO - Accuracy_test_total: [0.8918918918918919, 0.7872044506258693]
2023-12-16 22:28:02,501 - INFO - Accuracy_per_task_current_test: [0.8841698841698842, 0.5373134328358209]
2023-12-16 22:28:02,660 - INFO - Current relation: ['person stateorprovinces of residence', 'person date of death', 'organization number of employees members', 'person alternate names', 'person spouse']
2023-12-16 22:28:13,015 - INFO - Train Simple Finished!
2023-12-16 22:28:19,446 - INFO - 25
2023-12-16 22:28:19,446 - INFO - 26
2023-12-16 22:28:34,424 - INFO - Train First Finished!
2023-12-16 22:28:37,937 - INFO - Length seen relation: 16
2023-12-16 22:28:37,937 - INFO - Train data memory: 16
2023-12-16 22:28:55,005 - INFO - Train Memory Finished!
2023-12-16 22:28:55,005 - INFO - 231
2023-12-16 22:28:55,005 - INFO - 950
2023-12-16 22:28:55,005 - INFO - ------------------------------------------------------------Evaluating------------------------------------------------------------
2023-12-16 22:29:11,512 - INFO - Restart Num 5
2023-12-16 22:29:11,513 - INFO - Task--3:
2023-12-16 22:29:11,513 - INFO - Current test acc: 0.329004329004329
2023-12-16 22:29:11,513 - INFO - History test acc: 0.6757894736842105
2023-12-16 22:29:11,513 - INFO - Accuracy_test_current: [0.8918918918918919, 0.5373134328358209, 0.329004329004329]
2023-12-16 22:29:11,513 - INFO - Accuracy_test_total: [0.8918918918918919, 0.7872044506258693, 0.6757894736842105]
2023-12-16 22:29:25,194 - INFO - Accuracy_per_task_current_test: [0.861003861003861, 0.5970149253731343, 0.329004329004329]
2023-12-16 22:29:25,364 - INFO - Current relation: ['organization subsidiaries', 'organization parents', 'organization alternate names', 'organization city of headquarters', 'person siblings']
2023-12-16 22:29:38,395 - INFO - Train Simple Finished!
2023-12-16 22:29:46,143 - INFO - 25
2023-12-16 22:29:46,143 - INFO - 25
2023-12-16 22:30:00,772 - INFO - Train First Finished!
2023-12-16 22:30:04,226 - INFO - Length seen relation: 21
2023-12-16 22:30:04,227 - INFO - Train data memory: 21
2023-12-16 22:30:26,413 - INFO - Train Memory Finished!
2023-12-16 22:30:26,414 - INFO - 343
2023-12-16 22:30:26,414 - INFO - 1293
2023-12-16 22:30:26,414 - INFO - ------------------------------------------------------------Evaluating------------------------------------------------------------
2023-12-16 22:30:48,889 - INFO - Restart Num 5
2023-12-16 22:30:48,889 - INFO - Task--4:
2023-12-16 22:30:48,889 - INFO - Current test acc: 0.33527696793002915
2023-12-16 22:30:48,889 - INFO - History test acc: 0.6125290023201856
2023-12-16 22:30:48,889 - INFO - Accuracy_test_current: [0.8918918918918919, 0.5373134328358209, 0.329004329004329, 0.33527696793002915]
2023-12-16 22:30:48,890 - INFO - Accuracy_test_total: [0.8918918918918919, 0.7872044506258693, 0.6757894736842105, 0.6125290023201856]
2023-12-16 22:31:07,467 - INFO - Accuracy_per_task_current_test: [0.8359073359073359, 0.6019900497512438, 0.5324675324675324, 0.33527696793002915]
2023-12-16 22:31:07,627 - INFO - Current relation: ['person cities of residence', 'person schools attended', 'person country of death', 'person children', 'person charges']
2023-12-16 22:31:20,971 - INFO - Train Simple Finished!
2023-12-16 22:31:29,978 - INFO - 25
2023-12-16 22:31:29,979 - INFO - 25
2023-12-16 22:31:45,030 - INFO - Train First Finished!
2023-12-16 22:31:48,277 - INFO - Length seen relation: 26
2023-12-16 22:31:48,277 - INFO - Train data memory: 26
2023-12-16 22:32:16,802 - INFO - Train Memory Finished!
2023-12-16 22:32:16,803 - INFO - 276
2023-12-16 22:32:16,803 - INFO - 1569
2023-12-16 22:32:16,803 - INFO - ------------------------------------------------------------Evaluating------------------------------------------------------------
2023-12-16 22:32:42,232 - INFO - Restart Num 5
2023-12-16 22:32:42,232 - INFO - Task--5:
2023-12-16 22:32:42,232 - INFO - Current test acc: 0.7934782608695652
2023-12-16 22:32:42,232 - INFO - History test acc: 0.5666029318036966
2023-12-16 22:32:42,232 - INFO - Accuracy_test_current: [0.8918918918918919, 0.5373134328358209, 0.329004329004329, 0.33527696793002915, 0.7934782608695652]
2023-12-16 22:32:42,232 - INFO - Accuracy_test_total: [0.8918918918918919, 0.7872044506258693, 0.6757894736842105, 0.6125290023201856, 0.5666029318036966]
2023-12-16 22:33:04,684 - INFO - Accuracy_per_task_current_test: [0.7857142857142857, 0.36318407960199006, 0.3852813852813853, 0.2944606413994169, 0.7934782608695652]
2023-12-16 22:33:04,842 - INFO - Current relation: ['organization founded', 'person age', 'person city of birth', 'organization members', 'person religion']
2023-12-16 22:33:18,369 - INFO - Train Simple Finished!
2023-12-16 22:33:28,611 - INFO - 25
2023-12-16 22:33:28,611 - INFO - 25
2023-12-16 22:33:44,278 - INFO - Train First Finished!
2023-12-16 22:33:47,709 - INFO - Length seen relation: 31
2023-12-16 22:33:47,709 - INFO - Train data memory: 31
2023-12-16 22:34:19,326 - INFO - Train Memory Finished!
2023-12-16 22:34:19,327 - INFO - 220
2023-12-16 22:34:19,327 - INFO - 1789
2023-12-16 22:34:19,327 - INFO - ------------------------------------------------------------Evaluating------------------------------------------------------------
2023-12-16 22:34:47,175 - INFO - Restart Num 5
2023-12-16 22:34:47,175 - INFO - Task--6:
2023-12-16 22:34:47,175 - INFO - Current test acc: 0.8
2023-12-16 22:34:47,175 - INFO - History test acc: 0.5807713806595863
2023-12-16 22:34:47,175 - INFO - Accuracy_test_current: [0.8918918918918919, 0.5373134328358209, 0.329004329004329, 0.33527696793002915, 0.7934782608695652, 0.8]
2023-12-16 22:34:47,175 - INFO - Accuracy_test_total: [0.8918918918918919, 0.7872044506258693, 0.6757894736842105, 0.6125290023201856, 0.5666029318036966, 0.5807713806595863]
2023-12-16 22:35:13,020 - INFO - Accuracy_per_task_current_test: [0.7876447876447876, 0.3482587064676617, 0.3593073593073593, 0.31486880466472306, 0.7028985507246377, 0.8]
2023-12-16 22:35:13,181 - INFO - Current relation: ['person date of birth', 'person stateorprovince of birth', 'person parents', 'person employee of', 'person stateorprovince of death']
2023-12-16 22:35:27,876 - INFO - Train Simple Finished!
2023-12-16 22:35:39,433 - INFO - 25
2023-12-16 22:35:39,433 - INFO - 25
2023-12-16 22:35:55,992 - INFO - Train First Finished!
2023-12-16 22:35:59,564 - INFO - Length seen relation: 36
2023-12-16 22:35:59,564 - INFO - Train data memory: 36
2023-12-16 22:36:38,020 - INFO - Train Memory Finished!
2023-12-16 22:36:38,021 - INFO - 219
2023-12-16 22:36:38,021 - INFO - 2008
2023-12-16 22:36:38,021 - INFO - ------------------------------------------------------------Evaluating------------------------------------------------------------
2023-12-16 22:37:08,998 - INFO - Restart Num 5
2023-12-16 22:37:08,999 - INFO - Task--7:
2023-12-16 22:37:08,999 - INFO - Current test acc: 0.4977168949771689
2023-12-16 22:37:08,999 - INFO - History test acc: 0.5552788844621513
2023-12-16 22:37:08,999 - INFO - Accuracy_test_current: [0.8918918918918919, 0.5373134328358209, 0.329004329004329, 0.33527696793002915, 0.7934782608695652, 0.8, 0.4977168949771689]
2023-12-16 22:37:08,999 - INFO - Accuracy_test_total: [0.8918918918918919, 0.7872044506258693, 0.6757894736842105, 0.6125290023201856, 0.5666029318036966, 0.5807713806595863, 0.5552788844621513]
2023-12-16 22:37:38,012 - INFO - Accuracy_per_task_current_test: [0.7876447876447876, 0.3582089552238806, 0.24242424242424243, 0.3323615160349854, 0.6920289855072463, 0.75, 0.4977168949771689]
2023-12-16 22:37:38,179 - INFO - Current relation: ['person country of birth', 'organization website', 'organization shareholders', 'organization dissolved', 'organization founded by']
2023-12-16 22:37:52,422 - INFO - Train Simple Finished!
2023-12-16 22:38:05,600 - INFO - 25
2023-12-16 22:38:05,600 - INFO - 25
2023-12-16 22:38:21,750 - INFO - Train First Finished!
2023-12-16 22:38:25,119 - INFO - Length seen relation: 41
2023-12-16 22:38:25,119 - INFO - Train data memory: 41
2023-12-16 22:39:09,023 - INFO - Train Memory Finished!
2023-12-16 22:39:09,024 - INFO - 114
2023-12-16 22:39:09,024 - INFO - 2122
2023-12-16 22:39:09,024 - INFO - ------------------------------------------------------------Evaluating------------------------------------------------------------
2023-12-16 22:39:39,964 - INFO - Restart Num 5
2023-12-16 22:39:39,964 - INFO - Task--8:
2023-12-16 22:39:39,964 - INFO - Current test acc: 0.6052631578947368
2023-12-16 22:39:39,965 - INFO - History test acc: 0.5056550424128181
2023-12-16 22:39:39,965 - INFO - Accuracy_test_current: [0.8918918918918919, 0.5373134328358209, 0.329004329004329, 0.33527696793002915, 0.7934782608695652, 0.8, 0.4977168949771689, 0.6052631578947368]
2023-12-16 22:39:39,965 - INFO - Accuracy_test_total: [0.8918918918918919, 0.7872044506258693, 0.6757894736842105, 0.6125290023201856, 0.5666029318036966, 0.5807713806595863, 0.5552788844621513, 0.5056550424128181]
2023-12-16 22:40:10,712 - INFO - Accuracy_per_task_current_test: [0.6447876447876448, 0.3681592039800995, 0.26406926406926406, 0.30612244897959184, 0.6521739130434783, 0.6818181818181818, 0.45662100456621, 0.6052631578947368]
2023-12-16 22:40:10,870 - INFO - Result_whole_test: [array([87.83783784, 84.93894166, 77.32079906, 67.87072243, 59.13978495,
       61.79566563, 54.8212351 , 51.60226202]), array([88.61003861, 76.90253672, 69.4214876 , 65.19292605, 58.09703844,
       52.38095238, 43.74342797, 45.38171536]), array([88.22393822, 85.39042821, 71.47087858, 71.45174371, 63.24965132,
       54.35435435, 50.98369871, 47.03110273]), array([88.8030888 , 75.63291139, 69.83568075, 75.70921986, 68.77351392,
       62.59689922, 55.20888419, 51.08388313]), array([89.18918919, 78.72044506, 67.57894737, 61.25290023, 56.66029318,
       58.07713807, 55.52788845, 50.56550424])]
2023-12-16 22:40:10,870 - INFO - Avg_result_cur_test: [0.88532819 0.6743542  0.41208432 0.6431862  0.55598907 0.57874602
 0.57713514 0.57834345]
2023-12-16 22:40:10,871 - INFO - Avg_result_all_test: [88.53281853 80.31705261 71.12555867 68.29550246 61.18405636 57.84100193
 52.05702688 49.1328935 ]
2023-12-16 22:40:10,871 - INFO - Std_result_all_test: [0.46652687 4.08044732 3.33605588 4.98657656 4.38268655 4.00705719
 4.46967318 2.46760519]
2023-12-16 22:40:41,568 - INFO - Accuracy_result_all_test: [0.6447876447876448, 0.3681592039800995, 0.26406926406926406, 0.30612244897959184, 0.6521739130434783, 0.6818181818181818, 0.45662100456621, 0.6052631578947368]
2023-12-16 22:40:41,568 - INFO - Bwt_whole: [-0.11925720897772418, -0.22800663465724655, -0.1425729671778298, -0.15482778332698938, -0.11584715946633353]
2023-12-16 22:40:41,568 - INFO - Fwt_whole: [0.02979757243915567, 0.03924130428189547, 0.0487770771653498, 0.024793584235453574, 0.03232798619018828]
2023-12-16 22:40:41,568 - INFO - Avg_bwt_whole: -0.1521023507212247
2023-12-16 22:40:41,568 - INFO - Avg_fwt_whole: 0.03498750486240856
2023-12-16 22:40:49,303 - INFO - Adding head 'default' with config {'head_type': 'masked_lm', 'vocab_size': 30522, 'embedding_size': 768, 'layers': 2, 'activation_function': 'gelu', 'layer_norm': True, 'bias': True, 'shift_labels': False, 'label2id': None}.
2023-12-16 22:40:50,064 - INFO - Current relation: ['person countries of residence', 'organization top members employees', 'organization member of', 'person origin', 'person title', 'organization country of headquarters']
2023-12-16 22:42:02,944 - INFO - Train Simple Finished!
2023-12-16 22:43:29,595 - INFO - 600
2023-12-16 22:43:29,595 - INFO - 604
2023-12-16 22:48:52,889 - INFO - Train First Finished!
2023-12-16 22:49:10,649 - INFO - Length seen relation: 6
2023-12-16 22:49:10,649 - INFO - Train data memory: 6
2023-12-16 22:49:21,431 - INFO - Train Memory Finished!
2023-12-16 22:49:21,436 - INFO - 518
2023-12-16 22:49:21,436 - INFO - 518
2023-12-16 22:49:21,436 - INFO - ------------------------------------------------------------Evaluating------------------------------------------------------------
2023-12-16 22:49:36,229 - INFO - Restart Num 6
2023-12-16 22:49:36,230 - INFO - Task--1:
2023-12-16 22:49:36,230 - INFO - Current test acc: 0.8841698841698842
2023-12-16 22:49:36,230 - INFO - History test acc: 0.8841698841698842
2023-12-16 22:49:36,230 - INFO - Accuracy_test_current: [0.8841698841698842]
2023-12-16 22:49:36,230 - INFO - Accuracy_test_total: [0.8841698841698842]
2023-12-16 22:49:43,525 - INFO - Accuracy_per_task_current_test: [0.8841698841698842]
2023-12-16 22:49:43,637 - INFO - Current relation: ['person cities of residence', 'person schools attended', 'person country of death', 'person children', 'person charges']
2023-12-16 22:49:53,669 - INFO - Train Simple Finished!
2023-12-16 22:49:59,143 - INFO - 25
2023-12-16 22:49:59,143 - INFO - 114
2023-12-16 22:50:13,456 - INFO - Train First Finished!
2023-12-16 22:50:16,931 - INFO - Length seen relation: 11
2023-12-16 22:50:16,931 - INFO - Train data memory: 11
2023-12-16 22:50:29,919 - INFO - Train Memory Finished!
2023-12-16 22:50:29,919 - INFO - 276
2023-12-16 22:50:29,919 - INFO - 794
2023-12-16 22:50:29,919 - INFO - ------------------------------------------------------------Evaluating------------------------------------------------------------
2023-12-16 22:50:45,309 - INFO - Restart Num 6
2023-12-16 22:50:45,310 - INFO - Task--2:
2023-12-16 22:50:45,310 - INFO - Current test acc: 0.8478260869565217
2023-12-16 22:50:45,310 - INFO - History test acc: 0.8690176322418136
2023-12-16 22:50:45,310 - INFO - Accuracy_test_current: [0.8841698841698842, 0.8478260869565217]
2023-12-16 22:50:45,310 - INFO - Accuracy_test_total: [0.8841698841698842, 0.8690176322418136]
2023-12-16 22:50:56,600 - INFO - Accuracy_per_task_current_test: [0.8803088803088803, 0.8478260869565217]
2023-12-16 22:50:56,774 - INFO - Current relation: ['person country of birth', 'organization website', 'organization shareholders', 'organization dissolved', 'organization founded by']
2023-12-16 22:51:05,643 - INFO - Train Simple Finished!
2023-12-16 22:51:12,305 - INFO - 25
2023-12-16 22:51:12,305 - INFO - 25
2023-12-16 22:51:27,318 - INFO - Train First Finished!
2023-12-16 22:51:30,772 - INFO - Length seen relation: 16
2023-12-16 22:51:30,772 - INFO - Train data memory: 16
2023-12-16 22:51:47,921 - INFO - Train Memory Finished!
2023-12-16 22:51:47,922 - INFO - 114
2023-12-16 22:51:47,922 - INFO - 908
2023-12-16 22:51:47,922 - INFO - ------------------------------------------------------------Evaluating------------------------------------------------------------
2023-12-16 22:52:02,414 - INFO - Restart Num 6
2023-12-16 22:52:02,414 - INFO - Task--3:
2023-12-16 22:52:02,414 - INFO - Current test acc: 0.23684210526315788
2023-12-16 22:52:02,414 - INFO - History test acc: 0.7665198237885462
2023-12-16 22:52:02,414 - INFO - Accuracy_test_current: [0.8841698841698842, 0.8478260869565217, 0.23684210526315788]
2023-12-16 22:52:02,414 - INFO - Accuracy_test_total: [0.8841698841698842, 0.8690176322418136, 0.7665198237885462]
2023-12-16 22:52:15,630 - INFO - Accuracy_per_task_current_test: [0.8301158301158301, 0.8659420289855072, 0.23684210526315788]
2023-12-16 22:52:15,805 - INFO - Current relation: ['organization founded', 'person age', 'person city of birth', 'organization members', 'person religion']
2023-12-16 22:52:27,305 - INFO - Train Simple Finished!
2023-12-16 22:52:35,050 - INFO - 25
2023-12-16 22:52:35,050 - INFO - 29
2023-12-16 22:52:49,629 - INFO - Train First Finished!
2023-12-16 22:52:53,236 - INFO - Length seen relation: 21
2023-12-16 22:52:53,236 - INFO - Train data memory: 21
2023-12-16 22:53:16,567 - INFO - Train Memory Finished!
2023-12-16 22:53:16,568 - INFO - 220
2023-12-16 22:53:16,568 - INFO - 1128
2023-12-16 22:53:16,568 - INFO - ------------------------------------------------------------Evaluating------------------------------------------------------------
2023-12-16 22:53:35,549 - INFO - Restart Num 6
2023-12-16 22:53:35,550 - INFO - Task--4:
2023-12-16 22:53:35,550 - INFO - Current test acc: 0.7818181818181819
2023-12-16 22:53:35,550 - INFO - History test acc: 0.6843971631205674
2023-12-16 22:53:35,550 - INFO - Accuracy_test_current: [0.8841698841698842, 0.8478260869565217, 0.23684210526315788, 0.7818181818181819]
2023-12-16 22:53:35,550 - INFO - Accuracy_test_total: [0.8841698841698842, 0.8690176322418136, 0.7665198237885462, 0.6843971631205674]
2023-12-16 22:53:52,085 - INFO - Accuracy_per_task_current_test: [0.6312741312741312, 0.6992753623188406, 0.7017543859649122, 0.7818181818181819]
2023-12-16 22:53:52,242 - INFO - Current relation: ['person stateorprovinces of residence', 'person date of death', 'organization number of employees members', 'person alternate names', 'person spouse']
2023-12-16 22:54:06,638 - INFO - Train Simple Finished!
2023-12-16 22:54:15,664 - INFO - 25
2023-12-16 22:54:15,664 - INFO - 25
2023-12-16 22:54:30,989 - INFO - Train First Finished!
2023-12-16 22:54:34,418 - INFO - Length seen relation: 26
2023-12-16 22:54:34,418 - INFO - Train data memory: 26
2023-12-16 22:55:01,034 - INFO - Train Memory Finished!
2023-12-16 22:55:01,035 - INFO - 231
2023-12-16 22:55:01,035 - INFO - 1359
2023-12-16 22:55:01,035 - INFO - ------------------------------------------------------------Evaluating------------------------------------------------------------
2023-12-16 22:55:23,322 - INFO - Restart Num 6
2023-12-16 22:55:23,323 - INFO - Task--5:
2023-12-16 22:55:23,323 - INFO - Current test acc: 0.5021645021645021
2023-12-16 22:55:23,323 - INFO - History test acc: 0.6144223693892568
2023-12-16 22:55:23,323 - INFO - Accuracy_test_current: [0.8841698841698842, 0.8478260869565217, 0.23684210526315788, 0.7818181818181819, 0.5021645021645021]
2023-12-16 22:55:23,323 - INFO - Accuracy_test_total: [0.8841698841698842, 0.8690176322418136, 0.7665198237885462, 0.6843971631205674, 0.6144223693892568]
2023-12-16 22:55:43,137 - INFO - Accuracy_per_task_current_test: [0.638996138996139, 0.5579710144927537, 0.5087719298245614, 0.8, 0.5021645021645021]
2023-12-16 22:55:43,296 - INFO - Current relation: ['person date of birth', 'person stateorprovince of birth', 'person parents', 'person employee of', 'person stateorprovince of death']
2023-12-16 22:55:56,863 - INFO - Train Simple Finished!
2023-12-16 22:56:07,058 - INFO - 25
2023-12-16 22:56:07,059 - INFO - 25
2023-12-16 22:56:22,327 - INFO - Train First Finished!
2023-12-16 22:56:25,755 - INFO - Length seen relation: 31
2023-12-16 22:56:25,755 - INFO - Train data memory: 31
2023-12-16 22:56:57,123 - INFO - Train Memory Finished!
2023-12-16 22:56:57,124 - INFO - 219
2023-12-16 22:56:57,124 - INFO - 1578
2023-12-16 22:56:57,124 - INFO - ------------------------------------------------------------Evaluating------------------------------------------------------------
2023-12-16 22:57:22,046 - INFO - Restart Num 6
2023-12-16 22:57:22,047 - INFO - Task--6:
2023-12-16 22:57:22,047 - INFO - Current test acc: 0.45662100456621
2023-12-16 22:57:22,047 - INFO - History test acc: 0.5792141951837769
2023-12-16 22:57:22,047 - INFO - Accuracy_test_current: [0.8841698841698842, 0.8478260869565217, 0.23684210526315788, 0.7818181818181819, 0.5021645021645021, 0.45662100456621]
2023-12-16 22:57:22,047 - INFO - Accuracy_test_total: [0.8841698841698842, 0.8690176322418136, 0.7665198237885462, 0.6843971631205674, 0.6144223693892568, 0.5792141951837769]
2023-12-16 22:57:44,988 - INFO - Accuracy_per_task_current_test: [0.5907335907335908, 0.6014492753623188, 0.6666666666666666, 0.7363636363636363, 0.45021645021645024, 0.45662100456621]
2023-12-16 22:57:45,151 - INFO - Current relation: ['organization subsidiaries', 'organization parents', 'organization alternate names', 'organization city of headquarters', 'person siblings']
2023-12-16 22:58:01,425 - INFO - Train Simple Finished!
2023-12-16 22:58:13,208 - INFO - 25
2023-12-16 22:58:13,208 - INFO - 25
2023-12-16 22:58:30,432 - INFO - Train First Finished!
2023-12-16 22:58:33,953 - INFO - Length seen relation: 36
2023-12-16 22:58:33,953 - INFO - Train data memory: 36
2023-12-16 22:59:11,035 - INFO - Train Memory Finished!
2023-12-16 22:59:11,036 - INFO - 343
2023-12-16 22:59:11,036 - INFO - 1921
2023-12-16 22:59:11,036 - INFO - ------------------------------------------------------------Evaluating------------------------------------------------------------
2023-12-16 22:59:42,688 - INFO - Restart Num 6
2023-12-16 22:59:42,688 - INFO - Task--7:
2023-12-16 22:59:42,688 - INFO - Current test acc: 0.5102040816326531
2023-12-16 22:59:42,688 - INFO - History test acc: 0.5304528891202499
2023-12-16 22:59:42,688 - INFO - Accuracy_test_current: [0.8841698841698842, 0.8478260869565217, 0.23684210526315788, 0.7818181818181819, 0.5021645021645021, 0.45662100456621, 0.5102040816326531]
2023-12-16 22:59:42,688 - INFO - Accuracy_test_total: [0.8841698841698842, 0.8690176322418136, 0.7665198237885462, 0.6843971631205674, 0.6144223693892568, 0.5792141951837769, 0.5304528891202499]
2023-12-16 23:00:10,050 - INFO - Accuracy_per_task_current_test: [0.6023166023166023, 0.5471014492753623, 0.41228070175438597, 0.7318181818181818, 0.3722943722943723, 0.3972602739726027, 0.5102040816326531]
2023-12-16 23:00:10,211 - INFO - Current relation: ['person cause of death', 'organization political religious affiliation', 'organization stateorprovince of headquarters', 'person other family', 'person city of death']
2023-12-16 23:00:26,155 - INFO - Train Simple Finished!
2023-12-16 23:00:39,316 - INFO - 25
2023-12-16 23:00:39,316 - INFO - 25
2023-12-16 23:00:55,611 - INFO - Train First Finished!
2023-12-16 23:00:59,261 - INFO - Length seen relation: 41
2023-12-16 23:00:59,262 - INFO - Train data memory: 41
2023-12-16 23:01:41,970 - INFO - Train Memory Finished!
2023-12-16 23:01:41,970 - INFO - 201
2023-12-16 23:01:41,970 - INFO - 2122
2023-12-16 23:01:41,970 - INFO - ------------------------------------------------------------Evaluating------------------------------------------------------------
2023-12-16 23:02:14,078 - INFO - Restart Num 6
2023-12-16 23:02:14,079 - INFO - Task--8:
2023-12-16 23:02:14,079 - INFO - Current test acc: 0.5323383084577115
2023-12-16 23:02:14,079 - INFO - History test acc: 0.46748350612629597
2023-12-16 23:02:14,079 - INFO - Accuracy_test_current: [0.8841698841698842, 0.8478260869565217, 0.23684210526315788, 0.7818181818181819, 0.5021645021645021, 0.45662100456621, 0.5102040816326531, 0.5323383084577115]
2023-12-16 23:02:14,079 - INFO - Accuracy_test_total: [0.8841698841698842, 0.8690176322418136, 0.7665198237885462, 0.6843971631205674, 0.6144223693892568, 0.5792141951837769, 0.5304528891202499, 0.46748350612629597]
2023-12-16 23:02:44,495 - INFO - Accuracy_per_task_current_test: [0.5907335907335908, 0.5398550724637681, 0.37719298245614036, 0.6681818181818182, 0.2943722943722944, 0.3378995433789954, 0.2857142857142857, 0.5323383084577115]
2023-12-16 23:02:44,658 - INFO - Result_whole_test: [array([87.83783784, 84.93894166, 77.32079906, 67.87072243, 59.13978495,
       61.79566563, 54.8212351 , 51.60226202]), array([88.61003861, 76.90253672, 69.4214876 , 65.19292605, 58.09703844,
       52.38095238, 43.74342797, 45.38171536]), array([88.22393822, 85.39042821, 71.47087858, 71.45174371, 63.24965132,
       54.35435435, 50.98369871, 47.03110273]), array([88.8030888 , 75.63291139, 69.83568075, 75.70921986, 68.77351392,
       62.59689922, 55.20888419, 51.08388313]), array([89.18918919, 78.72044506, 67.57894737, 61.25290023, 56.66029318,
       58.07713807, 55.52788845, 50.56550424]), array([88.41698842, 86.90176322, 76.65198238, 68.43971631, 61.44223694,
       57.92141952, 53.04528891, 46.74835061])]
2023-12-16 23:02:44,658 - INFO - Avg_result_cur_test: [0.88513514 0.70326618 0.38287728 0.66629153 0.54701831 0.55839185
 0.56597997 0.57067593]
2023-12-16 23:02:44,658 - INFO - Avg_result_all_test: [88.51351351 81.41450438 72.04662929 68.3195381  61.22708646 57.85440486
 52.22173722 48.73546968]
2023-12-16 23:02:44,658 - INFO - Std_result_all_test: [0.42806096 4.46061026 3.67644477 4.55241805 4.00198398 3.6580488
 4.0968235  2.42156105]
2023-12-16 23:03:15,137 - INFO - Accuracy_result_all_test: [0.5907335907335908, 0.5398550724637681, 0.37719298245614036, 0.6681818181818182, 0.2943722943722944, 0.3378995433789954, 0.2857142857142857, 0.5323383084577115]
2023-12-16 23:03:15,138 - INFO - Bwt_whole: [-0.11925720897772418, -0.22800663465724655, -0.1425729671778298, -0.15482778332698938, -0.11584715946633353, -0.16081375132431686]
2023-12-16 23:03:15,138 - INFO - Fwt_whole: [0.02979757243915567, 0.03924130428189547, 0.0487770771653498, 0.024793584235453574, 0.03232798619018828, 0.02889181769635724]
2023-12-16 23:03:15,138 - INFO - Avg_bwt_whole: -0.15355425082174004
2023-12-16 23:03:15,138 - INFO - Avg_fwt_whole: 0.033971557001400005
