2023-12-16 00:50:14,572 - INFO - Adding head 'default' with config {'head_type': 'masked_lm', 'vocab_size': 30522, 'embedding_size': 768, 'layers': 2, 'activation_function': 'gelu', 'layer_norm': True, 'bias': True, 'shift_labels': False, 'label2id': None}.
2023-12-16 00:50:15,155 - INFO - Adding adapter 'dummy'.
2023-12-16 00:50:15,157 - INFO - Adding adapter 'ia3_adapter'.
2023-12-16 00:50:15,161 - INFO - Could not identify valid prediction head(s) from setup 'Stack[dummy]'.
2023-12-16 00:50:15,203 - INFO - Current relation: ['person countries of residence', 'organization top members employees', 'organization member of', 'person origin', 'person title', 'organization country of headquarters']
2023-12-16 00:51:25,159 - INFO - Train Simple Finished!
2023-12-16 00:52:40,571 - INFO - Adding head 'default' with config {'head_type': 'masked_lm', 'vocab_size': 30522, 'embedding_size': 768, 'layers': 2, 'activation_function': 'gelu', 'layer_norm': True, 'bias': True, 'shift_labels': False, 'label2id': None}.
2023-12-16 00:53:51,245 - INFO - Adding head 'default' with config {'head_type': 'masked_lm', 'vocab_size': 30522, 'embedding_size': 768, 'layers': 2, 'activation_function': 'gelu', 'layer_norm': True, 'bias': True, 'shift_labels': False, 'label2id': None}.
2023-12-16 00:53:51,805 - INFO - Adding adapter 'unipelt'.
2023-12-16 00:53:51,862 - INFO - Could not identify valid prediction head(s) from setup 'Stack[unipelt]'.
2023-12-16 00:53:51,978 - INFO - Current relation: ['person countries of residence', 'organization top members employees', 'organization member of', 'person origin', 'person title', 'organization country of headquarters']
2023-12-16 00:55:13,867 - INFO - Train Simple Finished!
2023-12-16 00:58:08,692 - INFO - 600
2023-12-16 00:58:08,692 - INFO - 758
2023-12-16 01:04:23,466 - INFO - Train First Finished!
2023-12-16 01:05:03,152 - INFO - Length seen relation: 6
2023-12-16 01:05:03,152 - INFO - Train data memory: 6
2023-12-16 01:05:13,826 - INFO - Train Memory Finished!
2023-12-16 01:05:13,826 - INFO - 518
2023-12-16 01:05:13,826 - INFO - 518
2023-12-16 01:05:13,826 - INFO - ------------------------------------------------------------Evaluating------------------------------------------------------------
2023-12-16 01:06:03,309 - INFO - Restart Num 1
2023-12-16 01:06:03,309 - INFO - Task--1:
2023-12-16 01:06:03,309 - INFO - Current test acc: 0.6235521235521235
2023-12-16 01:06:03,309 - INFO - History test acc: 0.6235521235521235
2023-12-16 01:06:03,309 - INFO - Accuracy_test_current: [0.6235521235521235]
2023-12-16 01:06:03,309 - INFO - Accuracy_test_total: [0.6235521235521235]
2023-12-16 01:06:25,700 - INFO - Accuracy_per_task_current_test: [0.6235521235521235]
2023-12-16 01:06:25,732 - INFO - Current relation: ['person date of birth', 'person stateorprovince of birth', 'person parents', 'person employee of', 'person stateorprovince of death']
2023-12-16 01:06:39,470 - INFO - Train Simple Finished!
2023-12-16 01:06:45,886 - INFO - 25
2023-12-16 01:06:45,886 - INFO - 25
2023-12-16 01:07:02,226 - INFO - Train First Finished!
2023-12-16 01:07:06,576 - INFO - Length seen relation: 11
2023-12-16 01:07:06,577 - INFO - Train data memory: 11
2023-12-16 01:07:21,005 - INFO - Train Memory Finished!
2023-12-16 01:07:21,005 - INFO - 219
2023-12-16 01:07:21,005 - INFO - 737
2023-12-16 01:07:21,005 - INFO - ------------------------------------------------------------Evaluating------------------------------------------------------------
2023-12-16 01:07:52,830 - INFO - Restart Num 1
2023-12-16 01:07:52,830 - INFO - Task--2:
2023-12-16 01:07:52,830 - INFO - Current test acc: 0.0410958904109589
2023-12-16 01:07:52,830 - INFO - History test acc: 0.3487109905020353
2023-12-16 01:07:52,830 - INFO - Accuracy_test_current: [0.6235521235521235, 0.0410958904109589]
2023-12-16 01:07:52,830 - INFO - Accuracy_test_total: [0.6235521235521235, 0.3487109905020353]
2023-12-16 01:08:17,286 - INFO - Accuracy_per_task_current_test: [0.47876447876447875, 0.0410958904109589]
2023-12-16 01:08:17,318 - INFO - Current relation: ['person country of birth', 'organization website', 'organization shareholders', 'organization dissolved', 'organization founded by']
2023-12-16 01:08:28,677 - INFO - Train Simple Finished!
2023-12-16 01:08:36,221 - INFO - 25
2023-12-16 01:08:36,221 - INFO - 25
2023-12-16 01:08:59,734 - INFO - Train First Finished!
2023-12-16 01:09:05,286 - INFO - Length seen relation: 16
2023-12-16 01:09:05,287 - INFO - Train data memory: 16
2023-12-16 01:09:36,032 - INFO - Train Memory Finished!
2023-12-16 01:09:36,032 - INFO - 114
2023-12-16 01:09:36,032 - INFO - 851
2023-12-16 01:09:36,032 - INFO - ------------------------------------------------------------Evaluating------------------------------------------------------------
2023-12-16 01:10:07,944 - INFO - Restart Num 1
2023-12-16 01:10:07,944 - INFO - Task--3:
2023-12-16 01:10:07,944 - INFO - Current test acc: 0.008771929824561403
2023-12-16 01:10:07,944 - INFO - History test acc: 0.36427732079905994
2023-12-16 01:10:07,944 - INFO - Accuracy_test_current: [0.6235521235521235, 0.0410958904109589, 0.008771929824561403]
2023-12-16 01:10:07,944 - INFO - Accuracy_test_total: [0.6235521235521235, 0.3487109905020353, 0.36427732079905994]
2023-12-16 01:10:36,046 - INFO - Accuracy_per_task_current_test: [0.4247104247104247, 0.4063926940639269, 0.008771929824561403]
2023-12-16 01:10:36,088 - INFO - Current relation: ['person cause of death', 'organization political religious affiliation', 'organization stateorprovince of headquarters', 'person other family', 'person city of death']
2023-12-16 01:10:51,296 - INFO - Train Simple Finished!
2023-12-16 01:11:00,198 - INFO - 25
2023-12-16 01:11:00,198 - INFO - 25
2023-12-16 01:11:17,275 - INFO - Train First Finished!
2023-12-16 01:11:21,415 - INFO - Length seen relation: 21
2023-12-16 01:11:21,415 - INFO - Train data memory: 21
2023-12-16 01:11:46,668 - INFO - Train Memory Finished!
2023-12-16 01:11:46,668 - INFO - 201
2023-12-16 01:11:46,668 - INFO - 1052
2023-12-16 01:11:46,668 - INFO - ------------------------------------------------------------Evaluating------------------------------------------------------------
2023-12-16 01:12:27,975 - INFO - Restart Num 1
2023-12-16 01:12:27,976 - INFO - Task--4:
2023-12-16 01:12:27,980 - INFO - Current test acc: 0.1044776119402985
2023-12-16 01:12:27,980 - INFO - History test acc: 0.26806083650190116
2023-12-16 01:12:27,980 - INFO - Accuracy_test_current: [0.6235521235521235, 0.0410958904109589, 0.008771929824561403, 0.1044776119402985]
2023-12-16 01:12:27,980 - INFO - Accuracy_test_total: [0.6235521235521235, 0.3487109905020353, 0.36427732079905994, 0.26806083650190116]
2023-12-16 01:13:32,040 - INFO - Accuracy_per_task_current_test: [0.23745173745173745, 0.4703196347031963, 0.30701754385964913, 0.1044776119402985]
2023-12-16 01:13:32,077 - INFO - Current relation: ['organization subsidiaries', 'organization parents', 'organization alternate names', 'organization city of headquarters', 'person siblings']
2023-12-16 01:13:52,900 - INFO - Train Simple Finished!
2023-12-16 01:14:03,245 - INFO - 25
2023-12-16 01:14:03,245 - INFO - 25
2023-12-16 01:14:20,926 - INFO - Train First Finished!
2023-12-16 01:14:24,909 - INFO - Length seen relation: 26
2023-12-16 01:14:24,909 - INFO - Train data memory: 26
2023-12-16 01:14:55,003 - INFO - Train Memory Finished!
2023-12-16 01:14:55,003 - INFO - 343
2023-12-16 01:14:55,008 - INFO - 1395
2023-12-16 01:14:55,008 - INFO - ------------------------------------------------------------Evaluating------------------------------------------------------------
2023-12-16 01:15:51,614 - INFO - Restart Num 1
2023-12-16 01:15:51,615 - INFO - Task--5:
2023-12-16 01:15:51,615 - INFO - Current test acc: 0.13702623906705538
2023-12-16 01:15:51,615 - INFO - History test acc: 0.22007168458781362
2023-12-16 01:15:51,615 - INFO - Accuracy_test_current: [0.6235521235521235, 0.0410958904109589, 0.008771929824561403, 0.1044776119402985, 0.13702623906705538]
2023-12-16 01:15:51,615 - INFO - Accuracy_test_total: [0.6235521235521235, 0.3487109905020353, 0.36427732079905994, 0.26806083650190116, 0.22007168458781362]
2023-12-16 01:16:47,328 - INFO - Accuracy_per_task_current_test: [0.20270270270270271, 0.3105022831050228, 0.3684210526315789, 0.22388059701492538, 0.13702623906705538]
2023-12-16 01:16:47,365 - INFO - Current relation: ['organization founded', 'person age', 'person city of birth', 'organization members', 'person religion']
2023-12-16 01:17:19,202 - INFO - Train Simple Finished!
2023-12-16 01:17:35,519 - INFO - 25
2023-12-16 01:17:35,520 - INFO - 25
2023-12-16 01:18:07,654 - INFO - Train First Finished!
2023-12-16 01:18:12,842 - INFO - Length seen relation: 31
2023-12-16 01:18:12,844 - INFO - Train data memory: 31
2023-12-16 01:18:57,004 - INFO - Train Memory Finished!
2023-12-16 01:18:57,005 - INFO - 220
2023-12-16 01:18:57,005 - INFO - 1615
2023-12-16 01:18:57,005 - INFO - ------------------------------------------------------------Evaluating------------------------------------------------------------
2023-12-16 01:20:01,636 - INFO - Restart Num 1
2023-12-16 01:20:01,636 - INFO - Task--6:
2023-12-16 01:20:01,636 - INFO - Current test acc: 0.2590909090909091
2023-12-16 01:20:01,636 - INFO - History test acc: 0.25263157894736843
2023-12-16 01:20:01,636 - INFO - Accuracy_test_current: [0.6235521235521235, 0.0410958904109589, 0.008771929824561403, 0.1044776119402985, 0.13702623906705538, 0.2590909090909091]
2023-12-16 01:20:01,636 - INFO - Accuracy_test_total: [0.6235521235521235, 0.3487109905020353, 0.36427732079905994, 0.26806083650190116, 0.22007168458781362, 0.25263157894736843]
2023-12-16 01:20:55,574 - INFO - Accuracy_per_task_current_test: [0.2644787644787645, 0.2968036529680365, 0.41228070175438597, 0.09950248756218906, 0.239067055393586, 0.2590909090909091]
2023-12-16 01:20:55,609 - INFO - Current relation: ['person stateorprovinces of residence', 'person date of death', 'organization number of employees members', 'person alternate names', 'person spouse']
2023-12-16 01:21:15,277 - INFO - Train Simple Finished!
2023-12-16 01:21:31,877 - INFO - 25
2023-12-16 01:21:31,877 - INFO - 25
2023-12-16 01:21:52,611 - INFO - Train First Finished!
2023-12-16 01:21:57,017 - INFO - Length seen relation: 36
2023-12-16 01:21:57,018 - INFO - Train data memory: 36
2023-12-16 01:22:39,437 - INFO - Train Memory Finished!
2023-12-16 01:22:39,437 - INFO - 231
2023-12-16 01:22:39,437 - INFO - 1846
2023-12-16 01:22:39,437 - INFO - ------------------------------------------------------------Evaluating------------------------------------------------------------
2023-12-16 01:23:59,434 - INFO - Restart Num 1
2023-12-16 01:23:59,434 - INFO - Task--7:
2023-12-16 01:23:59,434 - INFO - Current test acc: 0.1645021645021645
2023-12-16 01:23:59,434 - INFO - History test acc: 0.18039003250270855
2023-12-16 01:23:59,434 - INFO - Accuracy_test_current: [0.6235521235521235, 0.0410958904109589, 0.008771929824561403, 0.1044776119402985, 0.13702623906705538, 0.2590909090909091, 0.1645021645021645]
2023-12-16 01:23:59,434 - INFO - Accuracy_test_total: [0.6235521235521235, 0.3487109905020353, 0.36427732079905994, 0.26806083650190116, 0.22007168458781362, 0.25263157894736843, 0.18039003250270855]
2023-12-16 01:24:59,681 - INFO - Accuracy_per_task_current_test: [0.15057915057915058, 0.3105022831050228, 0.42105263157894735, 0.06965174129353234, 0.18658892128279883, 0.10454545454545454, 0.1645021645021645]
2023-12-16 01:24:59,715 - INFO - Current relation: ['person cities of residence', 'person schools attended', 'person country of death', 'person children', 'person charges']
2023-12-16 01:25:21,556 - INFO - Train Simple Finished!
2023-12-16 01:25:38,821 - INFO - 25
2023-12-16 01:25:38,821 - INFO - 25
2023-12-16 01:26:06,110 - INFO - Train First Finished!
2023-12-16 01:26:10,438 - INFO - Length seen relation: 41
2023-12-16 01:26:10,438 - INFO - Train data memory: 41
2023-12-16 01:26:59,288 - INFO - Train Memory Finished!
2023-12-16 01:26:59,288 - INFO - 276
2023-12-16 01:26:59,288 - INFO - 2122
2023-12-16 01:26:59,288 - INFO - ------------------------------------------------------------Evaluating------------------------------------------------------------
2023-12-16 01:28:24,869 - INFO - Restart Num 1
2023-12-16 01:28:24,869 - INFO - Task--8:
2023-12-16 01:28:24,869 - INFO - Current test acc: 0.427536231884058
2023-12-16 01:28:24,869 - INFO - History test acc: 0.2002827521206409
2023-12-16 01:28:24,869 - INFO - Accuracy_test_current: [0.6235521235521235, 0.0410958904109589, 0.008771929824561403, 0.1044776119402985, 0.13702623906705538, 0.2590909090909091, 0.1645021645021645, 0.427536231884058]
2023-12-16 01:28:24,869 - INFO - Accuracy_test_total: [0.6235521235521235, 0.3487109905020353, 0.36427732079905994, 0.26806083650190116, 0.22007168458781362, 0.25263157894736843, 0.18039003250270855, 0.2002827521206409]
2023-12-16 01:29:32,201 - INFO - Accuracy_per_task_current_test: [0.22007722007722008, 0.1278538812785388, 0.2982456140350877, 0.05970149253731343, 0.17201166180758018, 0.18181818181818182, 0.08658008658008658, 0.427536231884058]
2023-12-16 01:29:32,234 - INFO - Result_whole_test: [array([62.35521236, 34.87109905, 36.42773208, 26.80608365, 22.00716846,
       25.26315789, 18.03900325, 20.02827521])]
2023-12-16 01:29:32,234 - INFO - Avg_result_cur_test: [0.62355212 0.04109589 0.00877193 0.10447761 0.13702624 0.25909091
 0.16450216 0.42753623]
2023-12-16 01:29:32,234 - INFO - Avg_result_all_test: [62.35521236 34.87109905 36.42773208 26.80608365 22.00716846 25.26315789
 18.03900325 20.02827521]
2023-12-16 01:29:32,235 - INFO - Std_result_all_test: [0. 0. 0. 0. 0. 0. 0. 0.]
2023-12-16 01:30:45,388 - INFO - Accuracy_result_all_test: [0.22007722007722008, 0.1278538812785388, 0.2982456140350877, 0.05970149253731343, 0.17201166180758018, 0.18181818181818182, 0.08658008658008658, 0.427536231884058]
2023-12-16 01:30:45,389 - INFO - Bwt_whole: [-0.02746124717915181]
2023-12-16 01:30:45,389 - INFO - Fwt_whole: [0.03430642882625239]
2023-12-16 01:30:45,389 - INFO - Avg_bwt_whole: -0.02746124717915181
2023-12-16 01:30:45,389 - INFO - Avg_fwt_whole: 0.03430642882625239
2023-12-16 01:30:53,147 - INFO - Adding head 'default' with config {'head_type': 'masked_lm', 'vocab_size': 30522, 'embedding_size': 768, 'layers': 2, 'activation_function': 'gelu', 'layer_norm': True, 'bias': True, 'shift_labels': False, 'label2id': None}.
2023-12-16 01:30:53,604 - INFO - Adding adapter 'unipelt'.
2023-12-16 01:30:53,660 - INFO - Could not identify valid prediction head(s) from setup 'Stack[unipelt]'.
2023-12-16 01:30:53,688 - INFO - Current relation: ['person countries of residence', 'organization top members employees', 'organization member of', 'person origin', 'person title', 'organization country of headquarters']
2023-12-16 01:31:51,823 - INFO - Train Simple Finished!
2023-12-16 01:34:02,633 - INFO - 600
2023-12-16 01:34:02,633 - INFO - 608
2023-12-16 01:41:01,976 - INFO - Train First Finished!
2023-12-16 01:41:58,220 - INFO - Length seen relation: 6
2023-12-16 01:41:58,220 - INFO - Train data memory: 6
2023-12-16 01:42:10,417 - INFO - Train Memory Finished!
2023-12-16 01:42:10,420 - INFO - 518
2023-12-16 01:42:10,421 - INFO - 518
2023-12-16 01:42:10,421 - INFO - ------------------------------------------------------------Evaluating------------------------------------------------------------
2023-12-16 01:42:59,155 - INFO - Restart Num 2
2023-12-16 01:42:59,155 - INFO - Task--1:
2023-12-16 01:42:59,155 - INFO - Current test acc: 0.7741312741312741
2023-12-16 01:42:59,155 - INFO - History test acc: 0.7741312741312741
2023-12-16 01:42:59,155 - INFO - Accuracy_test_current: [0.7741312741312741]
2023-12-16 01:42:59,155 - INFO - Accuracy_test_total: [0.7741312741312741]
2023-12-16 01:43:24,104 - INFO - Accuracy_per_task_current_test: [0.7741312741312741]
2023-12-16 01:43:24,139 - INFO - Current relation: ['person stateorprovinces of residence', 'person date of death', 'organization number of employees members', 'person alternate names', 'person spouse']
2023-12-16 01:43:43,368 - INFO - Train Simple Finished!
2023-12-16 01:43:51,331 - INFO - 25
2023-12-16 01:43:51,332 - INFO - 25
2023-12-16 01:44:11,540 - INFO - Train First Finished!
2023-12-16 01:44:16,693 - INFO - Length seen relation: 11
2023-12-16 01:44:16,693 - INFO - Train data memory: 11
2023-12-16 01:44:34,105 - INFO - Train Memory Finished!
2023-12-16 01:44:34,106 - INFO - 231
2023-12-16 01:44:34,106 - INFO - 749
2023-12-16 01:44:34,106 - INFO - ------------------------------------------------------------Evaluating------------------------------------------------------------
2023-12-16 01:45:20,647 - INFO - Restart Num 2
2023-12-16 01:45:20,648 - INFO - Task--2:
2023-12-16 01:45:20,648 - INFO - Current test acc: 0.15584415584415584
2023-12-16 01:45:20,648 - INFO - History test acc: 0.5046728971962616
2023-12-16 01:45:20,648 - INFO - Accuracy_test_current: [0.7741312741312741, 0.15584415584415584]
2023-12-16 01:45:20,648 - INFO - Accuracy_test_total: [0.7741312741312741, 0.5046728971962616]
2023-12-16 01:45:56,201 - INFO - Accuracy_per_task_current_test: [0.6602316602316602, 0.15584415584415584]
2023-12-16 01:45:56,238 - INFO - Current relation: ['person date of birth', 'person stateorprovince of birth', 'person parents', 'person employee of', 'person stateorprovince of death']
2023-12-16 01:46:15,538 - INFO - Train Simple Finished!
2023-12-16 01:46:24,842 - INFO - 25
2023-12-16 01:46:24,842 - INFO - 25
2023-12-16 01:46:45,223 - INFO - Train First Finished!
2023-12-16 01:46:50,265 - INFO - Length seen relation: 16
2023-12-16 01:46:50,266 - INFO - Train data memory: 16
2023-12-16 01:47:12,991 - INFO - Train Memory Finished!
2023-12-16 01:47:12,991 - INFO - 219
2023-12-16 01:47:12,991 - INFO - 968
2023-12-16 01:47:12,991 - INFO - ------------------------------------------------------------Evaluating------------------------------------------------------------
2023-12-16 01:48:09,878 - INFO - Restart Num 2
2023-12-16 01:48:09,879 - INFO - Task--3:
2023-12-16 01:48:09,879 - INFO - Current test acc: 0.1278538812785388
2023-12-16 01:48:09,879 - INFO - History test acc: 0.4390495867768595
2023-12-16 01:48:09,879 - INFO - Accuracy_test_current: [0.7741312741312741, 0.15584415584415584, 0.1278538812785388]
2023-12-16 01:48:09,879 - INFO - Accuracy_test_total: [0.7741312741312741, 0.5046728971962616, 0.4390495867768595]
2023-12-16 01:48:55,852 - INFO - Accuracy_per_task_current_test: [0.6718146718146718, 0.21212121212121213, 0.1278538812785388]
2023-12-16 01:48:55,886 - INFO - Current relation: ['person cities of residence', 'person schools attended', 'person country of death', 'person children', 'person charges']
2023-12-16 01:49:19,159 - INFO - Train Simple Finished!
2023-12-16 01:49:29,938 - INFO - 25
2023-12-16 01:49:29,938 - INFO - 25
2023-12-16 01:49:50,819 - INFO - Train First Finished!
2023-12-16 01:49:55,907 - INFO - Length seen relation: 21
2023-12-16 01:49:55,908 - INFO - Train data memory: 21
2023-12-16 01:50:25,649 - INFO - Train Memory Finished!
2023-12-16 01:50:25,649 - INFO - 276
2023-12-16 01:50:25,654 - INFO - 1244
2023-12-16 01:50:25,654 - INFO - ------------------------------------------------------------Evaluating------------------------------------------------------------
2023-12-16 01:51:37,499 - INFO - Restart Num 2
2023-12-16 01:51:37,499 - INFO - Task--4:
2023-12-16 01:51:37,499 - INFO - Current test acc: 0.213768115942029
2023-12-16 01:51:37,499 - INFO - History test acc: 0.36816720257234725
2023-12-16 01:51:37,499 - INFO - Accuracy_test_current: [0.7741312741312741, 0.15584415584415584, 0.1278538812785388, 0.213768115942029]
2023-12-16 01:51:37,499 - INFO - Accuracy_test_total: [0.7741312741312741, 0.5046728971962616, 0.4390495867768595, 0.36816720257234725]
2023-12-16 01:52:37,405 - INFO - Accuracy_per_task_current_test: [0.527027027027027, 0.22077922077922077, 0.3424657534246575, 0.213768115942029]
2023-12-16 01:52:37,438 - INFO - Current relation: ['organization subsidiaries', 'organization parents', 'organization alternate names', 'organization city of headquarters', 'person siblings']
2023-12-16 01:53:05,192 - INFO - Train Simple Finished!
2023-12-16 01:53:17,605 - INFO - 25
2023-12-16 01:53:17,605 - INFO - 25
2023-12-16 01:53:39,237 - INFO - Train First Finished!
2023-12-16 01:53:44,287 - INFO - Length seen relation: 26
2023-12-16 01:53:44,287 - INFO - Train data memory: 26
2023-12-16 01:54:20,353 - INFO - Train Memory Finished!
2023-12-16 01:54:20,354 - INFO - 343
2023-12-16 01:54:20,354 - INFO - 1587
2023-12-16 01:54:20,354 - INFO - ------------------------------------------------------------Evaluating------------------------------------------------------------
2023-12-16 01:55:53,503 - INFO - Restart Num 2
2023-12-16 01:55:53,503 - INFO - Task--5:
2023-12-16 01:55:53,503 - INFO - Current test acc: 0.24198250728862974
2023-12-16 01:55:53,503 - INFO - History test acc: 0.33081285444234404
2023-12-16 01:55:53,503 - INFO - Accuracy_test_current: [0.7741312741312741, 0.15584415584415584, 0.1278538812785388, 0.213768115942029, 0.24198250728862974]
2023-12-16 01:55:53,503 - INFO - Accuracy_test_total: [0.7741312741312741, 0.5046728971962616, 0.4390495867768595, 0.36816720257234725, 0.33081285444234404]
2023-12-16 01:57:09,584 - INFO - Accuracy_per_task_current_test: [0.5752895752895753, 0.15151515151515152, 0.2146118721461187, 0.2246376811594203, 0.24198250728862974]
2023-12-16 01:57:09,622 - INFO - Current relation: ['person country of birth', 'organization website', 'organization shareholders', 'organization dissolved', 'organization founded by']
2023-12-16 01:57:27,742 - INFO - Train Simple Finished!
2023-12-16 01:57:41,888 - INFO - 25
2023-12-16 01:57:41,889 - INFO - 25
2023-12-16 01:58:03,953 - INFO - Train First Finished!
2023-12-16 01:58:09,033 - INFO - Length seen relation: 31
2023-12-16 01:58:09,033 - INFO - Train data memory: 31
2023-12-16 01:58:51,143 - INFO - Train Memory Finished!
2023-12-16 01:58:51,143 - INFO - 114
2023-12-16 01:58:51,143 - INFO - 1701
2023-12-16 01:58:51,143 - INFO - ------------------------------------------------------------Evaluating------------------------------------------------------------
2023-12-16 02:00:16,452 - INFO - Restart Num 2
2023-12-16 02:00:16,452 - INFO - Task--6:
2023-12-16 02:00:16,452 - INFO - Current test acc: 0.35964912280701755
2023-12-16 02:00:16,452 - INFO - History test acc: 0.30335097001763667
2023-12-16 02:00:16,452 - INFO - Accuracy_test_current: [0.7741312741312741, 0.15584415584415584, 0.1278538812785388, 0.213768115942029, 0.24198250728862974, 0.35964912280701755]
2023-12-16 02:00:16,452 - INFO - Accuracy_test_total: [0.7741312741312741, 0.5046728971962616, 0.4390495867768595, 0.36816720257234725, 0.33081285444234404, 0.30335097001763667]
2023-12-16 02:01:37,596 - INFO - Accuracy_per_task_current_test: [0.4034749034749035, 0.17316017316017315, 0.182648401826484, 0.39492753623188404, 0.22448979591836735, 0.35964912280701755]
2023-12-16 02:01:37,628 - INFO - Current relation: ['person cause of death', 'organization political religious affiliation', 'organization stateorprovince of headquarters', 'person other family', 'person city of death']
2023-12-16 02:02:00,919 - INFO - Train Simple Finished!
2023-12-16 02:02:16,522 - INFO - 25
2023-12-16 02:02:16,523 - INFO - 25
2023-12-16 02:02:39,171 - INFO - Train First Finished!
2023-12-16 02:02:44,057 - INFO - Length seen relation: 36
2023-12-16 02:02:44,058 - INFO - Train data memory: 36
2023-12-16 02:03:34,611 - INFO - Train Memory Finished!
2023-12-16 02:03:34,611 - INFO - 201
2023-12-16 02:03:34,611 - INFO - 1902
2023-12-16 02:03:34,611 - INFO - ------------------------------------------------------------Evaluating------------------------------------------------------------
2023-12-16 02:05:14,190 - INFO - Restart Num 2
2023-12-16 02:05:14,190 - INFO - Task--7:
2023-12-16 02:05:14,190 - INFO - Current test acc: 0.19402985074626866
2023-12-16 02:05:14,190 - INFO - History test acc: 0.2565720294426919
2023-12-16 02:05:14,190 - INFO - Accuracy_test_current: [0.7741312741312741, 0.15584415584415584, 0.1278538812785388, 0.213768115942029, 0.24198250728862974, 0.35964912280701755, 0.19402985074626866]
2023-12-16 02:05:14,190 - INFO - Accuracy_test_total: [0.7741312741312741, 0.5046728971962616, 0.4390495867768595, 0.36816720257234725, 0.33081285444234404, 0.30335097001763667, 0.2565720294426919]
2023-12-16 02:06:45,921 - INFO - Accuracy_per_task_current_test: [0.33783783783783783, 0.1038961038961039, 0.1963470319634703, 0.33695652173913043, 0.19825072886297376, 0.40350877192982454, 0.19402985074626866]
2023-12-16 02:06:45,961 - INFO - Current relation: ['organization founded', 'person age', 'person city of birth', 'organization members', 'person religion']
2023-12-16 02:07:12,635 - INFO - Train Simple Finished!
2023-12-16 02:07:29,892 - INFO - 25
2023-12-16 02:07:29,892 - INFO - 25
2023-12-16 02:07:53,361 - INFO - Train First Finished!
2023-12-16 02:07:58,283 - INFO - Length seen relation: 41
2023-12-16 02:07:58,283 - INFO - Train data memory: 41
2023-12-16 02:08:56,071 - INFO - Train Memory Finished!
2023-12-16 02:08:56,072 - INFO - 220
2023-12-16 02:08:56,072 - INFO - 2122
2023-12-16 02:08:56,072 - INFO - ------------------------------------------------------------Evaluating------------------------------------------------------------
2023-12-16 02:10:45,959 - INFO - Restart Num 2
2023-12-16 02:10:45,959 - INFO - Task--8:
2023-12-16 02:10:45,959 - INFO - Current test acc: 0.5772727272727273
2023-12-16 02:10:45,959 - INFO - History test acc: 0.28510838831291235
2023-12-16 02:10:45,959 - INFO - Accuracy_test_current: [0.7741312741312741, 0.15584415584415584, 0.1278538812785388, 0.213768115942029, 0.24198250728862974, 0.35964912280701755, 0.19402985074626866, 0.5772727272727273]
2023-12-16 02:10:45,960 - INFO - Accuracy_test_total: [0.7741312741312741, 0.5046728971962616, 0.4390495867768595, 0.36816720257234725, 0.33081285444234404, 0.30335097001763667, 0.2565720294426919, 0.28510838831291235]
2023-12-16 02:12:25,515 - INFO - Accuracy_per_task_current_test: [0.34555984555984554, 0.15584415584415584, 0.1598173515981735, 0.2717391304347826, 0.21282798833819241, 0.3508771929824561, 0.19900497512437812, 0.5772727272727273]
2023-12-16 02:12:25,547 - INFO - Result_whole_test: [array([62.35521236, 34.87109905, 36.42773208, 26.80608365, 22.00716846,
       25.26315789, 18.03900325, 20.02827521]), array([77.41312741, 50.46728972, 43.90495868, 36.81672026, 33.08128544,
       30.335097  , 25.65720294, 28.51083883])]
2023-12-16 02:12:25,547 - INFO - Avg_result_cur_test: [0.6988417  0.09847002 0.06831291 0.15912286 0.18950437 0.30937002
 0.17926601 0.50240448]
2023-12-16 02:12:25,548 - INFO - Avg_result_all_test: [69.88416988 42.66919438 40.16634538 31.81140195 27.54422695 27.79912745
 21.8481031  24.26955702]
2023-12-16 02:12:25,548 - INFO - Std_result_all_test: [7.52895753 7.79809533 3.7386133  5.0053183  5.53705849 2.53596955
 3.80909985 4.24128181]
2023-12-16 02:14:06,032 - INFO - Accuracy_result_all_test: [0.34555984555984554, 0.15584415584415584, 0.1598173515981735, 0.2717391304347826, 0.21282798833819241, 0.3508771929824561, 0.19900497512437812, 0.5772727272727273]
2023-12-16 02:14:06,033 - INFO - Bwt_whole: [-0.02746124717915181, -0.053084038307989946]
2023-12-16 02:14:06,033 - INFO - Fwt_whole: [0.03430642882625239, 0.04912353600278364]
2023-12-16 02:14:06,033 - INFO - Avg_bwt_whole: -0.040272642743570876
2023-12-16 02:14:06,033 - INFO - Avg_fwt_whole: 0.041714982414518015
2023-12-16 02:14:13,749 - INFO - Adding head 'default' with config {'head_type': 'masked_lm', 'vocab_size': 30522, 'embedding_size': 768, 'layers': 2, 'activation_function': 'gelu', 'layer_norm': True, 'bias': True, 'shift_labels': False, 'label2id': None}.
2023-12-16 02:14:14,348 - INFO - Adding adapter 'unipelt'.
2023-12-16 02:14:14,407 - INFO - Could not identify valid prediction head(s) from setup 'Stack[unipelt]'.
2023-12-16 02:14:14,622 - INFO - Current relation: ['person countries of residence', 'organization top members employees', 'organization member of', 'person origin', 'person title', 'organization country of headquarters']
2023-12-16 02:15:56,290 - INFO - Train Simple Finished!
2023-12-16 02:18:22,957 - INFO - 600
2023-12-16 02:18:22,957 - INFO - 3600
2023-12-16 02:25:09,477 - INFO - Train First Finished!
2023-12-16 02:26:04,666 - INFO - Length seen relation: 6
2023-12-16 02:26:04,667 - INFO - Train data memory: 6
2023-12-16 02:26:16,864 - INFO - Train Memory Finished!
2023-12-16 02:26:16,868 - INFO - 518
2023-12-16 02:26:16,868 - INFO - 518
2023-12-16 02:26:16,868 - INFO - ------------------------------------------------------------Evaluating------------------------------------------------------------
2023-12-16 02:27:04,431 - INFO - Restart Num 3
2023-12-16 02:27:04,432 - INFO - Task--1:
2023-12-16 02:27:04,432 - INFO - Current test acc: 0.7355212355212355
2023-12-16 02:27:04,432 - INFO - History test acc: 0.7355212355212355
2023-12-16 02:27:04,432 - INFO - Accuracy_test_current: [0.7355212355212355]
2023-12-16 02:27:04,432 - INFO - Accuracy_test_total: [0.7355212355212355]
2023-12-16 02:27:27,999 - INFO - Accuracy_per_task_current_test: [0.7355212355212355]
2023-12-16 02:27:28,185 - INFO - Current relation: ['person cities of residence', 'person schools attended', 'person country of death', 'person children', 'person charges']
2023-12-16 02:27:48,874 - INFO - Train Simple Finished!
2023-12-16 02:27:56,748 - INFO - 25
2023-12-16 02:27:56,748 - INFO - 25
2023-12-16 02:28:16,171 - INFO - Train First Finished!
2023-12-16 02:28:21,028 - INFO - Length seen relation: 11
2023-12-16 02:28:21,029 - INFO - Train data memory: 11
2023-12-16 02:28:38,165 - INFO - Train Memory Finished!
2023-12-16 02:28:38,166 - INFO - 276
2023-12-16 02:28:38,166 - INFO - 794
2023-12-16 02:28:38,166 - INFO - ------------------------------------------------------------Evaluating------------------------------------------------------------
2023-12-16 02:29:29,748 - INFO - Restart Num 3
2023-12-16 02:29:29,749 - INFO - Task--2:
2023-12-16 02:29:29,749 - INFO - Current test acc: 0.2753623188405797
2023-12-16 02:29:29,749 - INFO - History test acc: 0.517632241813602
2023-12-16 02:29:29,749 - INFO - Accuracy_test_current: [0.7355212355212355, 0.2753623188405797]
2023-12-16 02:29:29,749 - INFO - Accuracy_test_total: [0.7355212355212355, 0.517632241813602]
2023-12-16 02:30:06,888 - INFO - Accuracy_per_task_current_test: [0.6467181467181468, 0.2753623188405797]
2023-12-16 02:30:06,924 - INFO - Current relation: ['person date of birth', 'person stateorprovince of birth', 'person parents', 'person employee of', 'person stateorprovince of death']
2023-12-16 02:30:26,805 - INFO - Train Simple Finished!
2023-12-16 02:30:36,147 - INFO - 25
2023-12-16 02:30:36,147 - INFO - 42
2023-12-16 02:30:56,104 - INFO - Train First Finished!
2023-12-16 02:31:01,061 - INFO - Length seen relation: 16
2023-12-16 02:31:01,061 - INFO - Train data memory: 16
2023-12-16 02:31:23,996 - INFO - Train Memory Finished!
2023-12-16 02:31:23,997 - INFO - 219
2023-12-16 02:31:23,997 - INFO - 1013
2023-12-16 02:31:23,997 - INFO - ------------------------------------------------------------Evaluating------------------------------------------------------------
2023-12-16 02:32:20,256 - INFO - Restart Num 3
2023-12-16 02:32:20,256 - INFO - Task--3:
2023-12-16 02:32:20,256 - INFO - Current test acc: 0.2648401826484018
2023-12-16 02:32:20,256 - INFO - History test acc: 0.4027640671273445
2023-12-16 02:32:20,256 - INFO - Accuracy_test_current: [0.7355212355212355, 0.2753623188405797, 0.2648401826484018]
2023-12-16 02:32:20,256 - INFO - Accuracy_test_total: [0.7355212355212355, 0.517632241813602, 0.4027640671273445]
2023-12-16 02:33:07,027 - INFO - Accuracy_per_task_current_test: [0.5347490347490348, 0.2644927536231884, 0.2648401826484018]
2023-12-16 02:33:07,063 - INFO - Current relation: ['organization founded', 'person age', 'person city of birth', 'organization members', 'person religion']
2023-12-16 02:33:27,739 - INFO - Train Simple Finished!
2023-12-16 02:33:38,549 - INFO - 25
2023-12-16 02:33:38,550 - INFO - 25
2023-12-16 02:33:59,417 - INFO - Train First Finished!
2023-12-16 02:34:04,271 - INFO - Length seen relation: 21
2023-12-16 02:34:04,271 - INFO - Train data memory: 21
2023-12-16 02:34:33,531 - INFO - Train Memory Finished!
2023-12-16 02:34:33,531 - INFO - 220
2023-12-16 02:34:33,531 - INFO - 1233
2023-12-16 02:34:33,531 - INFO - ------------------------------------------------------------Evaluating------------------------------------------------------------
2023-12-16 02:35:39,625 - INFO - Restart Num 3
2023-12-16 02:35:39,625 - INFO - Task--4:
2023-12-16 02:35:39,625 - INFO - Current test acc: 0.36818181818181817
2023-12-16 02:35:39,625 - INFO - History test acc: 0.3933495539334955
2023-12-16 02:35:39,625 - INFO - Accuracy_test_current: [0.7355212355212355, 0.2753623188405797, 0.2648401826484018, 0.36818181818181817]
2023-12-16 02:35:39,625 - INFO - Accuracy_test_total: [0.7355212355212355, 0.517632241813602, 0.4027640671273445, 0.3933495539334955]
2023-12-16 02:36:37,529 - INFO - Accuracy_per_task_current_test: [0.49613899613899615, 0.32608695652173914, 0.2602739726027397, 0.36818181818181817]
2023-12-16 02:36:37,564 - INFO - Current relation: ['person cause of death', 'organization political religious affiliation', 'organization stateorprovince of headquarters', 'person other family', 'person city of death']
2023-12-16 02:36:58,408 - INFO - Train Simple Finished!
2023-12-16 02:37:10,677 - INFO - 25
2023-12-16 02:37:10,677 - INFO - 51
2023-12-16 02:37:32,009 - INFO - Train First Finished!
2023-12-16 02:37:37,058 - INFO - Length seen relation: 26
2023-12-16 02:37:37,058 - INFO - Train data memory: 26
2023-12-16 02:38:12,497 - INFO - Train Memory Finished!
2023-12-16 02:38:12,498 - INFO - 201
2023-12-16 02:38:12,498 - INFO - 1434
2023-12-16 02:38:12,498 - INFO - ------------------------------------------------------------Evaluating------------------------------------------------------------
2023-12-16 02:39:29,155 - INFO - Restart Num 3
2023-12-16 02:39:29,155 - INFO - Task--5:
2023-12-16 02:39:29,155 - INFO - Current test acc: 0.18407960199004975
2023-12-16 02:39:29,155 - INFO - History test acc: 0.33751743375174337
2023-12-16 02:39:29,155 - INFO - Accuracy_test_current: [0.7355212355212355, 0.2753623188405797, 0.2648401826484018, 0.36818181818181817, 0.18407960199004975]
2023-12-16 02:39:29,155 - INFO - Accuracy_test_total: [0.7355212355212355, 0.517632241813602, 0.4027640671273445, 0.3933495539334955, 0.33751743375174337]
2023-12-16 02:40:37,795 - INFO - Accuracy_per_task_current_test: [0.4498069498069498, 0.322463768115942, 0.2009132420091324, 0.36818181818181817, 0.18407960199004975]
2023-12-16 02:40:37,833 - INFO - Current relation: ['person stateorprovinces of residence', 'person date of death', 'organization number of employees members', 'person alternate names', 'person spouse']
2023-12-16 02:41:01,849 - INFO - Train Simple Finished!
2023-12-16 02:41:15,786 - INFO - 25
2023-12-16 02:41:15,786 - INFO - 27
2023-12-16 02:41:38,164 - INFO - Train First Finished!
2023-12-16 02:41:43,154 - INFO - Length seen relation: 31
2023-12-16 02:41:43,154 - INFO - Train data memory: 31
2023-12-16 02:42:25,165 - INFO - Train Memory Finished!
2023-12-16 02:42:25,165 - INFO - 231
2023-12-16 02:42:25,170 - INFO - 1665
2023-12-16 02:42:25,170 - INFO - ------------------------------------------------------------Evaluating------------------------------------------------------------
2023-12-16 02:43:53,887 - INFO - Restart Num 3
2023-12-16 02:43:53,887 - INFO - Task--6:
2023-12-16 02:43:53,892 - INFO - Current test acc: 0.30303030303030304
2023-12-16 02:43:53,892 - INFO - History test acc: 0.3123123123123123
2023-12-16 02:43:53,892 - INFO - Accuracy_test_current: [0.7355212355212355, 0.2753623188405797, 0.2648401826484018, 0.36818181818181817, 0.18407960199004975, 0.30303030303030304]
2023-12-16 02:43:53,892 - INFO - Accuracy_test_total: [0.7355212355212355, 0.517632241813602, 0.4027640671273445, 0.3933495539334955, 0.33751743375174337, 0.3123123123123123]
2023-12-16 02:45:14,067 - INFO - Accuracy_per_task_current_test: [0.37065637065637064, 0.2753623188405797, 0.2328767123287671, 0.38636363636363635, 0.22885572139303484, 0.30303030303030304]
2023-12-16 02:45:14,101 - INFO - Current relation: ['person country of birth', 'organization website', 'organization shareholders', 'organization dissolved', 'organization founded by']
2023-12-16 02:45:33,812 - INFO - Train Simple Finished!
2023-12-16 02:45:49,165 - INFO - 25
2023-12-16 02:45:49,166 - INFO - 35
2023-12-16 02:46:11,594 - INFO - Train First Finished!
2023-12-16 02:46:16,499 - INFO - Length seen relation: 36
2023-12-16 02:46:16,499 - INFO - Train data memory: 36
2023-12-16 02:47:07,173 - INFO - Train Memory Finished!
2023-12-16 02:47:07,173 - INFO - 114
2023-12-16 02:47:07,174 - INFO - 1779
2023-12-16 02:47:07,174 - INFO - ------------------------------------------------------------Evaluating------------------------------------------------------------
2023-12-16 02:48:35,836 - INFO - Restart Num 3
2023-12-16 02:48:35,836 - INFO - Task--7:
2023-12-16 02:48:35,836 - INFO - Current test acc: 0.5175438596491229
2023-12-16 02:48:35,836 - INFO - History test acc: 0.24845418774592468
2023-12-16 02:48:35,836 - INFO - Accuracy_test_current: [0.7355212355212355, 0.2753623188405797, 0.2648401826484018, 0.36818181818181817, 0.18407960199004975, 0.30303030303030304, 0.5175438596491229]
2023-12-16 02:48:35,836 - INFO - Accuracy_test_total: [0.7355212355212355, 0.517632241813602, 0.4027640671273445, 0.3933495539334955, 0.33751743375174337, 0.3123123123123123, 0.24845418774592468]
2023-12-16 02:50:03,119 - INFO - Accuracy_per_task_current_test: [0.18725868725868725, 0.2644927536231884, 0.1735159817351598, 0.37272727272727274, 0.21890547263681592, 0.21212121212121213, 0.5175438596491229]
2023-12-16 02:50:03,153 - INFO - Current relation: ['organization subsidiaries', 'organization parents', 'organization alternate names', 'organization city of headquarters', 'person siblings']
2023-12-16 02:50:35,532 - INFO - Train Simple Finished!
2023-12-16 02:50:52,992 - INFO - 25
2023-12-16 02:50:52,992 - INFO - 28
2023-12-16 02:51:16,308 - INFO - Train First Finished!
2023-12-16 02:51:21,405 - INFO - Length seen relation: 41
2023-12-16 02:51:21,405 - INFO - Train data memory: 41
2023-12-16 02:52:19,166 - INFO - Train Memory Finished!
2023-12-16 02:52:19,166 - INFO - 343
2023-12-16 02:52:19,166 - INFO - 2122
2023-12-16 02:52:19,166 - INFO - ------------------------------------------------------------Evaluating------------------------------------------------------------
2023-12-16 02:54:16,999 - INFO - Restart Num 3
2023-12-16 02:54:16,999 - INFO - Task--8:
2023-12-16 02:54:16,999 - INFO - Current test acc: 0.239067055393586
2023-12-16 02:54:16,999 - INFO - History test acc: 0.25070688030160226
2023-12-16 02:54:16,999 - INFO - Accuracy_test_current: [0.7355212355212355, 0.2753623188405797, 0.2648401826484018, 0.36818181818181817, 0.18407960199004975, 0.30303030303030304, 0.5175438596491229, 0.239067055393586]
2023-12-16 02:54:16,999 - INFO - Accuracy_test_total: [0.7355212355212355, 0.517632241813602, 0.4027640671273445, 0.3933495539334955, 0.33751743375174337, 0.3123123123123123, 0.24845418774592468, 0.25070688030160226]
2023-12-16 02:55:59,556 - INFO - Accuracy_per_task_current_test: [0.30115830115830117, 0.23550724637681159, 0.1963470319634703, 0.30454545454545456, 0.22885572139303484, 0.18181818181818182, 0.2719298245614035, 0.239067055393586]
2023-12-16 02:55:59,589 - INFO - Result_whole_test: [array([62.35521236, 34.87109905, 36.42773208, 26.80608365, 22.00716846,
       25.26315789, 18.03900325, 20.02827521]), array([77.41312741, 50.46728972, 43.90495868, 36.81672026, 33.08128544,
       30.335097  , 25.65720294, 28.51083883]), array([73.55212355, 51.76322418, 40.27640671, 39.33495539, 33.75174338,
       31.23123123, 24.84541877, 25.07068803])]
2023-12-16 02:55:59,589 - INFO - Avg_result_cur_test: [0.71106821 0.15743412 0.133822   0.22880918 0.18769612 0.30725678
 0.29202529 0.41462534]
2023-12-16 02:55:59,589 - INFO - Avg_result_all_test: [71.10682111 45.70053765 40.20303249 34.3192531  29.61339909 28.94316204
 22.84720832 24.53660069]
2023-12-16 02:55:59,589 - INFO - Std_result_all_test: [6.38591312 7.67582425 3.05300587 5.41117137 5.38537754 2.62774771
 3.41602843 3.48352392]
2023-12-16 02:57:40,736 - INFO - Accuracy_result_all_test: [0.30115830115830117, 0.23550724637681159, 0.1963470319634703, 0.30454545454545456, 0.22885572139303484, 0.18181818181818182, 0.2719298245614035, 0.239067055393586]
2023-12-16 02:57:40,736 - INFO - Bwt_whole: [-0.02746124717915181, -0.053084038307989946, -0.13262822257783613]
2023-12-16 02:57:40,736 - INFO - Fwt_whole: [0.03430642882625239, 0.04912353600278364, 0.017641026112645182]
2023-12-16 02:57:40,736 - INFO - Avg_bwt_whole: -0.07105783602165928
2023-12-16 02:57:40,736 - INFO - Avg_fwt_whole: 0.033690330313893735
2023-12-16 02:57:48,480 - INFO - Adding head 'default' with config {'head_type': 'masked_lm', 'vocab_size': 30522, 'embedding_size': 768, 'layers': 2, 'activation_function': 'gelu', 'layer_norm': True, 'bias': True, 'shift_labels': False, 'label2id': None}.
2023-12-16 02:57:49,074 - INFO - Adding adapter 'unipelt'.
2023-12-16 02:57:49,131 - INFO - Could not identify valid prediction head(s) from setup 'Stack[unipelt]'.
2023-12-16 02:57:49,319 - INFO - Current relation: ['person countries of residence', 'organization top members employees', 'organization member of', 'person origin', 'person title', 'organization country of headquarters']
2023-12-16 02:59:32,471 - INFO - Train Simple Finished!
2023-12-16 03:01:56,465 - INFO - 600
2023-12-16 03:01:56,465 - INFO - 2096
2023-12-16 03:08:46,525 - INFO - Train First Finished!
2023-12-16 03:09:42,847 - INFO - Length seen relation: 6
2023-12-16 03:09:42,848 - INFO - Train data memory: 6
2023-12-16 03:09:55,301 - INFO - Train Memory Finished!
2023-12-16 03:09:55,305 - INFO - 518
2023-12-16 03:09:55,305 - INFO - 518
2023-12-16 03:09:55,305 - INFO - ------------------------------------------------------------Evaluating------------------------------------------------------------
2023-12-16 03:10:45,844 - INFO - Restart Num 4
2023-12-16 03:10:45,844 - INFO - Task--1:
2023-12-16 03:10:45,844 - INFO - Current test acc: 0.7722007722007722
2023-12-16 03:10:45,844 - INFO - History test acc: 0.7722007722007722
2023-12-16 03:10:45,844 - INFO - Accuracy_test_current: [0.7722007722007722]
2023-12-16 03:10:45,844 - INFO - Accuracy_test_total: [0.7722007722007722]
2023-12-16 03:11:11,084 - INFO - Accuracy_per_task_current_test: [0.7722007722007722]
2023-12-16 03:11:11,115 - INFO - Current relation: ['person country of birth', 'organization website', 'organization shareholders', 'organization dissolved', 'organization founded by']
2023-12-16 03:11:24,912 - INFO - Train Simple Finished!
2023-12-16 03:11:32,882 - INFO - 25
2023-12-16 03:11:32,882 - INFO - 25
2023-12-16 03:11:53,006 - INFO - Train First Finished!
2023-12-16 03:11:58,046 - INFO - Length seen relation: 11
2023-12-16 03:11:58,046 - INFO - Train data memory: 11
2023-12-16 03:12:15,400 - INFO - Train Memory Finished!
2023-12-16 03:12:15,400 - INFO - 114
2023-12-16 03:12:15,400 - INFO - 632
2023-12-16 03:12:15,400 - INFO - ------------------------------------------------------------Evaluating------------------------------------------------------------
2023-12-16 03:12:51,491 - INFO - Restart Num 4
2023-12-16 03:12:51,491 - INFO - Task--2:
2023-12-16 03:12:51,491 - INFO - Current test acc: 0.07894736842105263
2023-12-16 03:12:51,491 - INFO - History test acc: 0.5363924050632911
2023-12-16 03:12:51,491 - INFO - Accuracy_test_current: [0.7722007722007722, 0.07894736842105263]
2023-12-16 03:12:51,491 - INFO - Accuracy_test_total: [0.7722007722007722, 0.5363924050632911]
2023-12-16 03:13:21,922 - INFO - Accuracy_per_task_current_test: [0.637065637065637, 0.07894736842105263]
2023-12-16 03:13:21,958 - INFO - Current relation: ['organization founded', 'person age', 'person city of birth', 'organization members', 'person religion']
2023-12-16 03:13:42,288 - INFO - Train Simple Finished!
2023-12-16 03:13:51,755 - INFO - 25
2023-12-16 03:13:51,755 - INFO - 27
2023-12-16 03:14:12,427 - INFO - Train First Finished!
2023-12-16 03:14:17,397 - INFO - Length seen relation: 16
2023-12-16 03:14:17,397 - INFO - Train data memory: 16
2023-12-16 03:14:40,349 - INFO - Train Memory Finished!
2023-12-16 03:14:40,349 - INFO - 220
2023-12-16 03:14:40,349 - INFO - 852
2023-12-16 03:14:40,349 - INFO - ------------------------------------------------------------Evaluating------------------------------------------------------------
2023-12-16 03:15:32,194 - INFO - Restart Num 4
2023-12-16 03:15:32,194 - INFO - Task--3:
2023-12-16 03:15:32,194 - INFO - Current test acc: 0.22272727272727272
2023-12-16 03:15:32,194 - INFO - History test acc: 0.3931924882629108
2023-12-16 03:15:32,194 - INFO - Accuracy_test_current: [0.7722007722007722, 0.07894736842105263, 0.22272727272727272]
2023-12-16 03:15:32,194 - INFO - Accuracy_test_total: [0.7722007722007722, 0.5363924050632911, 0.3931924882629108]
2023-12-16 03:16:14,281 - INFO - Accuracy_per_task_current_test: [0.4517374517374517, 0.45614035087719296, 0.22272727272727272]
2023-12-16 03:16:14,329 - INFO - Current relation: ['person cities of residence', 'person schools attended', 'person country of death', 'person children', 'person charges']
2023-12-16 03:16:38,374 - INFO - Train Simple Finished!
2023-12-16 03:16:49,427 - INFO - 25
2023-12-16 03:16:49,427 - INFO - 25
2023-12-16 03:17:10,715 - INFO - Train First Finished!
2023-12-16 03:17:15,525 - INFO - Length seen relation: 21
2023-12-16 03:17:15,525 - INFO - Train data memory: 21
2023-12-16 03:17:45,201 - INFO - Train Memory Finished!
2023-12-16 03:17:45,202 - INFO - 276
2023-12-16 03:17:45,202 - INFO - 1128
2023-12-16 03:17:45,202 - INFO - ------------------------------------------------------------Evaluating------------------------------------------------------------
2023-12-16 03:18:54,762 - INFO - Restart Num 4
2023-12-16 03:18:54,762 - INFO - Task--4:
2023-12-16 03:18:54,762 - INFO - Current test acc: 0.5181159420289855
2023-12-16 03:18:54,762 - INFO - History test acc: 0.40070921985815605
2023-12-16 03:18:54,762 - INFO - Accuracy_test_current: [0.7722007722007722, 0.07894736842105263, 0.22272727272727272, 0.5181159420289855]
2023-12-16 03:18:54,762 - INFO - Accuracy_test_total: [0.7722007722007722, 0.5363924050632911, 0.3931924882629108, 0.40070921985815605]
2023-12-16 03:19:48,454 - INFO - Accuracy_per_task_current_test: [0.37258687258687256, 0.3508771929824561, 0.34545454545454546, 0.5181159420289855]
2023-12-16 03:19:48,490 - INFO - Current relation: ['person cause of death', 'organization political religious affiliation', 'organization stateorprovince of headquarters', 'person other family', 'person city of death']
2023-12-16 03:20:09,747 - INFO - Train Simple Finished!
2023-12-16 03:20:22,368 - INFO - 25
2023-12-16 03:20:22,369 - INFO - 51
2023-12-16 03:20:44,269 - INFO - Train First Finished!
2023-12-16 03:20:49,409 - INFO - Length seen relation: 26
2023-12-16 03:20:49,410 - INFO - Train data memory: 26
2023-12-16 03:21:25,510 - INFO - Train Memory Finished!
2023-12-16 03:21:25,510 - INFO - 201
2023-12-16 03:21:25,510 - INFO - 1329
2023-12-16 03:21:25,510 - INFO - ------------------------------------------------------------Evaluating------------------------------------------------------------
2023-12-16 03:22:38,049 - INFO - Restart Num 4
2023-12-16 03:22:38,049 - INFO - Task--5:
2023-12-16 03:22:38,054 - INFO - Current test acc: 0.19402985074626866
2023-12-16 03:22:38,054 - INFO - History test acc: 0.3784800601956358
2023-12-16 03:22:38,054 - INFO - Accuracy_test_current: [0.7722007722007722, 0.07894736842105263, 0.22272727272727272, 0.5181159420289855, 0.19402985074626866]
2023-12-16 03:22:38,054 - INFO - Accuracy_test_total: [0.7722007722007722, 0.5363924050632911, 0.3931924882629108, 0.40070921985815605, 0.3784800601956358]
2023-12-16 03:23:44,421 - INFO - Accuracy_per_task_current_test: [0.3861003861003861, 0.34210526315789475, 0.4, 0.4963768115942029, 0.19402985074626866]
2023-12-16 03:23:44,457 - INFO - Current relation: ['person date of birth', 'person stateorprovince of birth', 'person parents', 'person employee of', 'person stateorprovince of death']
2023-12-16 03:24:08,080 - INFO - Train Simple Finished!
2023-12-16 03:24:22,193 - INFO - 25
2023-12-16 03:24:22,193 - INFO - 95
2023-12-16 03:24:44,130 - INFO - Train First Finished!
2023-12-16 03:24:49,292 - INFO - Length seen relation: 31
2023-12-16 03:24:49,292 - INFO - Train data memory: 31
2023-12-16 03:25:31,978 - INFO - Train Memory Finished!
2023-12-16 03:25:31,979 - INFO - 219
2023-12-16 03:25:31,979 - INFO - 1548
2023-12-16 03:25:31,979 - INFO - ------------------------------------------------------------Evaluating------------------------------------------------------------
2023-12-16 03:26:58,196 - INFO - Restart Num 4
2023-12-16 03:26:58,196 - INFO - Task--6:
2023-12-16 03:26:58,197 - INFO - Current test acc: 0.2146118721461187
2023-12-16 03:26:58,197 - INFO - History test acc: 0.3055555555555556
2023-12-16 03:26:58,197 - INFO - Accuracy_test_current: [0.7722007722007722, 0.07894736842105263, 0.22272727272727272, 0.5181159420289855, 0.19402985074626866, 0.2146118721461187]
2023-12-16 03:26:58,197 - INFO - Accuracy_test_total: [0.7722007722007722, 0.5363924050632911, 0.3931924882629108, 0.40070921985815605, 0.3784800601956358, 0.3055555555555556]
2023-12-16 03:28:13,657 - INFO - Accuracy_per_task_current_test: [0.33976833976833976, 0.2807017543859649, 0.37727272727272726, 0.358695652173913, 0.1791044776119403, 0.2146118721461187]
2023-12-16 03:28:13,694 - INFO - Current relation: ['organization subsidiaries', 'organization parents', 'organization alternate names', 'organization city of headquarters', 'person siblings']
2023-12-16 03:28:45,023 - INFO - Train Simple Finished!
2023-12-16 03:29:00,740 - INFO - 25
2023-12-16 03:29:00,741 - INFO - 36
2023-12-16 03:29:23,514 - INFO - Train First Finished!
2023-12-16 03:29:28,417 - INFO - Length seen relation: 36
2023-12-16 03:29:28,418 - INFO - Train data memory: 36
2023-12-16 03:30:18,802 - INFO - Train Memory Finished!
2023-12-16 03:30:18,802 - INFO - 343
2023-12-16 03:30:18,802 - INFO - 1891
2023-12-16 03:30:18,802 - INFO - ------------------------------------------------------------Evaluating------------------------------------------------------------
2023-12-16 03:32:07,044 - INFO - Restart Num 4
2023-12-16 03:32:07,044 - INFO - Task--7:
2023-12-16 03:32:07,044 - INFO - Current test acc: 0.23615160349854228
2023-12-16 03:32:07,044 - INFO - History test acc: 0.2607086197778953
2023-12-16 03:32:07,044 - INFO - Accuracy_test_current: [0.7722007722007722, 0.07894736842105263, 0.22272727272727272, 0.5181159420289855, 0.19402985074626866, 0.2146118721461187, 0.23615160349854228]
2023-12-16 03:32:07,044 - INFO - Accuracy_test_total: [0.7722007722007722, 0.5363924050632911, 0.3931924882629108, 0.40070921985815605, 0.3784800601956358, 0.3055555555555556, 0.2607086197778953]
2023-12-16 03:33:38,237 - INFO - Accuracy_per_task_current_test: [0.29922779922779924, 0.2807017543859649, 0.3, 0.2753623188405797, 0.208955223880597, 0.1872146118721461, 0.23615160349854228]
2023-12-16 03:33:38,271 - INFO - Current relation: ['person stateorprovinces of residence', 'person date of death', 'organization number of employees members', 'person alternate names', 'person spouse']
2023-12-16 03:34:04,752 - INFO - Train Simple Finished!
2023-12-16 03:34:21,728 - INFO - 25
2023-12-16 03:34:21,728 - INFO - 32
2023-12-16 03:34:45,021 - INFO - Train First Finished!
2023-12-16 03:34:50,079 - INFO - Length seen relation: 41
2023-12-16 03:34:50,079 - INFO - Train data memory: 41
2023-12-16 03:35:47,510 - INFO - Train Memory Finished!
2023-12-16 03:35:47,511 - INFO - 231
2023-12-16 03:35:47,511 - INFO - 2122
2023-12-16 03:35:47,511 - INFO - ------------------------------------------------------------Evaluating------------------------------------------------------------
2023-12-16 03:37:36,681 - INFO - Restart Num 4
2023-12-16 03:37:36,681 - INFO - Task--8:
2023-12-16 03:37:36,681 - INFO - Current test acc: 0.22943722943722944
2023-12-16 03:37:36,682 - INFO - History test acc: 0.2525918944392083
2023-12-16 03:37:36,682 - INFO - Accuracy_test_current: [0.7722007722007722, 0.07894736842105263, 0.22272727272727272, 0.5181159420289855, 0.19402985074626866, 0.2146118721461187, 0.23615160349854228, 0.22943722943722944]
2023-12-16 03:37:36,682 - INFO - Accuracy_test_total: [0.7722007722007722, 0.5363924050632911, 0.3931924882629108, 0.40070921985815605, 0.3784800601956358, 0.3055555555555556, 0.2607086197778953, 0.2525918944392083]
2023-12-16 03:39:18,885 - INFO - Accuracy_per_task_current_test: [0.277992277992278, 0.35964912280701755, 0.30454545454545456, 0.32608695652173914, 0.2537313432835821, 0.182648401826484, 0.1457725947521866, 0.22943722943722944]
2023-12-16 03:39:18,918 - INFO - Result_whole_test: [array([62.35521236, 34.87109905, 36.42773208, 26.80608365, 22.00716846,
       25.26315789, 18.03900325, 20.02827521]), array([77.41312741, 50.46728972, 43.90495868, 36.81672026, 33.08128544,
       30.335097  , 25.65720294, 28.51083883]), array([73.55212355, 51.76322418, 40.27640671, 39.33495539, 33.75174338,
       31.23123123, 24.84541877, 25.07068803]), array([77.22007722, 53.63924051, 39.31924883, 40.07092199, 37.84800602,
       30.55555556, 26.07086198, 25.25918944])]
2023-12-16 03:39:18,918 - INFO - Avg_result_cur_test: [0.72635135 0.13781243 0.15604832 0.30113587 0.18927955 0.28409555
 0.27805687 0.36832831]
2023-12-16 03:39:18,919 - INFO - Avg_result_all_test: [72.63513514 47.68521336 39.98208657 35.75717032 31.67205082 29.34626042
 23.65312174 24.71724788]
2023-12-16 03:39:18,919 - INFO - Std_result_all_test: [6.13124344 7.48368368 2.67153231 5.30691997 5.87076309 2.38039039
 3.27115071 3.03300254]
2023-12-16 03:41:02,646 - INFO - Accuracy_result_all_test: [0.277992277992278, 0.35964912280701755, 0.30454545454545456, 0.32608695652173914, 0.2537313432835821, 0.182648401826484, 0.1457725947521866, 0.22943722943722944]
2023-12-16 03:41:02,646 - INFO - Bwt_whole: [-0.02746124717915181, -0.053084038307989946, -0.13262822257783613, -0.055194075720038684]
2023-12-16 03:41:02,646 - INFO - Fwt_whole: [0.03430642882625239, 0.04912353600278364, 0.017641026112645182, 0.03876225976058308]
2023-12-16 03:41:02,646 - INFO - Avg_bwt_whole: -0.06709189594625414
2023-12-16 03:41:02,646 - INFO - Avg_fwt_whole: 0.034958312675566074
2023-12-16 03:41:10,929 - INFO - Adding head 'default' with config {'head_type': 'masked_lm', 'vocab_size': 30522, 'embedding_size': 768, 'layers': 2, 'activation_function': 'gelu', 'layer_norm': True, 'bias': True, 'shift_labels': False, 'label2id': None}.
2023-12-16 03:41:11,570 - INFO - Adding adapter 'unipelt'.
2023-12-16 03:41:11,628 - INFO - Could not identify valid prediction head(s) from setup 'Stack[unipelt]'.
2023-12-16 03:41:11,846 - INFO - Current relation: ['person countries of residence', 'organization top members employees', 'organization member of', 'person origin', 'person title', 'organization country of headquarters']
2023-12-16 03:42:54,631 - INFO - Train Simple Finished!
2023-12-16 03:45:18,775 - INFO - 600
2023-12-16 03:45:18,776 - INFO - 2178
2023-12-16 03:52:08,163 - INFO - Train First Finished!
2023-12-16 03:53:04,148 - INFO - Length seen relation: 6
2023-12-16 03:53:04,149 - INFO - Train data memory: 6
2023-12-16 03:53:16,401 - INFO - Train Memory Finished!
2023-12-16 03:53:16,406 - INFO - 518
2023-12-16 03:53:16,406 - INFO - 518
2023-12-16 03:53:16,406 - INFO - ------------------------------------------------------------Evaluating------------------------------------------------------------
2023-12-16 03:54:05,656 - INFO - Restart Num 5
2023-12-16 03:54:05,656 - INFO - Task--1:
2023-12-16 03:54:05,656 - INFO - Current test acc: 0.7953667953667953
2023-12-16 03:54:05,656 - INFO - History test acc: 0.7953667953667953
2023-12-16 03:54:05,656 - INFO - Accuracy_test_current: [0.7953667953667953]
2023-12-16 03:54:05,656 - INFO - Accuracy_test_total: [0.7953667953667953]
2023-12-16 03:54:30,548 - INFO - Accuracy_per_task_current_test: [0.7953667953667953]
2023-12-16 03:54:30,580 - INFO - Current relation: ['person cause of death', 'organization political religious affiliation', 'organization stateorprovince of headquarters', 'person other family', 'person city of death']
2023-12-16 03:54:48,386 - INFO - Train Simple Finished!
2023-12-16 03:54:56,764 - INFO - 25
2023-12-16 03:54:56,764 - INFO - 51
2023-12-16 03:55:16,593 - INFO - Train First Finished!
2023-12-16 03:55:21,691 - INFO - Length seen relation: 11
2023-12-16 03:55:21,692 - INFO - Train data memory: 11
2023-12-16 03:55:38,955 - INFO - Train Memory Finished!
2023-12-16 03:55:38,956 - INFO - 201
2023-12-16 03:55:38,956 - INFO - 719
2023-12-16 03:55:38,956 - INFO - ------------------------------------------------------------Evaluating------------------------------------------------------------
2023-12-16 03:56:24,142 - INFO - Restart Num 5
2023-12-16 03:56:24,142 - INFO - Task--2:
2023-12-16 03:56:24,147 - INFO - Current test acc: 0.1791044776119403
2023-12-16 03:56:24,147 - INFO - History test acc: 0.5549374130737135
2023-12-16 03:56:24,147 - INFO - Accuracy_test_current: [0.7953667953667953, 0.1791044776119403]
2023-12-16 03:56:24,147 - INFO - Accuracy_test_total: [0.7953667953667953, 0.5549374130737135]
2023-12-16 03:56:58,967 - INFO - Accuracy_per_task_current_test: [0.7007722007722008, 0.1791044776119403]
2023-12-16 03:56:59,004 - INFO - Current relation: ['person stateorprovinces of residence', 'person date of death', 'organization number of employees members', 'person alternate names', 'person spouse']
2023-12-16 03:57:19,555 - INFO - Train Simple Finished!
2023-12-16 03:57:29,056 - INFO - 25
2023-12-16 03:57:29,057 - INFO - 26
2023-12-16 03:57:49,789 - INFO - Train First Finished!
2023-12-16 03:57:54,615 - INFO - Length seen relation: 16
2023-12-16 03:57:54,615 - INFO - Train data memory: 16
2023-12-16 03:58:17,434 - INFO - Train Memory Finished!
2023-12-16 03:58:17,435 - INFO - 231
2023-12-16 03:58:17,435 - INFO - 950
2023-12-16 03:58:17,435 - INFO - ------------------------------------------------------------Evaluating------------------------------------------------------------
2023-12-16 03:59:13,819 - INFO - Restart Num 5
2023-12-16 03:59:13,819 - INFO - Task--3:
2023-12-16 03:59:13,819 - INFO - Current test acc: 0.1774891774891775
2023-12-16 03:59:13,819 - INFO - History test acc: 0.43473684210526314
2023-12-16 03:59:13,819 - INFO - Accuracy_test_current: [0.7953667953667953, 0.1791044776119403, 0.1774891774891775]
2023-12-16 03:59:13,819 - INFO - Accuracy_test_total: [0.7953667953667953, 0.5549374130737135, 0.43473684210526314]
2023-12-16 03:59:58,177 - INFO - Accuracy_per_task_current_test: [0.5791505791505791, 0.3582089552238806, 0.1774891774891775]
2023-12-16 03:59:58,212 - INFO - Current relation: ['organization subsidiaries', 'organization parents', 'organization alternate names', 'organization city of headquarters', 'person siblings']
2023-12-16 04:00:25,144 - INFO - Train Simple Finished!
2023-12-16 04:00:36,511 - INFO - 25
2023-12-16 04:00:36,512 - INFO - 30
2023-12-16 04:00:57,290 - INFO - Train First Finished!
2023-12-16 04:01:02,213 - INFO - Length seen relation: 21
2023-12-16 04:01:02,213 - INFO - Train data memory: 21
2023-12-16 04:01:31,694 - INFO - Train Memory Finished!
2023-12-16 04:01:31,694 - INFO - 343
2023-12-16 04:01:31,694 - INFO - 1293
2023-12-16 04:01:31,694 - INFO - ------------------------------------------------------------Evaluating------------------------------------------------------------
2023-12-16 04:02:50,074 - INFO - Restart Num 5
2023-12-16 04:02:50,074 - INFO - Task--4:
2023-12-16 04:02:50,074 - INFO - Current test acc: 0.18075801749271136
2023-12-16 04:02:50,074 - INFO - History test acc: 0.3766434648105182
2023-12-16 04:02:50,074 - INFO - Accuracy_test_current: [0.7953667953667953, 0.1791044776119403, 0.1774891774891775, 0.18075801749271136]
2023-12-16 04:02:50,074 - INFO - Accuracy_test_total: [0.7953667953667953, 0.5549374130737135, 0.43473684210526314, 0.3766434648105182]
2023-12-16 04:03:52,462 - INFO - Accuracy_per_task_current_test: [0.5424710424710425, 0.39303482587064675, 0.2813852813852814, 0.18075801749271136]
2023-12-16 04:03:52,495 - INFO - Current relation: ['person cities of residence', 'person schools attended', 'person country of death', 'person children', 'person charges']
2023-12-16 04:04:17,425 - INFO - Train Simple Finished!
2023-12-16 04:04:29,829 - INFO - 25
2023-12-16 04:04:29,830 - INFO - 27
2023-12-16 04:04:51,454 - INFO - Train First Finished!
2023-12-16 04:04:56,486 - INFO - Length seen relation: 26
2023-12-16 04:04:56,486 - INFO - Train data memory: 26
2023-12-16 04:05:32,011 - INFO - Train Memory Finished!
2023-12-16 04:05:32,011 - INFO - 276
2023-12-16 04:05:32,011 - INFO - 1569
2023-12-16 04:05:32,011 - INFO - ------------------------------------------------------------Evaluating------------------------------------------------------------
2023-12-16 04:07:02,416 - INFO - Restart Num 5
2023-12-16 04:07:02,416 - INFO - Task--5:
2023-12-16 04:07:02,416 - INFO - Current test acc: 0.34782608695652173
2023-12-16 04:07:02,416 - INFO - History test acc: 0.3601019757807521
2023-12-16 04:07:02,416 - INFO - Accuracy_test_current: [0.7953667953667953, 0.1791044776119403, 0.1774891774891775, 0.18075801749271136, 0.34782608695652173]
2023-12-16 04:07:02,416 - INFO - Accuracy_test_total: [0.7953667953667953, 0.5549374130737135, 0.43473684210526314, 0.3766434648105182, 0.3601019757807521]
2023-12-16 04:08:18,043 - INFO - Accuracy_per_task_current_test: [0.47104247104247104, 0.4577114427860697, 0.19913419913419914, 0.2536443148688047, 0.34782608695652173]
2023-12-16 04:08:18,077 - INFO - Current relation: ['organization founded', 'person age', 'person city of birth', 'organization members', 'person religion']
2023-12-16 04:08:40,827 - INFO - Train Simple Finished!
2023-12-16 04:08:54,962 - INFO - 25
2023-12-16 04:08:54,962 - INFO - 32
2023-12-16 04:09:16,875 - INFO - Train First Finished!
2023-12-16 04:09:21,748 - INFO - Length seen relation: 31
2023-12-16 04:09:21,748 - INFO - Train data memory: 31
2023-12-16 04:10:04,061 - INFO - Train Memory Finished!
2023-12-16 04:10:04,061 - INFO - 220
2023-12-16 04:10:04,061 - INFO - 1789
2023-12-16 04:10:04,061 - INFO - ------------------------------------------------------------Evaluating------------------------------------------------------------
2023-12-16 04:11:40,735 - INFO - Restart Num 5
2023-12-16 04:11:40,735 - INFO - Task--6:
2023-12-16 04:11:40,735 - INFO - Current test acc: 0.5818181818181818
2023-12-16 04:11:40,735 - INFO - History test acc: 0.3767467859139184
2023-12-16 04:11:40,735 - INFO - Accuracy_test_current: [0.7953667953667953, 0.1791044776119403, 0.1774891774891775, 0.18075801749271136, 0.34782608695652173, 0.5818181818181818]
2023-12-16 04:11:40,735 - INFO - Accuracy_test_total: [0.7953667953667953, 0.5549374130737135, 0.43473684210526314, 0.3766434648105182, 0.3601019757807521, 0.3767467859139184]
2023-12-16 04:13:05,912 - INFO - Accuracy_per_task_current_test: [0.4980694980694981, 0.3482587064676617, 0.2597402597402597, 0.239067055393586, 0.2753623188405797, 0.5818181818181818]
2023-12-16 04:13:05,949 - INFO - Current relation: ['person date of birth', 'person stateorprovince of birth', 'person parents', 'person employee of', 'person stateorprovince of death']
2023-12-16 04:13:30,844 - INFO - Train Simple Finished!
2023-12-16 04:13:46,713 - INFO - 25
2023-12-16 04:13:46,714 - INFO - 117
2023-12-16 04:14:09,236 - INFO - Train First Finished!
2023-12-16 04:14:14,292 - INFO - Length seen relation: 36
2023-12-16 04:14:14,293 - INFO - Train data memory: 36
2023-12-16 04:15:04,430 - INFO - Train Memory Finished!
2023-12-16 04:15:04,430 - INFO - 219
2023-12-16 04:15:04,430 - INFO - 2008
2023-12-16 04:15:04,430 - INFO - ------------------------------------------------------------Evaluating------------------------------------------------------------
2023-12-16 04:16:49,659 - INFO - Restart Num 5
2023-12-16 04:16:49,659 - INFO - Task--7:
2023-12-16 04:16:49,659 - INFO - Current test acc: 0.136986301369863
2023-12-16 04:16:49,659 - INFO - History test acc: 0.2958167330677291
2023-12-16 04:16:49,659 - INFO - Accuracy_test_current: [0.7953667953667953, 0.1791044776119403, 0.1774891774891775, 0.18075801749271136, 0.34782608695652173, 0.5818181818181818, 0.136986301369863]
2023-12-16 04:16:49,660 - INFO - Accuracy_test_total: [0.7953667953667953, 0.5549374130737135, 0.43473684210526314, 0.3766434648105182, 0.3601019757807521, 0.3767467859139184, 0.2958167330677291]
2023-12-16 04:18:23,484 - INFO - Accuracy_per_task_current_test: [0.4555984555984556, 0.1691542288557214, 0.2077922077922078, 0.20699708454810495, 0.23550724637681159, 0.5, 0.136986301369863]
2023-12-16 04:18:23,522 - INFO - Current relation: ['person country of birth', 'organization website', 'organization shareholders', 'organization dissolved', 'organization founded by']
2023-12-16 04:18:44,655 - INFO - Train Simple Finished!
2023-12-16 04:19:01,856 - INFO - 25
2023-12-16 04:19:01,857 - INFO - 33
2023-12-16 04:19:24,927 - INFO - Train First Finished!
2023-12-16 04:19:29,868 - INFO - Length seen relation: 41
2023-12-16 04:19:29,870 - INFO - Train data memory: 41
2023-12-16 04:20:27,194 - INFO - Train Memory Finished!
2023-12-16 04:20:27,195 - INFO - 114
2023-12-16 04:20:27,195 - INFO - 2122
2023-12-16 04:20:27,195 - INFO - ------------------------------------------------------------Evaluating------------------------------------------------------------
2023-12-16 04:22:11,398 - INFO - Restart Num 5
2023-12-16 04:22:11,399 - INFO - Task--8:
2023-12-16 04:22:11,399 - INFO - Current test acc: 0.35964912280701755
2023-12-16 04:22:11,399 - INFO - History test acc: 0.2756833176248822
2023-12-16 04:22:11,399 - INFO - Accuracy_test_current: [0.7953667953667953, 0.1791044776119403, 0.1774891774891775, 0.18075801749271136, 0.34782608695652173, 0.5818181818181818, 0.136986301369863, 0.35964912280701755]
2023-12-16 04:22:11,399 - INFO - Accuracy_test_total: [0.7953667953667953, 0.5549374130737135, 0.43473684210526314, 0.3766434648105182, 0.3601019757807521, 0.3767467859139184, 0.2958167330677291, 0.2756833176248822]
2023-12-16 04:23:51,020 - INFO - Accuracy_per_task_current_test: [0.3532818532818533, 0.25870646766169153, 0.18614718614718614, 0.1924198250728863, 0.31521739130434784, 0.35909090909090907, 0.1552511415525114, 0.35964912280701755]
2023-12-16 04:23:51,054 - INFO - Result_whole_test: [array([62.35521236, 34.87109905, 36.42773208, 26.80608365, 22.00716846,
       25.26315789, 18.03900325, 20.02827521]), array([77.41312741, 50.46728972, 43.90495868, 36.81672026, 33.08128544,
       30.335097  , 25.65720294, 28.51083883]), array([73.55212355, 51.76322418, 40.27640671, 39.33495539, 33.75174338,
       31.23123123, 24.84541877, 25.07068803]), array([77.22007722, 53.63924051, 39.31924883, 40.07092199, 37.84800602,
       30.55555556, 26.07086198, 25.25918944]), array([79.53667954, 55.49374131, 43.47368421, 37.66434648, 36.01019758,
       37.67467859, 29.58167331, 27.56833176])]
2023-12-16 04:23:51,054 - INFO - Avg_result_cur_test: [0.74015444 0.14607084 0.16033649 0.2770603  0.22098886 0.34364008
 0.24984276 0.36659247]
2023-12-16 04:23:51,054 - INFO - Avg_result_all_test: [74.01544402 49.24691895 40.6804061  36.13860555 32.53968018 31.01194405
 24.83883205 25.28746466]
2023-12-16 04:23:51,054 - INFO - Std_result_all_test: [6.13960319 7.38648188 2.76771902 4.80756601 5.53026312 3.9536078
 3.76616216 2.94276608]
2023-12-16 04:25:32,368 - INFO - Accuracy_result_all_test: [0.3532818532818533, 0.25870646766169153, 0.18614718614718614, 0.1924198250728863, 0.31521739130434784, 0.35909090909090907, 0.1552511415525114, 0.35964912280701755]
2023-12-16 04:25:32,368 - INFO - Bwt_whole: [-0.02746124717915181, -0.053084038307989946, -0.13262822257783613, -0.055194075720038684, -0.08274775199911506]
2023-12-16 04:25:32,368 - INFO - Fwt_whole: [0.03430642882625239, 0.04912353600278364, 0.017641026112645182, 0.03876225976058308, 0.022796182580438935]
2023-12-16 04:25:32,368 - INFO - Avg_bwt_whole: -0.07022306715682633
2023-12-16 04:25:32,368 - INFO - Avg_fwt_whole: 0.032525886656540645
2023-12-16 04:25:40,436 - INFO - Adding head 'default' with config {'head_type': 'masked_lm', 'vocab_size': 30522, 'embedding_size': 768, 'layers': 2, 'activation_function': 'gelu', 'layer_norm': True, 'bias': True, 'shift_labels': False, 'label2id': None}.
2023-12-16 04:25:41,050 - INFO - Adding adapter 'unipelt'.
2023-12-16 04:25:41,107 - INFO - Could not identify valid prediction head(s) from setup 'Stack[unipelt]'.
2023-12-16 04:25:41,325 - INFO - Current relation: ['person countries of residence', 'organization top members employees', 'organization member of', 'person origin', 'person title', 'organization country of headquarters']
2023-12-16 04:27:24,643 - INFO - Train Simple Finished!
2023-12-16 04:29:49,161 - INFO - 600
2023-12-16 04:29:49,162 - INFO - 1692
2023-12-16 04:36:36,282 - INFO - Train First Finished!
2023-12-16 04:37:12,333 - INFO - Length seen relation: 6
2023-12-16 04:37:12,334 - INFO - Train data memory: 6
2023-12-16 04:37:22,183 - INFO - Train Memory Finished!
2023-12-16 04:37:22,187 - INFO - 518
2023-12-16 04:37:22,187 - INFO - 518
2023-12-16 04:37:22,187 - INFO - ------------------------------------------------------------Evaluating------------------------------------------------------------
2023-12-16 04:37:42,316 - INFO - Restart Num 6
2023-12-16 04:37:42,316 - INFO - Task--1:
2023-12-16 04:37:42,316 - INFO - Current test acc: 0.7818532818532818
2023-12-16 04:37:42,316 - INFO - History test acc: 0.7818532818532818
2023-12-16 04:37:42,316 - INFO - Accuracy_test_current: [0.7818532818532818]
2023-12-16 04:37:42,316 - INFO - Accuracy_test_total: [0.7818532818532818]
2023-12-16 04:37:52,349 - INFO - Accuracy_per_task_current_test: [0.7818532818532818]
2023-12-16 04:37:52,381 - INFO - Current relation: ['person cities of residence', 'person schools attended', 'person country of death', 'person children', 'person charges']
2023-12-16 04:38:03,163 - INFO - Train Simple Finished!
2023-12-16 04:38:08,993 - INFO - 25
2023-12-16 04:38:08,993 - INFO - 25
2023-12-16 04:38:20,277 - INFO - Train First Finished!
2023-12-16 04:38:24,234 - INFO - Length seen relation: 11
2023-12-16 04:38:24,234 - INFO - Train data memory: 11
2023-12-16 04:38:35,707 - INFO - Train Memory Finished!
2023-12-16 04:38:35,708 - INFO - 276
2023-12-16 04:38:35,708 - INFO - 794
2023-12-16 04:38:35,708 - INFO - ------------------------------------------------------------Evaluating------------------------------------------------------------
2023-12-16 04:38:56,638 - INFO - Restart Num 6
2023-12-16 04:38:56,638 - INFO - Task--2:
2023-12-16 04:38:56,638 - INFO - Current test acc: 0.19927536231884058
2023-12-16 04:38:56,638 - INFO - History test acc: 0.45591939546599497
2023-12-16 04:38:56,638 - INFO - Accuracy_test_current: [0.7818532818532818, 0.19927536231884058]
2023-12-16 04:38:56,638 - INFO - Accuracy_test_total: [0.7818532818532818, 0.45591939546599497]
2023-12-16 04:39:12,176 - INFO - Accuracy_per_task_current_test: [0.5926640926640927, 0.19927536231884058]
2023-12-16 04:39:12,208 - INFO - Current relation: ['person country of birth', 'organization website', 'organization shareholders', 'organization dissolved', 'organization founded by']
2023-12-16 04:39:21,090 - INFO - Train Simple Finished!
2023-12-16 04:39:28,184 - INFO - 25
2023-12-16 04:39:28,184 - INFO - 27
2023-12-16 04:39:39,308 - INFO - Train First Finished!
2023-12-16 04:39:42,994 - INFO - Length seen relation: 16
2023-12-16 04:39:42,995 - INFO - Train data memory: 16
2023-12-16 04:39:57,808 - INFO - Train Memory Finished!
2023-12-16 04:39:57,808 - INFO - 114
2023-12-16 04:39:57,808 - INFO - 908
2023-12-16 04:39:57,808 - INFO - ------------------------------------------------------------Evaluating------------------------------------------------------------
2023-12-16 04:40:17,813 - INFO - Restart Num 6
2023-12-16 04:40:17,813 - INFO - Task--3:
2023-12-16 04:40:17,813 - INFO - Current test acc: 0.2543859649122807
2023-12-16 04:40:17,813 - INFO - History test acc: 0.43722466960352424
2023-12-16 04:40:17,813 - INFO - Accuracy_test_current: [0.7818532818532818, 0.19927536231884058, 0.2543859649122807]
2023-12-16 04:40:17,813 - INFO - Accuracy_test_total: [0.7818532818532818, 0.45591939546599497, 0.43722466960352424]
2023-12-16 04:40:35,831 - INFO - Accuracy_per_task_current_test: [0.5656370656370656, 0.2717391304347826, 0.2543859649122807]
2023-12-16 04:40:35,863 - INFO - Current relation: ['organization founded', 'person age', 'person city of birth', 'organization members', 'person religion']
2023-12-16 04:40:47,723 - INFO - Train Simple Finished!
2023-12-16 04:40:56,084 - INFO - 25
2023-12-16 04:40:56,084 - INFO - 27
2023-12-16 04:41:07,754 - INFO - Train First Finished!
2023-12-16 04:41:11,749 - INFO - Length seen relation: 21
2023-12-16 04:41:11,749 - INFO - Train data memory: 21
2023-12-16 04:41:30,725 - INFO - Train Memory Finished!
2023-12-16 04:41:30,726 - INFO - 220
2023-12-16 04:41:30,726 - INFO - 1128
2023-12-16 04:41:30,726 - INFO - ------------------------------------------------------------Evaluating------------------------------------------------------------
2023-12-16 04:41:56,746 - INFO - Restart Num 6
2023-12-16 04:41:56,746 - INFO - Task--4:
2023-12-16 04:41:56,746 - INFO - Current test acc: 0.15454545454545454
2023-12-16 04:41:56,746 - INFO - History test acc: 0.39273049645390073
2023-12-16 04:41:56,746 - INFO - Accuracy_test_current: [0.7818532818532818, 0.19927536231884058, 0.2543859649122807, 0.15454545454545454]
2023-12-16 04:41:56,746 - INFO - Accuracy_test_total: [0.7818532818532818, 0.45591939546599497, 0.43722466960352424, 0.39273049645390073]
2023-12-16 04:42:19,168 - INFO - Accuracy_per_task_current_test: [0.47876447876447875, 0.38768115942028986, 0.47368421052631576, 0.15454545454545454]
2023-12-16 04:42:19,207 - INFO - Current relation: ['person stateorprovinces of residence', 'person date of death', 'organization number of employees members', 'person alternate names', 'person spouse']
2023-12-16 04:42:32,541 - INFO - Train Simple Finished!
2023-12-16 04:42:42,387 - INFO - 25
2023-12-16 04:42:42,387 - INFO - 25
2023-12-16 04:42:54,644 - INFO - Train First Finished!
2023-12-16 04:42:58,446 - INFO - Length seen relation: 26
2023-12-16 04:42:58,446 - INFO - Train data memory: 26
2023-12-16 04:43:21,330 - INFO - Train Memory Finished!
2023-12-16 04:43:21,331 - INFO - 231
2023-12-16 04:43:21,331 - INFO - 1359
2023-12-16 04:43:21,331 - INFO - ------------------------------------------------------------Evaluating------------------------------------------------------------
2023-12-16 04:43:51,979 - INFO - Restart Num 6
2023-12-16 04:43:51,979 - INFO - Task--5:
2023-12-16 04:43:51,979 - INFO - Current test acc: 0.2683982683982684
2023-12-16 04:43:51,979 - INFO - History test acc: 0.34142752023546724
2023-12-16 04:43:51,979 - INFO - Accuracy_test_current: [0.7818532818532818, 0.19927536231884058, 0.2543859649122807, 0.15454545454545454, 0.2683982683982684]
2023-12-16 04:43:51,979 - INFO - Accuracy_test_total: [0.7818532818532818, 0.45591939546599497, 0.43722466960352424, 0.39273049645390073, 0.34142752023546724]
2023-12-16 04:44:18,674 - INFO - Accuracy_per_task_current_test: [0.40540540540540543, 0.3333333333333333, 0.4824561403508772, 0.20454545454545456, 0.2683982683982684]
2023-12-16 04:44:18,707 - INFO - Current relation: ['person date of birth', 'person stateorprovince of birth', 'person parents', 'person employee of', 'person stateorprovince of death']
2023-12-16 04:44:32,896 - INFO - Train Simple Finished!
2023-12-16 04:44:44,071 - INFO - 25
2023-12-16 04:44:44,071 - INFO - 58
2023-12-16 04:44:56,791 - INFO - Train First Finished!
2023-12-16 04:45:00,653 - INFO - Length seen relation: 31
2023-12-16 04:45:00,653 - INFO - Train data memory: 31
2023-12-16 04:45:27,641 - INFO - Train Memory Finished!
2023-12-16 04:45:27,641 - INFO - 219
2023-12-16 04:45:27,641 - INFO - 1578
2023-12-16 04:45:27,641 - INFO - ------------------------------------------------------------Evaluating------------------------------------------------------------
2023-12-16 04:46:02,407 - INFO - Restart Num 6
2023-12-16 04:46:02,408 - INFO - Task--6:
2023-12-16 04:46:02,408 - INFO - Current test acc: 0.1735159817351598
2023-12-16 04:46:02,408 - INFO - History test acc: 0.28073510773130544
2023-12-16 04:46:02,408 - INFO - Accuracy_test_current: [0.7818532818532818, 0.19927536231884058, 0.2543859649122807, 0.15454545454545454, 0.2683982683982684, 0.1735159817351598]
2023-12-16 04:46:02,408 - INFO - Accuracy_test_total: [0.7818532818532818, 0.45591939546599497, 0.43722466960352424, 0.39273049645390073, 0.34142752023546724, 0.28073510773130544]
2023-12-16 04:46:33,937 - INFO - Accuracy_per_task_current_test: [0.3474903474903475, 0.26811594202898553, 0.5, 0.23636363636363636, 0.18181818181818182, 0.1735159817351598]
2023-12-16 04:46:33,974 - INFO - Current relation: ['organization subsidiaries', 'organization parents', 'organization alternate names', 'organization city of headquarters', 'person siblings']
2023-12-16 04:46:51,855 - INFO - Train Simple Finished!
2023-12-16 04:47:04,313 - INFO - 25
2023-12-16 04:47:04,313 - INFO - 28
2023-12-16 04:47:17,624 - INFO - Train First Finished!
2023-12-16 04:47:21,443 - INFO - Length seen relation: 36
2023-12-16 04:47:21,443 - INFO - Train data memory: 36
2023-12-16 04:47:53,450 - INFO - Train Memory Finished!
2023-12-16 04:47:53,451 - INFO - 343
2023-12-16 04:47:53,451 - INFO - 1921
2023-12-16 04:47:53,451 - INFO - ------------------------------------------------------------Evaluating------------------------------------------------------------
2023-12-16 04:48:37,718 - INFO - Restart Num 6
2023-12-16 04:48:37,718 - INFO - Task--7:
2023-12-16 04:48:37,719 - INFO - Current test acc: 0.30903790087463556
2023-12-16 04:48:37,719 - INFO - History test acc: 0.27173347214992194
2023-12-16 04:48:37,719 - INFO - Accuracy_test_current: [0.7818532818532818, 0.19927536231884058, 0.2543859649122807, 0.15454545454545454, 0.2683982683982684, 0.1735159817351598, 0.30903790087463556]
2023-12-16 04:48:37,719 - INFO - Accuracy_test_total: [0.7818532818532818, 0.45591939546599497, 0.43722466960352424, 0.39273049645390073, 0.34142752023546724, 0.28073510773130544, 0.27173347214992194]
2023-12-16 04:49:16,006 - INFO - Accuracy_per_task_current_test: [0.3474903474903475, 0.3333333333333333, 0.3333333333333333, 0.16363636363636364, 0.15151515151515152, 0.1598173515981735, 0.30903790087463556]
2023-12-16 04:49:16,038 - INFO - Current relation: ['person cause of death', 'organization political religious affiliation', 'organization stateorprovince of headquarters', 'person other family', 'person city of death']
2023-12-16 04:49:32,301 - INFO - Train Simple Finished!
2023-12-16 04:49:46,226 - INFO - 25
2023-12-16 04:49:46,226 - INFO - 68
2023-12-16 04:50:00,024 - INFO - Train First Finished!
2023-12-16 04:50:03,840 - INFO - Length seen relation: 41
2023-12-16 04:50:03,840 - INFO - Train data memory: 41
2023-12-16 04:50:40,724 - INFO - Train Memory Finished!
2023-12-16 04:50:40,725 - INFO - 201
2023-12-16 04:50:40,725 - INFO - 2122
2023-12-16 04:50:40,725 - INFO - ------------------------------------------------------------Evaluating------------------------------------------------------------
2023-12-16 04:51:25,344 - INFO - Restart Num 6
2023-12-16 04:51:25,344 - INFO - Task--8:
2023-12-16 04:51:25,344 - INFO - Current test acc: 0.26865671641791045
2023-12-16 04:51:25,344 - INFO - History test acc: 0.21866163996229973
2023-12-16 04:51:25,344 - INFO - Accuracy_test_current: [0.7818532818532818, 0.19927536231884058, 0.2543859649122807, 0.15454545454545454, 0.2683982683982684, 0.1735159817351598, 0.30903790087463556, 0.26865671641791045]
2023-12-16 04:51:25,344 - INFO - Accuracy_test_total: [0.7818532818532818, 0.45591939546599497, 0.43722466960352424, 0.39273049645390073, 0.34142752023546724, 0.28073510773130544, 0.27173347214992194, 0.21866163996229973]
2023-12-16 04:52:07,609 - INFO - Accuracy_per_task_current_test: [0.277992277992278, 0.2391304347826087, 0.3157894736842105, 0.18181818181818182, 0.2077922077922078, 0.091324200913242, 0.16326530612244897, 0.26865671641791045]
2023-12-16 04:52:07,644 - INFO - Result_whole_test: [array([62.35521236, 34.87109905, 36.42773208, 26.80608365, 22.00716846,
       25.26315789, 18.03900325, 20.02827521]), array([77.41312741, 50.46728972, 43.90495868, 36.81672026, 33.08128544,
       30.335097  , 25.65720294, 28.51083883]), array([73.55212355, 51.76322418, 40.27640671, 39.33495539, 33.75174338,
       31.23123123, 24.84541877, 25.07068803]), array([77.22007722, 53.63924051, 39.31924883, 40.07092199, 37.84800602,
       30.55555556, 26.07086198, 25.25918944]), array([79.53667954, 55.49374131, 43.47368421, 37.66434648, 36.01019758,
       37.67467859, 29.58167331, 27.56833176]), array([78.18532819, 45.59193955, 43.72246696, 39.27304965, 34.14275202,
       28.07351077, 27.17334721, 21.866164  ])]
2023-12-16 04:52:07,644 - INFO - Avg_result_cur_test: [0.74710425 0.15493826 0.1760114  0.25664116 0.22889043 0.31528606
 0.25970861 0.35026985]
2023-12-16 04:52:07,645 - INFO - Avg_result_all_test: [74.71042471 48.63775572 41.18741624 36.6610129  32.80685882 30.52220517
 25.22791791 24.71724788]
2023-12-16 04:52:07,645 - INFO - Std_result_all_test: [5.81612101 6.87911051 2.7692695  4.54148907 5.08364344 3.77161323
 3.54639538 2.97359984]
2023-12-16 04:52:49,883 - INFO - Accuracy_result_all_test: [0.277992277992278, 0.2391304347826087, 0.3157894736842105, 0.18181818181818182, 0.2077922077922078, 0.091324200913242, 0.16326530612244897, 0.26865671641791045]
2023-12-16 04:52:49,883 - INFO - Bwt_whole: [-0.02746124717915181, -0.053084038307989946, -0.13262822257783613, -0.055194075720038684, -0.08274775199911506, -0.09484287593324911]
2023-12-16 04:52:49,883 - INFO - Fwt_whole: [0.03430642882625239, 0.04912353600278364, 0.017641026112645182, 0.03876225976058308, 0.022796182580438935, 0.02008427960036146]
2023-12-16 04:52:49,883 - INFO - Avg_bwt_whole: -0.07432636861956345
2023-12-16 04:52:49,883 - INFO - Avg_fwt_whole: 0.030452285480510783
